TN:
SF:app/api/community-fits/route.ts
FN:82,GET
FNF:1
FNH:0
FNDA:0,GET
DA:1,0
DA:19,0
DA:82,0
DA:84,0
LF:4
LH:0
BRF:0
BRH:0
end_of_record
TN:
SF:app/api/csrf-token/route.ts
FN:10,GET
FN:40,POST
FNF:2
FNH:0
FNDA:0,GET
FNDA:0,POST
DA:7,0
DA:8,0
DA:10,0
DA:11,0
DA:13,0
DA:16,0
DA:22,0
DA:30,0
DA:33,0
DA:40,0
DA:41,0
LF:11
LH:0
BRF:0
BRH:0
end_of_record
TN:
SF:app/api/middleware/error-handler.ts
FN:6,(anonymous_9)
FN:18,(anonymous_10)
FN:72,(anonymous_11)
FN:75,(anonymous_12)
FN:85,(anonymous_13)
FN:103,(anonymous_14)
FN:118,(anonymous_15)
FN:132,(anonymous_16)
FN:141,(anonymous_17)
FN:182,(anonymous_18)
FN:190,(anonymous_19)
FN:236,(anonymous_20)
FN:254,(anonymous_21)
FNF:13
FNH:0
FNDA:0,(anonymous_9)
FNDA:0,(anonymous_10)
FNDA:0,(anonymous_11)
FNDA:0,(anonymous_12)
FNDA:0,(anonymous_13)
FNDA:0,(anonymous_14)
FNDA:0,(anonymous_15)
FNDA:0,(anonymous_16)
FNDA:0,(anonymous_17)
FNDA:0,(anonymous_18)
FNDA:0,(anonymous_19)
FNDA:0,(anonymous_20)
FNDA:0,(anonymous_21)
DA:2,0
DA:5,0
DA:7,0
DA:8,0
DA:9,0
DA:10,0
DA:12,0
DA:13,0
DA:18,0
DA:19,0
DA:20,0
DA:21,0
DA:22,0
DA:24,0
DA:25,0
DA:26,0
DA:27,0
DA:28,0
DA:29,0
DA:30,0
DA:33,0
DA:34,0
DA:35,0
DA:36,0
DA:37,0
DA:38,0
DA:39,0
DA:40,0
DA:41,0
DA:42,0
DA:43,0
DA:44,0
DA:49,0
DA:53,0
DA:72,0
DA:75,0
DA:76,0
DA:77,0
DA:79,0
DA:85,0
DA:93,0
DA:96,0
DA:97,0
DA:98,0
DA:99,0
DA:101,0
DA:102,0
DA:103,0
DA:107,0
DA:112,0
DA:113,0
DA:114,0
DA:116,0
DA:117,0
DA:118,0
DA:124,0
DA:125,0
DA:130,0
DA:132,0
DA:138,0
DA:139,0
DA:141,0
DA:143,0
DA:144,0
DA:147,0
DA:149,0
DA:150,0
DA:154,0
DA:157,0
DA:160,0
DA:161,0
DA:163,0
DA:171,0
DA:172,0
DA:173,0
DA:174,0
DA:182,0
DA:190,0
DA:191,0
DA:192,0
DA:195,0
DA:196,0
DA:197,0
DA:198,0
DA:199,0
DA:200,0
DA:202,0
DA:203,0
DA:204,0
DA:208,0
DA:212,0
DA:213,0
DA:217,0
DA:218,0
DA:222,0
DA:223,0
DA:227,0
DA:228,0
DA:231,0
DA:236,0
DA:237,0
DA:239,0
DA:240,0
DA:245,0
DA:246,0
DA:250,0
DA:254,0
DA:258,0
DA:259,0
DA:260,0
DA:261,0
LF:111
LH:0
BRDA:24,0,0,0
BRDA:24,0,1,0
BRDA:27,1,0,0
BRDA:27,1,1,0
BRDA:29,2,0,0
BRDA:33,3,0,0
BRDA:33,3,1,0
BRDA:36,4,0,0
BRDA:36,4,1,0
BRDA:39,5,0,0
BRDA:39,5,1,0
BRDA:42,6,0,0
BRDA:49,7,0,0
BRDA:58,8,0,0
BRDA:58,8,1,0
BRDA:59,9,0,0
BRDA:59,9,1,0
BRDA:61,10,0,0
BRDA:61,10,1,0
BRDA:96,11,0,0
BRDA:96,12,0,0
BRDA:96,12,1,0
BRDA:101,13,0,0
BRDA:101,14,0,0
BRDA:101,14,1,0
BRDA:112,15,0,0
BRDA:116,16,0,0
BRDA:116,17,0,0
BRDA:116,17,1,0
BRDA:124,18,0,0
BRDA:133,19,0,0
BRDA:138,20,0,0
BRDA:138,20,1,0
BRDA:139,21,0,0
BRDA:139,21,1,0
BRDA:143,22,0,0
BRDA:143,22,1,0
BRDA:143,22,2,0
BRDA:149,23,0,0
BRDA:149,24,0,0
BRDA:149,24,1,0
BRDA:160,25,0,0
BRDA:171,26,0,0
BRDA:173,27,0,0
BRDA:183,28,0,0
BRDA:195,29,0,0
BRDA:195,29,1,0
BRDA:196,30,0,0
BRDA:196,30,1,0
BRDA:198,31,0,0
BRDA:198,31,1,0
BRDA:199,32,0,0
BRDA:199,33,0,0
BRDA:199,33,1,0
BRDA:202,34,0,0
BRDA:203,35,0,0
BRDA:203,36,0,0
BRDA:203,36,1,0
BRDA:212,37,0,0
BRDA:217,38,0,0
BRDA:222,39,0,0
BRDA:227,40,0,0
BRDA:239,41,0,0
BRDA:245,42,0,0
BRDA:245,43,0,0
BRDA:245,43,1,0
BRDA:260,44,0,0
BRF:67
BRH:0
end_of_record
TN:
SF:app/api/payments/create-intent/route.ts
FN:21,checkRateLimit
FN:40,POST
FN:185,GET
FN:189,PUT
FN:193,DELETE
FNF:5
FNH:0
FNDA:0,checkRateLimit
FNDA:0,POST
FNDA:0,GET
FNDA:0,PUT
FNDA:0,DELETE
DA:2,0
DA:3,0
DA:4,0
DA:5,0
DA:6,0
DA:9,0
DA:10,0
DA:17,0
DA:18,0
DA:19,0
DA:22,0
DA:23,0
DA:24,0
DA:29,0
DA:30,0
DA:31,0
DA:33,0
DA:36,0
DA:37,0
DA:40,0
DA:41,0
DA:43,0
DA:44,0
DA:45,0
DA:52,0
DA:53,0
DA:55,0
DA:60,0
DA:67,0
DA:68,0
DA:69,0
DA:70,0
DA:78,0
DA:79,0
DA:80,0
DA:82,0
DA:88,0
DA:89,0
DA:96,0
DA:97,0
DA:99,0
DA:100,0
DA:104,0
DA:105,0
DA:109,0
DA:111,0
DA:112,0
DA:119,0
DA:120,0
DA:121,0
DA:126,0
DA:133,0
DA:150,0
DA:157,0
DA:164,0
DA:166,0
DA:171,0
DA:185,0
DA:186,0
DA:189,0
DA:190,0
DA:193,0
DA:194,0
LF:63
LH:0
BRDA:9,0,0,0
BRDA:9,0,1,0
BRDA:10,1,0,0
BRDA:10,1,1,0
BRDA:24,2,0,0
BRDA:24,2,1,0
BRDA:29,3,0,0
BRDA:29,3,1,0
BRDA:43,4,0,0
BRDA:57,5,0,0
BRDA:57,5,1,0
BRDA:58,6,0,0
BRDA:58,6,1,0
BRDA:67,7,0,0
BRDA:67,7,1,0
BRDA:67,7,2,0
BRDA:68,8,0,0
BRDA:88,9,0,0
BRDA:88,10,0,0
BRDA:88,10,1,0
BRDA:88,10,2,0
BRDA:99,11,0,0
BRDA:104,12,0,0
BRDA:104,13,0,0
BRDA:104,13,1,0
BRDA:109,14,0,0
BRDA:109,14,1,0
BRDA:111,15,0,0
BRDA:120,16,0,0
BRDA:135,17,0,0
BRDA:135,17,1,0
BRDA:138,18,0,0
BRDA:138,18,1,0
BRDA:164,19,0,0
BRDA:164,19,1,0
BRDA:168,20,0,0
BRDA:168,20,1,0
BRDA:175,21,0,0
BRDA:175,21,1,0
BRF:39
BRH:0
end_of_record
TN:
SF:app/api/payments/create-payment-intent/route.ts
FN:15,(anonymous_3)
FN:19,(anonymous_4)
FN:30,(anonymous_5)
FN:41,(anonymous_6)
FN:50,(anonymous_7)
FN:55,(anonymous_8)
FN:59,(anonymous_9)
FN:63,(anonymous_10)
FN:71,(anonymous_11)
FN:77,(anonymous_12)
FN:112,(anonymous_13)
FN:121,(anonymous_14)
FN:122,(anonymous_15)
FN:145,(anonymous_16)
FN:161,(anonymous_17)
FN:230,(anonymous_18)
FNF:16
FNH:0
FNDA:0,(anonymous_3)
FNDA:0,(anonymous_4)
FNDA:0,(anonymous_5)
FNDA:0,(anonymous_6)
FNDA:0,(anonymous_7)
FNDA:0,(anonymous_8)
FNDA:0,(anonymous_9)
FNDA:0,(anonymous_10)
FNDA:0,(anonymous_11)
FNDA:0,(anonymous_12)
FNDA:0,(anonymous_13)
FNDA:0,(anonymous_14)
FNDA:0,(anonymous_15)
FNDA:0,(anonymous_16)
FNDA:0,(anonymous_17)
FNDA:0,(anonymous_18)
DA:3,0
DA:4,0
DA:5,0
DA:6,0
DA:7,0
DA:10,0
DA:15,0
DA:19,0
DA:30,0
DA:41,0
DA:50,0
DA:55,0
DA:59,0
DA:63,0
DA:71,0
DA:77,0
DA:78,0
DA:80,0
DA:82,0
DA:83,0
DA:92,0
DA:93,0
DA:95,0
DA:104,0
DA:105,0
DA:107,0
DA:108,0
DA:112,0
DA:115,0
DA:118,0
DA:121,0
DA:122,0
DA:125,0
DA:126,0
DA:133,0
DA:141,0
DA:142,0
DA:145,0
DA:151,0
DA:161,0
DA:170,0
DA:171,0
DA:172,0
DA:173,0
DA:175,0
DA:179,0
DA:186,0
DA:195,0
DA:205,0
DA:212,0
DA:213,0
DA:221,0
DA:230,0
DA:231,0
DA:233,0
DA:235,0
DA:236,0
DA:244,0
DA:245,0
DA:247,0
DA:248,0
DA:256,0
DA:257,0
DA:269,0
DA:282,0
DA:283,0
DA:290,0
DA:298,0
DA:308,0
DA:314,0
DA:323,0
DA:330,0
LF:72
LH:0
BRDA:41,0,0,0
BRDA:41,0,1,0
BRDA:59,1,0,0
BRDA:59,1,1,0
BRDA:82,2,0,0
BRDA:107,3,0,0
BRDA:125,4,0,0
BRDA:141,5,0,0
BRDA:141,6,0,0
BRDA:141,6,1,0
BRDA:170,7,0,0
BRDA:206,8,0,0
BRDA:206,8,1,0
BRDA:207,9,0,0
BRDA:207,9,1,0
BRDA:212,10,0,0
BRDA:235,11,0,0
BRDA:247,12,0,0
BRDA:256,13,0,0
BRDA:282,14,0,0
BRDA:309,15,0,0
BRDA:309,15,1,0
BRF:22
BRH:0
end_of_record
TN:
SF:app/api/products/route.refactored.ts
FN:118,(anonymous_3)
FN:148,(anonymous_4)
FN:192,(anonymous_5)
FN:219,(anonymous_6)
FN:251,(anonymous_7)
FN:268,(anonymous_8)
FN:309,(anonymous_9)
FN:314,(anonymous_10)
FN:317,(anonymous_11)
FN:374,(anonymous_12)
FN:388,(anonymous_13)
FN:399,(anonymous_14)
FN:407,(anonymous_15)
FN:414,(anonymous_16)
FN:436,GET
FN:440,POST
FNF:16
FNH:0
FNDA:0,(anonymous_3)
FNDA:0,(anonymous_4)
FNDA:0,(anonymous_5)
FNDA:0,(anonymous_6)
FNDA:0,(anonymous_7)
FNDA:0,(anonymous_8)
FNDA:0,(anonymous_9)
FNDA:0,(anonymous_10)
FNDA:0,(anonymous_11)
FNDA:0,(anonymous_12)
FNDA:0,(anonymous_13)
FNDA:0,(anonymous_14)
FNDA:0,(anonymous_15)
FNDA:0,(anonymous_16)
FNDA:0,GET
FNDA:0,POST
DA:13,0
DA:14,0
DA:17,0
DA:19,0
DA:20,0
DA:23,0
DA:110,0
DA:111,0
DA:112,0
DA:119,0
DA:121,0
DA:123,0
DA:124,0
DA:126,0
DA:127,0
DA:128,0
DA:131,0
DA:134,0
DA:135,0
DA:136,0
DA:140,0
DA:147,0
DA:148,0
DA:152,0
DA:173,0
DA:183,0
DA:184,0
DA:193,0
DA:198,0
DA:201,0
DA:211,0
DA:212,0
DA:213,0
DA:216,0
DA:219,0
DA:222,0
DA:229,0
DA:230,0
DA:234,0
DA:236,0
DA:244,0
DA:245,0
DA:252,0
DA:253,0
DA:256,0
DA:258,0
DA:259,0
DA:260,0
DA:263,0
DA:264,0
DA:267,0
DA:268,0
DA:269,0
DA:270,0
DA:274,0
DA:275,0
DA:278,0
DA:279,0
DA:282,0
DA:283,0
DA:287,0
DA:289,0
DA:290,0
DA:292,0
DA:293,0
DA:295,0
DA:296,0
DA:300,0
DA:301,0
DA:304,0
DA:309,0
DA:316,0
DA:318,0
DA:319,0
DA:327,0
DA:328,0
DA:330,0
DA:349,0
DA:350,0
DA:356,0
DA:357,0
DA:371,0
DA:375,0
DA:377,0
DA:378,0
DA:379,0
DA:380,0
DA:381,0
DA:382,0
DA:383,0
DA:385,0
DA:391,0
DA:400,0
DA:408,0
DA:416,0
DA:417,0
DA:419,0
DA:420,0
DA:422,0
DA:423,0
DA:429,0
DA:434,0
DA:436,0
DA:437,0
DA:440,0
DA:441,0
LF:106
LH:0
BRDA:127,0,0,0
BRDA:135,1,0,0
BRDA:212,2,0,0
BRDA:229,3,0,0
BRDA:258,4,0,0
BRDA:263,5,0,0
BRDA:267,6,0,0
BRDA:274,7,0,0
BRDA:278,8,0,0
BRDA:278,9,0,0
BRDA:278,9,1,0
BRDA:282,10,0,0
BRDA:287,11,0,0
BRDA:287,11,1,0
BRDA:287,11,2,0
BRDA:306,12,0,0
BRDA:306,12,1,0
BRDA:309,13,0,0
BRDA:309,13,1,0
BRDA:319,14,0,0
BRDA:319,14,1,0
BRDA:337,15,0,0
BRDA:337,15,1,0
BRDA:349,16,0,0
BRDA:356,17,0,0
BRDA:377,18,0,0
BRDA:378,19,0,0
BRDA:379,20,0,0
BRDA:380,21,0,0
BRDA:381,22,0,0
BRDA:382,23,0,0
BRDA:383,24,0,0
BRDA:416,25,0,0
BRDA:419,26,0,0
BRDA:422,27,0,0
BRF:35
BRH:0
end_of_record
TN:
SF:app/api/quick-products/route.ts
FN:3,GET
FN:12,(anonymous_2)
FN:27,(anonymous_3)
FNF:3
FNH:0
FNDA:0,GET
FNDA:0,(anonymous_2)
FNDA:0,(anonymous_3)
DA:1,0
DA:3,0
DA:4,0
DA:6,0
DA:12,0
DA:13,0
DA:14,0
DA:27,0
DA:34,0
DA:47,0
LF:10
LH:0
BRDA:17,0,0,0
BRDA:17,0,1,0
BRDA:20,1,0,0
BRDA:20,1,1,0
BRDA:20,1,2,0
BRDA:22,2,0,0
BRDA:22,2,1,0
BRDA:23,3,0,0
BRDA:23,3,1,0
BRDA:49,4,0,0
BRDA:49,4,1,0
BRF:11
BRH:0
end_of_record
TN:
SF:app/api/reviews/[productId]/route.ts
FN:40,GET
FN:50,(anonymous_2)
FN:54,(anonymous_3)
FNF:3
FNH:0
FNDA:0,GET
FNDA:0,(anonymous_2)
FNDA:0,(anonymous_3)
DA:1,0
DA:3,0
DA:40,0
DA:44,0
DA:46,0
DA:50,0
DA:52,0
DA:54,0
LF:8
LH:0
BRDA:46,0,0,0
BRDA:46,0,1,0
BRF:2
BRH:0
end_of_record
TN:
SF:app/api/webhooks/stripe/route.ts
FN:15,validateWebhookSecurity
FN:29,POST
FNF:2
FNH:0
FNDA:0,validateWebhookSecurity
FNDA:0,POST
DA:1,0
DA:2,0
DA:3,0
DA:4,0
DA:7,0
DA:8,0
DA:12,0
DA:16,0
DA:17,0
DA:18,0
DA:21,0
DA:22,0
DA:23,0
DA:26,0
DA:29,0
DA:30,0
DA:31,0
DA:34,0
DA:35,0
DA:36,0
DA:43,0
DA:44,0
DA:52,0
DA:54,0
DA:57,0
DA:62,0
DA:63,0
DA:68,0
DA:75,0
DA:76,0
DA:78,0
DA:80,0
DA:82,0
DA:83,0
DA:85,0
DA:87,0
DA:91,0
DA:101,0
DA:107,0
DA:112,0
DA:115,0
DA:117,0
DA:118,0
DA:124,0
DA:133,0
DA:138,0
DA:141,0
DA:143,0
DA:145,0
DA:158,0
DA:164,0
DA:168,0
DA:174,0
DA:178,0
DA:183,0
DA:186,0
DA:189,0
DA:197,0
LF:58
LH:0
BRDA:7,0,0,0
BRDA:7,0,1,0
BRDA:8,1,0,0
BRDA:8,1,1,0
BRDA:12,2,0,0
BRDA:12,2,1,0
BRDA:16,3,0,0
BRDA:21,4,0,0
BRDA:31,5,0,0
BRDA:31,5,1,0
BRDA:34,6,0,0
BRDA:43,7,0,0
BRDA:62,8,0,0
BRDA:62,8,1,0
BRDA:65,9,0,0
BRDA:65,9,1,0
BRDA:76,10,0,0
BRDA:76,10,1,0
BRDA:76,10,2,0
BRDA:76,10,3,0
BRDA:76,10,4,0
BRDA:76,10,5,0
BRDA:76,10,6,0
BRDA:85,11,0,0
BRDA:85,12,0,0
BRDA:85,12,1,0
BRDA:91,13,0,0
BRDA:124,14,0,0
BRF:28
BRH:0
end_of_record
TN:
SF:domains/cart/index.ts
FNF:0
FNH:0
DA:7,0
DA:10,0
DA:13,0
LF:3
LH:0
BRF:0
BRH:0
end_of_record
TN:
SF:domains/cart/entities/cart.ts
FN:25,(anonymous_10)
FN:36,(anonymous_11)
FN:56,(anonymous_12)
FN:75,(anonymous_13)
FN:108,(anonymous_14)
FN:132,(anonymous_15)
FN:146,(anonymous_16)
FN:150,(anonymous_17)
FN:158,(anonymous_18)
FN:162,(anonymous_19)
FN:171,(anonymous_20)
FN:175,(anonymous_21)
FN:180,(anonymous_22)
FN:185,(anonymous_23)
FN:212,(anonymous_24)
FN:225,(anonymous_25)
FN:237,(anonymous_26)
FN:257,(anonymous_27)
FN:273,(anonymous_28)
FN:287,(anonymous_29)
FN:291,(anonymous_30)
FN:304,(anonymous_31)
FN:319,(anonymous_32)
FN:332,(anonymous_33)
FN:343,(anonymous_34)
FN:362,(anonymous_35)
FN:382,(anonymous_36)
FN:388,(anonymous_37)
FN:397,(anonymous_38)
FN:404,(anonymous_39)
FN:423,(anonymous_40)
FN:427,(anonymous_41)
FN:432,(anonymous_42)
FN:496,(anonymous_43)
FN:518,(anonymous_44)
FN:535,(anonymous_45)
FN:546,(anonymous_46)
FN:584,(anonymous_47)
FN:604,(anonymous_48)
FN:612,(anonymous_49)
FN:619,(anonymous_50)
FN:636,(anonymous_51)
FN:658,(anonymous_52)
FN:672,(anonymous_53)
FN:685,(anonymous_54)
FN:689,(anonymous_55)
FN:693,(anonymous_56)
FN:697,(anonymous_57)
FN:706,(anonymous_58)
FN:710,(anonymous_59)
FN:714,(anonymous_60)
FN:716,(anonymous_61)
FN:719,(anonymous_62)
FN:723,(anonymous_63)
FN:725,(anonymous_64)
FN:729,(anonymous_65)
FN:742,(anonymous_66)
FN:760,(anonymous_67)
FN:768,(anonymous_68)
FN:782,(anonymous_69)
FN:786,(anonymous_70)
FN:790,(anonymous_71)
FN:794,(anonymous_72)
FN:799,(anonymous_73)
FN:804,(anonymous_74)
FN:814,(anonymous_75)
FN:824,(anonymous_76)
FN:829,(anonymous_77)
FN:835,(anonymous_78)
FN:838,(anonymous_79)
FN:843,(anonymous_80)
FN:851,(anonymous_81)
FN:858,(anonymous_82)
FN:859,(anonymous_83)
FNF:74
FNH:0
FNDA:0,(anonymous_10)
FNDA:0,(anonymous_11)
FNDA:0,(anonymous_12)
FNDA:0,(anonymous_13)
FNDA:0,(anonymous_14)
FNDA:0,(anonymous_15)
FNDA:0,(anonymous_16)
FNDA:0,(anonymous_17)
FNDA:0,(anonymous_18)
FNDA:0,(anonymous_19)
FNDA:0,(anonymous_20)
FNDA:0,(anonymous_21)
FNDA:0,(anonymous_22)
FNDA:0,(anonymous_23)
FNDA:0,(anonymous_24)
FNDA:0,(anonymous_25)
FNDA:0,(anonymous_26)
FNDA:0,(anonymous_27)
FNDA:0,(anonymous_28)
FNDA:0,(anonymous_29)
FNDA:0,(anonymous_30)
FNDA:0,(anonymous_31)
FNDA:0,(anonymous_32)
FNDA:0,(anonymous_33)
FNDA:0,(anonymous_34)
FNDA:0,(anonymous_35)
FNDA:0,(anonymous_36)
FNDA:0,(anonymous_37)
FNDA:0,(anonymous_38)
FNDA:0,(anonymous_39)
FNDA:0,(anonymous_40)
FNDA:0,(anonymous_41)
FNDA:0,(anonymous_42)
FNDA:0,(anonymous_43)
FNDA:0,(anonymous_44)
FNDA:0,(anonymous_45)
FNDA:0,(anonymous_46)
FNDA:0,(anonymous_47)
FNDA:0,(anonymous_48)
FNDA:0,(anonymous_49)
FNDA:0,(anonymous_50)
FNDA:0,(anonymous_51)
FNDA:0,(anonymous_52)
FNDA:0,(anonymous_53)
FNDA:0,(anonymous_54)
FNDA:0,(anonymous_55)
FNDA:0,(anonymous_56)
FNDA:0,(anonymous_57)
FNDA:0,(anonymous_58)
FNDA:0,(anonymous_59)
FNDA:0,(anonymous_60)
FNDA:0,(anonymous_61)
FNDA:0,(anonymous_62)
FNDA:0,(anonymous_63)
FNDA:0,(anonymous_64)
FNDA:0,(anonymous_65)
FNDA:0,(anonymous_66)
FNDA:0,(anonymous_67)
FNDA:0,(anonymous_68)
FNDA:0,(anonymous_69)
FNDA:0,(anonymous_70)
FNDA:0,(anonymous_71)
FNDA:0,(anonymous_72)
FNDA:0,(anonymous_73)
FNDA:0,(anonymous_74)
FNDA:0,(anonymous_75)
FNDA:0,(anonymous_76)
FNDA:0,(anonymous_77)
FNDA:0,(anonymous_78)
FNDA:0,(anonymous_79)
FNDA:0,(anonymous_80)
FNDA:0,(anonymous_81)
FNDA:0,(anonymous_82)
FNDA:0,(anonymous_83)
DA:22,0
DA:25,0
DA:33,0
DA:34,0
DA:37,0
DA:38,0
DA:39,0
DA:40,0
DA:41,0
DA:42,0
DA:43,0
DA:44,0
DA:45,0
DA:46,0
DA:47,0
DA:48,0
DA:49,0
DA:50,0
DA:51,0
DA:53,0
DA:57,0
DA:58,0
DA:60,0
DA:61,0
DA:63,0
DA:64,0
DA:66,0
DA:67,0
DA:69,0
DA:70,0
DA:89,0
DA:90,0
DA:109,0
DA:110,0
DA:112,0
DA:113,0
DA:116,0
DA:117,0
DA:118,0
DA:121,0
DA:133,0
DA:134,0
DA:136,0
DA:137,0
DA:140,0
DA:141,0
DA:142,0
DA:147,0
DA:151,0
DA:152,0
DA:154,0
DA:155,0
DA:159,0
DA:163,0
DA:164,0
DA:166,0
DA:167,0
DA:172,0
DA:176,0
DA:181,0
DA:186,0
DA:211,0
DA:213,0
DA:214,0
DA:215,0
DA:216,0
DA:217,0
DA:218,0
DA:219,0
DA:220,0
DA:222,0
DA:226,0
DA:227,0
DA:229,0
DA:230,0
DA:232,0
DA:233,0
DA:238,0
DA:239,0
DA:244,0
DA:245,0
DA:247,0
DA:250,0
DA:251,0
DA:254,0
DA:258,0
DA:272,0
DA:274,0
DA:275,0
DA:276,0
DA:277,0
DA:279,0
DA:280,0
DA:282,0
DA:283,0
DA:288,0
DA:292,0
DA:303,0
DA:314,0
DA:318,0
DA:327,0
DA:331,0
DA:338,0
DA:342,0
DA:352,0
DA:357,0
DA:358,0
DA:359,0
DA:360,0
DA:363,0
DA:364,0
DA:365,0
DA:366,0
DA:367,0
DA:368,0
DA:369,0
DA:372,0
DA:373,0
DA:374,0
DA:375,0
DA:377,0
DA:378,0
DA:379,0
DA:383,0
DA:384,0
DA:389,0
DA:390,0
DA:391,0
DA:393,0
DA:398,0
DA:399,0
DA:405,0
DA:406,0
DA:409,0
DA:410,0
DA:413,0
DA:420,0
DA:424,0
DA:428,0
DA:445,0
DA:446,0
DA:448,0
DA:449,0
DA:453,0
DA:454,0
DA:455,0
DA:456,0
DA:457,0
DA:463,0
DA:466,0
DA:480,0
DA:483,0
DA:493,0
DA:497,0
DA:499,0
DA:500,0
DA:501,0
DA:504,0
DA:507,0
DA:515,0
DA:519,0
DA:521,0
DA:522,0
DA:523,0
DA:526,0
DA:527,0
DA:528,0
DA:531,0
DA:532,0
DA:536,0
DA:538,0
DA:541,0
DA:543,0
DA:547,0
DA:550,0
DA:551,0
DA:562,0
DA:563,0
DA:569,0
DA:572,0
DA:573,0
DA:581,0
DA:585,0
DA:587,0
DA:588,0
DA:589,0
DA:592,0
DA:595,0
DA:601,0
DA:605,0
DA:606,0
DA:608,0
DA:609,0
DA:613,0
DA:615,0
DA:616,0
DA:620,0
DA:621,0
DA:627,0
DA:628,0
DA:631,0
DA:633,0
DA:637,0
DA:638,0
DA:644,0
DA:645,0
DA:648,0
DA:659,0
DA:661,0
DA:662,0
DA:668,0
DA:669,0
DA:673,0
DA:674,0
DA:680,0
DA:681,0
DA:686,0
DA:690,0
DA:694,0
DA:698,0
DA:699,0
DA:700,0
DA:703,0
DA:707,0
DA:711,0
DA:715,0
DA:716,0
DA:720,0
DA:724,0
DA:725,0
DA:726,0
DA:730,0
DA:731,0
DA:733,0
DA:734,0
DA:735,0
DA:739,0
DA:743,0
DA:744,0
DA:747,0
DA:750,0
DA:751,0
DA:752,0
DA:753,0
DA:757,0
DA:761,0
DA:762,0
DA:763,0
DA:765,0
DA:769,0
DA:772,0
DA:773,0
DA:777,0
DA:779,0
DA:783,0
DA:787,0
DA:791,0
DA:796,0
DA:800,0
DA:805,0
DA:806,0
DA:815,0
DA:816,0
DA:825,0
DA:826,0
DA:830,0
DA:831,0
DA:836,0
DA:837,0
DA:838,0
DA:840,0
DA:844,0
DA:845,0
DA:846,0
DA:852,0
DA:858,0
DA:859,0
LF:277
LH:0
BRDA:25,0,0,0
BRDA:25,0,1,0
BRDA:46,1,0,0
BRDA:49,2,0,0
BRDA:50,3,0,0
BRDA:51,4,0,0
BRDA:57,5,0,0
BRDA:60,6,0,0
BRDA:63,7,0,0
BRDA:66,8,0,0
BRDA:69,9,0,0
BRDA:87,10,0,0
BRDA:109,11,0,0
BRDA:112,12,0,0
BRDA:133,13,0,0
BRDA:136,14,0,0
BRDA:136,15,0,0
BRDA:136,15,1,0
BRDA:141,16,0,0
BRDA:141,16,1,0
BRDA:151,17,0,0
BRDA:159,18,0,0
BRDA:159,18,1,0
BRDA:163,19,0,0
BRDA:163,20,0,0
BRDA:163,20,1,0
BRDA:181,21,0,0
BRDA:181,21,1,0
BRDA:220,22,0,0
BRDA:226,23,0,0
BRDA:229,24,0,0
BRDA:232,25,0,0
BRDA:232,26,0,0
BRDA:232,26,1,0
BRDA:238,27,0,0
BRDA:238,28,0,0
BRDA:238,28,1,0
BRDA:244,29,0,0
BRDA:244,29,1,0
BRDA:250,30,0,0
BRDA:250,31,0,0
BRDA:250,31,1,0
BRDA:279,32,0,0
BRDA:282,33,0,0
BRDA:365,34,0,0
BRDA:370,35,0,0
BRDA:371,36,0,0
BRDA:372,37,0,0
BRDA:373,38,0,0
BRDA:374,39,0,0
BRDA:383,40,0,0
BRDA:383,41,0,0
BRDA:383,41,1,0
BRDA:390,42,0,0
BRDA:409,43,0,0
BRDA:409,43,1,0
BRDA:443,44,0,0
BRDA:448,45,0,0
BRDA:454,46,0,0
BRDA:454,46,1,0
BRDA:456,47,0,0
BRDA:500,48,0,0
BRDA:521,49,0,0
BRDA:527,50,0,0
BRDA:550,51,0,0
BRDA:550,52,0,0
BRDA:550,52,1,0
BRDA:562,53,0,0
BRDA:588,54,0,0
BRDA:615,55,0,0
BRDA:615,55,1,0
BRDA:620,56,0,0
BRDA:637,57,0,0
BRDA:661,58,0,0
BRDA:673,59,0,0
BRDA:694,60,0,0
BRDA:694,60,1,0
BRDA:699,61,0,0
BRDA:734,62,0,0
BRDA:734,63,0,0
BRDA:734,63,1,0
BRDA:743,64,0,0
BRDA:751,65,0,0
BRDA:757,66,0,0
BRDA:757,66,1,0
BRDA:783,67,0,0
BRDA:783,67,1,0
BRDA:787,68,0,0
BRDA:787,68,1,0
BRDA:791,69,0,0
BRDA:791,69,1,0
BRDA:805,70,0,0
BRDA:815,71,0,0
BRF:93
BRH:0
end_of_record
TN:
SF:domains/cart/repositories/cart-repository.ts
FN:95,(anonymous_3)
FN:97,(anonymous_4)
FN:98,(anonymous_5)
FN:107,(anonymous_6)
FN:109,(anonymous_7)
FN:110,(anonymous_8)
FN:114,(anonymous_9)
FN:116,(anonymous_10)
FN:117,(anonymous_11)
FN:121,(anonymous_12)
FN:123,(anonymous_13)
FN:124,(anonymous_14)
FN:128,(anonymous_15)
FN:130,(anonymous_16)
FN:131,(anonymous_17)
FN:135,(anonymous_18)
FN:137,(anonymous_19)
FN:138,(anonymous_20)
FN:142,(anonymous_21)
FN:144,(anonymous_22)
FN:145,(anonymous_23)
FN:149,(anonymous_24)
FN:153,(anonymous_25)
FN:157,(anonymous_26)
FN:167,(anonymous_27)
FN:169,(anonymous_28)
FN:170,(anonymous_29)
FN:174,(anonymous_30)
FN:176,(anonymous_31)
FN:177,(anonymous_32)
FN:181,(anonymous_33)
FN:183,(anonymous_34)
FN:186,(anonymous_35)
FN:195,(anonymous_36)
FN:197,(anonymous_37)
FN:201,(anonymous_38)
FN:212,(anonymous_39)
FN:216,(anonymous_40)
FN:220,(anonymous_41)
FN:229,(anonymous_42)
FN:231,(anonymous_43)
FN:231,(anonymous_44)
FN:232,(anonymous_45)
FN:233,(anonymous_46)
FN:234,(anonymous_47)
FN:239,(anonymous_48)
FN:241,(anonymous_49)
FN:241,(anonymous_50)
FN:242,(anonymous_51)
FN:243,(anonymous_52)
FN:244,(anonymous_53)
FN:364,(anonymous_54)
FN:368,(anonymous_55)
FN:373,(anonymous_56)
FN:377,(anonymous_57)
FN:381,(anonymous_58)
FN:385,(anonymous_59)
FN:389,(anonymous_60)
FN:393,(anonymous_61)
FN:397,(anonymous_62)
FN:401,(anonymous_63)
FN:405,(anonymous_64)
FN:409,(anonymous_65)
FN:413,(anonymous_66)
FN:417,(anonymous_67)
FN:421,(anonymous_68)
FN:426,(anonymous_69)
FN:431,(anonymous_70)
FN:436,(anonymous_71)
FN:441,(anonymous_72)
FN:446,(anonymous_73)
FN:458,(anonymous_74)
FNF:72
FNH:0
FNDA:0,(anonymous_3)
FNDA:0,(anonymous_4)
FNDA:0,(anonymous_5)
FNDA:0,(anonymous_6)
FNDA:0,(anonymous_7)
FNDA:0,(anonymous_8)
FNDA:0,(anonymous_9)
FNDA:0,(anonymous_10)
FNDA:0,(anonymous_11)
FNDA:0,(anonymous_12)
FNDA:0,(anonymous_13)
FNDA:0,(anonymous_14)
FNDA:0,(anonymous_15)
FNDA:0,(anonymous_16)
FNDA:0,(anonymous_17)
FNDA:0,(anonymous_18)
FNDA:0,(anonymous_19)
FNDA:0,(anonymous_20)
FNDA:0,(anonymous_21)
FNDA:0,(anonymous_22)
FNDA:0,(anonymous_23)
FNDA:0,(anonymous_24)
FNDA:0,(anonymous_25)
FNDA:0,(anonymous_26)
FNDA:0,(anonymous_27)
FNDA:0,(anonymous_28)
FNDA:0,(anonymous_29)
FNDA:0,(anonymous_30)
FNDA:0,(anonymous_31)
FNDA:0,(anonymous_32)
FNDA:0,(anonymous_33)
FNDA:0,(anonymous_34)
FNDA:0,(anonymous_35)
FNDA:0,(anonymous_36)
FNDA:0,(anonymous_37)
FNDA:0,(anonymous_38)
FNDA:0,(anonymous_39)
FNDA:0,(anonymous_40)
FNDA:0,(anonymous_41)
FNDA:0,(anonymous_42)
FNDA:0,(anonymous_43)
FNDA:0,(anonymous_44)
FNDA:0,(anonymous_45)
FNDA:0,(anonymous_46)
FNDA:0,(anonymous_47)
FNDA:0,(anonymous_48)
FNDA:0,(anonymous_49)
FNDA:0,(anonymous_50)
FNDA:0,(anonymous_51)
FNDA:0,(anonymous_52)
FNDA:0,(anonymous_53)
FNDA:0,(anonymous_54)
FNDA:0,(anonymous_55)
FNDA:0,(anonymous_56)
FNDA:0,(anonymous_57)
FNDA:0,(anonymous_58)
FNDA:0,(anonymous_59)
FNDA:0,(anonymous_60)
FNDA:0,(anonymous_61)
FNDA:0,(anonymous_62)
FNDA:0,(anonymous_63)
FNDA:0,(anonymous_64)
FNDA:0,(anonymous_65)
FNDA:0,(anonymous_66)
FNDA:0,(anonymous_67)
FNDA:0,(anonymous_68)
FNDA:0,(anonymous_69)
FNDA:0,(anonymous_70)
FNDA:0,(anonymous_71)
FNDA:0,(anonymous_72)
FNDA:0,(anonymous_73)
FNDA:0,(anonymous_74)
DA:17,0
DA:94,0
DA:96,0
DA:97,0
DA:98,0
DA:108,0
DA:109,0
DA:110,0
DA:115,0
DA:116,0
DA:117,0
DA:122,0
DA:123,0
DA:124,0
DA:129,0
DA:130,0
DA:131,0
DA:136,0
DA:137,0
DA:138,0
DA:143,0
DA:144,0
DA:145,0
DA:150,0
DA:152,0
DA:154,0
DA:157,0
DA:168,0
DA:169,0
DA:170,0
DA:175,0
DA:176,0
DA:177,0
DA:182,0
DA:184,0
DA:186,0
DA:196,0
DA:198,0
DA:199,0
DA:202,0
DA:203,0
DA:204,0
DA:206,0
DA:213,0
DA:217,0
DA:221,0
DA:230,0
DA:231,0
DA:233,0
DA:234,0
DA:240,0
DA:241,0
DA:243,0
DA:244,0
DA:358,0
DA:359,0
DA:360,0
DA:365,0
DA:369,0
DA:370,0
DA:374,0
DA:378,0
DA:382,0
DA:386,0
DA:390,0
DA:394,0
DA:398,0
DA:402,0
DA:406,0
DA:410,0
DA:414,0
DA:418,0
DA:422,0
DA:423,0
DA:427,0
DA:428,0
DA:432,0
DA:433,0
DA:437,0
DA:438,0
DA:442,0
DA:443,0
DA:447,0
DA:448,0
DA:451,0
DA:452,0
DA:455,0
DA:459,0
DA:460,0
DA:462,0
DA:463,0
DA:466,0
DA:467,0
DA:470,0
DA:471,0
DA:474,0
LF:96
LH:0
BRDA:116,0,0,0
BRDA:116,0,1,0
BRDA:150,1,0,0
BRDA:150,1,1,0
BRDA:154,2,0,0
BRDA:154,2,1,0
BRDA:154,2,2,0
BRDA:184,3,0,0
BRDA:184,3,1,0
BRDA:199,4,0,0
BRDA:199,4,1,0
BRDA:199,4,2,0
BRDA:203,5,0,0
BRDA:421,6,0,0
BRDA:426,7,0,0
BRDA:431,8,0,0
BRDA:447,9,0,0
BRDA:451,10,0,0
BRDA:462,11,0,0
BRDA:466,12,0,0
BRDA:470,13,0,0
BRF:21
BRH:0
end_of_record
TN:
SF:domains/cart/services/cart-service.ts
FN:36,(anonymous_4)
FN:42,(anonymous_5)
FN:80,(anonymous_6)
FN:122,(anonymous_7)
FN:164,(anonymous_8)
FN:222,(anonymous_9)
FN:231,(anonymous_10)
FN:265,(anonymous_11)
FN:298,(anonymous_12)
FN:370,(anonymous_13)
FN:417,(anonymous_14)
FN:441,(anonymous_15)
FN:449,(anonymous_16)
FN:462,(anonymous_17)
FN:470,(anonymous_18)
FN:494,(anonymous_19)
FN:500,(anonymous_20)
FN:502,(anonymous_21)
FN:511,(anonymous_22)
FN:523,(anonymous_23)
FN:531,(anonymous_24)
FN:532,(anonymous_25)
FN:554,(anonymous_26)
FN:590,(anonymous_27)
FN:603,(anonymous_28)
FN:608,(anonymous_29)
FN:631,(anonymous_30)
FN:646,(anonymous_31)
FNF:28
FNH:0
FNDA:0,(anonymous_4)
FNDA:0,(anonymous_5)
FNDA:0,(anonymous_6)
FNDA:0,(anonymous_7)
FNDA:0,(anonymous_8)
FNDA:0,(anonymous_9)
FNDA:0,(anonymous_10)
FNDA:0,(anonymous_11)
FNDA:0,(anonymous_12)
FNDA:0,(anonymous_13)
FNDA:0,(anonymous_14)
FNDA:0,(anonymous_15)
FNDA:0,(anonymous_16)
FNDA:0,(anonymous_17)
FNDA:0,(anonymous_18)
FNDA:0,(anonymous_19)
FNDA:0,(anonymous_20)
FNDA:0,(anonymous_21)
FNDA:0,(anonymous_22)
FNDA:0,(anonymous_23)
FNDA:0,(anonymous_24)
FNDA:0,(anonymous_25)
FNDA:0,(anonymous_26)
FNDA:0,(anonymous_27)
FNDA:0,(anonymous_28)
FNDA:0,(anonymous_29)
FNDA:0,(anonymous_30)
FNDA:0,(anonymous_31)
DA:18,0
DA:19,0
DA:35,0
DA:37,0
DA:38,0
DA:39,0
DA:43,0
DA:45,0
DA:46,0
DA:48,0
DA:49,0
DA:56,0
DA:60,0
DA:61,0
DA:64,0
DA:67,0
DA:70,0
DA:71,0
DA:74,0
DA:76,0
DA:81,0
DA:82,0
DA:83,0
DA:87,0
DA:88,0
DA:90,0
DA:91,0
DA:98,0
DA:102,0
DA:103,0
DA:106,0
DA:109,0
DA:112,0
DA:113,0
DA:116,0
DA:118,0
DA:126,0
DA:128,0
DA:129,0
DA:131,0
DA:135,0
DA:136,0
DA:137,0
DA:140,0
DA:143,0
DA:144,0
DA:145,0
DA:149,0
DA:150,0
DA:153,0
DA:156,0
DA:158,0
DA:160,0
DA:165,0
DA:167,0
DA:168,0
DA:169,0
DA:173,0
DA:174,0
DA:182,0
DA:183,0
DA:192,0
DA:193,0
DA:195,0
DA:196,0
DA:197,0
DA:201,0
DA:202,0
DA:205,0
DA:206,0
DA:208,0
DA:211,0
DA:212,0
DA:213,0
DA:215,0
DA:218,0
DA:223,0
DA:224,0
DA:225,0
DA:227,0
DA:232,0
DA:233,0
DA:234,0
DA:240,0
DA:241,0
DA:243,0
DA:245,0
DA:247,0
DA:248,0
DA:249,0
DA:250,0
DA:251,0
DA:254,0
DA:259,0
DA:261,0
DA:266,0
DA:269,0
DA:292,0
DA:294,0
DA:299,0
DA:301,0
DA:302,0
DA:303,0
DA:306,0
DA:307,0
DA:310,0
DA:311,0
DA:317,0
DA:318,0
DA:325,0
DA:333,0
DA:334,0
DA:345,0
DA:346,0
DA:347,0
DA:357,0
DA:363,0
DA:365,0
DA:371,0
DA:373,0
DA:374,0
DA:383,0
DA:384,0
DA:389,0
DA:391,0
DA:392,0
DA:394,0
DA:396,0
DA:399,0
DA:416,0
DA:417,0
DA:418,0
DA:419,0
DA:424,0
DA:425,0
DA:426,0
DA:427,0
DA:431,0
DA:432,0
DA:435,0
DA:437,0
DA:442,0
DA:443,0
DA:444,0
DA:446,0
DA:450,0
DA:451,0
DA:453,0
DA:461,0
DA:463,0
DA:464,0
DA:471,0
DA:472,0
DA:473,0
DA:475,0
DA:477,0
DA:478,0
DA:479,0
DA:480,0
DA:481,0
DA:485,0
DA:487,0
DA:495,0
DA:496,0
DA:499,0
DA:501,0
DA:502,0
DA:511,0
DA:512,0
DA:514,0
DA:516,0
DA:528,0
DA:530,0
DA:531,0
DA:532,0
DA:535,0
DA:536,0
DA:538,0
DA:540,0
DA:554,0
DA:580,0
DA:581,0
DA:584,0
DA:586,0
DA:591,0
DA:592,0
DA:594,0
DA:602,0
DA:603,0
DA:609,0
DA:610,0
DA:611,0
DA:612,0
DA:622,0
DA:624,0
DA:632,0
DA:633,0
DA:634,0
DA:635,0
DA:640,0
DA:642,0
DA:647,0
DA:648,0
DA:650,0
LF:204
LH:0
BRDA:46,0,0,0
BRDA:48,1,0,0
BRDA:70,2,0,0
BRDA:82,3,0,0
BRDA:88,4,0,0
BRDA:90,5,0,0
BRDA:112,6,0,0
BRDA:129,7,0,0
BRDA:136,8,0,0
BRDA:144,9,0,0
BRDA:168,10,0,0
BRDA:173,11,0,0
BRDA:182,12,0,0
BRDA:193,13,0,0
BRDA:193,13,1,0
BRDA:196,14,0,0
BRDA:233,15,0,0
BRDA:247,16,0,0
BRDA:247,17,0,0
BRDA:247,17,1,0
BRDA:250,18,0,0
BRDA:302,19,0,0
BRDA:310,20,0,0
BRDA:317,21,0,0
BRDA:333,22,0,0
BRDA:346,23,0,0
BRDA:373,24,0,0
BRDA:389,25,0,0
BRDA:389,25,1,0
BRDA:392,26,0,0
BRDA:418,27,0,0
BRDA:424,28,0,0
BRDA:424,28,1,0
BRDA:424,29,0,0
BRDA:424,29,1,0
BRDA:426,30,0,0
BRDA:426,31,0,0
BRDA:426,31,1,0
BRDA:431,32,0,0
BRDA:431,33,0,0
BRDA:431,33,1,0
BRDA:450,34,0,0
BRDA:478,35,0,0
BRDA:478,36,0,0
BRDA:478,36,1,0
BRDA:494,37,0,0
BRDA:501,38,0,0
BRDA:501,38,1,0
BRDA:546,39,0,0
BRDA:546,39,1,0
BRDA:564,40,0,0
BRDA:564,40,1,0
BRDA:591,41,0,0
BRDA:611,42,0,0
BRDA:634,43,0,0
BRDA:647,44,0,0
BRF:56
BRH:0
end_of_record
TN:
SF:domains/product/index.ts
FNF:0
FNH:0
DA:7,0
DA:8,0
DA:11,0
DA:14,0
LF:4
LH:0
BRF:0
BRH:0
end_of_record
TN:
SF:domains/product/entities/product-category.ts
FN:15,(anonymous_11)
FN:22,(anonymous_12)
FN:31,(anonymous_13)
FN:45,(anonymous_14)
FN:57,(anonymous_15)
FN:70,(anonymous_16)
FN:81,(anonymous_17)
FN:87,(anonymous_18)
FN:104,(anonymous_19)
FN:125,(anonymous_20)
FN:150,(anonymous_21)
FN:180,(anonymous_22)
FN:202,(anonymous_23)
FN:221,(anonymous_24)
FN:240,(anonymous_25)
FN:259,(anonymous_26)
FN:278,(anonymous_27)
FN:308,(anonymous_28)
FN:324,(anonymous_29)
FN:336,(anonymous_30)
FN:348,(anonymous_31)
FN:360,(anonymous_32)
FN:371,(anonymous_33)
FN:376,(anonymous_34)
FN:382,(anonymous_35)
FN:386,(anonymous_36)
FN:390,(anonymous_37)
FN:394,(anonymous_38)
FN:401,(anonymous_39)
FN:408,(anonymous_40)
FN:411,(anonymous_41)
FN:417,(anonymous_42)
FN:424,(anonymous_43)
FN:426,(anonymous_44)
FN:427,(anonymous_45)
FN:430,(anonymous_46)
FN:442,(anonymous_47)
FN:446,(anonymous_48)
FN:454,(anonymous_49)
FN:458,(anonymous_50)
FN:462,(anonymous_51)
FN:467,(anonymous_52)
FN:495,(anonymous_53)
FN:501,(anonymous_54)
FN:505,(anonymous_55)
FN:509,(anonymous_56)
FN:513,(anonymous_57)
FN:517,(anonymous_58)
FN:519,(anonymous_59)
FN:520,(anonymous_60)
FN:523,(anonymous_61)
FN:525,(anonymous_62)
FN:526,(anonymous_63)
FN:529,(anonymous_64)
FN:531,(anonymous_65)
FN:532,(anonymous_66)
FN:535,(anonymous_67)
FN:565,(anonymous_68)
FN:568,(anonymous_69)
FN:571,(anonymous_70)
FN:593,(anonymous_71)
FN:616,(anonymous_72)
FN:617,(anonymous_73)
FN:620,(anonymous_74)
FN:621,(anonymous_75)
FN:624,(anonymous_76)
FN:625,(anonymous_77)
FN:628,(anonymous_78)
FN:629,(anonymous_79)
FN:632,(anonymous_80)
FN:633,(anonymous_81)
FN:636,(anonymous_82)
FN:637,(anonymous_83)
FNF:73
FNH:0
FNDA:0,(anonymous_11)
FNDA:0,(anonymous_12)
FNDA:0,(anonymous_13)
FNDA:0,(anonymous_14)
FNDA:0,(anonymous_15)
FNDA:0,(anonymous_16)
FNDA:0,(anonymous_17)
FNDA:0,(anonymous_18)
FNDA:0,(anonymous_19)
FNDA:0,(anonymous_20)
FNDA:0,(anonymous_21)
FNDA:0,(anonymous_22)
FNDA:0,(anonymous_23)
FNDA:0,(anonymous_24)
FNDA:0,(anonymous_25)
FNDA:0,(anonymous_26)
FNDA:0,(anonymous_27)
FNDA:0,(anonymous_28)
FNDA:0,(anonymous_29)
FNDA:0,(anonymous_30)
FNDA:0,(anonymous_31)
FNDA:0,(anonymous_32)
FNDA:0,(anonymous_33)
FNDA:0,(anonymous_34)
FNDA:0,(anonymous_35)
FNDA:0,(anonymous_36)
FNDA:0,(anonymous_37)
FNDA:0,(anonymous_38)
FNDA:0,(anonymous_39)
FNDA:0,(anonymous_40)
FNDA:0,(anonymous_41)
FNDA:0,(anonymous_42)
FNDA:0,(anonymous_43)
FNDA:0,(anonymous_44)
FNDA:0,(anonymous_45)
FNDA:0,(anonymous_46)
FNDA:0,(anonymous_47)
FNDA:0,(anonymous_48)
FNDA:0,(anonymous_49)
FNDA:0,(anonymous_50)
FNDA:0,(anonymous_51)
FNDA:0,(anonymous_52)
FNDA:0,(anonymous_53)
FNDA:0,(anonymous_54)
FNDA:0,(anonymous_55)
FNDA:0,(anonymous_56)
FNDA:0,(anonymous_57)
FNDA:0,(anonymous_58)
FNDA:0,(anonymous_59)
FNDA:0,(anonymous_60)
FNDA:0,(anonymous_61)
FNDA:0,(anonymous_62)
FNDA:0,(anonymous_63)
FNDA:0,(anonymous_64)
FNDA:0,(anonymous_65)
FNDA:0,(anonymous_66)
FNDA:0,(anonymous_67)
FNDA:0,(anonymous_68)
FNDA:0,(anonymous_69)
FNDA:0,(anonymous_70)
FNDA:0,(anonymous_71)
FNDA:0,(anonymous_72)
FNDA:0,(anonymous_73)
FNDA:0,(anonymous_74)
FNDA:0,(anonymous_75)
FNDA:0,(anonymous_76)
FNDA:0,(anonymous_77)
FNDA:0,(anonymous_78)
FNDA:0,(anonymous_79)
FNDA:0,(anonymous_80)
FNDA:0,(anonymous_81)
FNDA:0,(anonymous_82)
FNDA:0,(anonymous_83)
DA:12,0
DA:15,0
DA:22,0
DA:30,0
DA:32,0
DA:33,0
DA:34,0
DA:35,0
DA:37,0
DA:38,0
DA:40,0
DA:41,0
DA:46,0
DA:56,0
DA:65,0
DA:69,0
DA:76,0
DA:80,0
DA:82,0
DA:86,0
DA:96,0
DA:101,0
DA:102,0
DA:105,0
DA:106,0
DA:107,0
DA:108,0
DA:109,0
DA:110,0
DA:111,0
DA:112,0
DA:113,0
DA:114,0
DA:115,0
DA:116,0
DA:117,0
DA:118,0
DA:119,0
DA:120,0
DA:122,0
DA:126,0
DA:127,0
DA:129,0
DA:130,0
DA:132,0
DA:133,0
DA:135,0
DA:136,0
DA:138,0
DA:139,0
DA:141,0
DA:142,0
DA:144,0
DA:145,0
DA:156,0
DA:157,0
DA:168,0
DA:176,0
DA:181,0
DA:182,0
DA:184,0
DA:185,0
DA:186,0
DA:188,0
DA:191,0
DA:192,0
DA:193,0
DA:195,0
DA:196,0
DA:203,0
DA:204,0
DA:206,0
DA:207,0
DA:210,0
DA:211,0
DA:212,0
DA:214,0
DA:222,0
DA:223,0
DA:229,0
DA:230,0
DA:231,0
DA:233,0
DA:241,0
DA:242,0
DA:248,0
DA:249,0
DA:250,0
DA:252,0
DA:260,0
DA:261,0
DA:267,0
DA:268,0
DA:269,0
DA:271,0
DA:279,0
DA:280,0
DA:284,0
DA:285,0
DA:291,0
DA:292,0
DA:294,0
DA:295,0
DA:296,0
DA:298,0
DA:309,0
DA:310,0
DA:313,0
DA:314,0
DA:315,0
DA:317,0
DA:325,0
DA:326,0
DA:327,0
DA:329,0
DA:337,0
DA:338,0
DA:339,0
DA:341,0
DA:349,0
DA:350,0
DA:351,0
DA:353,0
DA:361,0
DA:362,0
DA:364,0
DA:372,0
DA:373,0
DA:377,0
DA:378,0
DA:383,0
DA:387,0
DA:391,0
DA:395,0
DA:396,0
DA:398,0
DA:399,0
DA:400,0
DA:401,0
DA:405,0
DA:409,0
DA:410,0
DA:411,0
DA:414,0
DA:415,0
DA:416,0
DA:417,0
DA:421,0
DA:425,0
DA:426,0
DA:427,0
DA:431,0
DA:432,0
DA:434,0
DA:435,0
DA:436,0
DA:439,0
DA:443,0
DA:447,0
DA:450,0
DA:453,0
DA:454,0
DA:459,0
DA:463,0
DA:468,0
DA:492,0
DA:493,0
DA:496,0
DA:497,0
DA:502,0
DA:506,0
DA:510,0
DA:514,0
DA:518,0
DA:519,0
DA:520,0
DA:524,0
DA:525,0
DA:526,0
DA:530,0
DA:531,0
DA:532,0
DA:536,0
DA:537,0
DA:540,0
DA:541,0
DA:549,0
DA:550,0
DA:551,0
DA:552,0
DA:553,0
DA:554,0
DA:556,0
DA:559,0
DA:564,0
DA:565,0
DA:568,0
DA:572,0
DA:573,0
DA:575,0
DA:577,0
DA:578,0
DA:582,0
DA:583,0
DA:587,0
DA:594,0
DA:596,0
DA:597,0
DA:599,0
DA:600,0
DA:601,0
DA:603,0
DA:615,0
DA:617,0
DA:621,0
DA:625,0
DA:629,0
DA:633,0
DA:637,0
LF:219
LH:0
BRDA:15,0,0,0
BRDA:15,0,1,0
BRDA:22,1,0,0
BRDA:22,1,1,0
BRDA:34,2,0,0
BRDA:37,3,0,0
BRDA:37,4,0,0
BRDA:37,4,1,0
BRDA:40,5,0,0
BRDA:40,6,0,0
BRDA:40,6,1,0
BRDA:108,7,0,0
BRDA:109,8,0,0
BRDA:110,9,0,0
BRDA:112,10,0,0
BRDA:116,11,0,0
BRDA:117,12,0,0
BRDA:118,13,0,0
BRDA:119,14,0,0
BRDA:120,15,0,0
BRDA:126,16,0,0
BRDA:126,17,0,0
BRDA:126,17,1,0
BRDA:129,18,0,0
BRDA:129,19,0,0
BRDA:129,19,1,0
BRDA:132,20,0,0
BRDA:135,21,0,0
BRDA:138,22,0,0
BRDA:141,23,0,0
BRDA:144,24,0,0
BRDA:153,25,0,0
BRDA:192,26,0,0
BRDA:193,27,0,0
BRDA:195,28,0,0
BRDA:203,29,0,0
BRDA:203,30,0,0
BRDA:203,30,1,0
BRDA:206,31,0,0
BRDA:222,32,0,0
BRDA:241,33,0,0
BRDA:260,34,0,0
BRDA:279,35,0,0
BRDA:284,36,0,0
BRDA:294,37,0,0
BRDA:294,37,1,0
BRDA:309,38,0,0
BRDA:338,39,0,0
BRDA:338,39,1,0
BRDA:350,40,0,0
BRDA:350,40,1,0
BRDA:391,41,0,0
BRDA:391,41,1,0
BRDA:400,42,0,0
BRDA:400,42,1,0
BRDA:410,43,0,0
BRDA:410,43,1,0
BRDA:416,44,0,0
BRDA:416,44,1,0
BRDA:447,45,0,0
BRDA:450,46,0,0
BRDA:495,47,0,0
BRDA:510,48,0,0
BRDA:510,48,1,0
BRDA:550,49,0,0
BRDA:550,49,1,0
BRDA:552,50,0,0
BRDA:552,50,1,0
BRDA:577,51,0,0
BRDA:582,52,0,0
BRDA:582,53,0,0
BRDA:582,53,1,0
BRDA:594,54,0,0
BRDA:597,55,0,0
BRDA:597,56,0,0
BRDA:597,56,1,0
BRDA:625,57,0,0
BRDA:625,57,1,0
BRF:78
BRH:0
end_of_record
TN:
SF:domains/product/entities/product.ts
FN:22,(anonymous_8)
FN:30,(anonymous_9)
FN:39,(anonymous_10)
FN:63,(anonymous_11)
FN:67,(anonymous_12)
FN:80,(anonymous_13)
FN:97,(anonymous_14)
FN:101,(anonymous_15)
FN:115,(anonymous_16)
FN:129,(anonymous_17)
FN:143,(anonymous_18)
FN:163,(anonymous_19)
FN:179,(anonymous_20)
FN:188,(anonymous_21)
FN:207,(anonymous_22)
FN:223,(anonymous_23)
FN:229,(anonymous_24)
FN:237,(anonymous_25)
FN:241,(anonymous_26)
FN:245,(anonymous_27)
FN:272,(anonymous_28)
FN:294,(anonymous_29)
FN:312,(anonymous_30)
FN:322,(anonymous_31)
FN:336,(anonymous_32)
FN:344,(anonymous_33)
FN:366,(anonymous_34)
FN:385,(anonymous_35)
FN:411,(anonymous_36)
FN:429,(anonymous_37)
FN:447,(anonymous_38)
FN:475,(anonymous_39)
FN:491,(anonymous_40)
FN:502,(anonymous_41)
FN:504,(anonymous_42)
FN:507,(anonymous_43)
FN:515,(anonymous_44)
FN:519,(anonymous_45)
FN:520,(anonymous_46)
FN:527,(anonymous_47)
FN:533,(anonymous_48)
FN:545,(anonymous_49)
FN:554,(anonymous_50)
FN:555,(anonymous_51)
FN:561,(anonymous_52)
FN:562,(anonymous_53)
FN:570,(anonymous_54)
FN:574,(anonymous_55)
FN:578,(anonymous_56)
FN:585,(anonymous_57)
FN:588,(anonymous_58)
FN:589,(anonymous_59)
FN:590,(anonymous_60)
FN:595,(anonymous_61)
FN:597,(anonymous_62)
FN:600,(anonymous_63)
FN:602,(anonymous_64)
FN:605,(anonymous_65)
FN:608,(anonymous_66)
FN:611,(anonymous_67)
FN:615,(anonymous_68)
FN:616,(anonymous_69)
FN:620,(anonymous_70)
FN:623,(anonymous_71)
FN:628,(anonymous_72)
FN:636,(anonymous_73)
FN:643,(anonymous_74)
FN:647,(anonymous_75)
FN:648,(anonymous_76)
FNF:69
FNH:0
FNDA:0,(anonymous_8)
FNDA:0,(anonymous_9)
FNDA:0,(anonymous_10)
FNDA:0,(anonymous_11)
FNDA:0,(anonymous_12)
FNDA:0,(anonymous_13)
FNDA:0,(anonymous_14)
FNDA:0,(anonymous_15)
FNDA:0,(anonymous_16)
FNDA:0,(anonymous_17)
FNDA:0,(anonymous_18)
FNDA:0,(anonymous_19)
FNDA:0,(anonymous_20)
FNDA:0,(anonymous_21)
FNDA:0,(anonymous_22)
FNDA:0,(anonymous_23)
FNDA:0,(anonymous_24)
FNDA:0,(anonymous_25)
FNDA:0,(anonymous_26)
FNDA:0,(anonymous_27)
FNDA:0,(anonymous_28)
FNDA:0,(anonymous_29)
FNDA:0,(anonymous_30)
FNDA:0,(anonymous_31)
FNDA:0,(anonymous_32)
FNDA:0,(anonymous_33)
FNDA:0,(anonymous_34)
FNDA:0,(anonymous_35)
FNDA:0,(anonymous_36)
FNDA:0,(anonymous_37)
FNDA:0,(anonymous_38)
FNDA:0,(anonymous_39)
FNDA:0,(anonymous_40)
FNDA:0,(anonymous_41)
FNDA:0,(anonymous_42)
FNDA:0,(anonymous_43)
FNDA:0,(anonymous_44)
FNDA:0,(anonymous_45)
FNDA:0,(anonymous_46)
FNDA:0,(anonymous_47)
FNDA:0,(anonymous_48)
FNDA:0,(anonymous_49)
FNDA:0,(anonymous_50)
FNDA:0,(anonymous_51)
FNDA:0,(anonymous_52)
FNDA:0,(anonymous_53)
FNDA:0,(anonymous_54)
FNDA:0,(anonymous_55)
FNDA:0,(anonymous_56)
FNDA:0,(anonymous_57)
FNDA:0,(anonymous_58)
FNDA:0,(anonymous_59)
FNDA:0,(anonymous_60)
FNDA:0,(anonymous_61)
FNDA:0,(anonymous_62)
FNDA:0,(anonymous_63)
FNDA:0,(anonymous_64)
FNDA:0,(anonymous_65)
FNDA:0,(anonymous_66)
FNDA:0,(anonymous_67)
FNDA:0,(anonymous_68)
FNDA:0,(anonymous_69)
FNDA:0,(anonymous_70)
FNDA:0,(anonymous_71)
FNDA:0,(anonymous_72)
FNDA:0,(anonymous_73)
FNDA:0,(anonymous_74)
FNDA:0,(anonymous_75)
FNDA:0,(anonymous_76)
DA:19,0
DA:22,0
DA:30,0
DA:38,0
DA:40,0
DA:41,0
DA:42,0
DA:43,0
DA:44,0
DA:46,0
DA:47,0
DA:49,0
DA:50,0
DA:52,0
DA:53,0
DA:55,0
DA:56,0
DA:58,0
DA:59,0
DA:64,0
DA:68,0
DA:79,0
DA:81,0
DA:82,0
DA:83,0
DA:84,0
DA:85,0
DA:86,0
DA:88,0
DA:89,0
DA:98,0
DA:102,0
DA:114,0
DA:116,0
DA:117,0
DA:118,0
DA:119,0
DA:121,0
DA:122,0
DA:124,0
DA:125,0
DA:130,0
DA:140,0
DA:141,0
DA:144,0
DA:145,0
DA:146,0
DA:147,0
DA:148,0
DA:149,0
DA:150,0
DA:151,0
DA:152,0
DA:153,0
DA:154,0
DA:155,0
DA:156,0
DA:157,0
DA:158,0
DA:160,0
DA:164,0
DA:165,0
DA:167,0
DA:168,0
DA:170,0
DA:171,0
DA:173,0
DA:174,0
DA:180,0
DA:181,0
DA:184,0
DA:185,0
DA:189,0
DA:190,0
DA:193,0
DA:194,0
DA:195,0
DA:198,0
DA:208,0
DA:209,0
DA:212,0
DA:213,0
DA:220,0
DA:224,0
DA:225,0
DA:226,0
DA:230,0
DA:231,0
DA:232,0
DA:233,0
DA:238,0
DA:242,0
DA:246,0
DA:268,0
DA:269,0
DA:270,0
DA:273,0
DA:274,0
DA:275,0
DA:276,0
DA:277,0
DA:278,0
DA:279,0
DA:280,0
DA:281,0
DA:282,0
DA:283,0
DA:284,0
DA:286,0
DA:287,0
DA:288,0
DA:290,0
DA:291,0
DA:295,0
DA:296,0
DA:298,0
DA:299,0
DA:301,0
DA:302,0
DA:304,0
DA:305,0
DA:307,0
DA:308,0
DA:313,0
DA:314,0
DA:315,0
DA:317,0
DA:328,0
DA:329,0
DA:332,0
DA:336,0
DA:340,0
DA:345,0
DA:346,0
DA:348,0
DA:349,0
DA:350,0
DA:352,0
DA:355,0
DA:356,0
DA:357,0
DA:359,0
DA:360,0
DA:367,0
DA:368,0
DA:370,0
DA:371,0
DA:374,0
DA:375,0
DA:376,0
DA:378,0
DA:386,0
DA:387,0
DA:393,0
DA:394,0
DA:400,0
DA:401,0
DA:402,0
DA:404,0
DA:412,0
DA:413,0
DA:419,0
DA:420,0
DA:422,0
DA:430,0
DA:431,0
DA:437,0
DA:438,0
DA:440,0
DA:448,0
DA:449,0
DA:452,0
DA:453,0
DA:461,0
DA:462,0
DA:463,0
DA:471,0
DA:472,0
DA:476,0
DA:477,0
DA:480,0
DA:481,0
DA:487,0
DA:488,0
DA:492,0
DA:493,0
DA:494,0
DA:498,0
DA:499,0
DA:504,0
DA:505,0
DA:507,0
DA:508,0
DA:514,0
DA:515,0
DA:516,0
DA:520,0
DA:521,0
DA:522,0
DA:525,0
DA:527,0
DA:528,0
DA:530,0
DA:534,0
DA:535,0
DA:536,0
DA:539,0
DA:540,0
DA:541,0
DA:546,0
DA:547,0
DA:548,0
DA:549,0
DA:550,0
DA:555,0
DA:556,0
DA:557,0
DA:562,0
DA:563,0
DA:564,0
DA:565,0
DA:571,0
DA:575,0
DA:579,0
DA:580,0
DA:582,0
DA:586,0
DA:588,0
DA:589,0
DA:590,0
DA:592,0
DA:596,0
DA:597,0
DA:601,0
DA:602,0
DA:606,0
DA:608,0
DA:609,0
DA:611,0
DA:612,0
DA:616,0
DA:621,0
DA:622,0
DA:623,0
DA:625,0
DA:629,0
DA:630,0
DA:631,0
DA:637,0
DA:643,0
DA:647,0
DA:648,0
LF:252
LH:0
BRDA:22,0,0,0
BRDA:22,0,1,0
BRDA:30,1,0,0
BRDA:30,1,1,0
BRDA:44,2,0,0
BRDA:46,3,0,0
BRDA:46,4,0,0
BRDA:46,4,1,0
BRDA:49,5,0,0
BRDA:49,6,0,0
BRDA:49,6,1,0
BRDA:52,7,0,0
BRDA:52,8,0,0
BRDA:52,8,1,0
BRDA:55,9,0,0
BRDA:55,10,0,0
BRDA:55,10,1,0
BRDA:58,11,0,0
BRDA:64,12,0,0
BRDA:64,12,1,0
BRDA:85,13,0,0
BRDA:86,14,0,0
BRDA:88,15,0,0
BRDA:88,16,0,0
BRDA:88,16,1,0
BRDA:88,16,2,0
BRDA:88,16,3,0
BRDA:118,17,0,0
BRDA:121,18,0,0
BRDA:121,19,0,0
BRDA:121,19,1,0
BRDA:124,20,0,0
BRDA:124,21,0,0
BRDA:124,21,1,0
BRDA:149,22,0,0
BRDA:150,23,0,0
BRDA:151,24,0,0
BRDA:152,25,0,0
BRDA:153,26,0,0
BRDA:157,27,0,0
BRDA:158,28,0,0
BRDA:164,29,0,0
BRDA:164,30,0,0
BRDA:164,30,1,0
BRDA:167,31,0,0
BRDA:167,32,0,0
BRDA:167,32,1,0
BRDA:170,33,0,0
BRDA:173,34,0,0
BRDA:173,35,0,0
BRDA:173,35,1,0
BRDA:180,36,0,0
BRDA:189,37,0,0
BRDA:208,38,0,0
BRDA:212,39,0,0
BRDA:212,40,0,0
BRDA:212,40,1,0
BRDA:212,40,2,0
BRDA:223,41,0,0
BRDA:224,42,0,0
BRDA:225,43,0,0
BRDA:230,44,0,0
BRDA:231,45,0,0
BRDA:232,46,0,0
BRDA:276,47,0,0
BRDA:277,48,0,0
BRDA:278,49,0,0
BRDA:279,50,0,0
BRDA:282,51,0,0
BRDA:284,52,0,0
BRDA:285,53,0,0
BRDA:287,54,0,0
BRDA:288,55,0,0
BRDA:295,56,0,0
BRDA:295,57,0,0
BRDA:295,57,1,0
BRDA:298,58,0,0
BRDA:298,59,0,0
BRDA:298,59,1,0
BRDA:301,60,0,0
BRDA:304,61,0,0
BRDA:307,62,0,0
BRDA:314,63,0,0
BRDA:325,64,0,0
BRDA:326,65,0,0
BRDA:356,66,0,0
BRDA:357,67,0,0
BRDA:359,68,0,0
BRDA:367,69,0,0
BRDA:367,70,0,0
BRDA:367,70,1,0
BRDA:370,71,0,0
BRDA:386,72,0,0
BRDA:393,73,0,0
BRDA:412,74,0,0
BRDA:430,75,0,0
BRDA:448,76,0,0
BRDA:452,77,0,0
BRDA:462,78,0,0
BRDA:476,79,0,0
BRDA:480,80,0,0
BRDA:493,81,0,0
BRDA:505,82,0,0
BRDA:508,83,0,0
BRDA:508,83,1,0
BRDA:521,84,0,0
BRDA:535,85,0,0
BRDA:539,86,0,0
BRDA:548,87,0,0
BRDA:555,88,0,0
BRDA:563,89,0,0
BRDA:575,90,0,0
BRDA:575,90,1,0
BRDA:580,91,0,0
BRDA:586,92,0,0
BRDA:589,93,0,0
BRDA:589,93,1,0
BRDA:590,94,0,0
BRDA:590,94,1,0
BRDA:601,95,0,0
BRDA:606,96,0,0
BRDA:609,97,0,0
BRDA:612,98,0,0
BRDA:612,98,1,0
BRDA:616,99,0,0
BRDA:616,99,1,0
BRDA:616,99,2,0
BRF:127
BRH:0
end_of_record
TN:
SF:domains/product/repositories/product-repository.ts
FN:138,(anonymous_3)
FN:140,(anonymous_4)
FN:141,(anonymous_5)
FN:145,(anonymous_6)
FN:147,(anonymous_7)
FN:148,(anonymous_8)
FN:152,(anonymous_9)
FN:154,(anonymous_10)
FN:155,(anonymous_11)
FN:156,(anonymous_12)
FN:160,(anonymous_13)
FN:162,(anonymous_14)
FN:164,(anonymous_15)
FN:168,(anonymous_16)
FN:169,(anonymous_17)
FN:171,(anonymous_18)
FN:172,(anonymous_19)
FN:173,(anonymous_20)
FN:177,(anonymous_21)
FN:179,(anonymous_22)
FN:180,(anonymous_23)
FN:184,(anonymous_24)
FN:186,(anonymous_25)
FN:188,(anonymous_26)
FN:197,(anonymous_27)
FN:199,(anonymous_28)
FN:207,(anonymous_29)
FN:217,(anonymous_30)
FN:219,(anonymous_31)
FN:221,(anonymous_32)
FN:225,(anonymous_33)
FN:227,(anonymous_34)
FN:229,(anonymous_35)
FN:233,(anonymous_36)
FN:235,(anonymous_37)
FN:236,(anonymous_38)
FN:240,(anonymous_39)
FN:242,(anonymous_40)
FN:243,(anonymous_41)
FN:247,(anonymous_42)
FN:250,(anonymous_43)
FN:253,(anonymous_44)
FN:254,(anonymous_45)
FN:267,(anonymous_46)
FN:271,(anonymous_47)
FN:275,(anonymous_48)
FN:280,(anonymous_49)
FN:282,(anonymous_50)
FN:282,(anonymous_51)
FN:283,(anonymous_52)
FN:285,(anonymous_53)
FN:286,(anonymous_54)
FN:291,(anonymous_55)
FN:293,(anonymous_56)
FN:293,(anonymous_57)
FN:294,(anonymous_58)
FN:296,(anonymous_59)
FN:297,(anonymous_60)
FN:467,(anonymous_61)
FN:471,(anonymous_62)
FN:476,(anonymous_63)
FN:480,(anonymous_64)
FN:484,(anonymous_65)
FN:488,(anonymous_66)
FN:492,(anonymous_67)
FN:496,(anonymous_68)
FN:500,(anonymous_69)
FN:504,(anonymous_70)
FN:508,(anonymous_71)
FN:512,(anonymous_72)
FN:517,(anonymous_73)
FN:522,(anonymous_74)
FN:527,(anonymous_75)
FN:532,(anonymous_76)
FN:537,(anonymous_77)
FN:549,(anonymous_78)
FNF:76
FNH:0
FNDA:0,(anonymous_3)
FNDA:0,(anonymous_4)
FNDA:0,(anonymous_5)
FNDA:0,(anonymous_6)
FNDA:0,(anonymous_7)
FNDA:0,(anonymous_8)
FNDA:0,(anonymous_9)
FNDA:0,(anonymous_10)
FNDA:0,(anonymous_11)
FNDA:0,(anonymous_12)
FNDA:0,(anonymous_13)
FNDA:0,(anonymous_14)
FNDA:0,(anonymous_15)
FNDA:0,(anonymous_16)
FNDA:0,(anonymous_17)
FNDA:0,(anonymous_18)
FNDA:0,(anonymous_19)
FNDA:0,(anonymous_20)
FNDA:0,(anonymous_21)
FNDA:0,(anonymous_22)
FNDA:0,(anonymous_23)
FNDA:0,(anonymous_24)
FNDA:0,(anonymous_25)
FNDA:0,(anonymous_26)
FNDA:0,(anonymous_27)
FNDA:0,(anonymous_28)
FNDA:0,(anonymous_29)
FNDA:0,(anonymous_30)
FNDA:0,(anonymous_31)
FNDA:0,(anonymous_32)
FNDA:0,(anonymous_33)
FNDA:0,(anonymous_34)
FNDA:0,(anonymous_35)
FNDA:0,(anonymous_36)
FNDA:0,(anonymous_37)
FNDA:0,(anonymous_38)
FNDA:0,(anonymous_39)
FNDA:0,(anonymous_40)
FNDA:0,(anonymous_41)
FNDA:0,(anonymous_42)
FNDA:0,(anonymous_43)
FNDA:0,(anonymous_44)
FNDA:0,(anonymous_45)
FNDA:0,(anonymous_46)
FNDA:0,(anonymous_47)
FNDA:0,(anonymous_48)
FNDA:0,(anonymous_49)
FNDA:0,(anonymous_50)
FNDA:0,(anonymous_51)
FNDA:0,(anonymous_52)
FNDA:0,(anonymous_53)
FNDA:0,(anonymous_54)
FNDA:0,(anonymous_55)
FNDA:0,(anonymous_56)
FNDA:0,(anonymous_57)
FNDA:0,(anonymous_58)
FNDA:0,(anonymous_59)
FNDA:0,(anonymous_60)
FNDA:0,(anonymous_61)
FNDA:0,(anonymous_62)
FNDA:0,(anonymous_63)
FNDA:0,(anonymous_64)
FNDA:0,(anonymous_65)
FNDA:0,(anonymous_66)
FNDA:0,(anonymous_67)
FNDA:0,(anonymous_68)
FNDA:0,(anonymous_69)
FNDA:0,(anonymous_70)
FNDA:0,(anonymous_71)
FNDA:0,(anonymous_72)
FNDA:0,(anonymous_73)
FNDA:0,(anonymous_74)
FNDA:0,(anonymous_75)
FNDA:0,(anonymous_76)
FNDA:0,(anonymous_77)
FNDA:0,(anonymous_78)
DA:17,0
DA:137,0
DA:139,0
DA:140,0
DA:141,0
DA:146,0
DA:147,0
DA:148,0
DA:153,0
DA:155,0
DA:156,0
DA:161,0
DA:163,0
DA:164,0
DA:169,0
DA:170,0
DA:172,0
DA:173,0
DA:178,0
DA:179,0
DA:180,0
DA:185,0
DA:187,0
DA:188,0
DA:198,0
DA:200,0
DA:201,0
DA:203,0
DA:207,0
DA:218,0
DA:220,0
DA:221,0
DA:226,0
DA:228,0
DA:229,0
DA:234,0
DA:235,0
DA:236,0
DA:241,0
DA:242,0
DA:243,0
DA:248,0
DA:249,0
DA:251,0
DA:253,0
DA:254,0
DA:268,0
DA:272,0
DA:276,0
DA:281,0
DA:282,0
DA:285,0
DA:286,0
DA:292,0
DA:293,0
DA:296,0
DA:297,0
DA:461,0
DA:462,0
DA:463,0
DA:468,0
DA:472,0
DA:473,0
DA:477,0
DA:481,0
DA:485,0
DA:489,0
DA:493,0
DA:497,0
DA:501,0
DA:505,0
DA:509,0
DA:513,0
DA:514,0
DA:518,0
DA:519,0
DA:523,0
DA:524,0
DA:528,0
DA:529,0
DA:533,0
DA:534,0
DA:538,0
DA:539,0
DA:542,0
DA:543,0
DA:546,0
DA:550,0
DA:551,0
DA:553,0
DA:554,0
DA:557,0
DA:558,0
DA:561,0
DA:562,0
DA:565,0
LF:96
LH:0
BRDA:187,0,0,0
BRDA:187,0,1,0
BRDA:201,1,0,0
BRDA:203,2,0,0
BRDA:203,2,1,0
BRDA:203,2,2,0
BRDA:217,3,0,0
BRDA:251,4,0,0
BRDA:251,4,1,0
BRDA:251,4,2,0
BRDA:512,5,0,0
BRDA:517,6,0,0
BRDA:522,7,0,0
BRDA:538,8,0,0
BRDA:542,9,0,0
BRDA:553,10,0,0
BRDA:557,11,0,0
BRDA:561,12,0,0
BRF:18
BRH:0
end_of_record
TN:
SF:domains/product/services/product-service.ts
FN:32,(anonymous_3)
FN:37,(anonymous_4)
FN:62,(anonymous_5)
FN:63,(anonymous_6)
FN:67,(anonymous_7)
FN:89,(anonymous_8)
FN:135,(anonymous_9)
FN:170,(anonymous_10)
FN:193,(anonymous_11)
FN:221,(anonymous_12)
FN:288,(anonymous_13)
FN:323,(anonymous_14)
FN:333,(anonymous_15)
FN:342,(anonymous_16)
FN:343,(anonymous_17)
FN:355,(anonymous_18)
FN:370,(anonymous_19)
FN:408,(anonymous_20)
FN:436,(anonymous_21)
FN:470,(anonymous_22)
FN:482,(anonymous_23)
FN:536,(anonymous_24)
FN:545,(anonymous_25)
FN:550,(anonymous_26)
FN:558,(anonymous_27)
FN:571,(anonymous_28)
FN:573,(anonymous_29)
FN:640,(anonymous_30)
FN:642,(anonymous_31)
FN:642,(anonymous_32)
FN:645,(anonymous_33)
FN:647,(anonymous_34)
FN:647,(anonymous_35)
FN:650,(anonymous_36)
FN:652,(anonymous_37)
FN:652,(anonymous_38)
FN:655,(anonymous_39)
FN:657,(anonymous_40)
FN:657,(anonymous_41)
FN:660,(anonymous_42)
FN:662,(anonymous_43)
FN:662,(anonymous_44)
FN:665,(anonymous_45)
FN:667,(anonymous_46)
FN:667,(anonymous_47)
FN:670,(anonymous_48)
FN:672,(anonymous_49)
FN:672,(anonymous_50)
FN:675,(anonymous_51)
FN:677,(anonymous_52)
FN:677,(anonymous_53)
FN:680,(anonymous_54)
FNF:52
FNH:0
FNDA:0,(anonymous_3)
FNDA:0,(anonymous_4)
FNDA:0,(anonymous_5)
FNDA:0,(anonymous_6)
FNDA:0,(anonymous_7)
FNDA:0,(anonymous_8)
FNDA:0,(anonymous_9)
FNDA:0,(anonymous_10)
FNDA:0,(anonymous_11)
FNDA:0,(anonymous_12)
FNDA:0,(anonymous_13)
FNDA:0,(anonymous_14)
FNDA:0,(anonymous_15)
FNDA:0,(anonymous_16)
FNDA:0,(anonymous_17)
FNDA:0,(anonymous_18)
FNDA:0,(anonymous_19)
FNDA:0,(anonymous_20)
FNDA:0,(anonymous_21)
FNDA:0,(anonymous_22)
FNDA:0,(anonymous_23)
FNDA:0,(anonymous_24)
FNDA:0,(anonymous_25)
FNDA:0,(anonymous_26)
FNDA:0,(anonymous_27)
FNDA:0,(anonymous_28)
FNDA:0,(anonymous_29)
FNDA:0,(anonymous_30)
FNDA:0,(anonymous_31)
FNDA:0,(anonymous_32)
FNDA:0,(anonymous_33)
FNDA:0,(anonymous_34)
FNDA:0,(anonymous_35)
FNDA:0,(anonymous_36)
FNDA:0,(anonymous_37)
FNDA:0,(anonymous_38)
FNDA:0,(anonymous_39)
FNDA:0,(anonymous_40)
FNDA:0,(anonymous_41)
FNDA:0,(anonymous_42)
FNDA:0,(anonymous_43)
FNDA:0,(anonymous_44)
FNDA:0,(anonymous_45)
FNDA:0,(anonymous_46)
FNDA:0,(anonymous_47)
FNDA:0,(anonymous_48)
FNDA:0,(anonymous_49)
FNDA:0,(anonymous_50)
FNDA:0,(anonymous_51)
FNDA:0,(anonymous_52)
FNDA:0,(anonymous_53)
FNDA:0,(anonymous_54)
DA:15,0
DA:16,0
DA:31,0
DA:33,0
DA:34,0
DA:43,0
DA:45,0
DA:46,0
DA:48,0
DA:49,0
DA:53,0
DA:54,0
DA:55,0
DA:59,0
DA:60,0
DA:61,0
DA:62,0
DA:63,0
DA:64,0
DA:67,0
DA:75,0
DA:78,0
DA:81,0
DA:83,0
DA:85,0
DA:98,0
DA:100,0
DA:101,0
DA:102,0
DA:106,0
DA:107,0
DA:113,0
DA:114,0
DA:115,0
DA:118,0
DA:119,0
DA:120,0
DA:124,0
DA:127,0
DA:129,0
DA:131,0
DA:136,0
DA:138,0
DA:139,0
DA:140,0
DA:144,0
DA:145,0
DA:146,0
DA:156,0
DA:159,0
DA:162,0
DA:164,0
DA:166,0
DA:171,0
DA:173,0
DA:174,0
DA:175,0
DA:179,0
DA:182,0
DA:185,0
DA:187,0
DA:189,0
DA:194,0
DA:196,0
DA:197,0
DA:198,0
DA:202,0
DA:203,0
DA:204,0
DA:213,0
DA:215,0
DA:217,0
DA:226,0
DA:228,0
DA:229,0
DA:230,0
DA:234,0
DA:235,0
DA:236,0
DA:240,0
DA:248,0
DA:249,0
DA:250,0
DA:251,0
DA:252,0
DA:253,0
DA:256,0
DA:257,0
DA:258,0
DA:273,0
DA:277,0
DA:280,0
DA:282,0
DA:284,0
DA:289,0
DA:290,0
DA:291,0
DA:293,0
DA:294,0
DA:296,0
DA:297,0
DA:298,0
DA:300,0
DA:303,0
DA:307,0
DA:308,0
DA:317,0
DA:319,0
DA:324,0
DA:327,0
DA:328,0
DA:330,0
DA:333,0
DA:342,0
DA:343,0
DA:355,0
DA:364,0
DA:366,0
DA:374,0
DA:375,0
DA:376,0
DA:378,0
DA:380,0
DA:381,0
DA:383,0
DA:384,0
DA:386,0
DA:387,0
DA:390,0
DA:391,0
DA:395,0
DA:398,0
DA:399,0
DA:402,0
DA:404,0
DA:409,0
DA:411,0
DA:412,0
DA:413,0
DA:418,0
DA:429,0
DA:431,0
DA:437,0
DA:439,0
DA:440,0
DA:443,0
DA:444,0
DA:447,0
DA:448,0
DA:451,0
DA:452,0
DA:455,0
DA:456,0
DA:457,0
DA:459,0
DA:460,0
DA:464,0
DA:479,0
DA:484,0
DA:487,0
DA:488,0
DA:489,0
DA:493,0
DA:494,0
DA:495,0
DA:496,0
DA:497,0
DA:498,0
DA:504,0
DA:512,0
DA:513,0
DA:514,0
DA:517,0
DA:518,0
DA:523,0
DA:524,0
DA:530,0
DA:531,0
DA:533,0
DA:537,0
DA:546,0
DA:547,0
DA:551,0
DA:552,0
DA:553,0
DA:555,0
DA:559,0
DA:560,0
DA:562,0
DA:570,0
DA:571,0
DA:584,0
DA:586,0
DA:589,0
DA:590,0
DA:594,0
DA:597,0
DA:598,0
DA:602,0
DA:603,0
DA:607,0
DA:608,0
DA:612,0
DA:613,0
DA:617,0
DA:618,0
DA:622,0
DA:625,0
DA:631,0
DA:636,0
DA:642,0
DA:647,0
DA:652,0
DA:657,0
DA:662,0
DA:667,0
DA:672,0
DA:677,0
DA:681,0
DA:682,0
DA:684,0
LF:221
LH:0
BRDA:45,0,0,0
BRDA:48,1,0,0
BRDA:54,2,0,0
BRDA:59,3,0,0
BRDA:61,4,0,0
BRDA:101,5,0,0
BRDA:106,6,0,0
BRDA:106,7,0,0
BRDA:106,7,1,0
BRDA:108,8,0,0
BRDA:108,8,1,0
BRDA:109,9,0,0
BRDA:109,9,1,0
BRDA:113,10,0,0
BRDA:118,11,0,0
BRDA:139,12,0,0
BRDA:145,13,0,0
BRDA:174,14,0,0
BRDA:197,15,0,0
BRDA:203,16,0,0
BRDA:229,17,0,0
BRDA:235,18,0,0
BRDA:297,19,0,0
BRDA:297,19,1,0
BRDA:303,20,0,0
BRDA:303,20,1,0
BRDA:307,21,0,0
BRDA:327,22,0,0
BRDA:327,22,1,0
BRDA:327,23,0,0
BRDA:327,23,1,0
BRDA:380,24,0,0
BRDA:383,25,0,0
BRDA:386,26,0,0
BRDA:412,27,0,0
BRDA:439,28,0,0
BRDA:443,29,0,0
BRDA:447,30,0,0
BRDA:451,31,0,0
BRDA:456,32,0,0
BRDA:459,33,0,0
BRDA:484,34,0,0
BRDA:484,34,1,0
BRDA:488,35,0,0
BRDA:494,36,0,0
BRDA:497,37,0,0
BRDA:507,38,0,0
BRDA:507,38,1,0
BRDA:512,39,0,0
BRDA:513,40,0,0
BRDA:514,41,0,0
BRDA:523,42,0,0
BRDA:559,43,0,0
BRDA:575,44,0,0
BRDA:582,45,0,0
BRDA:589,46,0,0
BRDA:597,47,0,0
BRDA:602,48,0,0
BRDA:607,49,0,0
BRDA:612,50,0,0
BRDA:617,51,0,0
BRDA:617,52,0,0
BRDA:617,52,1,0
BRDA:681,53,0,0
BRF:64
BRH:0
end_of_record
TN:
SF:infrastructure/index.ts
FNF:0
FNH:0
DA:7,0
DA:8,0
DA:11,0
DA:15,0
DA:16,0
DA:20,0
DA:21,0
DA:25,0
DA:26,0
DA:27,0
DA:28,0
DA:29,0
DA:30,0
DA:31,0
DA:32,0
LF:15
LH:0
BRF:0
BRH:0
end_of_record
TN:
SF:infrastructure/dependency-injection/container.ts
FN:31,(anonymous_11)
FN:38,(anonymous_12)
FN:48,(anonymous_13)
FN:50,(anonymous_14)
FN:51,(anonymous_15)
FN:52,(anonymous_16)
FN:55,(anonymous_17)
FN:61,(anonymous_18)
FN:66,(anonymous_19)
FN:71,(anonymous_20)
FN:77,(anonymous_21)
FN:86,(anonymous_22)
FN:107,(anonymous_23)
FN:114,(anonymous_24)
FN:121,(anonymous_25)
FN:128,(anonymous_26)
FN:136,(anonymous_27)
FN:155,getService
FN:162,registerService
FN:169,registerFactory
FN:178,(anonymous_31)
FN:182,(anonymous_32)
FN:186,(anonymous_33)
FN:190,(anonymous_34)
FN:195,(anonymous_35)
FN:199,(anonymous_36)
FN:203,(anonymous_37)
FN:207,(anonymous_38)
FN:219,Injectable
FN:220,(anonymous_40)
FN:224,(anonymous_41)
FN:236,Inject
FN:237,(anonymous_43)
FN:271,(anonymous_44)
FN:277,(anonymous_45)
FN:290,(anonymous_46)
FN:307,(anonymous_47)
FN:316,(anonymous_48)
FN:325,(anonymous_49)
FN:339,(anonymous_50)
FN:358,(anonymous_51)
FN:379,initializeServices
FNF:42
FNH:0
FNDA:0,(anonymous_11)
FNDA:0,(anonymous_12)
FNDA:0,(anonymous_13)
FNDA:0,(anonymous_14)
FNDA:0,(anonymous_15)
FNDA:0,(anonymous_16)
FNDA:0,(anonymous_17)
FNDA:0,(anonymous_18)
FNDA:0,(anonymous_19)
FNDA:0,(anonymous_20)
FNDA:0,(anonymous_21)
FNDA:0,(anonymous_22)
FNDA:0,(anonymous_23)
FNDA:0,(anonymous_24)
FNDA:0,(anonymous_25)
FNDA:0,(anonymous_26)
FNDA:0,(anonymous_27)
FNDA:0,getService
FNDA:0,registerService
FNDA:0,registerFactory
FNDA:0,(anonymous_31)
FNDA:0,(anonymous_32)
FNDA:0,(anonymous_33)
FNDA:0,(anonymous_34)
FNDA:0,(anonymous_35)
FNDA:0,(anonymous_36)
FNDA:0,(anonymous_37)
FNDA:0,(anonymous_38)
FNDA:0,Injectable
FNDA:0,(anonymous_40)
FNDA:0,(anonymous_41)
FNDA:0,Inject
FNDA:0,(anonymous_43)
FNDA:0,(anonymous_44)
FNDA:0,(anonymous_45)
FNDA:0,(anonymous_46)
FNDA:0,(anonymous_47)
FNDA:0,(anonymous_48)
FNDA:0,(anonymous_49)
FNDA:0,(anonymous_50)
FNDA:0,(anonymous_51)
FNDA:0,initializeServices
DA:6,0
DA:7,0
DA:14,0
DA:21,0
DA:26,0
DA:28,0
DA:29,0
DA:32,0
DA:39,0
DA:40,0
DA:42,0
DA:50,0
DA:51,0
DA:52,0
DA:55,0
DA:56,0
DA:57,0
DA:58,0
DA:61,0
DA:62,0
DA:63,0
DA:66,0
DA:67,0
DA:68,0
DA:71,0
DA:72,0
DA:73,0
DA:74,0
DA:77,0
DA:78,0
DA:79,0
DA:88,0
DA:89,0
DA:93,0
DA:94,0
DA:95,0
DA:99,0
DA:100,0
DA:101,0
DA:108,0
DA:115,0
DA:122,0
DA:129,0
DA:130,0
DA:137,0
DA:141,0
DA:150,0
DA:155,0
DA:156,0
DA:162,0
DA:163,0
DA:169,0
DA:170,0
DA:176,0
DA:179,0
DA:183,0
DA:187,0
DA:191,0
DA:196,0
DA:200,0
DA:204,0
DA:208,0
DA:219,0
DA:220,0
DA:221,0
DA:224,0
DA:226,0
DA:229,0
DA:236,0
DA:237,0
DA:239,0
DA:240,0
DA:241,0
DA:270,0
DA:272,0
DA:275,0
DA:277,0
DA:278,0
DA:281,0
DA:284,0
DA:288,0
DA:290,0
DA:291,0
DA:294,0
DA:297,0
DA:300,0
DA:308,0
DA:317,0
DA:326,0
DA:338,0
DA:340,0
DA:341,0
DA:342,0
DA:344,0
DA:345,0
DA:346,0
DA:348,0
DA:350,0
DA:351,0
DA:355,0
DA:359,0
DA:360,0
DA:363,0
DA:364,0
DA:365,0
DA:368,0
DA:370,0
DA:371,0
DA:379,0
DA:382,0
DA:384,0
DA:385,0
DA:387,0
DA:388,0
DA:390,0
DA:391,0
DA:394,0
DA:398,0
DA:400,0
DA:401,0
DA:404,0
DA:405,0
LF:122
LH:0
BRDA:39,0,0,0
BRDA:88,1,0,0
BRDA:94,2,0,0
BRDA:122,3,0,0
BRDA:122,3,1,0
BRDA:221,4,0,0
BRDA:221,4,1,0
BRDA:239,5,0,0
BRDA:239,5,1,0
BRDA:275,6,0,0
BRDA:275,6,1,0
BRDA:275,6,2,0
BRDA:288,7,0,0
BRDA:288,7,1,0
BRDA:288,7,2,0
BRDA:288,7,3,0
BRDA:348,8,0,0
BRDA:348,8,1,0
BRDA:363,9,0,0
BRDA:363,10,0,0
BRDA:363,10,1,0
BRDA:368,11,0,0
BRDA:368,11,1,0
BRDA:379,12,0,0
BRDA:382,13,0,0
BRDA:382,13,1,0
BRDA:382,13,2,0
BRDA:398,14,0,0
BRDA:398,14,1,0
BRDA:400,15,0,0
BRDA:400,15,1,0
BRDA:401,16,0,0
BRDA:401,16,1,0
BRDA:404,17,0,0
BRDA:404,17,1,0
BRF:35
BRH:0
end_of_record
TN:
SF:infrastructure/repositories/local-cart-repository.ts
FN:29,(anonymous_3)
FN:34,(anonymous_4)
FN:39,(anonymous_5)
FN:44,(anonymous_6)
FN:49,(anonymous_7)
FN:54,(anonymous_8)
FN:59,(anonymous_9)
FN:64,(anonymous_10)
FN:69,(anonymous_11)
FN:71,(anonymous_12)
FN:73,(anonymous_13)
FN:82,(anonymous_14)
FN:84,(anonymous_15)
FN:92,(anonymous_16)
FN:96,(anonymous_17)
FN:97,(anonymous_18)
FN:98,(anonymous_19)
FN:99,(anonymous_20)
FN:102,(anonymous_21)
FN:103,(anonymous_22)
FN:106,(anonymous_23)
FN:109,(anonymous_24)
FN:126,(anonymous_25)
FN:136,(anonymous_26)
FN:143,(anonymous_27)
FN:150,(anonymous_28)
FN:156,(anonymous_29)
FN:162,(anonymous_30)
FN:174,(anonymous_31)
FN:175,(anonymous_32)
FN:186,(anonymous_33)
FN:191,(anonymous_34)
FN:202,(anonymous_35)
FN:206,(anonymous_36)
FN:234,(anonymous_37)
FN:252,(anonymous_38)
FN:270,(anonymous_39)
FN:279,(anonymous_40)
FN:303,(anonymous_41)
FN:321,(anonymous_42)
FN:326,(anonymous_43)
FN:331,(anonymous_44)
FN:336,(anonymous_45)
FN:341,(anonymous_46)
FN:346,(anonymous_47)
FN:351,(anonymous_48)
FN:356,(anonymous_49)
FN:358,(anonymous_50)
FN:360,(anonymous_51)
FN:369,(anonymous_52)
FN:371,(anonymous_53)
FN:376,(anonymous_54)
FN:381,(anonymous_55)
FN:382,(anonymous_56)
FN:383,(anonymous_57)
FN:384,(anonymous_58)
FN:391,(anonymous_59)
FNF:57
FNH:0
FNDA:0,(anonymous_3)
FNDA:0,(anonymous_4)
FNDA:0,(anonymous_5)
FNDA:0,(anonymous_6)
FNDA:0,(anonymous_7)
FNDA:0,(anonymous_8)
FNDA:0,(anonymous_9)
FNDA:0,(anonymous_10)
FNDA:0,(anonymous_11)
FNDA:0,(anonymous_12)
FNDA:0,(anonymous_13)
FNDA:0,(anonymous_14)
FNDA:0,(anonymous_15)
FNDA:0,(anonymous_16)
FNDA:0,(anonymous_17)
FNDA:0,(anonymous_18)
FNDA:0,(anonymous_19)
FNDA:0,(anonymous_20)
FNDA:0,(anonymous_21)
FNDA:0,(anonymous_22)
FNDA:0,(anonymous_23)
FNDA:0,(anonymous_24)
FNDA:0,(anonymous_25)
FNDA:0,(anonymous_26)
FNDA:0,(anonymous_27)
FNDA:0,(anonymous_28)
FNDA:0,(anonymous_29)
FNDA:0,(anonymous_30)
FNDA:0,(anonymous_31)
FNDA:0,(anonymous_32)
FNDA:0,(anonymous_33)
FNDA:0,(anonymous_34)
FNDA:0,(anonymous_35)
FNDA:0,(anonymous_36)
FNDA:0,(anonymous_37)
FNDA:0,(anonymous_38)
FNDA:0,(anonymous_39)
FNDA:0,(anonymous_40)
FNDA:0,(anonymous_41)
FNDA:0,(anonymous_42)
FNDA:0,(anonymous_43)
FNDA:0,(anonymous_44)
FNDA:0,(anonymous_45)
FNDA:0,(anonymous_46)
FNDA:0,(anonymous_47)
FNDA:0,(anonymous_48)
FNDA:0,(anonymous_49)
FNDA:0,(anonymous_50)
FNDA:0,(anonymous_51)
FNDA:0,(anonymous_52)
FNDA:0,(anonymous_53)
FNDA:0,(anonymous_54)
FNDA:0,(anonymous_55)
FNDA:0,(anonymous_56)
FNDA:0,(anonymous_57)
FNDA:0,(anonymous_58)
FNDA:0,(anonymous_59)
DA:12,0
DA:19,0
DA:25,0
DA:26,0
DA:30,0
DA:31,0
DA:35,0
DA:36,0
DA:40,0
DA:41,0
DA:45,0
DA:46,0
DA:50,0
DA:51,0
DA:55,0
DA:56,0
DA:60,0
DA:61,0
DA:65,0
DA:66,0
DA:70,0
DA:72,0
DA:73,0
DA:83,0
DA:84,0
DA:86,0
DA:87,0
DA:89,0
DA:93,0
DA:95,0
DA:96,0
DA:97,0
DA:98,0
DA:99,0
DA:101,0
DA:102,0
DA:103,0
DA:105,0
DA:106,0
DA:109,0
DA:110,0
DA:112,0
DA:114,0
DA:131,0
DA:132,0
DA:137,0
DA:138,0
DA:139,0
DA:144,0
DA:145,0
DA:146,0
DA:151,0
DA:152,0
DA:157,0
DA:158,0
DA:163,0
DA:165,0
DA:166,0
DA:167,0
DA:169,0
DA:170,0
DA:173,0
DA:174,0
DA:175,0
DA:178,0
DA:179,0
DA:182,0
DA:187,0
DA:189,0
DA:190,0
DA:191,0
DA:196,0
DA:198,0
DA:203,0
DA:211,0
DA:212,0
DA:216,0
DA:235,0
DA:236,0
DA:239,0
DA:240,0
DA:241,0
DA:242,0
DA:247,0
DA:248,0
DA:249,0
DA:250,0
DA:251,0
DA:252,0
DA:253,0
DA:256,0
DA:257,0
DA:258,0
DA:262,0
DA:266,0
DA:271,0
DA:273,0
DA:274,0
DA:280,0
DA:282,0
DA:283,0
DA:284,0
DA:285,0
DA:287,0
DA:291,0
DA:302,0
DA:307,0
DA:309,0
DA:312,0
DA:322,0
DA:323,0
DA:327,0
DA:328,0
DA:332,0
DA:333,0
DA:337,0
DA:338,0
DA:342,0
DA:343,0
DA:347,0
DA:348,0
DA:352,0
DA:353,0
DA:357,0
DA:359,0
DA:360,0
DA:370,0
DA:371,0
DA:372,0
DA:373,0
DA:377,0
DA:379,0
DA:381,0
DA:382,0
DA:383,0
DA:384,0
DA:396,0
DA:397,0
LF:138
LH:0
BRDA:72,0,0,0
BRDA:72,0,1,0
BRDA:105,1,0,0
BRDA:105,1,1,0
BRDA:110,2,0,0
BRDA:110,2,1,0
BRDA:112,3,0,0
BRDA:112,3,1,0
BRDA:163,4,0,0
BRDA:167,5,0,0
BRDA:187,6,0,0
BRDA:220,7,0,0
BRDA:220,7,1,0
BRDA:229,8,0,0
BRDA:229,8,1,0
BRDA:240,9,0,0
BRDA:247,10,0,0
BRDA:250,11,0,0
BRDA:256,12,0,0
BRDA:273,13,0,0
BRDA:282,14,0,0
BRDA:285,15,0,0
BRDA:285,15,1,0
BRDA:307,16,0,0
BRDA:307,16,1,0
BRDA:359,17,0,0
BRDA:359,17,1,0
BRF:27
BRH:0
end_of_record
TN:
SF:infrastructure/repositories/medusa-product-repository.ts
FN:41,(anonymous_3)
FN:47,(anonymous_4)
FN:68,(anonymous_5)
FN:81,(anonymous_6)
FN:98,(anonymous_7)
FN:106,(anonymous_8)
FN:113,(anonymous_9)
FN:115,(anonymous_10)
FN:122,(anonymous_11)
FN:129,(anonymous_12)
FN:132,(anonymous_13)
FN:135,(anonymous_14)
FN:143,(anonymous_15)
FN:150,(anonymous_16)
FN:160,(anonymous_17)
FN:167,(anonymous_18)
FN:176,(anonymous_19)
FN:183,(anonymous_20)
FN:186,(anonymous_21)
FN:187,(anonymous_22)
FN:192,(anonymous_23)
FN:207,(anonymous_24)
FN:215,(anonymous_25)
FN:219,(anonymous_26)
FN:222,(anonymous_27)
FN:224,(anonymous_28)
FN:231,(anonymous_29)
FN:238,(anonymous_30)
FN:245,(anonymous_31)
FN:247,(anonymous_32)
FN:250,(anonymous_33)
FN:256,(anonymous_34)
FN:263,(anonymous_35)
FN:264,(anonymous_36)
FN:267,(anonymous_37)
FN:272,(anonymous_38)
FN:273,(anonymous_39)
FN:276,(anonymous_40)
FN:281,(anonymous_41)
FN:297,(anonymous_42)
FN:301,(anonymous_43)
FN:304,(anonymous_44)
FN:309,(anonymous_45)
FN:333,(anonymous_46)
FN:337,(anonymous_47)
FN:366,(anonymous_48)
FN:374,(anonymous_49)
FN:381,(anonymous_50)
FN:386,(anonymous_51)
FN:392,(anonymous_52)
FN:402,(anonymous_53)
FN:407,(anonymous_54)
FN:412,(anonymous_55)
FN:424,(anonymous_56)
FN:469,(anonymous_57)
FN:496,(anonymous_58)
FN:501,(anonymous_59)
FN:522,(anonymous_60)
FN:535,(anonymous_61)
FN:552,(anonymous_62)
FN:560,(anonymous_63)
FN:569,(anonymous_64)
FN:577,(anonymous_65)
FN:586,(anonymous_66)
FN:599,(anonymous_67)
FN:615,(anonymous_68)
FN:622,(anonymous_69)
FN:630,(anonymous_70)
FN:639,(anonymous_71)
FN:652,(anonymous_72)
FN:657,(anonymous_73)
FN:658,(anonymous_74)
FN:661,(anonymous_75)
FN:665,(anonymous_76)
FN:666,(anonymous_77)
FN:669,(anonymous_78)
FN:674,(anonymous_79)
FN:690,(anonymous_80)
FN:692,(anonymous_81)
FN:695,(anonymous_82)
FN:700,(anonymous_83)
FN:724,(anonymous_84)
FN:729,(anonymous_85)
FN:758,(anonymous_86)
FN:766,(anonymous_87)
FN:775,(anonymous_88)
FN:780,(anonymous_89)
FN:786,(anonymous_90)
FN:796,(anonymous_91)
FNF:89
FNH:0
FNDA:0,(anonymous_3)
FNDA:0,(anonymous_4)
FNDA:0,(anonymous_5)
FNDA:0,(anonymous_6)
FNDA:0,(anonymous_7)
FNDA:0,(anonymous_8)
FNDA:0,(anonymous_9)
FNDA:0,(anonymous_10)
FNDA:0,(anonymous_11)
FNDA:0,(anonymous_12)
FNDA:0,(anonymous_13)
FNDA:0,(anonymous_14)
FNDA:0,(anonymous_15)
FNDA:0,(anonymous_16)
FNDA:0,(anonymous_17)
FNDA:0,(anonymous_18)
FNDA:0,(anonymous_19)
FNDA:0,(anonymous_20)
FNDA:0,(anonymous_21)
FNDA:0,(anonymous_22)
FNDA:0,(anonymous_23)
FNDA:0,(anonymous_24)
FNDA:0,(anonymous_25)
FNDA:0,(anonymous_26)
FNDA:0,(anonymous_27)
FNDA:0,(anonymous_28)
FNDA:0,(anonymous_29)
FNDA:0,(anonymous_30)
FNDA:0,(anonymous_31)
FNDA:0,(anonymous_32)
FNDA:0,(anonymous_33)
FNDA:0,(anonymous_34)
FNDA:0,(anonymous_35)
FNDA:0,(anonymous_36)
FNDA:0,(anonymous_37)
FNDA:0,(anonymous_38)
FNDA:0,(anonymous_39)
FNDA:0,(anonymous_40)
FNDA:0,(anonymous_41)
FNDA:0,(anonymous_42)
FNDA:0,(anonymous_43)
FNDA:0,(anonymous_44)
FNDA:0,(anonymous_45)
FNDA:0,(anonymous_46)
FNDA:0,(anonymous_47)
FNDA:0,(anonymous_48)
FNDA:0,(anonymous_49)
FNDA:0,(anonymous_50)
FNDA:0,(anonymous_51)
FNDA:0,(anonymous_52)
FNDA:0,(anonymous_53)
FNDA:0,(anonymous_54)
FNDA:0,(anonymous_55)
FNDA:0,(anonymous_56)
FNDA:0,(anonymous_57)
FNDA:0,(anonymous_58)
FNDA:0,(anonymous_59)
FNDA:0,(anonymous_60)
FNDA:0,(anonymous_61)
FNDA:0,(anonymous_62)
FNDA:0,(anonymous_63)
FNDA:0,(anonymous_64)
FNDA:0,(anonymous_65)
FNDA:0,(anonymous_66)
FNDA:0,(anonymous_67)
FNDA:0,(anonymous_68)
FNDA:0,(anonymous_69)
FNDA:0,(anonymous_70)
FNDA:0,(anonymous_71)
FNDA:0,(anonymous_72)
FNDA:0,(anonymous_73)
FNDA:0,(anonymous_74)
FNDA:0,(anonymous_75)
FNDA:0,(anonymous_76)
FNDA:0,(anonymous_77)
FNDA:0,(anonymous_78)
FNDA:0,(anonymous_79)
FNDA:0,(anonymous_80)
FNDA:0,(anonymous_81)
FNDA:0,(anonymous_82)
FNDA:0,(anonymous_83)
FNDA:0,(anonymous_84)
FNDA:0,(anonymous_85)
FNDA:0,(anonymous_86)
FNDA:0,(anonymous_87)
FNDA:0,(anonymous_88)
FNDA:0,(anonymous_89)
FNDA:0,(anonymous_90)
FNDA:0,(anonymous_91)
DA:18,0
DA:28,0
DA:35,0
DA:36,0
DA:42,0
DA:43,0
DA:44,0
DA:48,0
DA:50,0
DA:51,0
DA:53,0
DA:54,0
DA:56,0
DA:57,0
DA:59,0
DA:60,0
DA:61,0
DA:63,0
DA:64,0
DA:69,0
DA:71,0
DA:72,0
DA:73,0
DA:74,0
DA:78,0
DA:82,0
DA:83,0
DA:86,0
DA:88,0
DA:89,0
DA:91,0
DA:93,0
DA:94,0
DA:99,0
DA:100,0
DA:103,0
DA:105,0
DA:106,0
DA:108,0
DA:109,0
DA:114,0
DA:115,0
DA:116,0
DA:119,0
DA:121,0
DA:122,0
DA:124,0
DA:125,0
DA:131,0
DA:132,0
DA:136,0
DA:137,0
DA:140,0
DA:142,0
DA:143,0
DA:145,0
DA:146,0
DA:153,0
DA:154,0
DA:157,0
DA:159,0
DA:160,0
DA:162,0
DA:163,0
DA:169,0
DA:170,0
DA:173,0
DA:175,0
DA:176,0
DA:178,0
DA:179,0
DA:185,0
DA:186,0
DA:187,0
DA:189,0
DA:193,0
DA:195,0
DA:196,0
DA:198,0
DA:202,0
DA:203,0
DA:206,0
DA:207,0
DA:210,0
DA:211,0
DA:218,0
DA:219,0
DA:223,0
DA:224,0
DA:225,0
DA:228,0
DA:230,0
DA:231,0
DA:233,0
DA:234,0
DA:239,0
DA:240,0
DA:241,0
DA:242,0
DA:246,0
DA:247,0
DA:252,0
DA:259,0
DA:260,0
DA:264,0
DA:269,0
DA:273,0
DA:277,0
DA:278,0
DA:282,0
DA:283,0
DA:286,0
DA:288,0
DA:289,0
DA:291,0
DA:292,0
DA:300,0
DA:301,0
DA:305,0
DA:306,0
DA:314,0
DA:315,0
DA:316,0
DA:320,0
DA:321,0
DA:332,0
DA:333,0
DA:336,0
DA:337,0
DA:340,0
DA:341,0
DA:343,0
DA:353,0
DA:354,0
DA:367,0
DA:368,0
DA:371,0
DA:373,0
DA:374,0
DA:376,0
DA:377,0
DA:382,0
DA:383,0
DA:387,0
DA:388,0
DA:393,0
DA:394,0
DA:404,0
DA:407,0
DA:408,0
DA:412,0
DA:413,0
DA:417,0
DA:424,0
DA:437,0
DA:438,0
DA:439,0
DA:443,0
DA:444,0
DA:448,0
DA:449,0
DA:450,0
DA:456,0
DA:459,0
DA:470,0
DA:471,0
DA:480,0
DA:484,0
DA:491,0
DA:492,0
DA:497,0
DA:498,0
DA:502,0
DA:504,0
DA:505,0
DA:507,0
DA:508,0
DA:510,0
DA:511,0
DA:513,0
DA:514,0
DA:515,0
DA:517,0
DA:518,0
DA:523,0
DA:525,0
DA:526,0
DA:527,0
DA:528,0
DA:532,0
DA:536,0
DA:537,0
DA:540,0
DA:542,0
DA:543,0
DA:545,0
DA:547,0
DA:548,0
DA:553,0
DA:554,0
DA:557,0
DA:559,0
DA:560,0
DA:561,0
DA:564,0
DA:565,0
DA:570,0
DA:571,0
DA:574,0
DA:576,0
DA:577,0
DA:578,0
DA:581,0
DA:582,0
DA:587,0
DA:588,0
DA:590,0
DA:591,0
DA:592,0
DA:593,0
DA:596,0
DA:600,0
DA:601,0
DA:603,0
DA:604,0
DA:605,0
DA:606,0
DA:608,0
DA:612,0
DA:616,0
DA:617,0
DA:618,0
DA:619,0
DA:623,0
DA:624,0
DA:627,0
DA:629,0
DA:630,0
DA:631,0
DA:634,0
DA:635,0
DA:642,0
DA:643,0
DA:644,0
DA:645,0
DA:646,0
DA:653,0
DA:654,0
DA:658,0
DA:662,0
DA:666,0
DA:670,0
DA:671,0
DA:675,0
DA:676,0
DA:679,0
DA:681,0
DA:682,0
DA:684,0
DA:685,0
DA:691,0
DA:692,0
DA:696,0
DA:697,0
DA:705,0
DA:706,0
DA:707,0
DA:711,0
DA:712,0
DA:723,0
DA:724,0
DA:725,0
DA:728,0
DA:729,0
DA:732,0
DA:733,0
DA:735,0
DA:745,0
DA:746,0
DA:759,0
DA:760,0
DA:763,0
DA:765,0
DA:766,0
DA:767,0
DA:770,0
DA:771,0
DA:776,0
DA:777,0
DA:781,0
DA:782,0
DA:787,0
DA:788,0
DA:797,0
DA:798,0
DA:802,0
LF:296
LH:0
BRDA:42,0,0,0
BRDA:42,0,1,0
BRDA:43,1,0,0
BRDA:43,1,1,0
BRDA:44,2,0,0
BRDA:44,2,1,0
BRDA:51,3,0,0
BRDA:54,4,0,0
BRDA:57,5,0,0
BRDA:73,6,0,0
BRDA:86,7,0,0
BRDA:89,8,0,0
BRDA:89,9,0,0
BRDA:89,9,1,0
BRDA:98,10,0,0
BRDA:103,11,0,0
BRDA:106,12,0,0
BRDA:106,12,1,0
BRDA:119,13,0,0
BRDA:122,14,0,0
BRDA:122,14,1,0
BRDA:135,15,0,0
BRDA:140,16,0,0
BRDA:143,17,0,0
BRDA:143,17,1,0
BRDA:150,18,0,0
BRDA:157,19,0,0
BRDA:160,20,0,0
BRDA:160,20,1,0
BRDA:167,21,0,0
BRDA:173,22,0,0
BRDA:176,23,0,0
BRDA:176,23,1,0
BRDA:183,24,0,0
BRDA:192,25,0,0
BRDA:196,26,0,0
BRDA:196,27,0,0
BRDA:196,27,1,0
BRDA:228,28,0,0
BRDA:231,29,0,0
BRDA:231,29,1,0
BRDA:240,30,0,0
BRDA:241,31,0,0
BRDA:241,32,0,0
BRDA:241,32,1,0
BRDA:245,33,0,0
BRDA:250,34,0,0
BRDA:286,35,0,0
BRDA:289,36,0,0
BRDA:289,36,1,0
BRDA:306,37,0,0
BRDA:306,37,1,0
BRDA:311,38,0,0
BRDA:312,39,0,0
BRDA:320,40,0,0
BRDA:333,41,0,0
BRDA:333,41,1,0
BRDA:336,42,0,0
BRDA:340,43,0,0
BRDA:340,43,1,0
BRDA:371,44,0,0
BRDA:374,45,0,0
BRDA:374,45,1,0
BRDA:407,46,0,0
BRDA:407,46,1,0
BRDA:412,47,0,0
BRDA:412,47,1,0
BRDA:421,48,0,0
BRDA:421,48,1,0
BRDA:424,49,0,0
BRDA:424,49,1,0
BRDA:429,50,0,0
BRDA:429,50,1,0
BRDA:437,51,0,0
BRDA:443,52,0,0
BRDA:443,52,1,0
BRDA:448,53,0,0
BRDA:448,53,1,0
BRDA:448,54,0,0
BRDA:448,54,1,0
BRDA:463,55,0,0
BRDA:463,55,1,0
BRDA:466,56,0,0
BRDA:466,56,1,0
BRDA:468,57,0,0
BRDA:468,57,1,0
BRDA:469,58,0,0
BRDA:469,58,1,0
BRDA:497,59,0,0
BRDA:497,59,1,0
BRDA:498,60,0,0
BRDA:498,60,1,0
BRDA:505,61,0,0
BRDA:508,62,0,0
BRDA:511,63,0,0
BRDA:527,64,0,0
BRDA:540,65,0,0
BRDA:543,66,0,0
BRDA:543,67,0,0
BRDA:543,67,1,0
BRDA:557,68,0,0
BRDA:560,69,0,0
BRDA:560,69,1,0
BRDA:574,70,0,0
BRDA:577,71,0,0
BRDA:577,71,1,0
BRDA:605,72,0,0
BRDA:605,72,1,0
BRDA:617,73,0,0
BRDA:618,74,0,0
BRDA:618,75,0,0
BRDA:618,75,1,0
BRDA:627,76,0,0
BRDA:630,77,0,0
BRDA:630,77,1,0
BRDA:644,78,0,0
BRDA:679,79,0,0
BRDA:682,80,0,0
BRDA:682,80,1,0
BRDA:697,81,0,0
BRDA:697,81,1,0
BRDA:702,82,0,0
BRDA:703,83,0,0
BRDA:711,84,0,0
BRDA:724,85,0,0
BRDA:724,85,1,0
BRDA:728,86,0,0
BRDA:732,87,0,0
BRDA:732,87,1,0
BRDA:763,88,0,0
BRDA:766,89,0,0
BRDA:766,89,1,0
BRDA:798,90,0,0
BRDA:798,90,1,0
BRDA:806,91,0,0
BRDA:806,91,1,0
BRDA:807,92,0,0
BRDA:807,92,1,0
BRDA:810,93,0,0
BRDA:810,93,1,0
BRDA:814,94,0,0
BRDA:814,94,1,0
BRDA:815,95,0,0
BRDA:815,95,1,0
BRDA:816,96,0,0
BRDA:816,96,1,0
BRF:146
BRH:0
end_of_record
TN:
SF:lib/accessibility-config.ts
FN:131,getContrastRatio
FN:137,meetsWCAGAA
FN:143,meetsWCAGAAA
FNF:3
FNH:0
FNDA:0,getContrastRatio
FNDA:0,meetsWCAGAA
FNDA:0,meetsWCAGAAA
DA:6,0
DA:131,0
DA:133,0
DA:137,0
DA:138,0
DA:139,0
DA:143,0
DA:144,0
DA:145,0
DA:149,0
LF:10
LH:0
BRDA:137,0,0,0
BRDA:139,1,0,0
BRDA:139,1,1,0
BRDA:143,2,0,0
BRDA:145,3,0,0
BRDA:145,3,1,0
BRF:6
BRH:0
end_of_record
TN:
SF:lib/api-security.ts
FN:92,(anonymous_5)
FN:144,(anonymous_6)
FN:193,(anonymous_7)
FN:218,(anonymous_8)
FN:219,(anonymous_9)
FN:225,(anonymous_10)
FN:226,(anonymous_11)
FN:232,(anonymous_12)
FN:241,(anonymous_13)
FN:266,(anonymous_14)
FN:290,withAPISecurity
FN:300,(anonymous_16)
FNF:12
FNH:0
FNDA:0,(anonymous_5)
FNDA:0,(anonymous_6)
FNDA:0,(anonymous_7)
FNDA:0,(anonymous_8)
FNDA:0,(anonymous_9)
FNDA:0,(anonymous_10)
FNDA:0,(anonymous_11)
FNDA:0,(anonymous_12)
FNDA:0,(anonymous_13)
FNDA:0,(anonymous_14)
FNDA:0,withAPISecurity
FNDA:0,(anonymous_16)
DA:8,0
DA:9,0
DA:10,0
DA:11,0
DA:15,0
DA:90,0
DA:97,0
DA:98,0
DA:100,0
DA:102,0
DA:103,0
DA:109,0
DA:110,0
DA:111,0
DA:113,0
DA:114,0
DA:117,0
DA:121,0
DA:122,0
DA:124,0
DA:125,0
DA:129,0
DA:135,0
DA:149,0
DA:150,0
DA:152,0
DA:155,0
DA:156,0
DA:158,0
DA:159,0
DA:160,0
DA:163,0
DA:166,0
DA:167,0
DA:168,0
DA:169,0
DA:171,0
DA:173,0
DA:174,0
DA:177,0
DA:178,0
DA:181,0
DA:182,0
DA:185,0
DA:189,0
DA:197,0
DA:199,0
DA:201,0
DA:202,0
DA:204,0
DA:205,0
DA:206,0
DA:209,0
DA:210,0
DA:214,0
DA:219,0
DA:220,0
DA:226,0
DA:227,0
DA:233,0
DA:237,0
DA:247,0
DA:256,0
DA:259,0
DA:260,0
DA:262,0
DA:271,0
DA:279,0
DA:282,0
DA:283,0
DA:285,0
DA:290,0
DA:300,0
DA:301,0
DA:303,0
DA:304,0
DA:312,0
DA:313,0
DA:321,0
DA:322,0
DA:323,0
DA:324,0
DA:325,0
DA:332,0
DA:341,0
DA:342,0
DA:343,0
DA:344,0
DA:345,0
DA:352,0
DA:361,0
DA:362,0
DA:364,0
DA:365,0
DA:375,0
DA:376,0
DA:380,0
DA:381,0
DA:389,0
DA:392,0
DA:394,0
DA:405,0
LF:102
LH:0
BRDA:24,0,0,0
BRDA:24,0,1,0
BRDA:103,1,0,0
BRDA:109,2,0,0
BRDA:113,3,0,0
BRDA:121,4,0,0
BRDA:124,5,0,0
BRDA:152,6,0,0
BRDA:158,7,0,0
BRDA:158,8,0,0
BRDA:158,8,1,0
BRDA:163,9,0,0
BRDA:166,10,0,0
BRDA:166,10,1,0
BRDA:168,11,0,0
BRDA:168,11,1,0
BRDA:173,12,0,0
BRDA:173,12,1,0
BRDA:177,13,0,0
BRDA:177,14,0,0
BRDA:177,14,1,0
BRDA:181,15,0,0
BRDA:181,16,0,0
BRDA:181,16,1,0
BRDA:199,17,0,0
BRDA:204,18,0,0
BRDA:204,19,0,0
BRDA:204,19,1,0
BRDA:209,20,0,0
BRDA:209,21,0,0
BRDA:209,21,1,0
BRDA:209,21,2,0
BRDA:252,22,0,0
BRDA:252,22,1,0
BRDA:252,22,2,0
BRDA:274,23,0,0
BRDA:274,23,1,0
BRDA:275,24,0,0
BRDA:275,24,1,0
BRDA:292,25,0,0
BRDA:303,26,0,0
BRDA:303,27,0,0
BRDA:303,27,1,0
BRDA:312,28,0,0
BRDA:321,29,0,0
BRDA:321,30,0,0
BRDA:321,30,1,0
BRDA:324,31,0,0
BRDA:341,32,0,0
BRDA:341,33,0,0
BRDA:341,33,1,0
BRDA:344,34,0,0
BRDA:361,35,0,0
BRDA:364,36,0,0
BRDA:375,37,0,0
BRDA:375,37,1,0
BRDA:376,38,0,0
BRDA:376,38,1,0
BRDA:380,39,0,0
BRDA:398,40,0,0
BRDA:398,40,1,0
BRF:61
BRH:0
end_of_record
TN:
SF:lib/auth-store.ts
FN:94,(anonymous_1)
FN:95,(anonymous_2)
FN:96,(anonymous_3)
FNF:3
FNH:0
FNDA:0,(anonymous_1)
FNDA:0,(anonymous_2)
FNDA:0,(anonymous_3)
DA:1,0
DA:94,0
DA:95,0
DA:96,0
DA:98,0
LF:5
LH:0
BRF:0
BRH:0
end_of_record
TN:
SF:lib/bundle-analyzer.ts
FNF:0
FNH:0
DA:6,0
DA:10,0
LF:2
LH:0
BRF:0
BRH:0
end_of_record
TN:
SF:lib/cart-store.ts
FN:40,(anonymous_1)
FN:41,(anonymous_2)
FN:42,(anonymous_3)
FNF:3
FNH:0
FNDA:0,(anonymous_1)
FNDA:0,(anonymous_2)
FNDA:0,(anonymous_3)
DA:1,0
DA:40,0
DA:41,0
DA:42,0
DA:44,0
LF:5
LH:0
BRF:0
BRH:0
end_of_record
TN:
SF:lib/cdn-externals.ts
FN:24,(anonymous_6)
FN:31,(anonymous_7)
FN:34,(anonymous_8)
FNF:3
FNH:0
FNDA:0,(anonymous_6)
FNDA:0,(anonymous_7)
FNDA:0,(anonymous_8)
DA:7,0
DA:17,0
DA:24,0
DA:31,0
DA:34,0
DA:35,0
DA:37,0
DA:38,0
DA:39,0
DA:44,0
LF:10
LH:0
BRDA:35,0,0,0
BRDA:35,1,0,0
BRDA:35,1,1,0
BRDA:38,2,0,0
BRDA:38,3,0,0
BRDA:38,3,1,0
BRF:6
BRH:0
end_of_record
TN:
SF:lib/clerk-mock.ts
FN:2,(anonymous_9)
FN:8,(anonymous_10)
FN:9,(anonymous_11)
FN:10,(anonymous_12)
FN:11,(anonymous_13)
FN:12,(anonymous_14)
FN:15,(anonymous_15)
FN:16,(anonymous_16)
FN:17,(anonymous_17)
FN:18,(anonymous_18)
FN:19,(anonymous_19)
FNF:11
FNH:0
FNDA:0,(anonymous_9)
FNDA:0,(anonymous_10)
FNDA:0,(anonymous_11)
FNDA:0,(anonymous_12)
FNDA:0,(anonymous_13)
FNDA:0,(anonymous_14)
FNDA:0,(anonymous_15)
FNDA:0,(anonymous_16)
FNDA:0,(anonymous_17)
FNDA:0,(anonymous_18)
FNDA:0,(anonymous_19)
DA:2,0
DA:8,0
DA:9,0
DA:15,0
DA:16,0
DA:17,0
DA:18,0
DA:19,0
DA:21,0
LF:9
LH:0
BRF:0
BRH:0
end_of_record
TN:
SF:lib/csrf-protection.ts
FN:9,generateCSRFToken
FN:14,validateCSRF
FN:56,(anonymous_10)
FN:61,(anonymous_11)
FN:73,(anonymous_12)
FN:110,(anonymous_13)
FN:116,(anonymous_14)
FN:119,(anonymous_15)
FN:128,(anonymous_16)
FN:153,(anonymous_17)
FNF:10
FNH:0
FNDA:0,generateCSRFToken
FNDA:0,validateCSRF
FNDA:0,(anonymous_10)
FNDA:0,(anonymous_11)
FNDA:0,(anonymous_12)
FNDA:0,(anonymous_13)
FNDA:0,(anonymous_14)
FNDA:0,(anonymous_15)
FNDA:0,(anonymous_16)
FNDA:0,(anonymous_17)
DA:2,0
DA:4,0
DA:5,0
DA:6,0
DA:9,0
DA:10,0
DA:14,0
DA:16,0
DA:17,0
DA:21,0
DA:22,0
DA:26,0
DA:27,0
DA:28,0
DA:32,0
DA:33,0
DA:34,0
DA:38,0
DA:43,0
DA:46,0
DA:49,0
DA:53,0
DA:57,0
DA:62,0
DA:63,0
DA:64,0
DA:69,0
DA:74,0
DA:75,0
DA:76,0
DA:78,0
DA:81,0
DA:84,0
DA:85,0
DA:88,0
DA:89,0
DA:94,0
DA:100,0
DA:106,0
DA:112,0
DA:113,0
DA:116,0
DA:120,0
DA:121,0
DA:125,0
DA:129,0
DA:131,0
DA:134,0
DA:135,0
DA:136,0
DA:140,0
DA:146,0
DA:147,0
DA:150,0
DA:154,0
DA:155,0
DA:156,0
DA:157,0
DA:164,0
DA:165,0
LF:60
LH:0
BRDA:16,0,0,0
BRDA:21,1,0,0
BRDA:27,2,0,0
BRDA:33,3,0,0
BRDA:43,4,0,0
BRDA:57,5,0,0
BRDA:57,5,1,0
BRDA:57,5,2,0
BRDA:73,6,0,0
BRDA:76,7,0,0
BRDA:81,8,0,0
BRDA:85,9,0,0
BRDA:110,10,0,0
BRDA:131,11,0,0
BRDA:134,12,0,0
BRDA:146,13,0,0
BRDA:156,14,0,0
BRF:17
BRH:0
end_of_record
TN:
SF:lib/data-service.ts
FN:81,(anonymous_12)
FN:83,(anonymous_13)
FN:94,(anonymous_14)
FN:116,(anonymous_15)
FN:175,(anonymous_16)
FN:208,(anonymous_17)
FN:214,(anonymous_18)
FN:217,(anonymous_19)
FN:253,(anonymous_20)
FN:274,(anonymous_21)
FN:286,(anonymous_22)
FN:301,(anonymous_23)
FN:318,(anonymous_24)
FN:335,(anonymous_25)
FN:344,(anonymous_26)
FN:347,(anonymous_27)
FN:370,(anonymous_28)
FN:387,(anonymous_29)
FN:410,(anonymous_30)
FN:428,(anonymous_31)
FN:431,(anonymous_32)
FN:456,(anonymous_33)
FN:482,(anonymous_34)
FN:490,(anonymous_35)
FN:494,(anonymous_36)
FN:504,(anonymous_37)
FN:505,(anonymous_38)
FN:506,(anonymous_39)
FN:509,(anonymous_40)
FN:510,(anonymous_41)
FNF:30
FNH:0
FNDA:0,(anonymous_12)
FNDA:0,(anonymous_13)
FNDA:0,(anonymous_14)
FNDA:0,(anonymous_15)
FNDA:0,(anonymous_16)
FNDA:0,(anonymous_17)
FNDA:0,(anonymous_18)
FNDA:0,(anonymous_19)
FNDA:0,(anonymous_20)
FNDA:0,(anonymous_21)
FNDA:0,(anonymous_22)
FNDA:0,(anonymous_23)
FNDA:0,(anonymous_24)
FNDA:0,(anonymous_25)
FNDA:0,(anonymous_26)
FNDA:0,(anonymous_27)
FNDA:0,(anonymous_28)
FNDA:0,(anonymous_29)
FNDA:0,(anonymous_30)
FNDA:0,(anonymous_31)
FNDA:0,(anonymous_32)
FNDA:0,(anonymous_33)
FNDA:0,(anonymous_34)
FNDA:0,(anonymous_35)
FNDA:0,(anonymous_36)
FNDA:0,(anonymous_37)
FNDA:0,(anonymous_38)
FNDA:0,(anonymous_39)
FNDA:0,(anonymous_40)
FNDA:0,(anonymous_41)
DA:6,0
DA:8,0
DA:9,0
DA:10,0
DA:75,0
DA:77,0
DA:84,0
DA:85,0
DA:87,0
DA:95,0
DA:96,0
DA:97,0
DA:100,0
DA:101,0
DA:105,0
DA:106,0
DA:108,0
DA:109,0
DA:110,0
DA:112,0
DA:117,0
DA:119,0
DA:120,0
DA:122,0
DA:123,0
DA:129,0
DA:141,0
DA:142,0
DA:146,0
DA:147,0
DA:152,0
DA:154,0
DA:161,0
DA:162,0
DA:165,0
DA:168,0
DA:185,0
DA:186,0
DA:187,0
DA:189,0
DA:191,0
DA:196,0
DA:197,0
DA:200,0
DA:201,0
DA:205,0
DA:208,0
DA:209,0
DA:211,0
DA:213,0
DA:214,0
DA:217,0
DA:218,0
DA:221,0
DA:230,0
DA:231,0
DA:232,0
DA:236,0
DA:237,0
DA:238,0
DA:240,0
DA:241,0
DA:242,0
DA:245,0
DA:246,0
DA:247,0
DA:249,0
DA:253,0
DA:254,0
DA:260,0
DA:266,0
DA:277,0
DA:278,0
DA:279,0
DA:281,0
DA:283,0
DA:285,0
DA:286,0
DA:292,0
DA:293,0
DA:297,0
DA:299,0
DA:301,0
DA:307,0
DA:308,0
DA:311,0
DA:322,0
DA:323,0
DA:324,0
DA:326,0
DA:328,0
DA:333,0
DA:334,0
DA:335,0
DA:337,0
DA:339,0
DA:343,0
DA:344,0
DA:347,0
DA:348,0
DA:351,0
DA:360,0
DA:361,0
DA:365,0
DA:366,0
DA:370,0
DA:371,0
DA:376,0
DA:377,0
DA:380,0
DA:392,0
DA:396,0
DA:397,0
DA:398,0
DA:400,0
DA:403,0
DA:407,0
DA:410,0
DA:411,0
DA:413,0
DA:414,0
DA:416,0
DA:417,0
DA:418,0
DA:420,0
DA:421,0
DA:427,0
DA:428,0
DA:431,0
DA:432,0
DA:435,0
DA:444,0
DA:445,0
DA:446,0
DA:450,0
DA:451,0
DA:453,0
DA:455,0
DA:456,0
DA:457,0
DA:463,0
DA:472,0
DA:483,0
DA:484,0
DA:485,0
DA:487,0
DA:491,0
DA:495,0
DA:496,0
DA:501,0
DA:504,0
DA:505,0
DA:506,0
DA:508,0
DA:509,0
DA:510,0
DA:511,0
DA:514,0
DA:516,0
DA:517,0
DA:518,0
LF:161
LH:0
BRDA:84,0,0,0
BRDA:97,1,0,0
BRDA:100,2,0,0
BRDA:120,3,0,0
BRDA:131,4,0,0
BRDA:131,4,1,0
BRDA:152,5,0,0
BRDA:176,6,0,0
BRDA:187,7,0,0
BRDA:192,8,0,0
BRDA:192,8,1,0
BRDA:193,9,0,0
BRDA:193,9,1,0
BRDA:196,10,0,0
BRDA:200,11,0,0
BRDA:211,12,0,0
BRDA:211,12,1,0
BRDA:218,13,0,0
BRDA:218,13,1,0
BRDA:219,14,0,0
BRDA:219,14,1,0
BRDA:240,15,0,0
BRDA:245,16,0,0
BRDA:245,16,1,0
BRDA:246,17,0,0
BRDA:246,17,1,0
BRDA:279,18,0,0
BRDA:285,19,0,0
BRDA:290,20,0,0
BRDA:290,20,1,0
BRDA:320,21,0,0
BRDA:324,22,0,0
BRDA:333,23,0,0
BRDA:339,24,0,0
BRDA:339,24,1,0
BRDA:348,25,0,0
BRDA:348,25,1,0
BRDA:349,26,0,0
BRDA:349,26,1,0
BRDA:392,27,0,0
BRDA:392,27,1,0
BRDA:398,28,0,0
BRDA:414,29,0,0
BRDA:414,29,1,0
BRDA:418,30,0,0
BRDA:418,31,0,0
BRDA:418,31,1,0
BRDA:418,31,2,0
BRDA:432,32,0,0
BRDA:432,32,1,0
BRDA:433,33,0,0
BRDA:433,33,1,0
BRDA:436,34,0,0
BRDA:436,34,1,0
BRDA:437,35,0,0
BRDA:437,35,1,0
BRDA:438,36,0,0
BRDA:438,36,1,0
BRDA:439,37,0,0
BRDA:439,37,1,0
BRDA:440,38,0,0
BRDA:440,38,1,0
BRDA:450,39,0,0
BRDA:450,40,0,0
BRDA:450,40,1,0
BRDA:450,40,2,0
BRDA:458,41,0,0
BRDA:458,41,1,0
BRDA:459,42,0,0
BRDA:459,42,1,0
BRDA:484,43,0,0
BRDA:484,44,0,0
BRDA:484,44,1,0
BRF:73
BRH:0
end_of_record
TN:
SF:lib/design-tokens.ts
FN:205,generateCSSVariables
FN:209,(anonymous_20)
FN:213,(anonymous_21)
FN:217,(anonymous_22)
FN:222,(anonymous_23)
FN:231,(anonymous_24)
FN:235,(anonymous_25)
FN:240,(anonymous_26)
FN:245,(anonymous_27)
FN:250,(anonymous_28)
FN:254,(anonymous_29)
FN:259,(anonymous_30)
FN:291,getSpacing
FN:298,getColor
FN:317,getTypography
FN:324,responsiveFontSize
FN:331,spacingVar
FN:339,colorVar
FNF:18
FNH:0
FNDA:0,generateCSSVariables
FNDA:0,(anonymous_20)
FNDA:0,(anonymous_21)
FNDA:0,(anonymous_22)
FNDA:0,(anonymous_23)
FNDA:0,(anonymous_24)
FNDA:0,(anonymous_25)
FNDA:0,(anonymous_26)
FNDA:0,(anonymous_27)
FNDA:0,(anonymous_28)
FNDA:0,(anonymous_29)
FNDA:0,(anonymous_30)
FNDA:0,getSpacing
FNDA:0,getColor
FNDA:0,getTypography
FNDA:0,responsiveFontSize
FNDA:0,spacingVar
FNDA:0,colorVar
DA:10,0
DA:66,0
DA:98,0
DA:131,0
DA:141,0
DA:154,0
DA:176,0
DA:192,0
DA:205,0
DA:206,0
DA:209,0
DA:210,0
DA:213,0
DA:214,0
DA:217,0
DA:218,0
DA:222,0
DA:223,0
DA:224,0
DA:228,0
DA:229,0
DA:231,0
DA:232,0
DA:235,0
DA:236,0
DA:240,0
DA:241,0
DA:245,0
DA:246,0
DA:250,0
DA:251,0
DA:254,0
DA:255,0
DA:259,0
DA:260,0
DA:263,0
DA:291,0
DA:292,0
DA:298,0
DA:299,0
DA:300,0
DA:302,0
DA:303,0
DA:304,0
DA:306,0
DA:307,0
DA:311,0
DA:317,0
DA:318,0
DA:324,0
DA:325,0
DA:331,0
DA:332,0
DA:333,0
DA:339,0
DA:340,0
DA:347,0
DA:367,0
DA:418,0
LF:59
LH:0
BRDA:303,0,0,0
BRDA:303,0,1,0
BRDA:311,1,0,0
BRDA:311,1,1,0
BRDA:318,2,0,0
BRDA:318,2,1,0
BRF:6
BRH:0
end_of_record
TN:
SF:lib/dynamic-imports.tsx
FN:14,(anonymous_11)
FN:14,(anonymous_12)
FN:14,(anonymous_13)
FN:22,(anonymous_16)
FN:22,(anonymous_17)
FN:22,(anonymous_18)
FN:30,(anonymous_21)
FN:30,(anonymous_22)
FN:30,(anonymous_23)
FN:43,(anonymous_26)
FN:43,(anonymous_27)
FN:43,(anonymous_28)
FN:63,(anonymous_31)
FN:63,(anonymous_32)
FN:63,(anonymous_33)
FN:72,(anonymous_36)
FN:72,(anonymous_37)
FN:72,(anonymous_38)
FNF:18
FNH:0
FNDA:0,(anonymous_11)
FNDA:0,(anonymous_12)
FNDA:0,(anonymous_13)
FNDA:0,(anonymous_16)
FNDA:0,(anonymous_17)
FNDA:0,(anonymous_18)
FNDA:0,(anonymous_21)
FNDA:0,(anonymous_22)
FNDA:0,(anonymous_23)
FNDA:0,(anonymous_26)
FNDA:0,(anonymous_27)
FNDA:0,(anonymous_28)
FNDA:0,(anonymous_31)
FNDA:0,(anonymous_32)
FNDA:0,(anonymous_33)
FNDA:0,(anonymous_36)
FNDA:0,(anonymous_37)
FNDA:0,(anonymous_38)
DA:6,0
DA:13,0
DA:14,0
DA:21,0
DA:22,0
DA:29,0
DA:30,0
DA:42,0
DA:43,0
DA:62,0
DA:63,0
DA:71,0
DA:72,0
LF:13
LH:0
BRF:0
BRH:0
end_of_record
TN:
SF:lib/error-handling.ts
FN:4,(anonymous_18)
FN:17,(anonymous_19)
FN:24,(anonymous_20)
FN:31,(anonymous_21)
FN:38,(anonymous_22)
FN:45,(anonymous_23)
FN:52,(anonymous_24)
FN:59,(anonymous_25)
FN:69,errorHandler
FN:135,asyncHandler
FN:138,(anonymous_28)
FN:152,handleClientError
FN:169,logError
FN:197,retry
FN:210,(anonymous_32)
FN:226,(anonymous_33)
FN:234,formatValidationErrors
FN:238,(anonymous_35)
FN:245,safeJsonParse
FN:255,isNetworkError
FNF:20
FNH:0
FNDA:0,(anonymous_18)
FNDA:0,(anonymous_19)
FNDA:0,(anonymous_20)
FNDA:0,(anonymous_21)
FNDA:0,(anonymous_22)
FNDA:0,(anonymous_23)
FNDA:0,(anonymous_24)
FNDA:0,(anonymous_25)
FNDA:0,errorHandler
FNDA:0,asyncHandler
FNDA:0,(anonymous_28)
FNDA:0,handleClientError
FNDA:0,logError
FNDA:0,retry
FNDA:0,(anonymous_32)
FNDA:0,(anonymous_33)
FNDA:0,formatValidationErrors
FNDA:0,(anonymous_35)
FNDA:0,safeJsonParse
FNDA:0,isNetworkError
DA:3,0
DA:6,0
DA:7,0
DA:8,0
DA:10,0
DA:11,0
DA:12,0
DA:16,0
DA:18,0
DA:19,0
DA:23,0
DA:25,0
DA:26,0
DA:30,0
DA:32,0
DA:33,0
DA:37,0
DA:39,0
DA:40,0
DA:44,0
DA:46,0
DA:47,0
DA:51,0
DA:53,0
DA:54,0
DA:58,0
DA:60,0
DA:64,0
DA:69,0
DA:72,0
DA:73,0
DA:84,0
DA:85,0
DA:100,0
DA:101,0
DA:112,0
DA:113,0
DA:124,0
DA:135,0
DA:138,0
DA:139,0
DA:140,0
DA:142,0
DA:143,0
DA:152,0
DA:157,0
DA:158,0
DA:161,0
DA:162,0
DA:165,0
DA:169,0
DA:170,0
[...]
BRDA:742,86,0,0
BRDA:743,87,0,0
BRDA:744,88,0,0
BRDA:745,89,0,0
BRDA:746,90,0,0
BRDA:749,91,0,0
BRDA:750,92,0,0
BRDA:751,93,0,0
BRF:126
BRH:0
end_of_record
TN:
SF:lib/builders/index.ts
FNF:0
FNH:0
DA:9,0
DA:10,0
DA:11,0
DA:12,0
DA:13,0
DA:14,0
DA:15,0
DA:16,0
LF:8
LH:0
BRF:0
BRH:0
end_of_record
TN:
SF:lib/events/CartEventEmitter.ts
FN:153,(anonymous_5)
FN:178,(anonymous_6)
FN:192,(anonymous_7)
FN:213,(anonymous_8)
FN:220,(anonymous_9)
FN:224,(anonymous_10)
FN:235,(anonymous_11)
FN:254,(anonymous_12)
FN:298,(anonymous_13)
FN:317,(anonymous_14)
FN:339,(anonymous_15)
FN:354,(anonymous_16)
FN:361,(anonymous_17)
FN:368,(anonymous_18)
FN:376,(anonymous_19)
FN:385,(anonymous_20)
FN:418,(anonymous_21)
FN:425,(anonymous_22)
FN:426,(anonymous_23)
FN:438,(anonymous_24)
FN:444,(anonymous_25)
FN:450,(anonymous_26)
FN:456,(anonymous_27)
FN:462,(anonymous_28)
FN:468,(anonymous_29)
FN:474,(anonymous_30)
FN:480,(anonymous_31)
FN:486,(anonymous_32)
FN:492,(anonymous_33)
FN:515,(anonymous_34)
FN:521,(anonymous_35)
FN:523,(anonymous_36)
FN:536,(anonymous_37)
FN:544,(anonymous_38)
FN:558,(anonymous_39)
FN:568,(anonymous_40)
FN:579,(anonymous_41)
FN:588,(anonymous_42)
FNF:38
FNH:0
FNDA:0,(anonymous_5)
FNDA:0,(anonymous_6)
FNDA:0,(anonymous_7)
FNDA:0,(anonymous_8)
FNDA:0,(anonymous_9)
FNDA:0,(anonymous_10)
FNDA:0,(anonymous_11)
FNDA:0,(anonymous_12)
FNDA:0,(anonymous_13)
FNDA:0,(anonymous_14)
FNDA:0,(anonymous_15)
FNDA:0,(anonymous_16)
FNDA:0,(anonymous_17)
FNDA:0,(anonymous_18)
FNDA:0,(anonymous_19)
FNDA:0,(anonymous_20)
FNDA:0,(anonymous_21)
FNDA:0,(anonymous_22)
FNDA:0,(anonymous_23)
FNDA:0,(anonymous_24)
FNDA:0,(anonymous_25)
FNDA:0,(anonymous_26)
FNDA:0,(anonymous_27)
FNDA:0,(anonymous_28)
FNDA:0,(anonymous_29)
FNDA:0,(anonymous_30)
FNDA:0,(anonymous_31)
FNDA:0,(anonymous_32)
FNDA:0,(anonymous_33)
FNDA:0,(anonymous_34)
FNDA:0,(anonymous_35)
FNDA:0,(anonymous_36)
FNDA:0,(anonymous_37)
FNDA:0,(anonymous_38)
FNDA:0,(anonymous_39)
FNDA:0,(anonymous_40)
FNDA:0,(anonymous_41)
FNDA:0,(anonymous_42)
DA:143,0
DA:144,0
DA:145,0
DA:150,0
DA:154,0
DA:163,0
DA:178,0
DA:179,0
DA:196,0
DA:197,0
DA:200,0
DA:202,0
DA:203,0
DA:208,0
DA:212,0
DA:213,0
DA:224,0
DA:225,0
DA:226,0
DA:229,0
DA:239,0
DA:240,0
DA:241,0
DA:245,0
DA:246,0
DA:258,0
DA:260,0
DA:265,0
DA:266,0
DA:273,0
DA:274,0
DA:282,0
DA:283,0
DA:284,0
DA:285,0
DA:286,0
DA:291,0
DA:292,0
DA:293,0
DA:297,0
DA:299,0
DA:300,0
DA:304,0
DA:305,0
DA:306,0
DA:307,0
DA:312,0
DA:322,0
DA:325,0
DA:326,0
DA:327,0
DA:328,0
DA:330,0
DA:340,0
DA:341,0
DA:344,0
DA:345,0
DA:355,0
DA:362,0
DA:371,0
DA:372,0
DA:375,0
DA:376,0
DA:379,0
DA:388,0
DA:389,0
DA:400,0
DA:401,0
DA:412,0
DA:419,0
DA:426,0
DA:427,0
DA:428,0
DA:429,0
DA:430,0
DA:441,0
DA:447,0
DA:453,0
DA:459,0
DA:465,0
DA:471,0
DA:477,0
DA:483,0
DA:489,0
DA:495,0
DA:500,0
DA:511,0
DA:516,0
DA:517,0
DA:518,0
DA:523,0
DA:524,0
DA:536,0
DA:537,0
DA:544,0
DA:545,0
DA:558,0
DA:559,0
DA:568,0
DA:569,0
DA:579,0
DA:580,0
DA:589,0
DA:590,0
DA:591,0
DA:594,0
DA:605,0
LF:107
LH:0
BRDA:153,0,0,0
BRDA:155,1,0,0
BRDA:155,1,1,0
BRDA:156,2,0,0
BRDA:156,2,1,0
BRDA:157,3,0,0
BRDA:157,3,1,0
BRDA:158,4,0,0
BRDA:158,4,1,0
BRDA:159,5,0,0
BRDA:159,5,1,0
BRDA:196,6,0,0
BRDA:202,7,0,0
BRDA:240,8,0,0
BRDA:245,9,0,0
BRDA:260,10,0,0
BRDA:265,11,0,0
BRDA:273,12,0,0
BRDA:282,13,0,0
BRDA:284,14,0,0
BRDA:292,15,0,0
BRDA:292,16,0,0
BRDA:292,16,1,0
BRDA:304,17,0,0
BRDA:306,18,0,0
BRDA:313,19,0,0
BRDA:313,19,1,0
BRDA:325,20,0,0
BRDA:328,21,0,0
BRDA:340,22,0,0
BRDA:340,22,1,0
BRDA:345,23,0,0
BRDA:355,24,0,0
BRDA:355,24,1,0
BRDA:371,25,0,0
BRDA:375,26,0,0
BRDA:388,27,0,0
BRDA:389,28,0,0
BRDA:389,28,1,0
BRDA:400,29,0,0
BRDA:402,30,0,0
BRDA:402,30,1,0
BRDA:582,31,0,0
BRDA:582,31,1,0
BRDA:590,32,0,0
BRDA:590,32,1,0
BRDA:594,33,0,0
BRF:47
BRH:0
end_of_record
TN:
SF:lib/events/index.ts
FNF:0
FNH:0
DA:13,0
DA:14,0
DA:15,0
DA:16,0
DA:17,0
LF:5
LH:0
BRF:0
BRH:0
end_of_record
TN:
SF:lib/factories/ProductFactory.ts
FN:40,(anonymous_1)
FN:97,(anonymous_2)
FN:147,(anonymous_3)
FN:153,(anonymous_4)
FN:199,(anonymous_5)
FN:212,(anonymous_6)
FN:242,(anonymous_7)
FN:252,(anonymous_8)
FN:258,(anonymous_9)
FN:273,(anonymous_10)
FN:274,(anonymous_11)
FN:288,(anonymous_12)
FN:299,(anonymous_13)
FN:306,(anonymous_14)
FN:308,(anonymous_15)
FN:316,(anonymous_16)
FN:317,(anonymous_17)
FN:341,(anonymous_18)
FN:348,(anonymous_19)
FN:432,(anonymous_20)
FN:434,(anonymous_21)
FN:439,(anonymous_22)
FN:453,(anonymous_23)
FN:459,(anonymous_24)
FN:467,(anonymous_25)
FN:479,(anonymous_26)
FN:508,(anonymous_27)
FN:528,(anonymous_28)
FN:559,(anonymous_29)
FN:573,(anonymous_30)
FN:587,(anonymous_31)
FN:601,(anonymous_32)
FN:621,(anonymous_33)
FNF:33
FNH:0
FNDA:0,(anonymous_1)
FNDA:0,(anonymous_2)
FNDA:0,(anonymous_3)
FNDA:0,(anonymous_4)
FNDA:0,(anonymous_5)
FNDA:0,(anonymous_6)
FNDA:0,(anonymous_7)
FNDA:0,(anonymous_8)
FNDA:0,(anonymous_9)
FNDA:0,(anonymous_10)
FNDA:0,(anonymous_11)
FNDA:0,(anonymous_12)
FNDA:0,(anonymous_13)
FNDA:0,(anonymous_14)
FNDA:0,(anonymous_15)
FNDA:0,(anonymous_16)
FNDA:0,(anonymous_17)
FNDA:0,(anonymous_18)
FNDA:0,(anonymous_19)
FNDA:0,(anonymous_20)
FNDA:0,(anonymous_21)
FNDA:0,(anonymous_22)
FNDA:0,(anonymous_23)
FNDA:0,(anonymous_24)
FNDA:0,(anonymous_25)
FNDA:0,(anonymous_26)
FNDA:0,(anonymous_27)
FNDA:0,(anonymous_28)
FNDA:0,(anonymous_29)
FNDA:0,(anonymous_30)
FNDA:0,(anonymous_31)
FNDA:0,(anonymous_32)
FNDA:0,(anonymous_33)
DA:16,0
DA:17,0
DA:33,0
DA:34,0
DA:35,0
DA:51,0
DA:54,0
DA:55,0
DA:56,0
DA:57,0
DA:60,0
DA:63,0
DA:71,0
DA:76,0
DA:79,0
DA:81,0
DA:102,0
DA:104,0
DA:105,0
DA:106,0
DA:109,0
DA:112,0
DA:118,0
DA:126,0
DA:129,0
DA:131,0
DA:153,0
DA:154,0
DA:155,0
DA:161,0
DA:162,0
DA:165,0
DA:166,0
DA:168,0
DA:200,0
DA:216,0
DA:246,0
DA:248,0
DA:251,0
DA:252,0
DA:258,0
DA:265,0
DA:273,0
DA:274,0
DA:298,0
DA:300,0
DA:305,0
DA:306,0
DA:308,0
DA:315,0
DA:317,0
DA:329,0
DA:347,0
DA:348,0
DA:431,0
DA:432,0
DA:434,0
DA:439,0
DA:441,0
DA:458,0
DA:459,0
DA:460,0
DA:461,0
DA:467,0
DA:478,0
DA:479,0
DA:481,0
DA:483,0
DA:512,0
DA:513,0
DA:515,0
DA:532,0
DA:533,0
DA:537,0
DA:560,0
DA:577,0
DA:578,0
DA:582,0
DA:586,0
DA:587,0
DA:590,0
DA:605,0
DA:622,0
DA:623,0
DA:625,0
DA:626,0
DA:628,0
DA:629,0
DA:631,0
LF:89
LH:0
BRDA:43,0,0,0
BRDA:46,1,0,0
BRDA:47,2,0,0
BRDA:48,3,0,0
BRDA:49,4,0,0
BRDA:50,5,0,0
BRDA:56,6,0,0
BRDA:56,6,1,0
BRDA:56,6,2,0
BRDA:57,7,0,0
BRDA:57,7,1,0
BRDA:71,8,0,0
BRDA:71,8,1,0
BRDA:99,9,0,0
BRDA:101,10,0,0
BRDA:101,11,0,0
BRDA:105,12,0,0
BRDA:105,12,1,0
BRDA:150,13,0,0
BRDA:154,14,0,0
BRDA:162,15,0,0
BRDA:162,15,1,0
BRDA:162,16,0,0
BRDA:162,16,1,0
BRDA:165,17,0,0
BRDA:165,17,1,0
BRDA:204,18,0,0
BRDA:204,18,1,0
BRDA:204,19,0,0
BRDA:204,19,1,0
BRDA:218,20,0,0
BRDA:218,20,1,0
BRDA:218,20,2,0
BRDA:246,21,0,0
BRDA:246,21,1,0
BRDA:246,21,2,0
BRDA:248,22,0,0
BRDA:248,22,1,0
BRDA:248,22,2,0
BRDA:251,23,0,0
BRDA:251,23,1,0
BRDA:258,24,0,0
BRDA:258,24,1,0
BRDA:268,25,0,0
BRDA:268,25,1,0
BRDA:270,26,0,0
BRDA:270,26,1,0
BRDA:272,27,0,0
BRDA:272,27,1,0
BRDA:273,28,0,0
BRDA:273,28,1,0
BRDA:277,29,0,0
BRDA:277,29,1,0
BRDA:278,30,0,0
BRDA:278,30,1,0
BRDA:279,31,0,0
BRDA:279,31,1,0
BRDA:298,32,0,0
BRDA:298,32,1,0
BRDA:299,33,0,0
BRDA:299,33,1,0
BRDA:308,34,0,0
BRDA:308,34,1,0
BRDA:315,35,0,0
BRDA:315,35,1,0
BRDA:317,36,0,0
BRDA:317,36,1,0
BRDA:322,37,0,0
BRDA:322,37,1,0
BRDA:323,38,0,0
BRDA:323,38,1,0
BRDA:324,39,0,0
BRDA:324,39,1,0
BRDA:347,40,0,0
BRDA:347,40,1,0
BRDA:347,41,0,0
BRDA:347,41,1,0
BRDA:354,42,0,0
BRDA:354,42,1,0
BRDA:360,43,0,0
BRDA:360,43,1,0
BRDA:361,44,0,0
BRDA:361,44,1,0
BRDA:368,45,0,0
BRDA:368,45,1,0
BRDA:369,46,0,0
BRDA:369,46,1,0
BRDA:373,47,0,0
BRDA:373,47,1,0
BRDA:376,48,0,0
BRDA:376,48,1,0
BRDA:384,49,0,0
BRDA:384,49,1,0
BRDA:385,50,0,0
BRDA:385,50,1,0
BRDA:399,51,0,0
BRDA:399,51,1,0
BRDA:400,52,0,0
BRDA:400,52,1,0
BRDA:407,53,0,0
BRDA:407,53,1,0
BRDA:408,54,0,0
BRDA:408,54,1,0
BRDA:412,55,0,0
BRDA:412,55,1,0
BRDA:415,56,0,0
BRDA:415,56,1,0
BRDA:423,57,0,0
BRDA:423,57,1,0
BRDA:424,58,0,0
BRDA:424,58,1,0
BRDA:434,59,0,0
BRDA:434,59,1,0
BRDA:460,60,0,0
BRDA:460,61,0,0
BRDA:460,61,1,0
BRDA:467,62,0,0
BRDA:467,62,1,0
BRDA:471,63,0,0
BRDA:471,63,1,0
BRDA:472,64,0,0
BRDA:472,64,1,0
BRDA:473,65,0,0
BRDA:473,65,1,0
BRDA:481,66,0,0
BRDA:481,66,1,0
BRDA:486,67,0,0
BRDA:486,67,1,0
BRDA:497,68,0,0
BRDA:497,68,1,0
BRDA:513,69,0,0
BRDA:513,69,1,0
BRDA:532,70,0,0
BRDA:532,70,1,0
BRDA:533,71,0,0
BRDA:533,71,1,0
BRDA:542,72,0,0
BRDA:542,72,1,0
BRDA:545,73,0,0
BRDA:545,73,1,0
BRDA:579,74,0,0
BRDA:579,74,1,0
BRDA:579,74,2,0
BRDA:586,75,0,0
BRDA:586,75,1,0
BRDA:587,76,0,0
BRDA:587,76,1,0
BRDA:607,77,0,0
BRDA:607,77,1,0
BRDA:607,77,2,0
BRDA:611,78,0,0
BRDA:611,78,1,0
BRDA:611,78,2,0
BRDA:614,79,0,0
BRDA:614,79,1,0
BRDA:622,80,0,0
BRDA:625,81,0,0
BRDA:628,82,0,0
BRF:158
BRH:0
end_of_record
TN:
SF:lib/factories/index.ts
FNF:0
FNH:0
DA:6,0
LF:1
LH:0
BRF:0
BRH:0
end_of_record
TN:
SF:lib/stores/index.ts
FN:12,(anonymous_19)
FN:52,(anonymous_20)
FN:53,(anonymous_21)
FN:64,(anonymous_22)
FN:64,(anonymous_23)
FN:82,(anonymous_24)
FN:83,(anonymous_25)
FN:84,(anonymous_26)
FN:85,(anonymous_27)
FN:86,(anonymous_28)
FN:87,(anonymous_29)
FN:90,(anonymous_30)
FN:91,(anonymous_31)
FN:92,(anonymous_32)
FN:94,(anonymous_33)
FN:95,(anonymous_34)
FN:96,(anonymous_35)
FN:99,(anonymous_36)
FN:99,(anonymous_37)
FN:100,(anonymous_38)
FN:100,(anonymous_39)
FN:101,(anonymous_40)
FN:102,(anonymous_41)
FN:102,(anonymous_42)
FN:103,(anonymous_43)
FN:104,(anonymous_44)
FN:105,(anonymous_45)
FN:108,(anonymous_46)
FN:108,(anonymous_47)
FN:109,(anonymous_48)
FN:110,(anonymous_49)
FN:111,(anonymous_50)
FN:112,(anonymous_51)
FN:112,(anonymous_52)
FN:114,(anonymous_53)
FN:114,(anonymous_54)
FN:115,(anonymous_55)
FN:116,(anonymous_56)
FN:117,(anonymous_57)
FN:117,(anonymous_58)
FNF:40
FNH:0
FNDA:0,(anonymous_19)
FNDA:0,(anonymous_20)
FNDA:0,(anonymous_21)
FNDA:0,(anonymous_22)
FNDA:0,(anonymous_23)
FNDA:0,(anonymous_24)
FNDA:0,(anonymous_25)
FNDA:0,(anonymous_26)
FNDA:0,(anonymous_27)
FNDA:0,(anonymous_28)
FNDA:0,(anonymous_29)
FNDA:0,(anonymous_30)
FNDA:0,(anonymous_31)
FNDA:0,(anonymous_32)
FNDA:0,(anonymous_33)
FNDA:0,(anonymous_34)
FNDA:0,(anonymous_35)
FNDA:0,(anonymous_36)
FNDA:0,(anonymous_37)
FNDA:0,(anonymous_38)
FNDA:0,(anonymous_39)
FNDA:0,(anonymous_40)
FNDA:0,(anonymous_41)
FNDA:0,(anonymous_42)
FNDA:0,(anonymous_43)
FNDA:0,(anonymous_44)
FNDA:0,(anonymous_45)
FNDA:0,(anonymous_46)
FNDA:0,(anonymous_47)
FNDA:0,(anonymous_48)
FNDA:0,(anonymous_49)
FNDA:0,(anonymous_50)
FNDA:0,(anonymous_51)
FNDA:0,(anonymous_52)
FNDA:0,(anonymous_53)
FNDA:0,(anonymous_54)
FNDA:0,(anonymous_55)
FNDA:0,(anonymous_56)
FNDA:0,(anonymous_57)
FNDA:0,(anonymous_58)
DA:1,0
DA:2,0
DA:3,0
DA:4,0
DA:5,0
DA:9,0
DA:14,0
DA:15,0
DA:16,0
DA:18,0
DA:52,0
DA:53,0
DA:64,0
DA:66,0
DA:68,0
DA:69,0
DA:82,0
DA:83,0
DA:84,0
DA:85,0
DA:86,0
DA:87,0
DA:90,0
DA:91,0
DA:92,0
DA:94,0
DA:95,0
DA:96,0
DA:99,0
DA:100,0
DA:101,0
DA:102,0
DA:103,0
DA:104,0
DA:105,0
DA:108,0
DA:109,0
DA:110,0
DA:111,0
DA:112,0
DA:114,0
DA:115,0
DA:116,0
DA:117,0
DA:120,0
LF:45
LH:0
BRDA:66,0,0,0
BRDA:68,1,0,0
BRF:2
BRH:0
end_of_record
TN:
SF:lib/stores/slices/auth.ts
FN:14,(anonymous_1)
FN:16,(anonymous_2)
FN:30,(anonymous_3)
FN:35,(anonymous_4)
FN:54,(anonymous_5)
FN:64,(anonymous_6)
FN:65,(anonymous_7)
FN:68,(anonymous_8)
FN:69,(anonymous_9)
FN:72,(anonymous_10)
FN:73,(anonymous_11)
FN:77,(anonymous_12)
FN:78,(anonymous_13)
FN:83,(anonymous_14)
FN:88,(anonymous_15)
FN:101,(anonymous_16)
FN:105,(anonymous_17)
FN:109,(anonymous_18)
FN:122,(anonymous_19)
FN:127,(anonymous_20)
FN:129,(anonymous_21)
FN:142,(anonymous_22)
FN:146,(anonymous_23)
FN:156,(anonymous_24)
FN:170,(anonymous_25)
FN:175,(anonymous_26)
FN:188,(anonymous_27)
FN:192,(anonymous_28)
FN:196,(anonymous_29)
FN:210,(anonymous_30)
FN:211,(anonymous_31)
FN:217,(anonymous_32)
FN:227,(anonymous_33)
FN:239,(anonymous_34)
FN:246,(anonymous_35)
FN:252,(anonymous_36)
FN:264,(anonymous_37)
FN:274,(anonymous_38)
FN:286,(anonymous_39)
FN:287,(anonymous_40)
FN:293,(anonymous_41)
FN:304,(anonymous_42)
FN:314,(anonymous_43)
FN:326,(anonymous_44)
FN:327,(anonymous_45)
FN:337,(anonymous_46)
FN:341,(anonymous_47)
FN:350,(anonymous_48)
FN:354,(anonymous_49)
FN:366,(anonymous_50)
FN:372,(anonymous_51)
FN:377,(anonymous_52)
FN:382,(anonymous_53)
FN:386,(anonymous_54)
FNF:54
FNH:0
FNDA:0,(anonymous_1)
FNDA:0,(anonymous_2)
FNDA:0,(anonymous_3)
FNDA:0,(anonymous_4)
FNDA:0,(anonymous_5)
FNDA:0,(anonymous_6)
FNDA:0,(anonymous_7)
FNDA:0,(anonymous_8)
FNDA:0,(anonymous_9)
FNDA:0,(anonymous_10)
FNDA:0,(anonymous_11)
FNDA:0,(anonymous_12)
FNDA:0,(anonymous_13)
FNDA:0,(anonymous_14)
FNDA:0,(anonymous_15)
FNDA:0,(anonymous_16)
FNDA:0,(anonymous_17)
FNDA:0,(anonymous_18)
FNDA:0,(anonymous_19)
FNDA:0,(anonymous_20)
FNDA:0,(anonymous_21)
FNDA:0,(anonymous_22)
FNDA:0,(anonymous_23)
FNDA:0,(anonymous_24)
FNDA:0,(anonymous_25)
FNDA:0,(anonymous_26)
FNDA:0,(anonymous_27)
FNDA:0,(anonymous_28)
FNDA:0,(anonymous_29)
FNDA:0,(anonymous_30)
FNDA:0,(anonymous_31)
FNDA:0,(anonymous_32)
FNDA:0,(anonymous_33)
FNDA:0,(anonymous_34)
FNDA:0,(anonymous_35)
FNDA:0,(anonymous_36)
FNDA:0,(anonymous_37)
FNDA:0,(anonymous_38)
FNDA:0,(anonymous_39)
FNDA:0,(anonymous_40)
FNDA:0,(anonymous_41)
FNDA:0,(anonymous_42)
FNDA:0,(anonymous_43)
FNDA:0,(anonymous_44)
FNDA:0,(anonymous_45)
FNDA:0,(anonymous_46)
FNDA:0,(anonymous_47)
FNDA:0,(anonymous_48)
FNDA:0,(anonymous_49)
FNDA:0,(anonymous_50)
FNDA:0,(anonymous_51)
FNDA:0,(anonymous_52)
FNDA:0,(anonymous_53)
FNDA:0,(anonymous_54)
DA:13,0
DA:16,0
DA:18,0
DA:35,0
DA:37,0
DA:49,0
DA:54,0
DA:65,0
DA:69,0
DA:73,0
DA:78,0
DA:84,0
DA:85,0
DA:87,0
DA:88,0
DA:102,0
DA:103,0
DA:105,0
DA:106,0
DA:109,0
DA:123,0
DA:124,0
DA:126,0
DA:127,0
DA:129,0
DA:143,0
DA:144,0
DA:146,0
DA:156,0
DA:171,0
DA:172,0
DA:174,0
DA:175,0
DA:189,0
DA:190,0
DA:192,0
DA:193,0
DA:196,0
DA:211,0
DA:215,0
DA:216,0
DA:217,0
DA:225,0
DA:227,0
DA:235,0
DA:246,0
DA:250,0
DA:252,0
DA:253,0
DA:264,0
DA:272,0
DA:274,0
DA:282,0
DA:287,0
DA:291,0
DA:293,0
DA:294,0
DA:304,0
DA:312,0
DA:314,0
DA:322,0
DA:327,0
DA:338,0
DA:339,0
DA:341,0
DA:345,0
DA:346,0
DA:350,0
DA:354,0
DA:361,0
DA:367,0
DA:368,0
DA:370,0
DA:372,0
DA:378,0
DA:379,0
DA:381,0
DA:382,0
DA:387,0
DA:388,0
DA:390,0
LF:81
LH:0
BRDA:39,0,0,0
BRDA:39,0,1,0
BRDA:41,1,0,0
BRDA:41,1,1,0
BRDA:42,2,0,0
BRDA:42,2,1,0
BRDA:43,3,0,0
BRDA:43,3,1,0
BRDA:85,4,0,0
BRDA:91,5,0,0
BRDA:91,5,1,0
BRDA:103,6,0,0
BRDA:106,7,0,0
BRDA:106,7,1,0
BRDA:112,8,0,0
BRDA:112,8,1,0
BRDA:124,9,0,0
BRDA:132,10,0,0
BRDA:132,10,1,0
BRDA:144,11,0,0
BRDA:149,12,0,0
BRDA:149,12,1,0
BRDA:149,13,0,0
BRDA:149,13,1,0
BRDA:151,14,0,0
BRDA:151,14,1,0
BRDA:159,15,0,0
BRDA:159,15,1,0
BRDA:172,16,0,0
BRDA:178,17,0,0
BRDA:178,17,1,0
BRDA:190,18,0,0
BRDA:193,19,0,0
BRDA:193,19,1,0
BRDA:199,20,0,0
BRDA:199,20,1,0
BRDA:230,21,0,0
BRDA:230,21,1,0
BRDA:277,22,0,0
BRDA:277,22,1,0
BRDA:317,23,0,0
BRDA:317,23,1,0
BRDA:339,24,0,0
BRDA:357,25,0,0
BRDA:357,25,1,0
BRDA:368,26,0,0
BRDA:371,27,0,0
BRDA:371,27,1,0
BRDA:372,28,0,0
BRDA:372,28,1,0
BRDA:377,29,0,0
BRDA:379,30,0,0
BRDA:388,31,0,0
BRDA:391,32,0,0
BRDA:391,32,1,0
BRDA:391,32,2,0
BRDA:391,32,3,0
BRF:57
BRH:0
end_of_record
TN:
SF:lib/stores/slices/cart.ts
FN:45,(anonymous_1)
FN:57,(anonymous_2)
FN:68,(anonymous_3)
FN:69,(anonymous_4)
FN:70,(anonymous_5)
FN:71,(anonymous_6)
FN:72,(anonymous_7)
FN:73,(anonymous_8)
FN:76,(anonymous_9)
FN:88,(anonymous_10)
FN:120,(anonymous_11)
FN:148,(anonymous_12)
FN:161,(anonymous_13)
FN:176,(anonymous_14)
FN:181,(anonymous_15)
FN:212,(anonymous_16)
FN:243,(anonymous_17)
FN:247,(anonymous_18)
FN:250,(anonymous_19)
FN:254,(anonymous_20)
FN:273,(anonymous_21)
FN:294,(anonymous_22)
FN:306,(anonymous_23)
FN:315,(anonymous_24)
FN:324,(anonymous_25)
FN:337,(anonymous_26)
FN:368,(anonymous_27)
FN:371,(anonymous_28)
FN:383,(anonymous_29)
FN:388,(anonymous_30)
FN:389,(anonymous_31)
FN:398,(anonymous_32)
FN:409,(anonymous_33)
FN:440,(anonymous_34)
FN:456,(anonymous_35)
FN:468,(anonymous_36)
FN:473,(anonymous_37)
FN:477,(anonymous_38)
FN:490,(anonymous_39)
FN:493,(anonymous_40)
FN:497,(anonymous_41)
FN:501,(anonymous_42)
FNF:42
FNH:0
FNDA:0,(anonymous_1)
FNDA:0,(anonymous_2)
FNDA:0,(anonymous_3)
FNDA:0,(anonymous_4)
FNDA:0,(anonymous_5)
FNDA:0,(anonymous_6)
FNDA:0,(anonymous_7)
FNDA:0,(anonymous_8)
FNDA:0,(anonymous_9)
FNDA:0,(anonymous_10)
FNDA:0,(anonymous_11)
FNDA:0,(anonymous_12)
FNDA:0,(anonymous_13)
FNDA:0,(anonymous_14)
FNDA:0,(anonymous_15)
FNDA:0,(anonymous_16)
FNDA:0,(anonymous_17)
FNDA:0,(anonymous_18)
FNDA:0,(anonymous_19)
FNDA:0,(anonymous_20)
FNDA:0,(anonymous_21)
FNDA:0,(anonymous_22)
FNDA:0,(anonymous_23)
FNDA:0,(anonymous_24)
FNDA:0,(anonymous_25)
FNDA:0,(anonymous_26)
FNDA:0,(anonymous_27)
FNDA:0,(anonymous_28)
FNDA:0,(anonymous_29)
FNDA:0,(anonymous_30)
FNDA:0,(anonymous_31)
FNDA:0,(anonymous_32)
FNDA:0,(anonymous_33)
FNDA:0,(anonymous_34)
FNDA:0,(anonymous_35)
FNDA:0,(anonymous_36)
FNDA:0,(anonymous_37)
FNDA:0,(anonymous_38)
FNDA:0,(anonymous_39)
FNDA:0,(anonymous_40)
FNDA:0,(anonymous_41)
FNDA:0,(anonymous_42)
DA:4,0
DA:5,0
DA:6,0
DA:45,0
DA:46,0
DA:52,0
DA:57,0
DA:69,0
DA:71,0
DA:73,0
DA:77,0
DA:79,0
DA:81,0
DA:82,0
DA:85,0
DA:88,0
DA:120,0
DA:125,0
DA:132,0
DA:140,0
DA:141,0
DA:148,0
DA:153,0
DA:161,0
DA:166,0
DA:181,0
DA:186,0
DA:191,0
DA:192,0
DA:193,0
DA:194,0
DA:197,0
DA:198,0
DA:199,0
DA:203,0
DA:212,0
DA:243,0
DA:246,0
DA:248,0
DA:250,0
DA:254,0
DA:258,0
DA:260,0
DA:267,0
DA:273,0
DA:281,0
DA:288,0
DA:294,0
DA:297,0
DA:311,0
DA:312,0
DA:315,0
DA:319,0
DA:320,0
DA:321,0
DA:323,0
DA:324,0
DA:326,0
DA:329,0
DA:337,0
DA:368,0
DA:371,0
DA:377,0
DA:383,0
DA:389,0
DA:393,0
DA:394,0
DA:395,0
DA:397,0
DA:398,0
DA:400,0
DA:403,0
DA:409,0
DA:440,0
DA:443,0
DA:450,0
DA:456,0
DA:462,0
DA:468,0
DA:474,0
DA:475,0
DA:477,0
DA:482,0
DA:491,0
DA:492,0
DA:493,0
DA:498,0
DA:499,0
DA:500,0
DA:501,0
LF:90
LH:0
BRDA:45,0,0,0
BRDA:79,1,0,0
BRDA:85,2,0,0
BRDA:88,3,0,0
BRDA:88,3,1,0
BRDA:89,4,0,0
BRDA:89,4,1,0
BRDA:93,5,0,0
BRDA:93,5,1,0
BRDA:94,6,0,0
BRDA:94,6,1,0
BRDA:102,7,0,0
BRDA:102,7,1,0
BRDA:107,8,0,0
BRDA:107,8,1,0
BRDA:114,9,0,0
BRDA:114,9,1,0
BRDA:144,10,0,0
BRDA:144,10,1,0
BRDA:167,11,0,0
BRDA:167,11,1,0
BRDA:193,12,0,0
BRDA:198,13,0,0
BRDA:212,14,0,0
BRDA:212,14,1,0
BRDA:213,15,0,0
BRDA:213,15,1,0
BRDA:217,16,0,0
BRDA:217,16,1,0
BRDA:218,17,0,0
BRDA:218,17,1,0
BRDA:225,18,0,0
BRDA:225,18,1,0
BRDA:230,19,0,0
BRDA:230,19,1,0
BRDA:237,20,0,0
BRDA:237,20,1,0
BRDA:248,21,0,0
BRDA:248,21,1,0
BRDA:248,21,2,0
BRDA:253,22,0,0
BRDA:253,22,1,0
BRDA:258,23,0,0
BRDA:276,24,0,0
BRDA:276,24,1,0
BRDA:282,25,0,0
BRDA:282,25,1,0
BRDA:311,26,0,0
BRDA:321,27,0,0
BRDA:324,28,0,0
BRDA:324,28,1,0
BRDA:326,29,0,0
BRDA:337,30,0,0
BRDA:337,30,1,0
BRDA:338,31,0,0
BRDA:338,31,1,0
BRDA:342,32,0,0
BRDA:342,32,1,0
BRDA:343,33,0,0
BRDA:343,33,1,0
BRDA:350,34,0,0
BRDA:350,34,1,0
BRDA:355,35,0,0
BRDA:355,35,1,0
BRDA:362,36,0,0
BRDA:362,36,1,0
BRDA:374,37,0,0
BRDA:374,37,1,0
BRDA:395,38,0,0
BRDA:398,39,0,0
BRDA:398,39,1,0
BRDA:400,40,0,0
BRDA:409,41,0,0
BRDA:409,41,1,0
BRDA:410,42,0,0
BRDA:410,42,1,0
BRDA:414,43,0,0
BRDA:414,43,1,0
BRDA:415,44,0,0
BRDA:415,44,1,0
BRDA:422,45,0,0
BRDA:422,45,1,0
BRDA:427,46,0,0
BRDA:427,46,1,0
BRDA:434,47,0,0
BRDA:434,47,1,0
BRDA:459,48,0,0
BRDA:459,48,1,0
BRDA:492,49,0,0
BRDA:492,50,0,0
BRDA:492,50,1,0
BRDA:499,51,0,0
BRDA:499,52,0,0
BRDA:499,52,1,0
BRF:94
BRH:0
end_of_record
TN:
SF:lib/stores/slices/wishlist.ts
FN:15,(anonymous_1)
FN:23,(anonymous_2)
FN:27,(anonymous_3)
FN:33,(anonymous_4)
FN:43,(anonymous_5)
FN:45,(anonymous_6)
FN:47,(anonymous_7)
FN:50,(anonymous_8)
FN:60,(anonymous_9)
FN:62,(anonymous_10)
FN:66,(anonymous_11)
FN:67,(anonymous_12)
FN:77,(anonymous_13)
FNF:13
FNH:0
FNDA:0,(anonymous_1)
FNDA:0,(anonymous_2)
FNDA:0,(anonymous_3)
FNDA:0,(anonymous_4)
FNDA:0,(anonymous_5)
FNDA:0,(anonymous_6)
FNDA:0,(anonymous_7)
FNDA:0,(anonymous_8)
FNDA:0,(anonymous_9)
FNDA:0,(anonymous_10)
FNDA:0,(anonymous_11)
FNDA:0,(anonymous_12)
FNDA:0,(anonymous_13)
DA:8,0
DA:10,0
DA:15,0
DA:24,0
DA:27,0
DA:28,0
DA:29,0
DA:33,0
DA:39,0
DA:44,0
DA:45,0
DA:47,0
DA:50,0
DA:54,0
DA:55,0
DA:61,0
DA:62,0
DA:67,0
DA:73,0
DA:78,0
DA:79,0
LF:21
LH:0
BRDA:27,0,0,0
BRDA:54,1,0,0
BRF:2
BRH:0
end_of_record
