TN:
SF:app/global-error.tsx
FN:12,GlobalError
FN:13,(anonymous_2)
FN:33,(anonymous_3)
FN:54,(anonymous_4)
FNF:4
FNH:0
FNDA:0,GlobalError
FNDA:0,(anonymous_2)
FNDA:0,(anonymous_3)
FNDA:0,(anonymous_4)
DA:3,0
DA:4,0
DA:12,0
DA:13,0
DA:15,0
DA:18,0
DA:19,0
DA:54,0
LF:8
LH:0
BRDA:18,0,0,0
BRDA:61,1,0,0
BRDA:66,2,0,0
BRDA:66,2,1,0
BRF:4
BRH:0
end_of_record
TN:
SF:app/manifest.ts
FN:3,manifest
FNF:1
FNH:0
FNDA:0,manifest
DA:3,0
DA:4,0
LF:2
LH:0
BRF:0
BRH:0
end_of_record
TN:
SF:app/page.complex.tsx
FN:6,getHomePageData
FN:15,(anonymous_7)
FN:24,(anonymous_8)
FN:104,generateMetadata
FN:116,HomePage
FNF:5
FNH:0
FNDA:0,getHomePageData
FNDA:0,(anonymous_7)
FNDA:0,(anonymous_8)
FNDA:0,generateMetadata
FNDA:0,HomePage
DA:1,0
DA:3,0
DA:7,0
DA:9,0
DA:15,0
DA:24,0
DA:33,0
DA:35,0
DA:36,0
DA:37,0
DA:38,0
DA:39,0
DA:41,0
DA:44,0
DA:49,0
DA:50,0
DA:52,0
DA:53,0
DA:54,0
DA:55,0
DA:59,0
DA:62,0
DA:76,0
DA:78,0
DA:86,0
DA:88,0
DA:99,0
DA:100,0
DA:104,0
DA:105,0
DA:116,0
DA:117,0
LF:32
LH:0
BRDA:36,0,0,0
BRDA:36,0,1,0
BRDA:38,1,0,0
BRDA:49,2,0,0
BRDA:49,2,1,0
BRDA:53,3,0,0
BRDA:64,4,0,0
BRDA:64,4,1,0
BRDA:66,5,0,0
BRDA:66,5,1,0
BRDA:66,5,2,0
BRDA:67,6,0,0
BRDA:67,6,1,0
BRDA:70,7,0,0
BRDA:70,7,1,0
BRDA:71,8,0,0
BRDA:71,8,1,0
BRDA:72,9,0,0
BRDA:72,9,1,0
BRF:19
BRH:0
end_of_record
TN:
SF:app/page.tsx
FN:6,getHomePageData
FN:30,(anonymous_7)
FN:82,(anonymous_8)
FN:162,generateMetadata
FN:174,HomePage
FNF:5
FNH:0
FNDA:0,getHomePageData
FNDA:0,(anonymous_7)
FNDA:0,(anonymous_8)
FNDA:0,generateMetadata
FNDA:0,HomePage
DA:1,0
DA:3,0
DA:7,0
DA:9,0
DA:15,0
DA:30,0
DA:31,0
DA:32,0
DA:36,0
DA:46,0
DA:47,0
DA:78,0
DA:82,0
DA:91,0
DA:93,0
DA:94,0
DA:95,0
DA:96,0
DA:97,0
DA:99,0
DA:102,0
DA:107,0
DA:108,0
DA:110,0
DA:111,0
DA:112,0
DA:113,0
DA:117,0
DA:120,0
DA:134,0
DA:136,0
DA:144,0
DA:146,0
DA:157,0
DA:158,0
DA:162,0
DA:163,0
DA:174,0
DA:175,0
LF:39
LH:0
BRDA:31,0,0,0
BRDA:31,0,1,0
BRDA:32,1,0,0
BRDA:32,1,1,0
BRDA:32,1,2,0
BRDA:46,2,0,0
BRDA:78,3,0,0
BRDA:78,3,1,0
BRDA:94,4,0,0
BRDA:94,4,1,0
BRDA:96,5,0,0
BRDA:107,6,0,0
BRDA:107,6,1,0
BRDA:111,7,0,0
BRDA:122,8,0,0
BRDA:122,8,1,0
BRDA:124,9,0,0
BRDA:124,9,1,0
BRDA:124,9,2,0
BRDA:125,10,0,0
BRDA:125,10,1,0
BRDA:128,11,0,0
BRDA:128,11,1,0
BRDA:129,12,0,0
BRDA:129,12,1,0
BRDA:130,13,0,0
BRDA:130,13,1,0
BRF:27
BRH:0
end_of_record
TN:
SF:app/providers-wrapper.tsx
FN:5,ProvidersWrapper
FNF:1
FNH:0
FNDA:0,ProvidersWrapper
DA:3,0
DA:5,0
LF:2
LH:0
BRF:0
BRH:0
end_of_record
TN:
SF:app/robots.ts
FN:3,robots
FNF:1
FNH:0
FNDA:0,robots
DA:3,0
DA:4,0
DA:6,0
LF:3
LH:0
BRDA:4,0,0,0
BRDA:4,0,1,0
BRF:2
BRH:0
end_of_record
TN:
SF:app/sitemap.ts
FN:8,sitemap
FN:98,(anonymous_4)
FN:113,(anonymous_5)
FN:132,(anonymous_6)
FN:147,(anonymous_7)
FNF:5
FNH:0
FNDA:0,sitemap
FNDA:0,(anonymous_4)
FNDA:0,(anonymous_5)
FNDA:0,(anonymous_6)
FNDA:0,(anonymous_7)
DA:2,0
DA:3,0
DA:6,0
DA:8,0
DA:9,0
DA:12,0
DA:89,0
DA:91,0
DA:93,0
DA:97,0
DA:98,0
DA:106,0
DA:113,0
DA:125,0
DA:127,0
DA:129,0
DA:131,0
DA:132,0
DA:140,0
DA:147,0
DA:158,0
LF:21
LH:0
BRDA:9,0,0,0
BRDA:9,0,1,0
BRDA:97,1,0,0
BRDA:97,1,1,0
BRDA:97,2,0,0
BRDA:97,2,1,0
BRDA:100,3,0,0
BRDA:100,3,1,0
BRDA:131,4,0,0
BRDA:131,4,1,0
BRDA:131,5,0,0
BRDA:131,5,1,0
BRDA:134,6,0,0
BRDA:134,6,1,0
BRF:14
BRH:0
end_of_record
TN:
SF:app/[category]/page.tsx
FN:26,generateMetadata
FN:36,CategoryPage
FN:40,(anonymous_6)
FN:43,(anonymous_7)
FNF:4
FNH:0
FNDA:0,generateMetadata
FNDA:0,CategoryPage
FNDA:0,(anonymous_6)
FNDA:0,(anonymous_7)
DA:1,0
DA:2,0
DA:3,0
DA:4,0
DA:5,0
DA:6,0
DA:16,0
DA:26,0
DA:29,0
DA:30,0
DA:36,0
DA:37,0
DA:39,0
DA:40,0
DA:43,0
DA:44,0
DA:45,0
DA:46,0
DA:50,0
DA:60,0
DA:61,0
DA:64,0
DA:65,0
DA:68,0
LF:24
LH:0
BRDA:29,0,0,0
BRDA:29,0,1,0
BRDA:39,1,0,0
BRDA:39,1,1,0
BRDA:46,2,0,0
BRDA:46,2,1,0
BRDA:60,3,0,0
BRDA:64,4,0,0
BRDA:64,5,0,0
BRDA:64,5,1,0
BRF:10
BRH:0
end_of_record
TN:
SF:app/account/page.tsx
FN:4,AccountPage
FNF:1
FNH:0
FNDA:0,AccountPage
DA:1,0
DA:2,0
DA:4,0
LF:3
LH:0
BRF:0
BRH:0
end_of_record
TN:
SF:app/admin/page.tsx
FN:6,(anonymous_5)
FN:6,(anonymous_6)
FN:24,AdminDashboardPage
FNF:3
FNH:0
FNDA:0,(anonymous_5)
FNDA:0,(anonymous_6)
FNDA:0,AdminDashboardPage
DA:1,0
DA:2,0
DA:6,0
DA:24,0
LF:4
LH:0
BRF:0
BRH:0
end_of_record
TN:
SF:app/admin/login/page.tsx
FN:12,AdminLogin
FN:21,(anonymous_3)
FN:77,(anonymous_4)
FN:98,(anonymous_5)
FN:104,(anonymous_6)
FNF:5
FNH:0
FNDA:0,AdminLogin
FNDA:0,(anonymous_3)
FNDA:0,(anonymous_4)
FNDA:0,(anonymous_5)
FNDA:0,(anonymous_6)
DA:5,0
DA:6,0
DA:8,0
DA:9,0
DA:10,0
DA:12,0
DA:13,0
DA:14,0
DA:15,0
DA:16,0
DA:17,0
DA:18,0
DA:19,0
DA:21,0
DA:22,0
DA:23,0
DA:24,0
DA:26,0
DA:29,0
DA:31,0
DA:33,0
DA:35,0
DA:38,0
DA:40,0
DA:77,0
DA:98,0
DA:104,0
LF:27
LH:0
BRDA:31,0,0,0
BRDA:31,0,1,0
BRDA:57,1,0,0
BRDA:96,2,0,0
BRDA:96,2,1,0
BRDA:108,3,0,0
BRDA:122,4,0,0
BRDA:122,4,1,0
BRF:8
BRH:0
end_of_record
TN:
SF:app/admin/orders/page.tsx
FN:3,OrdersPage
FNF:1
FNH:0
FNDA:0,OrdersPage
DA:1,0
DA:3,0
DA:4,0
LF:3
LH:0
BRF:0
BRH:0
end_of_record
TN:
SF:app/admin/products/page.tsx
FN:38,(anonymous_2)
FN:63,ProductsPage
FN:74,(anonymous_4)
FN:88,(anonymous_5)
FN:115,(anonymous_6)
FN:125,(anonymous_7)
FN:126,(anonymous_8)
FN:147,(anonymous_9)
FN:161,(anonymous_10)
FN:164,(anonymous_11)
FN:167,(anonymous_12)
FN:183,(anonymous_13)
FN:186,(anonymous_14)
FN:189,(anonymous_15)
FN:206,(anonymous_16)
FN:217,(anonymous_17)
FN:226,(anonymous_18)
FN:246,(anonymous_19)
FN:257,(anonymous_20)
FN:266,(anonymous_21)
FN:279,(anonymous_22)
FN:374,(anonymous_23)
FN:374,(anonymous_24)
FN:385,(anonymous_25)
FN:385,(anonymous_26)
FNF:25
FNH:0
FNDA:0,(anonymous_2)
FNDA:0,ProductsPage
FNDA:0,(anonymous_4)
FNDA:0,(anonymous_5)
FNDA:0,(anonymous_6)
FNDA:0,(anonymous_7)
FNDA:0,(anonymous_8)
FNDA:0,(anonymous_9)
FNDA:0,(anonymous_10)
FNDA:0,(anonymous_11)
FNDA:0,(anonymous_12)
FNDA:0,(anonymous_13)
FNDA:0,(anonymous_14)
FNDA:0,(anonymous_15)
FNDA:0,(anonymous_16)
FNDA:0,(anonymous_17)
FNDA:0,(anonymous_18)
FNDA:0,(anonymous_19)
FNDA:0,(anonymous_20)
FNDA:0,(anonymous_21)
FNDA:0,(anonymous_22)
FNDA:0,(anonymous_23)
FNDA:0,(anonymous_24)
FNDA:0,(anonymous_25)
FNDA:0,(anonymous_26)
DA:3,0
DA:4,0
DA:5,0
DA:20,0
DA:21,0
DA:27,0
DA:35,0
DA:38,0
DA:63,0
DA:64,0
DA:65,0
DA:66,0
DA:67,0
DA:68,0
DA:69,0
DA:71,0
DA:74,0
DA:76,0
DA:81,0
DA:83,0
DA:85,0
DA:88,0
DA:89,0
DA:91,0
DA:92,0
DA:93,0
DA:94,0
DA:95,0
DA:96,0
DA:97,0
DA:98,0
DA:99,0
DA:100,0
DA:101,0
DA:105,0
DA:109,0
DA:110,0
DA:115,0
DA:116,0
DA:117,0
DA:119,0
DA:120,0
DA:125,0
DA:126,0
DA:147,0
DA:161,0
DA:165,0
DA:167,0
DA:183,0
DA:187,0
DA:189,0
DA:206,0
DA:217,0
DA:227,0
DA:228,0
DA:246,0
DA:257,0
DA:266,0
DA:280,0
DA:374,0
DA:385,0
LF:61
LH:0
BRDA:76,0,0,0
BRDA:76,0,1,0
BRDA:76,0,2,0
BRDA:77,1,0,0
BRDA:77,1,1,0
BRDA:81,2,0,0
BRDA:81,2,1,0
BRDA:83,3,0,0
BRDA:83,3,1,0
BRDA:85,4,0,0
BRDA:85,4,1,0
BRDA:85,4,2,0
BRDA:89,5,0,0
BRDA:92,6,0,0
BRDA:92,6,1,0
BRDA:93,7,0,0
BRDA:93,7,1,0
BRDA:93,8,0,0
BRDA:93,8,1,0
BRDA:94,9,0,0
BRDA:94,9,1,0
BRDA:98,10,0,0
BRDA:98,10,1,0
BRDA:100,11,0,0
BRDA:105,12,0,0
BRDA:105,12,1,0
BRDA:116,13,0,0
BRDA:116,13,1,0
BRDA:117,14,0,0
BRDA:117,14,1,0
BRDA:167,15,0,0
BRDA:167,15,1,0
BRDA:189,16,0,0
BRDA:189,16,1,0
BRDA:200,17,0,0
BRDA:200,17,1,0
BRDA:202,18,0,0
BRDA:213,19,0,0
BRDA:224,20,0,0
BRDA:224,20,1,0
BRDA:279,21,0,0
BRDA:284,22,0,0
BRDA:284,22,1,0
BRDA:285,23,0,0
BRDA:285,23,1,0
BRDA:292,24,0,0
BRDA:292,24,1,0
BRDA:300,25,0,0
BRDA:300,25,1,0
BRDA:308,26,0,0
BRDA:308,26,1,0
BRDA:310,27,0,0
BRDA:310,27,1,0
BRDA:363,28,0,0
BRF:54
BRH:0
end_of_record
TN:
SF:app/admin/products/add/page.tsx
FN:15,AddProductPage
FN:39,(anonymous_3)
FN:45,(anonymous_4)
FN:48,(anonymous_5)
FN:49,(anonymous_6)
FN:51,(anonymous_7)
FN:58,(anonymous_8)
FN:59,(anonymous_9)
FN:61,(anonymous_10)
FN:68,(anonymous_11)
FN:76,(anonymous_12)
FN:77,(anonymous_13)
FN:80,(anonymous_14)
FN:85,(anonymous_15)
FN:122,(anonymous_16)
FN:320,(anonymous_17)
FN:324,(anonymous_18)
FN:340,(anonymous_19)
FN:344,(anonymous_20)
FN:367,(anonymous_21)
FN:379,(anonymous_22)
FNF:21
FNH:0
FNDA:0,AddProductPage
FNDA:0,(anonymous_3)
FNDA:0,(anonymous_4)
FNDA:0,(anonymous_5)
FNDA:0,(anonymous_6)
FNDA:0,(anonymous_7)
FNDA:0,(anonymous_8)
FNDA:0,(anonymous_9)
FNDA:0,(anonymous_10)
FNDA:0,(anonymous_11)
FNDA:0,(anonymous_12)
FNDA:0,(anonymous_13)
FNDA:0,(anonymous_14)
FNDA:0,(anonymous_15)
FNDA:0,(anonymous_16)
FNDA:0,(anonymous_17)
FNDA:0,(anonymous_18)
FNDA:0,(anonymous_19)
FNDA:0,(anonymous_20)
FNDA:0,(anonymous_21)
FNDA:0,(anonymous_22)
DA:5,0
DA:6,0
DA:7,0
DA:8,0
DA:9,0
DA:10,0
DA:12,0
DA:13,0
DA:15,0
DA:16,0
DA:17,0
DA:18,0
DA:22,0
DA:39,0
DA:44,0
DA:45,0
DA:48,0
DA:49,0
DA:50,0
DA:51,0
DA:53,0
DA:58,0
DA:59,0
DA:60,0
DA:61,0
DA:63,0
DA:68,0
DA:69,0
DA:70,0
DA:76,0
DA:77,0
DA:80,0
DA:81,0
DA:82,0
DA:85,0
DA:89,0
DA:90,0
DA:93,0
DA:94,0
DA:122,0
DA:321,0
DA:324,0
DA:341,0
DA:344,0
DA:368,0
DA:379,0
LF:46
LH:0
BRDA:50,0,0,0
BRDA:50,0,1,0
BRDA:60,1,0,0
BRDA:60,1,1,0
BRDA:127,2,0,0
BRDA:127,2,1,0
BRDA:326,3,0,0
BRDA:326,3,1,0
BRDA:346,4,0,0
BRDA:346,4,1,0
BRDA:371,5,0,0
BRDA:371,5,1,0
BRDA:414,6,0,0
BRDA:414,6,1,0
BRF:14
BRH:0
end_of_record
TN:
SF:app/admin/users/page.tsx
FN:36,(anonymous_2)
FN:85,UsersPage
FN:96,(anonymous_4)
FN:111,(anonymous_5)
FN:140,(anonymous_6)
FN:150,(anonymous_7)
FN:151,(anonymous_8)
FN:153,(anonymous_9)
FN:178,(anonymous_10)
FN:192,(anonymous_11)
FN:195,(anonymous_12)
FN:198,(anonymous_13)
FN:214,(anonymous_14)
FN:217,(anonymous_15)
FN:220,(anonymous_16)
FN:238,(anonymous_17)
FN:250,(anonymous_18)
FN:259,(anonymous_19)
FN:279,(anonymous_20)
FN:291,(anonymous_21)
FN:300,(anonymous_22)
FN:309,(anonymous_23)
FN:321,(anonymous_24)
FN:415,(anonymous_25)
FN:415,(anonymous_26)
FN:426,(anonymous_27)
FN:426,(anonymous_28)
FNF:27
FNH:0
FNDA:0,(anonymous_2)
FNDA:0,UsersPage
FNDA:0,(anonymous_4)
FNDA:0,(anonymous_5)
FNDA:0,(anonymous_6)
FNDA:0,(anonymous_7)
FNDA:0,(anonymous_8)
FNDA:0,(anonymous_9)
FNDA:0,(anonymous_10)
FNDA:0,(anonymous_11)
FNDA:0,(anonymous_12)
FNDA:0,(anonymous_13)
FNDA:0,(anonymous_14)
FNDA:0,(anonymous_15)
FNDA:0,(anonymous_16)
FNDA:0,(anonymous_17)
FNDA:0,(anonymous_18)
FNDA:0,(anonymous_19)
FNDA:0,(anonymous_20)
FNDA:0,(anonymous_21)
FNDA:0,(anonymous_22)
FNDA:0,(anonymous_23)
FNDA:0,(anonymous_24)
FNDA:0,(anonymous_25)
FNDA:0,(anonymous_26)
FNDA:0,(anonymous_27)
FNDA:0,(anonymous_28)
DA:3,0
DA:4,0
DA:18,0
DA:19,0
DA:25,0
DA:33,0
DA:36,0
DA:37,0
DA:38,0
DA:40,0
DA:41,0
DA:43,0
DA:55,0
DA:68,0
DA:69,0
DA:71,0
DA:85,0
DA:86,0
DA:87,0
DA:88,0
DA:89,0
DA:90,0
DA:91,0
DA:93,0
DA:96,0
DA:98,0
DA:104,0
DA:106,0
DA:108,0
DA:111,0
DA:112,0
DA:114,0
DA:115,0
DA:116,0
DA:119,0
DA:120,0
DA:121,0
DA:122,0
DA:123,0
DA:124,0
DA:125,0
DA:126,0
DA:130,0
DA:134,0
DA:135,0
DA:140,0
DA:141,0
DA:142,0
DA:144,0
DA:145,0
DA:150,0
DA:151,0
DA:153,0
DA:154,0
DA:178,0
DA:192,0
DA:196,0
DA:198,0
DA:214,0
DA:218,0
DA:220,0
DA:238,0
DA:250,0
DA:260,0
DA:261,0
DA:279,0
DA:291,0
DA:300,0
DA:309,0
DA:322,0
DA:415,0
DA:426,0
LF:72
LH:0
BRDA:75,0,0,0
BRDA:75,0,1,0
BRDA:75,1,0,0
BRDA:75,1,1,0
BRDA:78,2,0,0
BRDA:78,2,1,0
BRDA:98,3,0,0
BRDA:98,3,1,0
BRDA:98,3,2,0
BRDA:104,4,0,0
BRDA:104,4,1,0
BRDA:106,5,0,0
BRDA:106,5,1,0
BRDA:108,6,0,0
BRDA:108,6,1,0
BRDA:108,6,2,0
BRDA:112,7,0,0
BRDA:115,8,0,0
BRDA:115,8,1,0
BRDA:119,9,0,0
BRDA:119,9,1,0
BRDA:121,10,0,0
BRDA:121,10,1,0
BRDA:125,11,0,0
BRDA:130,12,0,0
BRDA:130,12,1,0
BRDA:141,13,0,0
BRDA:141,13,1,0
BRDA:142,14,0,0
BRDA:142,14,1,0
BRDA:198,15,0,0
BRDA:198,15,1,0
BRDA:200,16,0,0
BRDA:200,16,1,0
BRDA:231,17,0,0
BRDA:231,17,1,0
BRDA:233,18,0,0
BRDA:245,19,0,0
BRDA:257,20,0,0
BRDA:257,20,1,0
BRDA:321,21,0,0
BRDA:326,22,0,0
BRDA:326,22,1,0
BRDA:340,23,0,0
BRDA:340,23,1,0
BRDA:340,24,0,0
BRDA:340,24,1,0
BRDA:345,25,0,0
BRDA:345,25,1,0
BRDA:351,26,0,0
BRDA:351,26,1,0
BRDA:404,27,0,0
BRF:52
BRH:0
end_of_record
TN:
SF:app/api/community-fits/route.ts
FN:82,GET
FNF:1
FNH:0
FNDA:0,GET
DA:1,0
DA:19,0
DA:82,0
DA:84,0
LF:4
LH:0
BRF:0
BRH:0
end_of_record
TN:
SF:app/api/csrf-token/route.ts
FN:10,GET
FN:40,POST
FNF:2
FNH:0
FNDA:0,GET
FNDA:0,POST
DA:7,0
DA:8,0
DA:10,0
DA:11,0
DA:13,0
DA:16,0
DA:22,0
DA:30,0
DA:33,0
DA:40,0
DA:41,0
LF:11
LH:0
BRF:0
BRH:0
end_of_record
TN:
SF:app/api/middleware/error-handler.ts
FN:6,(anonymous_9)
FN:18,(anonymous_10)
FN:72,(anonymous_11)
FN:75,(anonymous_12)
FN:85,(anonymous_13)
FN:103,(anonymous_14)
FN:118,(anonymous_15)
FN:132,(anonymous_16)
FN:141,(anonymous_17)
FN:182,(anonymous_18)
FN:190,(anonymous_19)
FN:236,(anonymous_20)
FN:254,(anonymous_21)
FNF:13
FNH:0
FNDA:0,(anonymous_9)
FNDA:0,(anonymous_10)
FNDA:0,(anonymous_11)
FNDA:0,(anonymous_12)
FNDA:0,(anonymous_13)
FNDA:0,(anonymous_14)
FNDA:0,(anonymous_15)
FNDA:0,(anonymous_16)
FNDA:0,(anonymous_17)
FNDA:0,(anonymous_18)
FNDA:0,(anonymous_19)
FNDA:0,(anonymous_20)
FNDA:0,(anonymous_21)
DA:2,0
DA:5,0
DA:7,0
DA:8,0
DA:9,0
DA:10,0
DA:12,0
DA:13,0
DA:18,0
DA:19,0
DA:20,0
DA:21,0
DA:22,0
DA:24,0
DA:25,0
DA:26,0
DA:27,0
DA:28,0
DA:29,0
DA:30,0
DA:33,0
DA:34,0
DA:35,0
DA:36,0
DA:37,0
DA:38,0
DA:39,0
DA:40,0
DA:41,0
DA:42,0
DA:43,0
DA:44,0
DA:49,0
DA:53,0
DA:72,0
DA:75,0
DA:76,0
DA:77,0
DA:79,0
DA:85,0
DA:93,0
DA:96,0
DA:97,0
DA:98,0
DA:99,0
DA:101,0
DA:102,0
DA:103,0
DA:107,0
DA:112,0
DA:113,0
DA:114,0
DA:116,0
DA:117,0
DA:118,0
DA:124,0
DA:125,0
DA:130,0
DA:132,0
DA:138,0
DA:139,0
DA:141,0
DA:143,0
DA:144,0
DA:147,0
DA:149,0
DA:150,0
DA:154,0
DA:157,0
DA:160,0
DA:161,0
DA:163,0
DA:171,0
DA:172,0
DA:173,0
DA:174,0
DA:182,0
DA:190,0
DA:191,0
DA:192,0
DA:195,0
DA:196,0
DA:197,0
DA:198,0
DA:199,0
DA:200,0
DA:202,0
DA:203,0
DA:204,0
DA:208,0
DA:212,0
DA:213,0
DA:217,0
DA:218,0
DA:222,0
DA:223,0
DA:227,0
DA:228,0
DA:231,0
DA:236,0
DA:237,0
DA:239,0
DA:240,0
DA:245,0
DA:246,0
DA:250,0
DA:254,0
DA:258,0
DA:259,0
DA:260,0
DA:261,0
LF:111
LH:0
BRDA:24,0,0,0
BRDA:24,0,1,0
BRDA:27,1,0,0
BRDA:27,1,1,0
BRDA:29,2,0,0
BRDA:33,3,0,0
BRDA:33,3,1,0
BRDA:36,4,0,0
BRDA:36,4,1,0
BRDA:39,5,0,0
BRDA:39,5,1,0
BRDA:42,6,0,0
BRDA:49,7,0,0
BRDA:58,8,0,0
BRDA:58,8,1,0
BRDA:59,9,0,0
BRDA:59,9,1,0
BRDA:61,10,0,0
BRDA:61,10,1,0
BRDA:96,11,0,0
BRDA:96,12,0,0
BRDA:96,12,1,0
BRDA:101,13,0,0
BRDA:101,14,0,0
BRDA:101,14,1,0
BRDA:112,15,0,0
BRDA:116,16,0,0
BRDA:116,17,0,0
BRDA:116,17,1,0
BRDA:124,18,0,0
BRDA:133,19,0,0
BRDA:138,20,0,0
BRDA:138,20,1,0
BRDA:139,21,0,0
BRDA:139,21,1,0
BRDA:143,22,0,0
BRDA:143,22,1,0
BRDA:143,22,2,0
BRDA:149,23,0,0
BRDA:149,24,0,0
BRDA:149,24,1,0
BRDA:160,25,0,0
BRDA:171,26,0,0
BRDA:173,27,0,0
BRDA:183,28,0,0
BRDA:195,29,0,0
BRDA:195,29,1,0
BRDA:196,30,0,0
BRDA:196,30,1,0
BRDA:198,31,0,0
BRDA:198,31,1,0
BRDA:199,32,0,0
BRDA:199,33,0,0
BRDA:199,33,1,0
BRDA:202,34,0,0
BRDA:203,35,0,0
BRDA:203,36,0,0
BRDA:203,36,1,0
BRDA:212,37,0,0
BRDA:217,38,0,0
BRDA:222,39,0,0
BRDA:227,40,0,0
BRDA:239,41,0,0
BRDA:245,42,0,0
BRDA:245,43,0,0
BRDA:245,43,1,0
BRDA:260,44,0,0
BRF:67
BRH:0
end_of_record
TN:
SF:app/api/payments/create-intent/route.ts
FN:21,checkRateLimit
FN:40,POST
FN:185,GET
FN:189,PUT
FN:193,DELETE
FNF:5
FNH:0
FNDA:0,checkRateLimit
FNDA:0,POST
FNDA:0,GET
FNDA:0,PUT
FNDA:0,DELETE
DA:2,0
DA:3,0
DA:4,0
DA:5,0
DA:6,0
DA:9,0
DA:10,0
DA:17,0
DA:18,0
DA:19,0
DA:22,0
DA:23,0
DA:24,0
DA:29,0
DA:30,0
DA:31,0
DA:33,0
DA:36,0
DA:37,0
DA:40,0
DA:41,0
DA:43,0
DA:44,0
DA:45,0
DA:52,0
DA:53,0
DA:55,0
DA:60,0
DA:67,0
DA:68,0
DA:69,0
DA:70,0
DA:78,0
DA:79,0
DA:80,0
DA:82,0
DA:88,0
DA:89,0
DA:96,0
DA:97,0
DA:99,0
DA:100,0
DA:104,0
DA:105,0
DA:109,0
DA:111,0
DA:112,0
DA:119,0
DA:120,0
DA:121,0
DA:126,0
DA:133,0
DA:150,0
DA:157,0
DA:164,0
DA:166,0
DA:171,0
DA:185,0
DA:186,0
DA:189,0
DA:190,0
DA:193,0
DA:194,0
LF:63
LH:0
BRDA:9,0,0,0
BRDA:9,0,1,0
BRDA:10,1,0,0
BRDA:10,1,1,0
BRDA:24,2,0,0
BRDA:24,2,1,0
BRDA:29,3,0,0
BRDA:29,3,1,0
BRDA:43,4,0,0
BRDA:57,5,0,0
BRDA:57,5,1,0
BRDA:58,6,0,0
BRDA:58,6,1,0
BRDA:67,7,0,0
BRDA:67,7,1,0
BRDA:67,7,2,0
BRDA:68,8,0,0
BRDA:88,9,0,0
BRDA:88,10,0,0
BRDA:88,10,1,0
BRDA:88,10,2,0
BRDA:99,11,0,0
BRDA:104,12,0,0
BRDA:104,13,0,0
BRDA:104,13,1,0
BRDA:109,14,0,0
BRDA:109,14,1,0
BRDA:111,15,0,0
BRDA:120,16,0,0
BRDA:135,17,0,0
BRDA:135,17,1,0
BRDA:138,18,0,0
BRDA:138,18,1,0
BRDA:164,19,0,0
BRDA:164,19,1,0
BRDA:168,20,0,0
BRDA:168,20,1,0
BRDA:175,21,0,0
BRDA:175,21,1,0
BRF:39
BRH:0
end_of_record
TN:
SF:app/api/payments/create-payment-intent/route.ts
FN:15,(anonymous_3)
FN:19,(anonymous_4)
FN:30,(anonymous_5)
FN:41,(anonymous_6)
FN:50,(anonymous_7)
FN:55,(anonymous_8)
FN:59,(anonymous_9)
FN:63,(anonymous_10)
FN:71,(anonymous_11)
FN:77,(anonymous_12)
FN:112,(anonymous_13)
FN:121,(anonymous_14)
FN:122,(anonymous_15)
FN:145,(anonymous_16)
FN:161,(anonymous_17)
FN:230,(anonymous_18)
FNF:16
FNH:0
FNDA:0,(anonymous_3)
FNDA:0,(anonymous_4)
FNDA:0,(anonymous_5)
FNDA:0,(anonymous_6)
FNDA:0,(anonymous_7)
FNDA:0,(anonymous_8)
FNDA:0,(anonymous_9)
FNDA:0,(anonymous_10)
FNDA:0,(anonymous_11)
FNDA:0,(anonymous_12)
FNDA:0,(anonymous_13)
FNDA:0,(anonymous_14)
FNDA:0,(anonymous_15)
FNDA:0,(anonymous_16)
FNDA:0,(anonymous_17)
FNDA:0,(anonymous_18)
DA:3,0
DA:4,0
DA:5,0
DA:6,0
DA:7,0
DA:10,0
DA:15,0
DA:19,0
DA:30,0
DA:41,0
DA:50,0
DA:55,0
DA:59,0
DA:63,0
DA:71,0
DA:77,0
DA:78,0
DA:80,0
DA:82,0
DA:83,0
DA:92,0
DA:93,0
DA:95,0
DA:104,0
DA:105,0
DA:107,0
DA:108,0
DA:112,0
DA:115,0
DA:118,0
DA:121,0
DA:122,0
DA:125,0
DA:126,0
DA:133,0
DA:141,0
DA:142,0
DA:145,0
DA:151,0
DA:161,0
DA:170,0
DA:171,0
DA:172,0
DA:173,0
DA:175,0
DA:179,0
DA:186,0
DA:195,0
DA:205,0
DA:212,0
DA:213,0
DA:221,0
DA:230,0
DA:231,0
DA:233,0
DA:235,0
DA:236,0
DA:244,0
DA:245,0
DA:247,0
DA:248,0
DA:256,0
DA:257,0
DA:269,0
DA:282,0
DA:283,0
DA:290,0
DA:298,0
DA:308,0
DA:314,0
DA:323,0
DA:330,0
LF:72
LH:0
BRDA:41,0,0,0
BRDA:41,0,1,0
BRDA:59,1,0,0
BRDA:59,1,1,0
BRDA:82,2,0,0
BRDA:107,3,0,0
BRDA:125,4,0,0
BRDA:141,5,0,0
BRDA:141,6,0,0
BRDA:141,6,1,0
BRDA:170,7,0,0
BRDA:206,8,0,0
BRDA:206,8,1,0
BRDA:207,9,0,0
BRDA:207,9,1,0
BRDA:212,10,0,0
BRDA:235,11,0,0
BRDA:247,12,0,0
BRDA:256,13,0,0
BRDA:282,14,0,0
BRDA:309,15,0,0
BRDA:309,15,1,0
BRF:22
BRH:0
end_of_record
TN:
SF:app/api/products/route.refactored.ts
FN:118,(anonymous_3)
FN:148,(anonymous_4)
FN:192,(anonymous_5)
FN:219,(anonymous_6)
FN:251,(anonymous_7)
FN:268,(anonymous_8)
FN:309,(anonymous_9)
FN:314,(anonymous_10)
FN:317,(anonymous_11)
FN:374,(anonymous_12)
FN:388,(anonymous_13)
FN:399,(anonymous_14)
FN:407,(anonymous_15)
FN:414,(anonymous_16)
FN:436,GET
FN:440,POST
FNF:16
FNH:0
FNDA:0,(anonymous_3)
FNDA:0,(anonymous_4)
FNDA:0,(anonymous_5)
FNDA:0,(anonymous_6)
FNDA:0,(anonymous_7)
FNDA:0,(anonymous_8)
FNDA:0,(anonymous_9)
FNDA:0,(anonymous_10)
FNDA:0,(anonymous_11)
FNDA:0,(anonymous_12)
FNDA:0,(anonymous_13)
FNDA:0,(anonymous_14)
FNDA:0,(anonymous_15)
FNDA:0,(anonymous_16)
FNDA:0,GET
FNDA:0,POST
DA:13,0
DA:14,0
DA:17,0
DA:19,0
DA:20,0
DA:23,0
DA:110,0
DA:111,0
DA:112,0
DA:119,0
DA:121,0
DA:123,0
DA:124,0
DA:126,0
DA:127,0
DA:128,0
DA:131,0
DA:134,0
DA:135,0
DA:136,0
DA:140,0
DA:147,0
DA:148,0
DA:152,0
DA:173,0
DA:183,0
DA:184,0
DA:193,0
DA:198,0
DA:201,0
DA:211,0
DA:212,0
DA:213,0
DA:216,0
DA:219,0
DA:222,0
DA:229,0
DA:230,0
DA:234,0
DA:236,0
DA:244,0
DA:245,0
DA:252,0
DA:253,0
DA:256,0
DA:258,0
DA:259,0
DA:260,0
DA:263,0
DA:264,0
DA:267,0
DA:268,0
DA:269,0
DA:270,0
DA:274,0
DA:275,0
DA:278,0
DA:279,0
DA:282,0
DA:283,0
DA:287,0
DA:289,0
DA:290,0
DA:292,0
DA:293,0
DA:295,0
DA:296,0
DA:300,0
DA:301,0
DA:304,0
DA:309,0
DA:316,0
DA:318,0
DA:319,0
DA:327,0
DA:328,0
DA:330,0
DA:349,0
DA:350,0
DA:356,0
DA:357,0
DA:371,0
DA:375,0
DA:377,0
DA:378,0
DA:379,0
DA:380,0
DA:381,0
DA:382,0
DA:383,0
DA:385,0
DA:391,0
DA:400,0
DA:408,0
DA:416,0
DA:417,0
DA:419,0
DA:420,0
DA:422,0
DA:423,0
DA:429,0
DA:434,0
DA:436,0
DA:437,0
DA:440,0
DA:441,0
LF:106
LH:0
BRDA:127,0,0,0
BRDA:135,1,0,0
BRDA:212,2,0,0
BRDA:229,3,0,0
BRDA:258,4,0,0
BRDA:263,5,0,0
BRDA:267,6,0,0
BRDA:274,7,0,0
BRDA:278,8,0,0
BRDA:278,9,0,0
BRDA:278,9,1,0
BRDA:282,10,0,0
BRDA:287,11,0,0
BRDA:287,11,1,0
BRDA:287,11,2,0
BRDA:306,12,0,0
BRDA:306,12,1,0
BRDA:309,13,0,0
BRDA:309,13,1,0
BRDA:319,14,0,0
BRDA:319,14,1,0
BRDA:337,15,0,0
BRDA:337,15,1,0
BRDA:349,16,0,0
BRDA:356,17,0,0
BRDA:377,18,0,0
BRDA:378,19,0,0
BRDA:379,20,0,0
BRDA:380,21,0,0
BRDA:381,22,0,0
BRDA:382,23,0,0
BRDA:383,24,0,0
BRDA:416,25,0,0
BRDA:419,26,0,0
BRDA:422,27,0,0
BRF:35
BRH:0
end_of_record
TN:
SF:app/api/quick-products/route.ts
FN:3,GET
FN:12,(anonymous_2)
FN:27,(anonymous_3)
FNF:3
FNH:0
FNDA:0,GET
FNDA:0,(anonymous_2)
FNDA:0,(anonymous_3)
DA:1,0
DA:3,0
DA:4,0
DA:6,0
DA:12,0
DA:13,0
DA:14,0
DA:27,0
DA:34,0
DA:47,0
LF:10
LH:0
BRDA:17,0,0,0
BRDA:17,0,1,0
BRDA:20,1,0,0
BRDA:20,1,1,0
BRDA:20,1,2,0
BRDA:22,2,0,0
BRDA:22,2,1,0
BRDA:23,3,0,0
BRDA:23,3,1,0
BRDA:49,4,0,0
BRDA:49,4,1,0
BRF:11
BRH:0
end_of_record
TN:
SF:app/api/reviews/[productId]/route.ts
FN:40,GET
FN:50,(anonymous_2)
FN:54,(anonymous_3)
FNF:3
FNH:0
FNDA:0,GET
FNDA:0,(anonymous_2)
FNDA:0,(anonymous_3)
DA:1,0
DA:3,0
DA:40,0
DA:44,0
DA:46,0
DA:50,0
DA:52,0
DA:54,0
LF:8
LH:0
BRDA:46,0,0,0
BRDA:46,0,1,0
BRF:2
BRH:0
end_of_record
TN:
SF:app/api/webhooks/stripe/route.ts
FN:15,validateWebhookSecurity
FN:29,POST
FNF:2
FNH:0
FNDA:0,validateWebhookSecurity
FNDA:0,POST
DA:1,0
DA:2,0
DA:3,0
DA:4,0
DA:7,0
DA:8,0
DA:12,0
DA:16,0
DA:17,0
DA:18,0
DA:21,0
DA:22,0
DA:23,0
DA:26,0
DA:29,0
DA:30,0
DA:31,0
DA:34,0
DA:35,0
DA:36,0
DA:43,0
DA:44,0
DA:52,0
DA:54,0
DA:57,0
DA:62,0
DA:63,0
DA:68,0
DA:75,0
DA:76,0
DA:78,0
DA:80,0
DA:82,0
DA:83,0
DA:85,0
DA:87,0
DA:91,0
DA:101,0
DA:107,0
DA:112,0
DA:115,0
DA:117,0
DA:118,0
DA:124,0
DA:133,0
DA:138,0
DA:141,0
DA:143,0
DA:145,0
DA:158,0
DA:164,0
DA:168,0
DA:174,0
DA:178,0
DA:183,0
DA:186,0
DA:189,0
DA:197,0
LF:58
LH:0
BRDA:7,0,0,0
BRDA:7,0,1,0
BRDA:8,1,0,0
BRDA:8,1,1,0
BRDA:12,2,0,0
BRDA:12,2,1,0
BRDA:16,3,0,0
BRDA:21,4,0,0
BRDA:31,5,0,0
BRDA:31,5,1,0
BRDA:34,6,0,0
BRDA:43,7,0,0
BRDA:62,8,0,0
BRDA:62,8,1,0
BRDA:65,9,0,0
BRDA:65,9,1,0
BRDA:76,10,0,0
BRDA:76,10,1,0
BRDA:76,10,2,0
BRDA:76,10,3,0
BRDA:76,10,4,0
BRDA:76,10,5,0
BRDA:76,10,6,0
BRDA:85,11,0,0
BRDA:85,12,0,0
BRDA:85,12,1,0
BRDA:91,13,0,0
BRDA:124,14,0,0
BRF:28
BRH:0
end_of_record
TN:
SF:app/categories-demo/page.tsx
FN:22,CategoriesDemoPage
FNF:1
FNH:0
FNDA:0,CategoriesDemoPage
DA:1,0
DA:2,0
DA:3,0
DA:6,0
DA:17,0
DA:22,0
LF:6
LH:0
BRF:0
BRH:0
end_of_record
TN:
SF:app/checkout/page.tsx
FN:21,(anonymous_5)
FN:21,(anonymous_6)
FN:21,(anonymous_7)
FN:40,CheckoutPage
FN:67,(anonymous_11)
FN:70,(anonymous_12)
FN:80,(anonymous_13)
FN:86,(anonymous_14)
FN:95,(anonymous_15)
FN:101,(anonymous_16)
FN:138,(anonymous_17)
FN:163,(anonymous_18)
FN:260,(anonymous_19)
FN:276,(anonymous_20)
FN:288,(anonymous_21)
FN:300,(anonymous_22)
FN:311,(anonymous_23)
FN:323,(anonymous_24)
FN:335,(anonymous_25)
FN:346,(anonymous_26)
FN:363,(anonymous_27)
FN:395,(anonymous_28)
FN:406,(anonymous_29)
FN:436,(anonymous_30)
FN:456,(anonymous_31)
FN:468,(anonymous_32)
FN:486,(anonymous_33)
FNF:27
FNH:0
FNDA:0,(anonymous_5)
FNDA:0,(anonymous_6)
FNDA:0,(anonymous_7)
FNDA:0,CheckoutPage
FNDA:0,(anonymous_11)
FNDA:0,(anonymous_12)
FNDA:0,(anonymous_13)
FNDA:0,(anonymous_14)
FNDA:0,(anonymous_15)
FNDA:0,(anonymous_16)
FNDA:0,(anonymous_17)
FNDA:0,(anonymous_18)
FNDA:0,(anonymous_19)
FNDA:0,(anonymous_20)
FNDA:0,(anonymous_21)
FNDA:0,(anonymous_22)
FNDA:0,(anonymous_23)
FNDA:0,(anonymous_24)
FNDA:0,(anonymous_25)
FNDA:0,(anonymous_26)
FNDA:0,(anonymous_27)
FNDA:0,(anonymous_28)
FNDA:0,(anonymous_29)
FNDA:0,(anonymous_30)
FNDA:0,(anonymous_31)
FNDA:0,(anonymous_32)
FNDA:0,(anonymous_33)
DA:4,0
DA:5,0
DA:6,0
DA:7,0
DA:8,0
DA:9,0
DA:10,0
DA:11,0
DA:12,0
DA:13,0
DA:15,0
DA:16,0
DA:17,0
DA:21,0
DA:40,0
DA:41,0
DA:42,0
DA:43,0
DA:44,0
DA:47,0
DA:50,0
DA:51,0
DA:61,0
DA:62,0
DA:67,0
DA:68,0
DA:69,0
DA:70,0
DA:80,0
DA:81,0
DA:82,0
DA:86,0
DA:87,0
DA:93,0
DA:94,0
DA:95,0
DA:98,0
DA:99,0
DA:101,0
DA:102,0
DA:104,0
DA:106,0
DA:107,0
DA:109,0
DA:116,0
DA:123,0
DA:125,0
DA:128,0
DA:134,0
DA:138,0
DA:139,0
DA:141,0
DA:143,0
DA:144,0
DA:146,0
DA:150,0
DA:153,0
DA:159,0
DA:163,0
DA:165,0
DA:168,0
DA:169,0
DA:260,0
DA:277,0
DA:289,0
DA:301,0
DA:312,0
DA:324,0
DA:336,0
DA:347,0
DA:364,0
DA:396,0
DA:407,0
DA:436,0
DA:458,0
DA:468,0
DA:487,0
LF:77
LH:0
BRDA:68,0,0,0
BRDA:68,1,0,0
BRDA:68,1,1,0
BRDA:81,2,0,0
BRDA:81,3,0,0
BRDA:81,3,1,0
BRDA:94,4,0,0
BRDA:94,4,1,0
BRDA:95,5,0,0
BRDA:95,5,1,0
BRDA:104,6,0,0
BRDA:141,7,0,0
BRDA:141,8,0,0
BRDA:141,8,1,0
BRDA:168,9,0,0
BRDA:196,10,0,0
BRDA:196,10,1,0
BRDA:200,11,0,0
BRDA:200,11,1,0
BRDA:211,12,0,0
BRDA:211,12,1,0
BRDA:215,13,0,0
BRDA:215,13,1,0
BRDA:226,14,0,0
BRDA:226,14,1,0
BRDA:230,15,0,0
BRDA:230,15,1,0
BRDA:243,16,0,0
BRDA:383,17,0,0
BRDA:390,18,0,0
BRDA:390,18,1,0
BRDA:415,19,0,0
BRDA:423,20,0,0
BRDA:423,20,1,0
BRDA:443,21,0,0
BRDA:443,21,1,0
BRDA:452,22,0,0
BRDA:460,23,0,0
BRDA:460,23,1,0
BRDA:490,24,0,0
BRDA:490,24,1,0
BRDA:524,25,0,0
BRDA:524,25,1,0
BRF:43
BRH:0
end_of_record
TN:
SF:app/hooks/use-product-card.ts
FN:44,useProductCard
FN:61,(anonymous_5)
FN:67,(anonymous_6)
FN:71,(anonymous_7)
FN:82,(anonymous_8)
FN:83,(anonymous_9)
FN:94,(anonymous_10)
FN:101,(anonymous_11)
FN:110,(anonymous_12)
FN:120,(anonymous_13)
FN:134,(anonymous_14)
FN:141,(anonymous_15)
FN:154,(anonymous_16)
FN:164,(anonymous_17)
FN:176,(anonymous_18)
FN:177,(anonymous_19)
FN:188,(anonymous_20)
FN:205,(anonymous_21)
FN:206,(anonymous_22)
FN:223,(anonymous_23)
FN:240,(anonymous_24)
FN:270,useProductCardData
FN:271,(anonymous_26)
FN:292,(anonymous_27)
FN:303,useBatchProductOperations
FN:307,(anonymous_29)
FN:312,(anonymous_30)
FN:314,(anonymous_31)
FN:320,(anonymous_32)
FN:330,(anonymous_33)
FN:335,(anonymous_34)
FNF:31
FNH:0
FNDA:0,useProductCard
FNDA:0,(anonymous_5)
FNDA:0,(anonymous_6)
FNDA:0,(anonymous_7)
FNDA:0,(anonymous_8)
FNDA:0,(anonymous_9)
FNDA:0,(anonymous_10)
FNDA:0,(anonymous_11)
FNDA:0,(anonymous_12)
FNDA:0,(anonymous_13)
FNDA:0,(anonymous_14)
FNDA:0,(anonymous_15)
FNDA:0,(anonymous_16)
FNDA:0,(anonymous_17)
FNDA:0,(anonymous_18)
FNDA:0,(anonymous_19)
FNDA:0,(anonymous_20)
FNDA:0,(anonymous_21)
FNDA:0,(anonymous_22)
FNDA:0,(anonymous_23)
FNDA:0,(anonymous_24)
FNDA:0,useProductCardData
FNDA:0,(anonymous_26)
FNDA:0,(anonymous_27)
FNDA:0,useBatchProductOperations
FNDA:0,(anonymous_29)
FNDA:0,(anonymous_30)
FNDA:0,(anonymous_31)
FNDA:0,(anonymous_32)
FNDA:0,(anonymous_33)
FNDA:0,(anonymous_34)
DA:14,0
DA:15,0
DA:44,0
DA:49,0
DA:52,0
DA:53,0
DA:54,0
DA:61,0
DA:62,0
DA:63,0
DA:64,0
DA:67,0
DA:71,0
DA:72,0
DA:74,0
DA:75,0
DA:82,0
DA:85,0
DA:86,0
DA:91,0
DA:95,0
DA:96,0
DA:98,0
DA:100,0
DA:101,0
DA:102,0
DA:110,0
DA:113,0
DA:114,0
DA:119,0
DA:120,0
DA:121,0
DA:122,0
DA:123,0
DA:127,0
DA:128,0
DA:130,0
DA:135,0
DA:136,0
DA:138,0
DA:140,0
DA:141,0
DA:142,0
DA:143,0
DA:144,0
DA:146,0
DA:154,0
DA:157,0
DA:158,0
DA:163,0
DA:164,0
DA:167,0
DA:168,0
DA:170,0
DA:176,0
DA:178,0
DA:179,0
DA:181,0
DA:188,0
DA:191,0
DA:196,0
DA:197,0
DA:199,0
DA:205,0
DA:207,0
DA:209,0
DA:217,0
DA:219,0
DA:224,0
DA:226,0
DA:234,0
DA:236,0
DA:241,0
DA:243,0
DA:250,0
DA:252,0
DA:257,0
DA:270,0
DA:271,0
DA:272,0
DA:273,0
DA:276,0
DA:277,0
DA:279,0
DA:292,0
DA:303,0
DA:304,0
DA:305,0
DA:307,0
DA:308,0
DA:309,0
DA:311,0
DA:314,0
DA:315,0
DA:319,0
DA:320,0
DA:321,0
DA:322,0
DA:326,0
DA:327,0
DA:330,0
DA:332,0
DA:333,0
DA:334,0
DA:337,0
DA:341,0
DA:345,0
LF:107
LH:0
BRDA:44,0,0,0
BRDA:46,1,0,0
BRDA:47,2,0,0
BRDA:48,3,0,0
BRDA:62,4,0,0
BRDA:62,4,1,0
BRDA:72,5,0,0
BRDA:72,6,0,0
BRDA:72,6,1,0
BRDA:85,7,0,0
BRDA:100,8,0,0
BRDA:113,9,0,0
BRDA:119,10,0,0
BRDA:140,11,0,0
BRDA:157,12,0,0
BRDA:163,13,0,0
BRDA:207,14,0,0
BRDA:224,15,0,0
BRDA:241,16,0,0
BRDA:272,17,0,0
BRDA:283,18,0,0
BRDA:283,18,1,0
BRDA:287,19,0,0
BRDA:287,19,1,0
BRDA:291,20,0,0
BRDA:291,20,1,0
BRDA:292,21,0,0
BRDA:292,21,1,0
BRDA:293,22,0,0
BRDA:293,22,1,0
BRDA:294,23,0,0
BRDA:294,23,1,0
BRDA:321,24,0,0
BRDA:322,25,0,0
BRDA:322,25,1,0
BRF:35
BRH:0
end_of_record
TN:
SF:app/order-confirmation/page.tsx
FN:58,OrderConfirmationPage
FN:66,(anonymous_3)
FN:72,(anonymous_4)
FN:103,(anonymous_5)
FN:110,(anonymous_6)
FN:257,(anonymous_7)
FN:312,(anonymous_8)
FNF:7
FNH:0
FNDA:0,OrderConfirmationPage
FNDA:0,(anonymous_3)
FNDA:0,(anonymous_4)
FNDA:0,(anonymous_5)
FNDA:0,(anonymous_6)
FNDA:0,(anonymous_7)
FNDA:0,(anonymous_8)
DA:3,0
DA:4,0
DA:5,0
DA:6,0
DA:7,0
DA:9,0
DA:10,0
DA:11,0
DA:12,0
DA:58,0
DA:59,0
DA:60,0
DA:61,0
DA:62,0
DA:63,0
DA:64,0
DA:66,0
DA:67,0
DA:68,0
DA:69,0
DA:72,0
DA:73,0
DA:74,0
DA:75,0
DA:77,0
DA:91,0
DA:96,0
DA:100,0
DA:103,0
DA:104,0
DA:110,0
DA:111,0
DA:118,0
DA:258,0
DA:312,0
LF:35
LH:0
BRDA:67,0,0,0
BRDA:80,1,0,0
BRDA:80,1,1,0
BRDA:86,2,0,0
BRDA:86,2,1,0
BRDA:87,3,0,0
BRDA:87,3,1,0
BRDA:89,4,0,0
BRDA:89,4,1,0
BRDA:103,5,0,0
BRDA:118,6,0,0
BRDA:160,7,0,0
BRDA:160,7,1,0
BRDA:180,8,0,0
BRDA:188,9,0,0
BRDA:201,10,0,0
BRDA:201,10,1,0
BRDA:232,11,0,0
BRDA:232,11,1,0
BRDA:236,12,0,0
BRDA:236,12,1,0
BRDA:240,13,0,0
BRDA:240,13,1,0
BRDA:244,14,0,0
BRDA:244,14,1,0
BRDA:253,15,0,0
BRDA:253,15,1,0
BRDA:264,16,0,0
BRDA:264,16,1,0
BRDA:273,17,0,0
BRDA:273,17,1,0
BRDA:277,18,0,0
BRDA:277,18,1,0
BRDA:306,19,0,0
BRF:34
BRH:0
end_of_record
TN:
SF:app/product/[slug]/ProductPageClient.tsx
FN:28,ProductPageClient
FN:40,(anonymous_3)
FN:68,(anonymous_4)
FN:72,(anonymous_5)
FN:73,(anonymous_6)
FN:78,(anonymous_7)
FN:164,(anonymous_8)
FN:168,(anonymous_9)
FN:225,(anonymous_10)
FN:230,(anonymous_11)
FN:245,(anonymous_12)
FN:245,(anonymous_13)
FN:256,(anonymous_14)
FN:256,(anonymous_15)
FN:289,(anonymous_16)
FNF:15
FNH:0
FNDA:0,ProductPageClient
FNDA:0,(anonymous_3)
FNDA:0,(anonymous_4)
FNDA:0,(anonymous_5)
FNDA:0,(anonymous_6)
FNDA:0,(anonymous_7)
FNDA:0,(anonymous_8)
FNDA:0,(anonymous_9)
FNDA:0,(anonymous_10)
FNDA:0,(anonymous_11)
FNDA:0,(anonymous_12)
FNDA:0,(anonymous_13)
FNDA:0,(anonymous_14)
FNDA:0,(anonymous_15)
FNDA:0,(anonymous_16)
DA:3,0
DA:4,0
DA:5,0
DA:6,0
DA:8,0
DA:9,0
DA:15,0
DA:16,0
DA:17,0
DA:18,0
DA:19,0
DA:20,0
DA:21,0
DA:28,0
DA:32,0
DA:33,0
DA:34,0
DA:36,0
DA:38,0
DA:40,0
DA:41,0
DA:43,0
DA:47,0
DA:53,0
DA:68,0
DA:72,0
DA:74,0
DA:78,0
DA:79,0
DA:80,0
DA:82,0
DA:89,0
DA:90,0
DA:92,0
DA:94,0
DA:97,0
DA:129,0
DA:130,0
DA:165,0
DA:168,0
DA:226,0
DA:230,0
DA:245,0
DA:256,0
DA:290,0
LF:45
LH:0
BRDA:41,0,0,0
BRDA:41,1,0,0
BRDA:41,1,1,0
BRDA:47,2,0,0
BRDA:57,3,0,0
BRDA:57,3,1,0
BRDA:61,4,0,0
BRDA:61,4,1,0
BRDA:61,5,0,0
BRDA:61,5,1,0
BRDA:65,6,0,0
BRDA:65,6,1,0
BRDA:66,7,0,0
BRDA:66,7,1,0
BRDA:68,8,0,0
BRDA:68,8,1,0
BRDA:69,9,0,0
BRDA:69,9,1,0
BRDA:70,10,0,0
BRDA:70,10,1,0
BRDA:72,11,0,0
BRDA:72,11,1,0
BRDA:73,12,0,0
BRDA:73,12,1,0
BRDA:74,13,0,0
BRDA:74,13,1,0
BRDA:79,14,0,0
BRDA:79,15,0,0
BRDA:79,15,1,0
BRDA:79,15,2,0
BRDA:79,15,3,0
BRDA:89,16,0,0
BRDA:89,16,1,0
BRDA:129,17,0,0
BRDA:129,17,1,0
BRDA:130,18,0,0
BRDA:130,18,1,0
BRDA:136,19,0,0
BRDA:154,20,0,0
BRDA:154,20,1,0
BRDA:167,21,0,0
BRDA:167,21,1,0
BRDA:171,22,0,0
BRDA:171,22,1,0
BRDA:187,23,0,0
BRDA:199,24,0,0
BRDA:229,25,0,0
BRDA:229,25,1,0
BRDA:269,26,0,0
BRDA:269,26,1,0
BRDA:276,27,0,0
BRDA:276,27,1,0
BRDA:278,28,0,0
BRDA:278,28,1,0
BRDA:300,29,0,0
BRDA:300,29,1,0
BRDA:300,29,2,0
BRF:57
BRH:0
end_of_record
TN:
SF:app/product/[slug]/page.tsx
FN:1,ProductPage
FNF:1
FNH:0
FNDA:0,ProductPage
DA:1,0
LF:1
LH:0
BRF:0
BRH:0
end_of_record
TN:
SF:app/search/page.tsx
FN:7,SearchPageComponent
FN:30,generateMetadata
FN:58,SearchPage
FN:74,SearchPageSkeleton
FN:93,(anonymous_8)
FN:97,(anonymous_9)
FN:109,(anonymous_10)
FNF:7
FNH:0
FNDA:0,SearchPageComponent
FNDA:0,generateMetadata
FNDA:0,SearchPage
FNDA:0,SearchPageSkeleton
FNDA:0,(anonymous_8)
FNDA:0,(anonymous_9)
FNDA:0,(anonymous_10)
DA:1,0
DA:3,0
DA:4,0
DA:30,0
DA:31,0
DA:32,0
DA:34,0
DA:35,0
DA:37,0
DA:38,0
DA:39,0
DA:42,0
DA:43,0
DA:44,0
DA:47,0
DA:58,0
DA:59,0
DA:94,0
DA:98,0
DA:110,0
LF:20
LH:0
BRDA:12,0,0,0
BRDA:31,1,0,0
BRDA:31,1,1,0
BRDA:32,2,0,0
BRDA:32,2,1,0
BRDA:37,3,0,0
BRDA:42,4,0,0
BRDA:59,5,0,0
BRDA:59,5,1,0
BRF:9
BRH:0
end_of_record
TN:
SF:app/sign-in/[[...sign-in]]/page.tsx
FN:4,SignInPage
FNF:1
FNH:0
FNDA:0,SignInPage
DA:1,0
DA:2,0
DA:4,0
LF:3
LH:0
BRF:0
BRH:0
end_of_record
TN:
SF:app/sign-up/[[...sign-up]]/page.tsx
FN:4,SignUpPage
FNF:1
FNH:0
FNDA:0,SignUpPage
DA:1,0
DA:2,0
DA:4,0
LF:3
LH:0
BRF:0
BRH:0
end_of_record
TN:
SF:app/studio/[[...tool]]/page.tsx
FN:18,(anonymous_8)
FN:18,(anonymous_9)
FN:18,(anonymous_10)
FN:29,StudioPage
FNF:4
FNH:0
FNDA:0,(anonymous_8)
FNDA:0,(anonymous_9)
FNDA:0,(anonymous_10)
FNDA:0,StudioPage
DA:9,0
DA:10,0
DA:14,0
DA:18,0
DA:29,0
LF:5
LH:0
BRF:0
BRH:0
end_of_record
TN:
SF:app/test/page.tsx
FN:1,TestPage
FNF:1
FNH:0
FNDA:0,TestPage
DA:1,0
LF:1
LH:0
BRF:0
BRH:0
end_of_record
TN:
SF:app/wishlist/page.tsx
FN:4,WishlistPage
FNF:1
FNH:0
FNDA:0,WishlistPage
DA:1,0
DA:2,0
DA:4,0
LF:3
LH:0
BRF:0
BRH:0
end_of_record
TN:
SF:components/QuickViewModal.tsx
FN:9,(anonymous_5)
FN:9,(anonymous_6)
FN:9,(anonymous_7)
FN:44,QuickViewModal
FNF:4
FNH:0
FNDA:0,(anonymous_5)
FNDA:0,(anonymous_6)
FNDA:0,(anonymous_7)
FNDA:0,QuickViewModal
DA:3,0
DA:4,0
DA:5,0
DA:9,0
DA:44,0
DA:45,0
DA:48,0
LF:7
LH:0
BRDA:48,0,0,0
BRDA:48,1,0,0
BRDA:48,1,1,0
BRF:3
BRH:0
end_of_record
TN:
SF:components/auth-modal.tsx
FNF:0
FNH:0
DA:2,0
LF:1
LH:0
BRF:0
BRH:0
end_of_record
TN:
SF:components/bottom-nav.tsx
FN:11,BottomNav
FN:17,(anonymous_3)
FN:18,(anonymous_4)
FN:33,(anonymous_5)
FN:36,(anonymous_6)
FN:47,(anonymous_7)
FN:132,(anonymous_8)
FNF:7
FNH:0
FNDA:0,BottomNav
FNDA:0,(anonymous_3)
FNDA:0,(anonymous_4)
FNDA:0,(anonymous_5)
FNDA:0,(anonymous_6)
FNDA:0,(anonymous_7)
FNDA:0,(anonymous_8)
DA:3,0
DA:5,0
DA:6,0
DA:9,0
DA:11,0
DA:12,0
DA:13,0
DA:14,0
DA:15,0
DA:17,0
DA:18,0
DA:20,0
DA:23,0
DA:24,0
DA:26,0
DA:30,0
DA:31,0
DA:33,0
DA:36,0
DA:38,0
DA:40,0
DA:43,0
DA:47,0
DA:49,0
DA:132,0
LF:25
LH:0
BRDA:20,0,0,0
BRDA:20,0,1,0
BRDA:23,1,0,0
BRDA:23,1,1,0
BRDA:38,2,0,0
BRDA:40,3,0,0
BRDA:40,3,1,0
BRDA:49,4,0,0
BRDA:55,5,0,0
BRDA:55,5,1,0
BRDA:85,6,0,0
BRDA:87,7,0,0
BRDA:87,7,1,0
BRDA:106,8,0,0
BRF:14
BRH:0
end_of_record
TN:
SF:components/cart-sidebar.tsx
FN:9,CartSidebar
FN:25,(anonymous_3)
FN:39,(anonymous_4)
FN:49,(anonymous_5)
FN:66,(anonymous_6)
FN:122,(anonymous_7)
FN:157,(anonymous_8)
FN:174,(anonymous_9)
FN:189,(anonymous_10)
FNF:9
FNH:0
FNDA:0,CartSidebar
FNDA:0,(anonymous_3)
FNDA:0,(anonymous_4)
FNDA:0,(anonymous_5)
FNDA:0,(anonymous_6)
FNDA:0,(anonymous_7)
FNDA:0,(anonymous_8)
FNDA:0,(anonymous_9)
FNDA:0,(anonymous_10)
DA:3,0
DA:4,0
DA:5,0
DA:7,0
DA:9,0
DA:21,0
DA:23,0
DA:25,0
DA:30,0
DA:32,0
DA:33,0
DA:39,0
DA:40,0
DA:42,0
DA:43,0
DA:49,0
DA:50,0
DA:56,0
DA:57,0
DA:58,0
DA:67,0
DA:68,0
DA:123,0
DA:158,0
DA:175,0
DA:189,0
LF:26
LH:0
BRDA:23,0,0,0
BRDA:32,1,0,0
BRDA:42,2,0,0
BRDA:57,3,0,0
BRDA:57,3,1,0
BRDA:67,4,0,0
BRDA:67,5,0,0
BRDA:67,5,1,0
BRDA:92,6,0,0
BRDA:110,7,0,0
BRDA:129,8,0,0
BRDA:129,8,1,0
BRDA:149,9,0,0
BRDA:199,10,0,0
BRDA:199,10,1,0
BRDA:202,11,0,0
BRDA:216,12,0,0
BRDA:219,13,0,0
BRDA:233,14,0,0
BRDA:233,14,1,0
BRF:20
BRH:0
end_of_record
TN:
SF:components/category-icons.tsx
FN:151,getCategoryIcon
FNF:1
FNH:0
FNDA:0,getCategoryIcon
DA:14,0
DA:29,0
DA:47,0
DA:63,0
DA:79,0
DA:95,0
DA:151,0
DA:152,0
DA:155,0
DA:156,0
DA:160,0
DA:161,0
DA:162,0
DA:167,0
LF:14
LH:0
BRDA:155,0,0,0
BRDA:161,1,0,0
BRDA:161,2,0,0
BRDA:161,2,1,0
BRF:4
BRH:0
end_of_record
TN:
SF:components/category-page-client.tsx
FNF:0
FNH:0
DA:2,0
LF:1
LH:0
BRF:0
BRH:0
end_of_record
TN:
SF:components/category-scroll-v2.tsx
FN:26,(anonymous_4)
FN:90,CategoryScrollV2
FN:101,(anonymous_6)
FN:116,(anonymous_7)
FN:136,(anonymous_8)
FN:137,(anonymous_9)
FN:146,(anonymous_10)
FN:150,(anonymous_11)
FN:158,(anonymous_12)
FN:162,(anonymous_13)
FN:165,(anonymous_14)
FN:174,(anonymous_15)
FN:195,(anonymous_16)
FN:208,(anonymous_17)
FN:233,(anonymous_18)
FN:266,(anonymous_19)
FN:269,(anonymous_20)
FN:314,CategoryScrollV2Skeleton
FN:327,(anonymous_22)
FNF:19
FNH:0
FNDA:0,(anonymous_4)
FNDA:0,CategoryScrollV2
FNDA:0,(anonymous_6)
FNDA:0,(anonymous_7)
FNDA:0,(anonymous_8)
FNDA:0,(anonymous_9)
FNDA:0,(anonymous_10)
FNDA:0,(anonymous_11)
FNDA:0,(anonymous_12)
FNDA:0,(anonymous_13)
FNDA:0,(anonymous_14)
FNDA:0,(anonymous_15)
FNDA:0,(anonymous_16)
FNDA:0,(anonymous_17)
FNDA:0,(anonymous_18)
FNDA:0,(anonymous_19)
FNDA:0,(anonymous_20)
FNDA:0,CategoryScrollV2Skeleton
FNDA:0,(anonymous_22)
DA:3,0
DA:4,0
DA:5,0
DA:6,0
DA:8,0
DA:26,0
DA:88,0
DA:90,0
DA:95,0
DA:96,0
DA:97,0
DA:98,0
DA:101,0
DA:102,0
DA:104,0
DA:105,0
DA:106,0
DA:109,0
DA:110,0
DA:111,0
DA:116,0
DA:117,0
DA:119,0
DA:120,0
DA:121,0
DA:122,0
DA:124,0
DA:125,0
DA:129,0
DA:136,0
DA:137,0
DA:138,0
DA:139,0
DA:140,0
DA:141,0
DA:145,0
DA:146,0
DA:150,0
DA:151,0
DA:152,0
DA:155,0
DA:156,0
DA:158,0
DA:162,0
DA:163,0
DA:165,0
DA:166,0
DA:167,0
DA:170,0
DA:174,0
DA:195,0
DA:208,0
DA:234,0
DA:267,0
DA:270,0
DA:271,0
DA:273,0
DA:274,0
DA:275,0
DA:277,0
DA:314,0
DA:328,0
LF:62
LH:0
BRDA:69,0,0,0
BRDA:69,0,1,0
BRDA:102,1,0,0
BRDA:109,2,0,0
BRDA:109,2,1,0
BRDA:110,3,0,0
BRDA:117,4,0,0
BRDA:120,5,0,0
BRDA:120,5,1,0
BRDA:125,6,0,0
BRDA:125,6,1,0
BRDA:138,7,0,0
BRDA:138,7,1,0
BRDA:138,8,0,0
BRDA:138,8,1,0
BRDA:140,9,0,0
BRDA:140,10,0,0
BRDA:140,10,1,0
BRDA:152,11,0,0
BRDA:163,12,0,0
BRDA:166,13,0,0
BRDA:166,13,1,0
BRDA:199,14,0,0
BRDA:199,14,1,0
BRDA:212,15,0,0
BRDA:212,15,1,0
BRDA:245,16,0,0
BRDA:253,17,0,0
BRDA:271,18,0,0
BRDA:273,19,0,0
BRDA:273,19,1,0
BRDA:284,20,0,0
BRDA:284,20,1,0
BRF:33
BRH:0
end_of_record
TN:
SF:components/category-scroll.tsx
FN:23,CategoryScroll
FN:33,(anonymous_5)
FN:42,(anonymous_6)
FN:63,(anonymous_7)
FN:70,(anonymous_8)
FN:89,(anonymous_9)
FN:99,(anonymous_10)
FN:117,(anonymous_11)
FN:163,(anonymous_12)
FN:180,CategoryScrollSkeleton
FN:191,(anonymous_14)
FNF:11
FNH:0
FNDA:0,CategoryScroll
FNDA:0,(anonymous_5)
FNDA:0,(anonymous_6)
FNDA:0,(anonymous_7)
FNDA:0,(anonymous_8)
FNDA:0,(anonymous_9)
FNDA:0,(anonymous_10)
FNDA:0,(anonymous_11)
FNDA:0,(anonymous_12)
FNDA:0,CategoryScrollSkeleton
FNDA:0,(anonymous_14)
DA:3,0
DA:4,0
DA:5,0
DA:6,0
DA:8,0
DA:23,0
DA:27,0
DA:28,0
DA:29,0
DA:30,0
DA:33,0
DA:34,0
DA:36,0
DA:37,0
DA:38,0
DA:42,0
DA:43,0
DA:45,0
DA:46,0
DA:50,0
DA:56,0
DA:63,0
DA:64,0
DA:65,0
DA:67,0
DA:68,0
DA:70,0
DA:89,0
DA:99,0
DA:118,0
DA:164,0
DA:180,0
DA:192,0
LF:33
LH:0
BRDA:34,0,0,0
BRDA:43,1,0,0
BRDA:46,2,0,0
BRDA:46,2,1,0
BRDA:65,3,0,0
BRDA:88,4,0,0
BRDA:88,4,1,0
BRDA:98,5,0,0
BRDA:98,5,1,0
BRDA:134,6,0,0
BRDA:134,6,1,0
BRDA:146,7,0,0
BRDA:146,7,1,0
BRDA:166,8,0,0
BRDA:166,8,1,0
BRF:15
BRH:0
end_of_record
TN:
SF:components/community-carousel-lazy.tsx
FN:69,(anonymous_3)
FNF:1
FNH:0
FNDA:0,(anonymous_3)
DA:3,0
DA:4,0
DA:8,0
DA:53,0
DA:70,0
LF:5
LH:0
BRF:0
BRH:0
end_of_record
TN:
SF:components/community-carousel.tsx
FN:20,CommunityCarousel
FN:100,(anonymous_3)
FN:108,(anonymous_4)
FN:111,(anonymous_5)
FN:114,(anonymous_6)
FN:142,(anonymous_7)
FN:151,(anonymous_8)
FN:169,(anonymous_9)
FNF:8
FNH:0
FNDA:0,CommunityCarousel
FNDA:0,(anonymous_3)
FNDA:0,(anonymous_4)
FNDA:0,(anonymous_5)
FNDA:0,(anonymous_6)
FNDA:0,(anonymous_7)
FNDA:0,(anonymous_8)
FNDA:0,(anonymous_9)
DA:3,0
DA:4,0
DA:6,0
DA:20,0
DA:21,0
DA:22,0
DA:23,0
DA:25,0
DA:100,0
DA:101,0
DA:102,0
DA:103,0
DA:104,0
DA:108,0
DA:109,0
DA:110,0
DA:111,0
DA:114,0
DA:115,0
DA:116,0
DA:117,0
DA:121,0
DA:142,0
DA:151,0
DA:170,0
LF:25
LH:0
BRDA:101,0,0,0
BRDA:115,1,0,0
BRDA:118,2,0,0
BRDA:118,2,1,0
BRDA:140,3,0,0
BRDA:149,4,0,0
BRDA:177,5,0,0
BRDA:177,5,1,0
BRDA:185,6,0,0
BRDA:196,7,0,0
BRDA:196,7,1,0
BRF:11
BRH:0
end_of_record
TN:
SF:components/design-system-demo.tsx
FN:8,DesignSystemDemo
FN:38,(anonymous_3)
FN:55,(anonymous_4)
FN:70,(anonymous_5)
FNF:4
FNH:0
FNDA:0,DesignSystemDemo
FNDA:0,(anonymous_3)
FNDA:0,(anonymous_4)
FNDA:0,(anonymous_5)
DA:6,0
DA:8,0
DA:39,0
DA:56,0
DA:71,0
LF:5
LH:0
BRF:0
BRH:0
end_of_record
TN:
SF:components/error-boundary.tsx
FN:25,(anonymous_6)
FN:61,(anonymous_7)
FN:70,(anonymous_8)
FN:71,(anonymous_9)
FN:35,(anonymous_10)
FN:39,(anonymous_11)
FN:74,(anonymous_12)
FN:178,useErrorHandler
FN:181,(anonymous_14)
FN:191,AsyncErrorBoundary
FN:200,(anonymous_16)
FN:201,(anonymous_17)
FN:208,(anonymous_18)
FN:227,(anonymous_19)
FN:245,SuspenseErrorBoundary
FNF:15
FNH:0
FNDA:0,(anonymous_6)
FNDA:0,(anonymous_7)
FNDA:0,(anonymous_8)
FNDA:0,(anonymous_9)
FNDA:0,(anonymous_10)
FNDA:0,(anonymous_11)
FNDA:0,(anonymous_12)
FNDA:0,useErrorHandler
FNDA:0,(anonymous_14)
FNDA:0,AsyncErrorBoundary
FNDA:0,(anonymous_16)
FNDA:0,(anonymous_17)
FNDA:0,(anonymous_18)
FNDA:0,(anonymous_19)
FNDA:0,SuspenseErrorBoundary
DA:3,0
DA:4,0
DA:21,0
DA:26,0
DA:27,0
DA:36,0
DA:43,0
DA:44,0
DA:48,0
DA:49,0
DA:58,0
DA:61,0
DA:62,0
DA:70,0
DA:71,0
DA:75,0
DA:77,0
DA:78,0
DA:173,0
DA:178,0
DA:179,0
DA:181,0
DA:182,0
DA:183,0
DA:187,0
DA:191,0
DA:198,0
DA:200,0
DA:201,0
DA:203,0
DA:206,0
DA:208,0
DA:209,0
DA:216,0
DA:227,0
DA:245,0
LF:36
LH:0
BRDA:43,0,0,0
BRDA:48,1,0,0
BRDA:48,2,0,0
BRDA:48,2,1,0
BRDA:75,3,0,0
BRDA:75,4,0,0
BRDA:75,4,1,0
BRDA:77,5,0,0
BRDA:113,6,0,0
BRDA:121,7,0,0
BRDA:135,8,0,0
BRDA:135,8,1,0
BRDA:145,9,0,0
BRDA:156,10,0,0
BRDA:182,11,0,0
BRDA:216,12,0,0
BRDA:219,13,0,0
BRDA:275,14,0,0
BRF:18
BRH:0
end_of_record
TN:
SF:components/footer.tsx
FN:7,Footer
FN:32,(anonymous_3)
FN:63,(anonymous_4)
FN:85,(anonymous_5)
FN:103,(anonymous_6)
FN:125,(anonymous_7)
FNF:6
FNH:0
FNDA:0,Footer
FNDA:0,(anonymous_3)
FNDA:0,(anonymous_4)
FNDA:0,(anonymous_5)
FNDA:0,(anonymous_6)
FNDA:0,(anonymous_7)
DA:3,0
DA:4,0
DA:7,0
DA:33,0
DA:64,0
DA:86,0
DA:104,0
DA:126,0
LF:8
LH:0
BRF:0
BRH:0
end_of_record
TN:
SF:components/header.tsx
FN:14,Header
FN:30,(anonymous_3)
FN:32,(anonymous_4)
FN:36,(anonymous_5)
FN:49,(anonymous_6)
FN:59,(anonymous_7)
FN:68,(anonymous_8)
FN:80,(anonymous_9)
FN:150,(anonymous_10)
FN:180,(anonymous_11)
FN:233,(anonymous_12)
FN:254,(anonymous_13)
FN:260,(anonymous_14)
FN:283,(anonymous_15)
FN:289,(anonymous_16)
FN:337,(anonymous_17)
FN:342,(anonymous_18)
FN:355,(anonymous_19)
FN:363,(anonymous_20)
FN:379,(anonymous_21)
FN:390,(anonymous_22)
FN:397,(anonymous_23)
FNF:22
FNH:0
FNDA:0,Header
FNDA:0,(anonymous_3)
FNDA:0,(anonymous_4)
FNDA:0,(anonymous_5)
FNDA:0,(anonymous_6)
FNDA:0,(anonymous_7)
FNDA:0,(anonymous_8)
FNDA:0,(anonymous_9)
FNDA:0,(anonymous_10)
FNDA:0,(anonymous_11)
FNDA:0,(anonymous_12)
FNDA:0,(anonymous_13)
FNDA:0,(anonymous_14)
FNDA:0,(anonymous_15)
FNDA:0,(anonymous_16)
FNDA:0,(anonymous_17)
FNDA:0,(anonymous_18)
FNDA:0,(anonymous_19)
FNDA:0,(anonymous_20)
FNDA:0,(anonymous_21)
FNDA:0,(anonymous_22)
FNDA:0,(anonymous_23)
DA:3,0
DA:5,0
DA:6,0
DA:7,0
DA:8,0
DA:9,0
DA:10,0
DA:11,0
DA:12,0
DA:14,0
DA:15,0
DA:16,0
DA:17,0
DA:18,0
DA:19,0
DA:20,0
DA:21,0
DA:22,0
DA:23,0
DA:26,0
DA:27,0
DA:28,0
DA:30,0
DA:31,0
DA:32,0
DA:33,0
DA:35,0
DA:36,0
DA:39,0
DA:49,0
DA:50,0
DA:51,0
DA:52,0
DA:53,0
DA:54,0
DA:55,0
DA:59,0
DA:60,0
DA:61,0
DA:62,0
DA:63,0
DA:64,0
DA:68,0
DA:69,0
DA:70,0
DA:72,0
DA:73,0
DA:75,0
DA:76,0
DA:80,0
DA:81,0
DA:82,0
DA:151,0
DA:180,0
DA:233,0
DA:254,0
DA:261,0
DA:262,0
DA:283,0
DA:290,0
DA:291,0
DA:338,0
DA:342,0
DA:355,0
DA:363,0
DA:379,0
DA:390,0
DA:397,0
LF:68
LH:0
BRDA:51,0,0,0
BRDA:61,1,0,0
BRDA:72,2,0,0
BRDA:72,2,1,0
BRDA:87,3,0,0
BRDA:115,4,0,0
BRDA:115,4,1,0
BRDA:132,5,0,0
BRDA:132,5,1,0
BRDA:164,6,0,0
BRDA:167,7,0,0
BRDA:167,7,1,0
BRDA:169,8,0,0
BRDA:169,8,1,0
BRDA:186,9,0,0
BRDA:189,10,0,0
BRDA:189,10,1,0
BRDA:191,11,0,0
BRDA:191,11,1,0
BRDA:200,12,0,0
BRDA:245,13,0,0
BRDA:274,14,0,0
BRDA:304,15,0,0
BRDA:314,16,0,0
BRDA:314,16,1,0
BRDA:351,17,0,0
BRDA:369,18,0,0
BRDA:369,18,1,0
BRF:28
BRH:0
end_of_record
TN:
SF:components/hero-banner-v2.tsx
FN:13,HeroBannerV2
FN:67,(anonymous_3)
FN:74,(anonymous_4)
FNF:3
FNH:0
FNDA:0,HeroBannerV2
FNDA:0,(anonymous_3)
FNDA:0,(anonymous_4)
DA:1,0
DA:2,0
DA:3,0
DA:13,0
DA:68,0
DA:75,0
LF:6
LH:0
BRDA:17,0,0,0
BRDA:18,1,0,0
BRDA:45,2,0,0
BRF:3
BRH:0
end_of_record
TN:
SF:components/hero-banner.tsx
FN:18,HeroBanner
FN:101,(anonymous_3)
FNF:2
FNH:0
FNDA:0,HeroBanner
FNDA:0,(anonymous_3)
DA:1,0
DA:2,0
DA:3,0
DA:18,0
DA:30,0
DA:34,0
DA:35,0
DA:39,0
DA:40,0
DA:44,0
DA:102,0
LF:11
LH:0
BRDA:22,0,0,0
BRDA:23,1,0,0
BRDA:24,2,0,0
BRDA:25,3,0,0
BRDA:26,4,0,0
BRDA:27,5,0,0
BRDA:30,6,0,0
BRDA:30,6,1,0
BRDA:34,7,0,0
BRDA:35,8,0,0
BRDA:35,8,1,0
BRDA:39,9,0,0
BRDA:61,10,0,0
BRDA:61,10,1,0
BRDA:76,11,0,0
BRDA:76,11,1,0
BRDA:80,12,0,0
BRDA:98,13,0,0
BRF:18
BRH:0
end_of_record
TN:
SF:components/home-page-client.tsx
FN:15,(anonymous_5)
FN:15,(anonymous_6)
FN:17,(anonymous_8)
FN:21,(anonymous_9)
FN:21,(anonymous_10)
FN:21,(anonymous_11)
FN:26,(anonymous_13)
FN:29,(anonymous_14)
FN:29,(anonymous_15)
FN:31,(anonymous_17)
FN:34,(anonymous_18)
FN:34,(anonymous_19)
FN:36,(anonymous_21)
FN:40,(anonymous_22)
FN:41,(anonymous_23)
FN:41,(anonymous_24)
FN:43,(anonymous_26)
FN:46,(anonymous_27)
FN:47,(anonymous_28)
FN:47,(anonymous_29)
FN:49,(anonymous_31)
FN:52,(anonymous_32)
FN:52,(anonymous_33)
FN:57,(anonymous_36)
FN:57,(anonymous_37)
FN:59,(anonymous_39)
FN:63,(anonymous_40)
FN:64,(anonymous_41)
FN:64,(anonymous_42)
FN:66,(anonymous_44)
FN:71,HomePageClient
FNF:31
FNH:0
FNDA:0,(anonymous_5)
FNDA:0,(anonymous_6)
FNDA:0,(anonymous_8)
FNDA:0,(anonymous_9)
FNDA:0,(anonymous_10)
FNDA:0,(anonymous_11)
FNDA:0,(anonymous_13)
FNDA:0,(anonymous_14)
FNDA:0,(anonymous_15)
FNDA:0,(anonymous_17)
FNDA:0,(anonymous_18)
FNDA:0,(anonymous_19)
FNDA:0,(anonymous_21)
FNDA:0,(anonymous_22)
FNDA:0,(anonymous_23)
FNDA:0,(anonymous_24)
FNDA:0,(anonymous_26)
FNDA:0,(anonymous_27)
FNDA:0,(anonymous_28)
FNDA:0,(anonymous_29)
FNDA:0,(anonymous_31)
FNDA:0,(anonymous_32)
FNDA:0,(anonymous_33)
FNDA:0,(anonymous_36)
FNDA:0,(anonymous_37)
FNDA:0,(anonymous_39)
FNDA:0,(anonymous_40)
FNDA:0,(anonymous_41)
FNDA:0,(anonymous_42)
FNDA:0,(anonymous_44)
FNDA:0,HomePageClient
DA:3,0
DA:4,0
DA:5,0
DA:6,0
DA:7,0
DA:12,0
DA:15,0
DA:17,0
DA:21,0
DA:26,0
DA:29,0
DA:31,0
DA:34,0
DA:36,0
DA:41,0
DA:43,0
DA:47,0
DA:49,0
DA:52,0
DA:57,0
DA:59,0
DA:64,0
DA:66,0
DA:71,0
LF:24
LH:0
BRF:0
BRH:0
end_of_record
TN:
SF:components/lazy-load.tsx
FN:17,LazyLoad
FN:28,(anonymous_2)
FN:33,(anonymous_3)
FN:34,(anonymous_4)
FN:57,(anonymous_5)
FNF:5
FNH:0
FNDA:0,LazyLoad
FNDA:0,(anonymous_2)
FNDA:0,(anonymous_3)
FNDA:0,(anonymous_4)
FNDA:0,(anonymous_5)
DA:4,0
DA:17,0
DA:24,0
DA:25,0
DA:26,0
DA:28,0
DA:29,0
DA:30,0
DA:32,0
DA:34,0
DA:35,0
DA:36,0
DA:37,0
DA:38,0
DA:39,0
DA:42,0
DA:44,0
DA:45,0
DA:55,0
DA:57,0
DA:58,0
LF:21
LH:0
BRDA:19,0,0,0
BRDA:20,1,0,0
BRDA:21,2,0,0
BRDA:22,3,0,0
BRDA:30,4,0,0
BRDA:35,5,0,0
BRDA:35,5,1,0
BRDA:36,6,0,0
BRDA:36,6,1,0
BRDA:37,7,0,0
BRDA:44,8,0,0
BRDA:62,9,0,0
BRDA:62,9,1,0
BRF:13
BRH:0
end_of_record
TN:
SF:components/performance-report.tsx
FN:14,PerformanceReport
FN:18,(anonymous_2)
FN:22,(anonymous_3)
FN:41,(anonymous_4)
FN:46,(anonymous_5)
FN:48,(anonymous_6)
FN:55,(anonymous_7)
FN:67,(anonymous_8)
FN:79,(anonymous_9)
FN:85,(anonymous_10)
FN:91,(anonymous_11)
FN:103,MetricRow
FNF:12
FNH:0
FNDA:0,PerformanceReport
FNDA:0,(anonymous_2)
FNDA:0,(anonymous_3)
FNDA:0,(anonymous_4)
FNDA:0,(anonymous_5)
FNDA:0,(anonymous_6)
FNDA:0,(anonymous_7)
FNDA:0,(anonymous_8)
FNDA:0,(anonymous_9)
FNDA:0,(anonymous_10)
FNDA:0,(anonymous_11)
FNDA:0,MetricRow
DA:3,0
DA:4,0
DA:5,0
DA:14,0
DA:15,0
DA:16,0
DA:18,0
DA:20,0
DA:22,0
DA:23,0
DA:24,0
DA:25,0
DA:26,0
DA:27,0
DA:36,0
DA:37,0
DA:38,0
DA:40,0
DA:41,0
DA:46,0
DA:48,0
DA:49,0
DA:50,0
DA:54,0
DA:55,0
DA:58,0
DA:67,0
DA:79,0
DA:85,0
DA:91,0
DA:114,0
DA:116,0
DA:117,0
LF:33
LH:0
BRDA:20,0,0,0
BRDA:24,1,0,0
BRDA:24,2,0,0
BRDA:24,2,1,0
BRDA:26,3,0,0
BRDA:36,4,0,0
BRDA:37,5,0,0
BRDA:37,5,1,0
BRDA:49,6,0,0
BRDA:49,7,0,0
BRDA:49,7,1,0
BRDA:49,7,2,0
BRDA:49,7,3,0
BRDA:58,8,0,0
BRDA:58,9,0,0
BRDA:58,9,1,0
BRDA:114,10,0,0
BRDA:123,11,0,0
BRDA:123,11,1,0
BRDA:130,12,0,0
BRDA:130,12,1,0
BRF:21
BRH:0
end_of_record
TN:
SF:components/product-quick-view-lazy.tsx
FN:4,(anonymous_1)
FNF:1
FNH:0
FNDA:0,(anonymous_1)
DA:4,0
LF:1
LH:0
BRF:0
BRH:0
end_of_record
TN:
SF:components/product-quick-view.tsx
FNF:0
FNH:0
DA:2,0
LF:1
LH:0
BRF:0
BRH:0
end_of_record
TN:
SF:components/product-reviews.tsx
FN:27,ProductReviews
FN:31,(anonymous_3)
FN:32,(anonymous_4)
FN:47,(anonymous_5)
FN:61,(anonymous_6)
FN:104,(anonymous_7)
FN:125,(anonymous_8)
FN:140,(anonymous_9)
FNF:8
FNH:0
FNDA:0,ProductReviews
FNDA:0,(anonymous_3)
FNDA:0,(anonymous_4)
FNDA:0,(anonymous_5)
FNDA:0,(anonymous_6)
FNDA:0,(anonymous_7)
FNDA:0,(anonymous_8)
FNDA:0,(anonymous_9)
DA:3,0
DA:5,0
DA:27,0
DA:28,0
DA:29,0
DA:31,0
DA:32,0
DA:33,0
DA:34,0
DA:35,0
DA:36,0
DA:37,0
DA:41,0
DA:44,0
DA:47,0
DA:48,0
DA:55,0
DA:62,0
DA:83,0
DA:105,0
DA:126,0
DA:141,0
LF:22
LH:0
BRDA:55,0,0,0
BRDA:83,1,0,0
BRDA:83,2,0,0
BRDA:83,2,1,0
BRDA:107,3,0,0
BRDA:107,3,1,0
BRDA:129,4,0,0
BRDA:143,5,0,0
BRDA:143,5,1,0
BRF:9
BRH:0
end_of_record
TN:
SF:components/product-scroll.tsx
FN:41,ProductScroll
FN:50,(anonymous_3)
FN:58,(anonymous_4)
FN:61,(anonymous_5)
FN:64,(anonymous_6)
FN:89,(anonymous_7)
FN:98,(anonymous_8)
FN:114,(anonymous_9)
FNF:8
FNH:0
FNDA:0,ProductScroll
FNDA:0,(anonymous_3)
FNDA:0,(anonymous_4)
FNDA:0,(anonymous_5)
FNDA:0,(anonymous_6)
FNDA:0,(anonymous_7)
FNDA:0,(anonymous_8)
FNDA:0,(anonymous_9)
DA:5,0
DA:8,0
DA:10,0
DA:41,0
DA:46,0
DA:47,0
DA:48,0
DA:50,0
DA:51,0
DA:52,0
DA:53,0
DA:54,0
DA:58,0
DA:59,0
DA:60,0
DA:61,0
DA:64,0
DA:65,0
DA:66,0
DA:67,0
DA:71,0
DA:89,0
DA:98,0
DA:115,0
LF:24
LH:0
BRDA:51,0,0,0
BRDA:65,1,0,0
BRDA:68,2,0,0
BRDA:68,2,1,0
BRDA:87,3,0,0
BRDA:96,4,0,0
BRF:6
BRH:0
end_of_record
TN:
SF:components/providers.tsx
FN:14,(anonymous_5)
FN:18,(anonymous_6)
FN:18,(anonymous_7)
FN:18,(anonymous_8)
FN:23,(anonymous_10)
FN:28,Providers
FN:33,(anonymous_12)
FN:40,(anonymous_13)
FN:51,(anonymous_14)
FNF:9
FNH:0
FNDA:0,(anonymous_5)
FNDA:0,(anonymous_6)
FNDA:0,(anonymous_7)
FNDA:0,(anonymous_8)
FNDA:0,(anonymous_10)
FNDA:0,Providers
FNDA:0,(anonymous_12)
FNDA:0,(anonymous_13)
FNDA:0,(anonymous_14)
DA:3,0
DA:4,0
DA:5,0
DA:7,0
DA:8,0
DA:9,0
DA:10,0
DA:11,0
DA:14,0
DA:16,0
DA:18,0
DA:23,0
DA:28,0
DA:29,0
DA:32,0
DA:34,0
DA:40,0
DA:51,0
DA:52,0
DA:55,0
LF:20
LH:0
BRDA:16,0,0,0
BRDA:55,1,0,0
BRDA:77,2,0,0
BRF:3
BRH:0
end_of_record
TN:
SF:components/sale-banner.tsx
FN:11,SaleBanner
FNF:1
FNH:0
FNDA:0,SaleBanner
DA:1,0
DA:11,0
LF:2
LH:0
BRDA:31,0,0,0
BRF:1
BRH:0
end_of_record
TN:
SF:components/service-worker-registration.tsx
FN:5,ServiceWorkerRegistration
FN:6,(anonymous_2)
FN:10,(anonymous_3)
FN:13,(anonymous_4)
FN:17,(anonymous_5)
FN:22,(anonymous_6)
FN:25,(anonymous_7)
FN:37,(anonymous_8)
FNF:8
FNH:0
FNDA:0,ServiceWorkerRegistration
FNDA:0,(anonymous_2)
FNDA:0,(anonymous_3)
FNDA:0,(anonymous_4)
FNDA:0,(anonymous_5)
FNDA:0,(anonymous_6)
FNDA:0,(anonymous_7)
FNDA:0,(anonymous_8)
DA:3,0
DA:5,0
DA:6,0
DA:7,0
DA:9,0
DA:10,0
DA:11,0
DA:17,0
DA:18,0
DA:22,0
DA:23,0
DA:24,0
DA:25,0
DA:26,0
DA:45,0
LF:15
LH:0
BRDA:7,0,0,0
BRDA:7,1,0,0
BRDA:7,1,1,0
BRDA:9,2,0,0
BRDA:24,3,0,0
BRDA:26,4,0,0
BRDA:27,5,0,0
BRDA:27,5,1,0
BRF:8
BRH:0
end_of_record
TN:
SF:components/simple-header.tsx
FN:3,SimpleHeader
FNF:1
FNH:0
FNDA:0,SimpleHeader
DA:1,0
DA:3,0
LF:2
LH:0
BRF:0
BRH:0
end_of_record
TN:
SF:components/simple-home-page.tsx
FN:4,SimpleHomePage
FN:29,(anonymous_3)
FN:44,(anonymous_4)
FN:60,(anonymous_5)
FNF:4
FNH:0
FNDA:0,SimpleHomePage
FNDA:0,(anonymous_3)
FNDA:0,(anonymous_4)
FNDA:0,(anonymous_5)
DA:1,0
DA:4,0
DA:30,0
DA:45,0
DA:61,0
LF:5
LH:0
BRF:0
BRH:0
end_of_record
TN:
SF:components/size-guide-modal.tsx
FN:45,SizeGuideModal
FN:51,(anonymous_2)
FN:75,(anonymous_3)
FN:98,(anonymous_4)
FNF:4
FNH:0
FNDA:0,SizeGuideModal
FNDA:0,(anonymous_2)
FNDA:0,(anonymous_3)
FNDA:0,(anonymous_4)
DA:9,0
DA:17,0
DA:18,0
DA:21,0
DA:30,0
DA:45,0
DA:51,0
DA:76,0
DA:99,0
LF:9
LH:0
BRDA:51,0,0,0
BRDA:51,0,1,0
BRDA:52,1,0,0
BRF:3
BRH:0
end_of_record
TN:
SF:components/theme-provider.tsx
FN:14,ThemeProvider
FNF:1
FNH:0
FNDA:0,ThemeProvider
DA:3,0
DA:4,0
DA:14,0
LF:3
LH:0
BRF:0
BRH:0
end_of_record
TN:
SF:components/trust-badges.tsx
FN:26,TrustBadges
FN:32,(anonymous_3)
FN:52,(anonymous_4)
FNF:3
FNH:0
FNDA:0,TrustBadges
FNDA:0,(anonymous_3)
FNDA:0,(anonymous_4)
DA:3,0
DA:26,0
DA:33,0
DA:34,0
DA:53,0
DA:54,0
LF:6
LH:0
BRF:0
BRH:0
end_of_record
TN:
SF:components/viewport-height-handler.tsx
FN:6,ViewportHeightHandler
FN:7,(anonymous_2)
FNF:2
FNH:0
FNDA:0,ViewportHeightHandler
FNDA:0,(anonymous_2)
DA:3,0
DA:4,0
DA:6,0
DA:7,0
DA:8,0
DA:11,0
LF:6
LH:0
BRF:0
BRH:0
end_of_record
TN:
SF:components/accessibility/accessible-forms.tsx
FN:28,AccessibleForm
FN:43,(anonymous_12)
FN:118,(anonymous_13)
FN:151,AccessibleInput
FN:170,(anonymous_15)
FN:185,(anonymous_16)
FN:248,AccessibleTextarea
FN:269,(anonymous_18)
FN:290,(anonymous_19)
FN:359,AccessibleSelect
FN:392,(anonymous_21)
FN:415,AccessibleCheckbox
FN:460,(anonymous_23)
FN:460,(anonymous_24)
FN:464,(anonymous_25)
FN:464,(anonymous_26)
FN:469,(anonymous_27)
FN:469,(anonymous_28)
FN:475,(anonymous_29)
FN:475,(anonymous_30)
FN:481,(anonymous_31)
FN:481,(anonymous_32)
FN:485,(anonymous_33)
FN:485,(anonymous_34)
FN:497,ContactFormExample
FN:498,(anonymous_36)
FN:502,(anonymous_37)
FNF:27
FNH:0
FNDA:0,AccessibleForm
FNDA:0,(anonymous_12)
FNDA:0,(anonymous_13)
FNDA:0,AccessibleInput
FNDA:0,(anonymous_15)
FNDA:0,(anonymous_16)
FNDA:0,AccessibleTextarea
FNDA:0,(anonymous_18)
FNDA:0,(anonymous_19)
FNDA:0,AccessibleSelect
FNDA:0,(anonymous_21)
FNDA:0,AccessibleCheckbox
FNDA:0,(anonymous_23)
FNDA:0,(anonymous_24)
FNDA:0,(anonymous_25)
FNDA:0,(anonymous_26)
FNDA:0,(anonymous_27)
FNDA:0,(anonymous_28)
FNDA:0,(anonymous_29)
FNDA:0,(anonymous_30)
FNDA:0,(anonymous_31)
FNDA:0,(anonymous_32)
FNDA:0,(anonymous_33)
FNDA:0,(anonymous_34)
FNDA:0,ContactFormExample
FNDA:0,(anonymous_36)
FNDA:0,(anonymous_37)
DA:3,0
DA:4,0
DA:28,0
DA:37,0
DA:38,0
DA:39,0
DA:40,0
DA:41,0
DA:43,0
DA:44,0
DA:45,0
DA:46,0
DA:48,0
DA:50,0
DA:53,0
DA:54,0
DA:55,0
DA:58,0
DA:60,0
DA:61,0
DA:64,0
DA:65,0
DA:71,0
DA:72,0
DA:73,0
DA:74,0
DA:75,0
DA:78,0
DA:81,0
DA:82,0
DA:83,0
DA:85,0
DA:86,0
DA:88,0
DA:119,0
DA:151,0
DA:164,0
DA:165,0
DA:166,0
DA:168,0
DA:170,0
DA:171,0
DA:172,0
DA:175,0
DA:176,0
DA:177,0
DA:180,0
DA:181,0
DA:185,0
DA:186,0
DA:189,0
DA:190,0
DA:191,0
DA:194,0
DA:195,0
DA:199,0
DA:248,0
DA:262,0
DA:263,0
DA:264,0
DA:265,0
DA:267,0
DA:269,0
DA:270,0
DA:271,0
DA:274,0
DA:275,0
DA:276,0
DA:280,0
DA:281,0
DA:282,0
DA:285,0
DA:286,0
DA:290,0
DA:291,0
DA:294,0
DA:295,0
DA:296,0
DA:299,0
DA:300,0
DA:304,0
DA:359,0
DA:393,0
DA:415,0
DA:459,0
DA:460,0
DA:461,0
DA:464,0
DA:465,0
DA:466,0
DA:469,0
DA:470,0
DA:475,0
DA:476,0
DA:481,0
DA:482,0
DA:485,0
DA:486,0
DA:487,0
DA:488,0
DA:490,0
DA:497,0
DA:498,0
DA:499,0
DA:502,0
DA:503,0
DA:505,0
DA:506,0
DA:507,0
DA:509,0
DA:510,0
DA:513,0
DA:514,0
DA:515,0
DA:516,0
DA:519,0
DA:520,0
DA:521,0
DA:522,0
DA:525,0
LF:120
LH:0
BRDA:32,0,0,0
BRDA:35,1,0,0
BRDA:48,2,0,0
BRDA:54,3,0,0
BRDA:60,4,0,0
BRDA:66,5,0,0
BRDA:66,5,1,0
BRDA:72,6,0,0
BRDA:74,7,0,0
BRDA:74,8,0,0
BRDA:74,8,1,0
BRDA:99,9,0,0
BRDA:99,9,1,0
BRDA:100,10,0,0
BRDA:100,10,1,0
BRDA:102,11,0,0
BRDA:108,12,0,0
BRDA:115,13,0,0
BRDA:115,13,1,0
BRDA:129,14,0,0
BRDA:155,15,0,0
BRDA:157,16,0,0
BRDA:159,17,0,0
BRDA:166,18,0,0
BRDA:166,18,1,0
BRDA:168,19,0,0
BRDA:168,19,1,0
BRDA:168,20,0,0
BRDA:168,20,1,0
BRDA:175,21,0,0
BRDA:175,22,0,0
BRDA:175,22,1,0
BRDA:180,23,0,0
BRDA:189,24,0,0
BRDA:194,25,0,0
BRDA:199,26,0,0
BRDA:199,26,1,0
BRDA:199,27,0,0
BRDA:199,27,1,0
BRDA:214,28,0,0
BRDA:214,28,1,0
BRDA:219,29,0,0
BRDA:219,29,1,0
BRDA:224,30,0,0
BRDA:252,31,0,0
BRDA:254,32,0,0
BRDA:256,33,0,0
BRDA:257,34,0,0
BRDA:264,35,0,0
BRDA:264,35,1,0
BRDA:267,36,0,0
BRDA:267,36,1,0
BRDA:267,37,0,0
BRDA:267,37,1,0
BRDA:274,38,0,0
BRDA:274,39,0,0
BRDA:274,39,1,0
BRDA:280,40,0,0
BRDA:280,41,0,0
BRDA:280,41,1,0
BRDA:285,42,0,0
BRDA:294,43,0,0
BRDA:299,44,0,0
BRDA:304,45,0,0
BRDA:304,45,1,0
BRDA:304,46,0,0
BRDA:304,46,1,0
BRDA:320,47,0,0
BRDA:320,47,1,0
BRDA:321,48,0,0
BRDA:321,48,1,0
BRDA:326,49,0,0
BRDA:326,49,1,0
BRDA:331,50,0,0
BRDA:363,51,0,0
BRDA:366,52,0,0
BRDA:381,53,0,0
BRDA:381,53,1,0
BRDA:384,54,0,0
BRDA:384,54,1,0
BRDA:387,55,0,0
BRDA:419,56,0,0
BRDA:438,57,0,0
BRDA:438,57,1,0
BRDA:440,58,0,0
BRDA:440,58,1,0
BRDA:441,59,0,0
BRDA:441,59,1,0
BRDA:445,60,0,0
BRDA:460,61,0,0
BRDA:461,62,0,0
BRDA:461,62,1,0
BRDA:464,63,0,0
BRDA:466,64,0,0
BRDA:466,64,1,0
BRDA:470,65,0,0
BRDA:470,65,1,0
BRDA:472,66,0,0
BRDA:472,66,1,0
BRDA:476,67,0,0
BRDA:476,67,1,0
BRDA:478,68,0,0
BRDA:478,68,1,0
BRDA:482,69,0,0
BRDA:482,69,1,0
BRDA:488,70,0,0
BRDA:505,71,0,0
BRDA:505,71,1,0
BRDA:506,72,0,0
BRDA:506,72,1,0
BRDA:507,73,0,0
BRDA:507,73,1,0
BRDA:509,74,0,0
BRDA:513,75,0,0
BRDA:513,75,1,0
BRDA:515,76,0,0
BRDA:519,77,0,0
BRDA:519,77,1,0
BRDA:521,78,0,0
BRF:119
BRH:0
end_of_record
TN:
SF:components/accessibility/aria-helpers.tsx
FN:19,useAria
FN:31,AriaProvider
FN:40,(anonymous_17)
FN:41,(anonymous_18)
FN:47,(anonymous_19)
FN:48,(anonymous_20)
FN:55,(anonymous_21)
FN:56,(anonymous_22)
FN:63,(anonymous_23)
FN:67,(anonymous_24)
FN:74,(anonymous_25)
FN:127,Landmark
FN:160,AriaDescription
FN:188,AriaStatus
FN:223,AccessibleButton
FN:311,AriaAlert
FN:389,AccessibleField
FN:466,AccessibleProgress
FN:523,useAccessibleId
FN:530,useAriaState
FN:533,(anonymous_35)
FN:534,(anonymous_36)
FN:537,(anonymous_37)
FNF:23
FNH:0
FNDA:0,useAria
FNDA:0,AriaProvider
FNDA:0,(anonymous_17)
FNDA:0,(anonymous_18)
FNDA:0,(anonymous_19)
FNDA:0,(anonymous_20)
FNDA:0,(anonymous_21)
FNDA:0,(anonymous_22)
FNDA:0,(anonymous_23)
FNDA:0,(anonymous_24)
FNDA:0,(anonymous_25)
FNDA:0,Landmark
FNDA:0,AriaDescription
FNDA:0,AriaStatus
FNDA:0,AccessibleButton
FNDA:0,AriaAlert
FNDA:0,AccessibleField
FNDA:0,AccessibleProgress
FNDA:0,useAccessibleId
FNDA:0,useAriaState
FNDA:0,(anonymous_35)
FNDA:0,(anonymous_36)
FNDA:0,(anonymous_37)
DA:3,0
DA:17,0
DA:19,0
DA:20,0
DA:21,0
DA:22,0
DA:24,0
DA:31,0
DA:32,0
DA:40,0
DA:41,0
DA:47,0
DA:48,0
DA:55,0
DA:56,0
DA:63,0
DA:64,0
DA:67,0
DA:68,0
DA:69,0
DA:70,0
DA:74,0
DA:75,0
DA:76,0
DA:77,0
DA:81,0
DA:127,0
DA:135,0
DA:160,0
DA:161,0
DA:162,0
DA:188,0
DA:223,0
DA:237,0
DA:238,0
DA:240,0
DA:247,0
DA:311,0
DA:319,0
DA:320,0
DA:322,0
DA:329,0
DA:389,0
DA:398,0
DA:399,0
DA:400,0
DA:401,0
DA:466,0
DA:474,0
DA:475,0
DA:476,0
DA:523,0
DA:524,0
DA:530,0
DA:531,0
DA:533,0
DA:534,0
DA:537,0
DA:538,0
DA:541,0
LF:60
LH:0
BRDA:21,0,0,0
BRDA:40,1,0,0
BRDA:63,2,0,0
BRDA:69,3,0,0
BRDA:76,4,0,0
BRDA:132,5,0,0
BRDA:133,6,0,0
BRDA:160,7,0,0
BRDA:162,8,0,0
BRDA:162,8,1,0
BRDA:190,9,0,0
BRDA:191,10,0,0
BRDA:192,11,0,0
BRDA:193,12,0,0
BRDA:225,13,0,0
BRDA:226,14,0,0
BRDA:227,15,0,0
BRDA:228,16,0,0
BRDA:234,17,0,0
BRDA:268,18,0,0
BRDA:268,18,1,0
BRDA:272,19,0,0
BRDA:272,19,1,0
BRDA:276,20,0,0
BRDA:276,20,1,0
BRDA:289,21,0,0
BRDA:313,22,0,0
BRDA:315,23,0,0
BRDA:317,24,0,0
BRDA:340,25,0,0
BRDA:340,25,1,0
BRDA:353,26,0,0
BRDA:362,27,0,0
BRDA:394,28,0,0
BRDA:395,29,0,0
BRDA:396,30,0,0
BRDA:411,31,0,0
BRDA:416,32,0,0
BRDA:423,33,0,0
BRDA:433,34,0,0
BRDA:433,34,1,0
BRDA:434,35,0,0
BRDA:434,35,1,0
BRDA:435,36,0,0
BRDA:435,36,1,0
BRDA:437,37,0,0
BRDA:437,37,1,0
BRDA:442,38,0,0
BRDA:468,39,0,0
BRDA:471,40,0,0
BRDA:472,41,0,0
BRDA:480,42,0,0
BRDA:480,42,1,0
BRDA:482,43,0,0
BRDA:487,44,0,0
BRDA:495,45,0,0
BRDA:507,46,0,0
BRDA:507,46,1,0
BRDA:523,47,0,0
BRDA:530,48,0,0
BRF:60
BRH:0
end_of_record
TN:
SF:components/accessibility/color-contrast-system.tsx
FN:32,useColorContrast
FN:44,ColorContrastProvider
FN:46,(anonymous_12)
FN:110,(anonymous_13)
FN:111,(anonymous_14)
FN:120,(anonymous_15)
FN:135,(anonymous_16)
FN:172,(anonymous_17)
FN:225,(anonymous_18)
FN:238,(anonymous_19)
FN:331,ColorValidator
FN:374,useThemeValidation
FN:379,(anonymous_22)
FN:391,(anonymous_23)
FN:395,(anonymous_24)
FNF:15
FNH:0
FNDA:0,useColorContrast
FNDA:0,ColorContrastProvider
FNDA:0,(anonymous_12)
FNDA:0,(anonymous_13)
FNDA:0,(anonymous_14)
FNDA:0,(anonymous_15)
FNDA:0,(anonymous_16)
FNDA:0,(anonymous_17)
FNDA:0,(anonymous_18)
FNDA:0,(anonymous_19)
FNDA:0,ColorValidator
FNDA:0,useThemeValidation
FNDA:0,(anonymous_22)
FNDA:0,(anonymous_23)
FNDA:0,(anonymous_24)
DA:3,0
DA:30,0
DA:32,0
DA:33,0
DA:34,0
DA:35,0
DA:37,0
DA:44,0
DA:46,0
DA:48,0
DA:51,0
DA:52,0
DA:53,0
DA:54,0
DA:55,0
DA:56,0
DA:57,0
DA:58,0
DA:59,0
DA:60,0
DA:61,0
DA:62,0
DA:67,0
DA:68,0
DA:69,0
DA:73,0
DA:74,0
DA:75,0
DA:76,0
DA:77,0
DA:79,0
DA:80,0
DA:81,0
DA:83,0
DA:85,0
DA:86,0
DA:87,0
DA:88,0
DA:89,0
DA:90,0
DA:91,0
DA:92,0
DA:93,0
DA:94,0
DA:96,0
DA:99,0
DA:106,0
DA:110,0
DA:111,0
DA:112,0
DA:113,0
DA:116,0
DA:120,0
DA:121,0
DA:122,0
DA:124,0
DA:126,0
DA:127,0
DA:129,0
DA:130,0
DA:132,0
DA:135,0
DA:140,0
DA:141,0
DA:142,0
DA:145,0
DA:146,0
DA:152,0
DA:153,0
DA:154,0
DA:155,0
DA:156,0
DA:157,0
DA:159,0
DA:160,0
DA:161,0
DA:164,0
DA:172,0
DA:177,0
DA:178,0
DA:180,0
DA:182,0
DA:185,0
DA:186,0
DA:192,0
DA:193,0
DA:196,0
DA:197,0
DA:202,0
DA:203,0
DA:209,0
DA:210,0
DA:213,0
DA:214,0
DA:219,0
DA:220,0
DA:222,0
DA:225,0
DA:226,0
DA:229,0
DA:238,0
DA:239,0
DA:240,0
DA:248,0
DA:251,0
DA:268,0
DA:331,0
DA:338,0
DA:339,0
DA:341,0
DA:374,0
DA:375,0
DA:376,0
DA:377,0
DA:379,0
DA:380,0
DA:381,0
DA:382,0
DA:383,0
DA:385,0
DA:387,0
DA:391,0
DA:392,0
DA:395,0
DA:396,0
DA:398,0
DA:410,0
LF:127
LH:0
BRDA:34,0,0,0
BRDA:51,1,0,0
BRDA:53,2,0,0
BRDA:53,2,1,0
BRDA:58,3,0,0
BRDA:68,4,0,0
BRDA:74,5,0,0
BRDA:85,6,0,0
BRDA:85,6,1,0
BRDA:87,7,0,0
BRDA:87,7,1,0
BRDA:89,8,0,0
BRDA:89,8,1,0
BRDA:91,9,0,0
BRDA:91,9,1,0
BRDA:93,10,0,0
BRDA:93,10,1,0
BRDA:113,11,0,0
BRDA:113,11,1,0
BRDA:124,12,0,0
BRDA:124,13,0,0
BRDA:124,13,1,0
BRDA:138,14,0,0
BRDA:141,15,0,0
BRDA:141,15,1,0
BRDA:141,15,2,0
BRDA:145,16,0,0
BRDA:145,16,1,0
BRDA:146,17,0,0
BRDA:146,17,1,0
BRDA:152,18,0,0
BRDA:152,18,1,0
BRDA:155,19,0,0
BRDA:155,19,1,0
BRDA:175,20,0,0
BRDA:180,21,0,0
BRDA:180,22,0,0
BRDA:180,22,1,0
BRDA:196,23,0,0
BRDA:213,24,0,0
BRDA:222,25,0,0
BRDA:222,25,1,0
BRDA:334,26,0,0
BRDA:335,27,0,0
BRDA:336,28,0,0
BRDA:341,29,0,0
BRDA:356,30,0,0
BRDA:356,30,1,0
BRDA:357,31,0,0
BRDA:357,31,1,0
BRDA:362,32,0,0
BRF:51
BRH:0
end_of_record
TN:
SF:components/accessibility/enhanced-focus-manager.tsx
FN:19,useFocusManager
FN:31,FocusManagerProvider
FN:35,(anonymous_12)
FN:49,(anonymous_13)
FN:56,(anonymous_14)
FN:57,(anonymous_15)
FN:65,(anonymous_16)
FN:70,(anonymous_17)
FN:95,(anonymous_18)
FN:100,(anonymous_19)
FN:108,(anonymous_20)
FN:112,(anonymous_21)
FN:114,(anonymous_22)
FN:139,(anonymous_23)
FN:140,(anonymous_24)
FN:165,useFocusTrap
FN:170,(anonymous_26)
FN:175,(anonymous_27)
FN:200,FocusIndicator
FN:247,SkipNavigation
FN:254,(anonymous_30)
FN:274,useEnhancedKeyboardNavigation
FN:295,(anonymous_32)
FN:295,(anonymous_33)
FN:299,(anonymous_34)
FN:307,(anonymous_35)
FN:395,(anonymous_36)
FN:398,(anonymous_37)
FN:399,(anonymous_38)
FNF:29
FNH:0
FNDA:0,useFocusManager
FNDA:0,FocusManagerProvider
FNDA:0,(anonymous_12)
FNDA:0,(anonymous_13)
FNDA:0,(anonymous_14)
FNDA:0,(anonymous_15)
FNDA:0,(anonymous_16)
FNDA:0,(anonymous_17)
FNDA:0,(anonymous_18)
FNDA:0,(anonymous_19)
FNDA:0,(anonymous_20)
FNDA:0,(anonymous_21)
FNDA:0,(anonymous_22)
FNDA:0,(anonymous_23)
FNDA:0,(anonymous_24)
FNDA:0,useFocusTrap
FNDA:0,(anonymous_26)
FNDA:0,(anonymous_27)
FNDA:0,FocusIndicator
FNDA:0,SkipNavigation
FNDA:0,(anonymous_30)
FNDA:0,useEnhancedKeyboardNavigation
FNDA:0,(anonymous_32)
FNDA:0,(anonymous_33)
FNDA:0,(anonymous_34)
FNDA:0,(anonymous_35)
FNDA:0,(anonymous_36)
FNDA:0,(anonymous_37)
FNDA:0,(anonymous_38)
DA:3,0
DA:17,0
DA:19,0
DA:20,0
DA:21,0
DA:22,0
DA:24,0
DA:31,0
DA:32,0
DA:33,0
DA:35,0
DA:36,0
DA:48,0
DA:50,0
DA:51,0
DA:56,0
DA:57,0
DA:60,0
DA:62,0
DA:63,0
DA:65,0
DA:68,0
DA:70,0
DA:71,0
DA:73,0
DA:74,0
DA:75,0
DA:77,0
DA:79,0
DA:80,0
DA:81,0
DA:85,0
DA:86,0
DA:87,0
DA:92,0
DA:95,0
DA:96,0
DA:100,0
DA:101,0
DA:102,0
DA:103,0
DA:105,0
DA:108,0
DA:109,0
DA:112,0
DA:113,0
DA:114,0
DA:117,0
DA:119,0
DA:120,0
DA:122,0
DA:123,0
DA:125,0
DA:126,0
DA:128,0
DA:129,0
DA:131,0
DA:134,0
DA:135,0
DA:139,0
DA:140,0
DA:141,0
DA:142,0
DA:147,0
DA:165,0
DA:166,0
DA:167,0
DA:168,0
DA:170,0
DA:171,0
DA:172,0
DA:175,0
DA:176,0
DA:177,0
DA:178,0
DA:180,0
DA:181,0
DA:186,0
DA:200,0
DA:206,0
DA:211,0
DA:247,0
DA:255,0
DA:274,0
DA:290,0
DA:292,0
DA:293,0
DA:295,0
DA:296,0
DA:299,0
DA:300,0
DA:301,0
DA:302,0
DA:303,0
DA:307,0
DA:308,0
DA:310,0
DA:311,0
DA:313,0
DA:315,0
DA:316,0
DA:317,0
DA:318,0
DA:319,0
DA:322,0
DA:325,0
DA:326,0
DA:327,0
DA:328,0
DA:329,0
DA:332,0
DA:335,0
DA:336,0
DA:337,0
DA:338,0
DA:339,0
DA:342,0
DA:345,0
DA:346,0
DA:347,0
DA:348,0
DA:349,0
DA:352,0
DA:355,0
DA:356,0
DA:357,0
DA:360,0
DA:361,0
DA:362,0
DA:366,0
DA:367,0
DA:368,0
DA:370,0
DA:373,0
DA:374,0
DA:375,0
DA:377,0
DA:380,0
DA:381,0
DA:382,0
DA:384,0
DA:385,0
DA:390,0
DA:395,0
DA:398,0
DA:399,0
LF:146
LH:0
BRDA:21,0,0,0
BRDA:51,1,0,0
BRDA:51,1,1,0
BRDA:51,1,2,0
BRDA:57,2,0,0
BRDA:65,3,0,0
BRDA:71,4,0,0
BRDA:77,5,0,0
BRDA:77,5,1,0
BRDA:79,6,0,0
BRDA:85,7,0,0
BRDA:101,8,0,0
BRDA:101,8,1,0
BRDA:102,9,0,0
BRDA:102,10,0,0
BRDA:102,10,1,0
BRDA:117,11,0,0
BRDA:117,11,1,0
BRDA:117,11,2,0
BRDA:117,11,3,0
BRDA:117,11,4,0
BRDA:122,12,0,0
BRDA:122,12,1,0
BRDA:134,13,0,0
BRDA:141,14,0,0
BRDA:165,15,0,0
BRDA:171,16,0,0
BRDA:171,17,0,0
BRDA:171,17,1,0
BRDA:176,18,0,0
BRDA:180,19,0,0
BRDA:202,20,0,0
BRDA:203,21,0,0
BRDA:204,22,0,0
BRDA:247,23,0,0
BRDA:259,24,0,0
BRDA:259,24,1,0
BRDA:276,25,0,0
BRDA:287,26,0,0
BRDA:288,27,0,0
BRDA:289,28,0,0
BRDA:301,29,0,0
BRDA:308,30,0,0
BRDA:308,31,0,0
BRDA:308,31,1,0
BRDA:313,32,0,0
BRDA:313,32,1,0
BRDA:313,32,2,0
BRDA:313,32,3,0
BRDA:313,32,4,0
BRDA:313,32,5,0
BRDA:313,32,6,0
BRDA:313,32,7,0
BRDA:313,32,8,0
BRDA:315,33,0,0
BRDA:315,34,0,0
BRDA:315,34,1,0
BRDA:318,35,0,0
BRDA:319,36,0,0
BRDA:319,36,1,0
BRDA:325,37,0,0
BRDA:325,38,0,0
BRDA:325,38,1,0
BRDA:328,39,0,0
BRDA:329,40,0,0
BRDA:329,40,1,0
BRDA:335,41,0,0
BRDA:335,42,0,0
BRDA:335,42,1,0
BRDA:338,43,0,0
BRDA:339,44,0,0
BRDA:339,44,1,0
BRDA:345,45,0,0
BRDA:345,46,0,0
BRDA:345,46,1,0
BRDA:348,47,0,0
BRDA:349,48,0,0
BRDA:349,48,1,0
BRDA:366,49,0,0
BRDA:373,50,0,0
BRDA:380,51,0,0
BRDA:384,52,0,0
BRDA:397,53,0,0
BRDA:397,53,1,0
BRF:84
BRH:0
end_of_record
TN:
SF:components/accessibility/focus-trap.tsx
FN:16,FocusTrap
FN:25,(anonymous_5)
FN:35,(anonymous_6)
FN:47,(anonymous_7)
FN:60,(anonymous_8)
FN:80,(anonymous_9)
FN:89,(anonymous_10)
FNF:7
FNH:0
FNDA:0,FocusTrap
FNDA:0,(anonymous_5)
FNDA:0,(anonymous_6)
FNDA:0,(anonymous_7)
FNDA:0,(anonymous_8)
FNDA:0,(anonymous_9)
FNDA:0,(anonymous_10)
DA:3,0
DA:16,0
DA:22,0
DA:23,0
DA:25,0
DA:26,0
DA:29,0
DA:31,0
DA:32,0
DA:35,0
DA:36,0
DA:45,0
DA:49,0
DA:54,0
DA:55,0
DA:56,0
DA:60,0
DA:61,0
DA:63,0
DA:64,0
DA:66,0
DA:67,0
DA:70,0
DA:71,0
DA:72,0
DA:73,0
DA:74,0
DA:75,0
DA:80,0
DA:81,0
DA:82,0
DA:86,0
DA:87,0
DA:89,0
DA:90,0
DA:91,0
DA:94,0
DA:95,0
DA:100,0
LF:39
LH:0
BRDA:18,0,0,0
BRDA:19,1,0,0
BRDA:20,2,0,0
BRDA:26,3,0,0
BRDA:32,4,0,0
BRDA:55,5,0,0
BRDA:61,6,0,0
BRDA:64,7,0,0
BRDA:70,8,0,0
BRDA:70,8,1,0
BRDA:70,9,0,0
BRDA:70,9,1,0
BRDA:73,10,0,0
BRDA:73,11,0,0
BRDA:73,11,1,0
BRDA:81,12,0,0
BRDA:81,13,0,0
BRDA:81,13,1,0
BRDA:94,14,0,0
BRDA:94,15,0,0
BRDA:94,15,1,0
BRDA:100,16,0,0
BRF:22
BRH:0
end_of_record
TN:
SF:components/accessibility/form-field.tsx
FN:19,AccessibleFormField
FN:80,AccessibleFieldGroup
FN:139,VisuallyHidden
FNF:3
FNH:0
FNDA:0,AccessibleFormField
FNDA:0,AccessibleFieldGroup
FNDA:0,VisuallyHidden
DA:1,0
DA:2,0
DA:3,0
DA:19,0
DA:28,0
DA:80,0
DA:88,0
DA:89,0
DA:139,0
LF:9
LH:0
BRDA:24,0,0,0
BRDA:26,1,0,0
BRDA:29,2,0,0
BRDA:29,2,1,0
BRDA:30,3,0,0
BRDA:30,3,1,0
BRDA:39,4,0,0
BRDA:46,5,0,0
BRDA:54,6,0,0
BRDA:54,6,1,0
BRDA:55,7,0,0
BRDA:55,7,1,0
BRDA:59,8,0,0
BRDA:84,9,0,0
BRDA:86,10,0,0
BRDA:90,11,0,0
BRDA:90,11,1,0
BRDA:91,12,0,0
BRDA:91,12,1,0
BRDA:99,13,0,0
BRDA:99,13,1,0
BRDA:101,14,0,0
BRDA:101,14,1,0
BRDA:105,15,0,0
BRDA:112,16,0,0
BRDA:123,17,0,0
BRDA:141,18,0,0
BRF:27
BRH:0
end_of_record
TN:
SF:components/accessibility/keyboard-navigation.tsx
FN:12,useKeyboardNavigation
FN:15,(anonymous_6)
FN:17,(anonymous_7)
FN:23,(anonymous_8)
FN:28,(anonymous_9)
FN:77,(anonymous_10)
FN:97,(anonymous_11)
FN:110,useFocusTrap
FN:111,(anonymous_13)
FN:122,(anonymous_14)
FN:145,(anonymous_15)
FN:154,SkipLink
FN:168,KeyboardShortcutsHelp
FN:195,(anonymous_18)
FNF:14
FNH:0
FNDA:0,useKeyboardNavigation
FNDA:0,(anonymous_6)
FNDA:0,(anonymous_7)
FNDA:0,(anonymous_8)
FNDA:0,(anonymous_9)
FNDA:0,(anonymous_10)
FNDA:0,(anonymous_11)
FNDA:0,useFocusTrap
FNDA:0,(anonymous_13)
FNDA:0,(anonymous_14)
FNDA:0,(anonymous_15)
FNDA:0,SkipLink
FNDA:0,KeyboardShortcutsHelp
FNDA:0,(anonymous_18)
DA:3,0
DA:12,0
DA:13,0
DA:15,0
DA:17,0
DA:18,0
DA:19,0
DA:23,0
DA:24,0
DA:28,0
DA:30,0
DA:34,0
DA:37,0
DA:39,0
DA:41,0
DA:42,0
DA:43,0
DA:45,0
DA:48,0
DA:49,0
DA:51,0
DA:52,0
DA:53,0
DA:55,0
DA:58,0
DA:59,0
DA:61,0
DA:62,0
DA:63,0
DA:65,0
DA:68,0
DA:69,0
DA:71,0
DA:72,0
DA:76,0
DA:77,0
DA:78,0
DA:79,0
DA:82,0
DA:86,0
DA:87,0
DA:88,0
DA:91,0
DA:92,0
DA:94,0
DA:97,0
DA:98,0
DA:99,0
DA:100,0
DA:104,0
DA:110,0
DA:111,0
DA:112,0
DA:114,0
DA:115,0
DA:119,0
DA:120,0
DA:122,0
DA:123,0
DA:124,0
DA:125,0
DA:126,0
DA:127,0
DA:130,0
DA:131,0
DA:132,0
DA:138,0
DA:141,0
DA:142,0
DA:145,0
DA:146,0
DA:154,0
DA:168,0
DA:169,0
DA:179,0
DA:196,0
LF:76
LH:0
BRDA:18,0,0,0
BRDA:30,1,0,0
BRDA:31,2,0,0
BRDA:31,2,1,0
BRDA:37,3,0,0
BRDA:37,3,1,0
BRDA:37,3,2,0
BRDA:37,3,3,0
BRDA:37,3,4,0
BRDA:42,4,0,0
BRDA:48,5,0,0
BRDA:48,6,0,0
BRDA:48,6,1,0
BRDA:52,7,0,0
BRDA:58,8,0,0
BRDA:58,9,0,0
BRDA:58,9,1,0
BRDA:62,10,0,0
BRDA:68,11,0,0
BRDA:68,12,0,0
BRDA:68,12,1,0
BRDA:78,13,0,0
BRDA:78,14,0,0
BRDA:78,14,1,0
BRDA:91,15,0,0
BRDA:91,15,1,0
BRDA:112,16,0,0
BRDA:112,17,0,0
BRDA:112,17,1,0
BRDA:123,18,0,0
BRDA:124,19,0,0
BRDA:124,19,1,0
BRDA:125,20,0,0
BRDA:130,21,0,0
BRDA:141,22,0,0
BRDA:179,23,0,0
BRF:36
BRH:0
end_of_record
TN:
SF:components/accessibility/live-region.tsx
FN:19,LiveRegion
FN:30,(anonymous_10)
FN:33,(anonymous_11)
FN:37,(anonymous_12)
FN:41,(anonymous_13)
FN:81,useLiveRegion
FN:91,(anonymous_15)
FN:96,(anonymous_16)
FN:99,(anonymous_17)
FN:100,(anonymous_18)
FN:104,(anonymous_19)
FN:105,(anonymous_20)
FN:109,(anonymous_21)
FN:113,(anonymous_22)
FN:117,(anonymous_23)
FN:134,LiveRegionProvider
FN:143,(anonymous_25)
FN:149,(anonymous_26)
FN:154,(anonymous_27)
FN:159,(anonymous_28)
FN:163,(anonymous_29)
FN:167,(anonymous_30)
FN:215,CartUpdateAnnouncer
FN:219,(anonymous_32)
FN:234,FormErrorAnnouncer
FN:237,(anonymous_34)
FNF:26
FNH:0
FNDA:0,LiveRegion
FNDA:0,(anonymous_10)
FNDA:0,(anonymous_11)
FNDA:0,(anonymous_12)
FNDA:0,(anonymous_13)
FNDA:0,useLiveRegion
FNDA:0,(anonymous_15)
FNDA:0,(anonymous_16)
FNDA:0,(anonymous_17)
FNDA:0,(anonymous_18)
FNDA:0,(anonymous_19)
FNDA:0,(anonymous_20)
FNDA:0,(anonymous_21)
FNDA:0,(anonymous_22)
FNDA:0,(anonymous_23)
FNDA:0,LiveRegionProvider
FNDA:0,(anonymous_25)
FNDA:0,(anonymous_26)
FNDA:0,(anonymous_27)
FNDA:0,(anonymous_28)
FNDA:0,(anonymous_29)
FNDA:0,(anonymous_30)
FNDA:0,CartUpdateAnnouncer
FNDA:0,(anonymous_32)
FNDA:0,FormErrorAnnouncer
FNDA:0,(anonymous_34)
DA:3,0
DA:4,0
DA:19,0
DA:27,0
DA:28,0
DA:30,0
DA:31,0
DA:33,0
DA:34,0
DA:36,0
DA:37,0
DA:38,0
DA:41,0
DA:46,0
DA:76,0
DA:81,0
DA:82,0
DA:83,0
DA:86,0
DA:91,0
DA:96,0
DA:99,0
DA:100,0
DA:104,0
DA:105,0
DA:109,0
DA:110,0
DA:113,0
DA:114,0
DA:117,0
DA:118,0
DA:121,0
DA:134,0
DA:139,0
DA:140,0
DA:141,0
DA:143,0
DA:144,0
DA:147,0
DA:149,0
DA:150,0
DA:154,0
DA:155,0
DA:159,0
DA:160,0
DA:163,0
DA:164,0
DA:167,0
DA:168,0
DA:169,0
DA:170,0
DA:173,0
DA:215,0
DA:216,0
DA:217,0
DA:219,0
DA:220,0
DA:221,0
DA:222,0
DA:223,0
DA:224,0
DA:225,0
DA:227,0
DA:231,0
DA:234,0
DA:235,0
DA:237,0
DA:238,0
DA:239,0
DA:242,0
DA:246,0
LF:71
LH:0
BRDA:20,0,0,0
BRDA:21,1,0,0
BRDA:22,2,0,0
BRDA:23,3,0,0
BRDA:25,4,0,0
BRDA:31,5,0,0
BRDA:36,6,0,0
BRDA:50,7,0,0
BRDA:50,7,1,0
BRDA:83,8,0,0
BRDA:93,9,0,0
BRDA:143,10,0,0
BRDA:144,11,0,0
BRDA:144,11,1,0
BRDA:220,12,0,0
BRDA:222,13,0,0
BRDA:222,13,1,0
BRDA:223,14,0,0
BRDA:223,14,1,0
BRDA:223,15,0,0
BRDA:223,15,1,0
BRDA:224,16,0,0
BRDA:225,17,0,0
BRDA:225,17,1,0
BRDA:225,18,0,0
BRDA:225,18,1,0
BRDA:238,19,0,0
BRDA:239,20,0,0
BRDA:239,20,1,0
BRF:29
BRH:0
end_of_record
TN:
SF:components/accessibility/skip-link.tsx
FN:15,SkipLink
FN:18,(anonymous_7)
FN:19,(anonymous_8)
FN:20,(anonymous_9)
FN:27,(anonymous_10)
FN:34,(anonymous_11)
FN:52,(anonymous_12)
FN:63,(anonymous_13)
FN:92,(anonymous_14)
FN:108,(anonymous_15)
FN:129,SectionSkipLinks
FN:140,(anonymous_17)
FNF:12
FNH:0
FNDA:0,SkipLink
FNDA:0,(anonymous_7)
FNDA:0,(anonymous_8)
FNDA:0,(anonymous_9)
FNDA:0,(anonymous_10)
FNDA:0,(anonymous_11)
FNDA:0,(anonymous_12)
FNDA:0,(anonymous_13)
FNDA:0,(anonymous_14)
FNDA:0,(anonymous_15)
FNDA:0,SectionSkipLinks
FNDA:0,(anonymous_17)
DA:3,0
DA:4,0
DA:15,0
DA:16,0
DA:18,0
DA:19,0
DA:20,0
DA:22,0
DA:23,0
DA:24,0
DA:25,0
DA:27,0
DA:28,0
DA:29,0
DA:34,0
DA:35,0
DA:36,0
DA:37,0
DA:39,0
DA:40,0
DA:42,0
DA:43,0
DA:46,0
DA:47,0
DA:48,0
DA:49,0
DA:50,0
DA:51,0
DA:52,0
DA:64,0
DA:65,0
DA:93,0
DA:94,0
DA:95,0
DA:96,0
DA:97,0
DA:109,0
DA:110,0
DA:111,0
DA:112,0
DA:113,0
DA:129,0
DA:130,0
DA:141,0
LF:44
LH:0
BRDA:15,0,0,0
BRDA:15,1,0,0
BRDA:23,2,0,0
BRDA:37,3,0,0
BRDA:39,4,0,0
BRDA:64,5,0,0
BRDA:70,6,0,0
BRDA:70,6,1,0
BRDA:83,7,0,0
BRDA:83,7,1,0
BRDA:95,8,0,0
BRDA:111,9,0,0
BRF:12
BRH:0
end_of_record
TN:
SF:components/accessibility/testing-utilities.tsx
FN:20,AccessibilityTestPanel
FN:29,(anonymous_9)
FN:31,(anonymous_10)
FN:34,(anonymous_11)
FN:40,(anonymous_12)
FN:44,(anonymous_13)
FN:51,(anonymous_14)
FN:66,(anonymous_15)
FN:82,(anonymous_16)
FN:108,(anonymous_17)
FN:124,(anonymous_18)
FN:142,(anonymous_19)
FN:172,(anonymous_20)
FN:198,(anonymous_21)
FN:199,(anonymous_22)
FN:206,(anonymous_23)
FN:242,(anonymous_24)
FN:294,FocusDebugger
FN:298,(anonymous_26)
FN:305,(anonymous_27)
FN:313,(anonymous_28)
FN:339,(anonymous_29)
FN:341,(anonymous_30)
FN:353,(anonymous_31)
FN:374,ScreenReaderDebugger
FN:381,(anonymous_33)
FN:389,(anonymous_34)
FN:390,(anonymous_35)
FN:391,(anonymous_36)
FN:396,(anonymous_37)
FN:418,(anonymous_38)
FN:419,(anonymous_39)
FN:434,(anonymous_40)
FN:462,ColorContrastChecker
FN:467,(anonymous_42)
FN:470,(anonymous_43)
FN:477,(anonymous_44)
FN:480,(anonymous_45)
FN:512,(anonymous_46)
FNF:39
FNH:0
FNDA:0,AccessibilityTestPanel
FNDA:0,(anonymous_9)
FNDA:0,(anonymous_10)
FNDA:0,(anonymous_11)
FNDA:0,(anonymous_12)
FNDA:0,(anonymous_13)
FNDA:0,(anonymous_14)
FNDA:0,(anonymous_15)
FNDA:0,(anonymous_16)
FNDA:0,(anonymous_17)
FNDA:0,(anonymous_18)
FNDA:0,(anonymous_19)
FNDA:0,(anonymous_20)
FNDA:0,(anonymous_21)
FNDA:0,(anonymous_22)
FNDA:0,(anonymous_23)
FNDA:0,(anonymous_24)
FNDA:0,FocusDebugger
FNDA:0,(anonymous_26)
FNDA:0,(anonymous_27)
FNDA:0,(anonymous_28)
FNDA:0,(anonymous_29)
FNDA:0,(anonymous_30)
FNDA:0,(anonymous_31)
FNDA:0,ScreenReaderDebugger
FNDA:0,(anonymous_33)
FNDA:0,(anonymous_34)
FNDA:0,(anonymous_35)
FNDA:0,(anonymous_36)
FNDA:0,(anonymous_37)
FNDA:0,(anonymous_38)
FNDA:0,(anonymous_39)
FNDA:0,(anonymous_40)
FNDA:0,ColorContrastChecker
FNDA:0,(anonymous_42)
FNDA:0,(anonymous_43)
FNDA:0,(anonymous_44)
FNDA:0,(anonymous_45)
FNDA:0,(anonymous_46)
DA:3,0
DA:4,0
DA:20,0
DA:21,0
DA:22,0
DA:23,0
DA:24,0
DA:27,0
DA:29,0
DA:31,0
DA:32,0
DA:33,0
DA:34,0
DA:38,0
DA:39,0
DA:40,0
DA:44,0
DA:45,0
DA:46,0
DA:48,0
DA:50,0
DA:51,0
DA:52,0
DA:53,0
DA:65,0
DA:66,0
DA:67,0
DA:68,0
DA:80,0
DA:81,0
DA:82,0
DA:83,0
DA:84,0
DA:85,0
DA:93,0
DA:94,0
DA:103,0
DA:107,0
DA:108,0
DA:109,0
DA:110,0
DA:111,0
DA:123,0
DA:124,0
DA:125,0
DA:126,0
DA:128,0
DA:129,0
DA:141,0
DA:142,0
DA:143,0
DA:144,0
DA:145,0
DA:147,0
DA:148,0
DA:158,0
DA:159,0
DA:171,0
DA:172,0
DA:173,0
DA:174,0
DA:175,0
DA:186,0
DA:188,0
DA:190,0
DA:194,0
DA:195,0
DA:198,0
DA:199,0
DA:206,0
DA:243,0
DA:294,0
DA:295,0
DA:296,0
DA:298,0
DA:299,0
DA:301,0
DA:306,0
DA:307,0
DA:310,0
DA:313,0
DA:314,0
DA:315,0
DA:316,0
DA:317,0
DA:335,0
DA:336,0
DA:339,0
DA:341,0
DA:345,0
DA:346,0
DA:353,0
DA:374,0
DA:375,0
DA:381,0
DA:382,0
DA:385,0
DA:387,0
DA:389,0
DA:390,0
DA:391,0
DA:392,0
DA:393,0
DA:394,0
DA:395,0
DA:396,0
DA:409,0
DA:415,0
DA:418,0
DA:419,0
DA:423,0
DA:424,0
DA:435,0
DA:462,0
DA:463,0
DA:464,0
DA:465,0
DA:467,0
DA:468,0
DA:470,0
DA:471,0
DA:472,0
DA:473,0
DA:476,0
DA:477,0
DA:480,0
DA:481,0
DA:482,0
DA:483,0
DA:485,0
DA:487,0
DA:488,0
DA:489,0
DA:490,0
DA:491,0
DA:493,0
DA:495,0
DA:498,0
DA:501,0
DA:502,0
DA:505,0
DA:512,0
LF:142
LH:0
BRDA:32,0,0,0
BRDA:32,1,0,0
BRDA:32,1,1,0
BRDA:32,1,2,0
BRDA:32,1,3,0
BRDA:38,2,0,0
BRDA:52,3,0,0
BRDA:67,4,0,0
BRDA:67,5,0,0
BRDA:67,5,1,0
BRDA:84,6,0,0
BRDA:84,6,1,0
BRDA:84,7,0,0
BRDA:84,7,1,0
BRDA:93,8,0,0
BRDA:110,9,0,0
BRDA:110,10,0,0
BRDA:110,10,1,0
BRDA:125,11,0,0
BRDA:125,11,1,0
BRDA:126,12,0,0
BRDA:126,12,1,0
BRDA:128,13,0,0
BRDA:128,14,0,0
BRDA:128,14,1,0
BRDA:147,15,0,0
BRDA:147,16,0,0
BRDA:147,16,1,0
BRDA:158,17,0,0
BRDA:158,18,0,0
BRDA:158,18,1,0
BRDA:174,19,0,0
BRDA:174,20,0,0
BRDA:174,20,1,0
BRDA:194,21,0,0
BRDA:194,22,0,0
BRDA:194,22,1,0
BRDA:220,23,0,0
BRDA:220,23,1,0
BRDA:224,24,0,0
BRDA:229,25,0,0
BRDA:229,25,1,0
BRDA:229,25,2,0
BRDA:237,26,0,0
BRDA:247,27,0,0
BRDA:247,27,1,0
BRDA:249,28,0,0
BRDA:249,28,1,0
BRDA:258,29,0,0
BRDA:263,30,0,0
BRDA:268,31,0,0
BRDA:299,32,0,0
BRDA:307,33,0,0
BRDA:307,33,1,0
BRDA:345,34,0,0
BRDA:355,35,0,0
BRDA:355,35,1,0
BRDA:358,36,0,0
BRDA:358,36,1,0
BRDA:361,37,0,0
BRDA:382,38,0,0
BRDA:392,39,0,0
BRDA:392,40,0,0
BRDA:392,40,1,0
BRDA:394,41,0,0
BRDA:400,42,0,0
BRDA:400,42,1,0
BRDA:423,43,0,0
BRDA:423,44,0,0
BRDA:423,44,1,0
BRDA:439,45,0,0
BRDA:439,45,1,0
BRDA:468,46,0,0
BRDA:485,47,0,0
BRDA:485,48,0,0
BRDA:485,48,1,0
BRDA:490,49,0,0
BRDA:490,50,0,0
BRDA:490,50,1,0
BRDA:501,51,0,0
BRDA:505,52,0,0
BRDA:505,52,1,0
BRDA:514,53,0,0
BRDA:514,53,1,0
BRDA:517,54,0,0
BRDA:517,54,1,0
BRDA:520,55,0,0
BRDA:520,55,1,0
BRDA:531,56,0,0
BRDA:531,56,1,0
BRDA:533,57,0,0
BRDA:533,57,1,0
BRDA:536,58,0,0
BRF:93
BRH:0
end_of_record
TN:
SF:components/admin/AdminDashboard.tsx
FN:33,AdminDashboard
FN:151,(anonymous_5)
FN:176,(anonymous_6)
FN:183,(anonymous_7)
FN:190,(anonymous_8)
FN:197,(anonymous_9)
FN:206,(anonymous_10)
FN:287,(anonymous_11)
FN:329,(anonymous_12)
FNF:9
FNH:0
FNDA:0,AdminDashboard
FNDA:0,(anonymous_5)
FNDA:0,(anonymous_6)
FNDA:0,(anonymous_7)
FNDA:0,(anonymous_8)
FNDA:0,(anonymous_9)
FNDA:0,(anonymous_10)
FNDA:0,(anonymous_11)
FNDA:0,(anonymous_12)
DA:3,0
DA:19,0
DA:20,0
DA:31,0
DA:33,0
DA:34,0
DA:39,0
DA:70,0
DA:80,0
DA:118,0
DA:151,0
DA:152,0
DA:154,0
DA:156,0
DA:158,0
DA:160,0
DA:162,0
DA:164,0
DA:176,0
DA:183,0
DA:190,0
DA:197,0
DA:207,0
DA:208,0
DA:210,0
DA:212,0
DA:288,0
DA:330,0
DA:353,0
LF:29
LH:0
BRDA:152,0,0,0
BRDA:152,0,1,0
BRDA:152,0,2,0
BRDA:152,0,3,0
BRDA:152,0,4,0
BRDA:152,0,5,0
BRDA:174,1,0,0
BRDA:174,1,1,0
BRDA:181,2,0,0
BRDA:181,2,1,0
BRDA:188,3,0,0
BRDA:188,3,1,0
BRDA:195,4,0,0
BRDA:195,4,1,0
BRDA:208,5,0,0
BRDA:208,5,1,0
BRDA:210,6,0,0
BRDA:210,6,1,0
BRF:18
BRH:0
end_of_record
TN:
SF:components/admin/OrdersTable.tsx
FN:34,(anonymous_2)
FN:93,OrdersTable
FN:102,(anonymous_4)
FN:119,(anonymous_5)
FN:138,(anonymous_6)
FN:151,(anonymous_7)
FN:152,(anonymous_8)
FN:154,(anonymous_9)
FN:159,(anonymous_10)
FN:163,(anonymous_11)
FN:177,(anonymous_12)
FN:194,(anonymous_13)
FN:197,(anonymous_14)
FN:200,(anonymous_15)
FN:203,(anonymous_16)
FN:206,(anonymous_17)
FN:209,(anonymous_18)
FN:212,(anonymous_19)
FN:241,(anonymous_20)
FN:276,(anonymous_21)
FN:282,(anonymous_22)
FN:369,(anonymous_23)
FN:377,(anonymous_24)
FN:388,(anonymous_25)
FN:396,(anonymous_26)
FNF:25
FNH:0
FNDA:0,(anonymous_2)
FNDA:0,OrdersTable
FNDA:0,(anonymous_4)
FNDA:0,(anonymous_5)
FNDA:0,(anonymous_6)
FNDA:0,(anonymous_7)
FNDA:0,(anonymous_8)
FNDA:0,(anonymous_9)
FNDA:0,(anonymous_10)
FNDA:0,(anonymous_11)
FNDA:0,(anonymous_12)
FNDA:0,(anonymous_13)
FNDA:0,(anonymous_14)
FNDA:0,(anonymous_15)
FNDA:0,(anonymous_16)
FNDA:0,(anonymous_17)
FNDA:0,(anonymous_18)
FNDA:0,(anonymous_19)
FNDA:0,(anonymous_20)
FNDA:0,(anonymous_21)
FNDA:0,(anonymous_22)
FNDA:0,(anonymous_23)
FNDA:0,(anonymous_24)
FNDA:0,(anonymous_25)
FNDA:0,(anonymous_26)
DA:3,0
DA:16,0
DA:17,0
DA:23,0
DA:31,0
DA:34,0
DA:35,0
DA:43,0
DA:45,0
DA:46,0
DA:48,0
DA:50,0
DA:93,0
DA:94,0
DA:95,0
DA:96,0
DA:97,0
DA:98,0
DA:99,0
DA:102,0
DA:104,0
DA:108,0
DA:110,0
DA:114,0
DA:115,0
DA:116,0
DA:117,0
DA:119,0
DA:120,0
DA:122,0
DA:124,0
DA:126,0
DA:128,0
DA:130,0
DA:132,0
DA:134,0
DA:138,0
DA:139,0
DA:141,0
DA:143,0
DA:145,0
DA:147,0
DA:151,0
DA:152,0
DA:153,0
DA:154,0
DA:159,0
DA:160,0
DA:161,0
DA:163,0
DA:177,0
DA:194,0
DA:197,0
DA:200,0
DA:203,0
DA:206,0
DA:209,0
DA:212,0
DA:241,0
DA:277,0
DA:282,0
DA:369,0
DA:377,0
DA:388,0
DA:396,0
LF:65
LH:0
BRDA:81,0,0,0
BRDA:81,0,1,0
BRDA:83,1,0,0
BRDA:83,1,1,0
BRDA:104,2,0,0
BRDA:104,2,1,0
BRDA:104,2,2,0
BRDA:108,3,0,0
BRDA:108,3,1,0
BRDA:110,4,0,0
BRDA:110,4,1,0
BRDA:120,5,0,0
BRDA:120,5,1,0
BRDA:120,5,2,0
BRDA:120,5,3,0
BRDA:120,5,4,0
BRDA:120,5,5,0
BRDA:120,5,6,0
BRDA:139,6,0,0
BRDA:139,6,1,0
BRDA:139,6,2,0
BRDA:139,6,3,0
BRDA:153,7,0,0
BRDA:153,7,1,0
BRDA:160,8,0,0
BRDA:160,8,1,0
BRDA:186,9,0,0
BRDA:224,10,0,0
BRDA:227,11,0,0
BRDA:227,11,1,0
BRDA:257,12,0,0
BRDA:257,12,1,0
BRF:32
BRH:0
end_of_record
TN:
SF:components/admin/admin-header.tsx
FN:9,AdminHeader
FN:31,(anonymous_3)
FN:52,(anonymous_4)
FN:66,(anonymous_5)
FN:111,(anonymous_6)
FN:119,(anonymous_7)
FNF:6
FNH:0
FNDA:0,AdminHeader
FNDA:0,(anonymous_3)
FNDA:0,(anonymous_4)
FNDA:0,(anonymous_5)
FNDA:0,(anonymous_6)
[...]
FNDA:0,(anonymous_53)
FNDA:0,(anonymous_54)
FNDA:0,(anonymous_56)
FNDA:0,(anonymous_57)
FNDA:0,(anonymous_58)
FNDA:0,(anonymous_60)
FNDA:0,(anonymous_61)
FNDA:0,(anonymous_62)
FNDA:0,(anonymous_64)
FNDA:0,(anonymous_65)
FNDA:0,(anonymous_66)
FNDA:0,(anonymous_68)
FNDA:0,(anonymous_69)
FNDA:0,(anonymous_70)
FNDA:0,(anonymous_72)
FNDA:0,(anonymous_73)
FNDA:0,(anonymous_74)
FNDA:0,(anonymous_76)
FNDA:0,(anonymous_77)
FNDA:0,(anonymous_78)
FNDA:0,(anonymous_80)
FNDA:0,(anonymous_81)
FNDA:0,(anonymous_82)
FNDA:0,(anonymous_84)
FNDA:0,(anonymous_85)
FNDA:0,(anonymous_86)
FNDA:0,(anonymous_88)
FNDA:0,(anonymous_89)
FNDA:0,(anonymous_90)
FNDA:0,(anonymous_92)
FNDA:0,(anonymous_93)
FNDA:0,(anonymous_94)
FNDA:0,(anonymous_96)
FNDA:0,(anonymous_97)
FNDA:0,(anonymous_98)
FNDA:0,(anonymous_100)
FNDA:0,(anonymous_101)
FNDA:0,(anonymous_102)
FNDA:0,(anonymous_104)
FNDA:0,(anonymous_105)
FNDA:0,(anonymous_106)
FNDA:0,(anonymous_108)
FNDA:0,(anonymous_109)
FNDA:0,(anonymous_110)
DA:3,0
DA:4,0
DA:9,0
DA:32,0
DA:38,0
DA:39,0
DA:40,0
DA:41,0
DA:42,0
DA:45,0
DA:46,0
DA:50,0
DA:51,0
DA:55,0
DA:56,0
DA:60,0
DA:61,0
DA:65,0
DA:66,0
DA:70,0
DA:71,0
DA:75,0
DA:76,0
DA:80,0
DA:81,0
DA:85,0
DA:86,0
DA:90,0
DA:91,0
DA:95,0
DA:96,0
DA:100,0
DA:101,0
DA:105,0
DA:106,0
DA:110,0
DA:111,0
DA:115,0
DA:116,0
DA:120,0
DA:121,0
DA:125,0
DA:126,0
DA:130,0
DA:131,0
DA:135,0
DA:136,0
LF:47
LH:0
BRF:0
BRH:0
end_of_record
TN:
SF:components/ui/checkbox.tsx
FNF:0
FNH:0
DA:3,0
DA:4,0
DA:7,0
DA:28,0
DA:30,0
LF:5
LH:0
BRF:0
BRH:0
end_of_record
TN:
SF:components/ui/collapsible.tsx
FNF:0
FNH:0
DA:3,0
DA:5,0
DA:7,0
DA:9,0
DA:11,0
LF:5
LH:0
BRF:0
BRH:0
end_of_record
TN:
SF:components/ui/command.tsx
FN:26,(anonymous_15)
FN:127,(anonymous_22)
FNF:2
FNH:0
FNDA:0,(anonymous_15)
FNDA:0,(anonymous_22)
DA:3,0
DA:5,0
DA:8,0
DA:9,0
DA:24,0
DA:26,0
DA:55,0
DA:68,0
DA:81,0
DA:97,0
DA:109,0
DA:125,0
DA:127,0
DA:141,0
DA:144,0
DA:145,0
DA:146,0
DA:147,0
DA:148,0
DA:149,0
DA:150,0
DA:151,0
DA:152,0
LF:23
LH:0
BRF:0
BRH:0
end_of_record
TN:
SF:components/ui/context-menu.tsx
FN:168,(anonymous_28)
FNF:1
FNH:0
FNDA:0,(anonymous_28)
DA:3,0
DA:4,0
DA:7,0
DA:9,0
DA:11,0
DA:13,0
DA:15,0
DA:17,0
DA:19,0
DA:40,0
DA:55,0
DA:72,0
DA:90,0
DA:113,0
DA:136,0
DA:154,0
DA:166,0
DA:168,0
DA:182,0
DA:185,0
DA:186,0
DA:187,0
DA:188,0
DA:189,0
DA:190,0
DA:191,0
DA:192,0
DA:193,0
DA:194,0
DA:195,0
DA:196,0
DA:197,0
DA:198,0
DA:199,0
LF:34
LH:0
BRDA:31,0,0,0
BRDA:31,0,1,0
BRDA:84,1,0,0
BRDA:84,1,1,0
BRDA:148,2,0,0
BRDA:148,2,1,0
BRF:6
BRH:0
end_of_record
TN:
SF:components/ui/dialog.tsx
FNF:0
FNH:0
DA:3,0
DA:4,0
DA:7,0
DA:9,0
DA:11,0
DA:13,0
DA:15,0
DA:30,0
DA:54,0
DA:68,0
DA:82,0
DA:97,0
DA:109,0
DA:112,0
DA:113,0
DA:114,0
DA:115,0
DA:116,0
DA:117,0
DA:118,0
DA:119,0
DA:120,0
DA:121,0
LF:23
LH:0
BRF:0
BRH:0
end_of_record
TN:
SF:components/ui/drawer.tsx
FNF:0
FNH:0
DA:3,0
DA:4,0
DA:6,0
DA:17,0
DA:19,0
DA:21,0
DA:23,0
DA:35,0
DA:56,0
DA:67,0
DA:78,0
DA:93,0
DA:105,0
DA:108,0
DA:109,0
DA:110,0
DA:111,0
DA:112,0
DA:113,0
DA:114,0
DA:115,0
DA:116,0
DA:117,0
LF:23
LH:0
BRDA:9,0,0,0
BRF:1
BRH:0
end_of_record
TN:
SF:components/ui/dropdown-menu.tsx
FN:171,(anonymous_28)
FNF:1
FNH:0
FNDA:0,(anonymous_28)
DA:3,0
DA:4,0
DA:7,0
DA:9,0
DA:11,0
DA:13,0
DA:15,0
DA:17,0
DA:19,0
DA:40,0
DA:56,0
DA:75,0
DA:93,0
DA:116,0
DA:139,0
DA:157,0
DA:169,0
DA:171,0
DA:182,0
DA:185,0
DA:186,0
DA:187,0
DA:188,0
DA:189,0
DA:190,0
DA:191,0
DA:192,0
DA:193,0
DA:194,0
DA:195,0
DA:196,0
DA:197,0
DA:198,0
DA:199,0
LF:34
LH:0
BRDA:31,0,0,0
BRDA:31,0,1,0
BRDA:62,1,0,0
BRDA:87,2,0,0
BRDA:87,2,1,0
BRDA:151,3,0,0
BRDA:151,3,1,0
BRF:7
BRH:0
end_of_record
TN:
SF:components/ui/error-states.tsx
FN:18,ErrorState
FN:57,ProductNotFound
FN:69,CartError
FN:106,EmptyState
FN:141,NetworkError
FN:155,PermissionError
FN:167,InlineError
FN:187,FieldError
FN:204,handleApiError
FNF:9
FNH:0
FNDA:0,ErrorState
FNDA:0,ProductNotFound
FNDA:0,CartError
FNDA:0,EmptyState
FNDA:0,NetworkError
FNDA:0,PermissionError
FNDA:0,InlineError
FNDA:0,FieldError
FNDA:0,handleApiError
DA:1,0
DA:3,0
DA:4,0
DA:5,0
DA:18,0
DA:57,0
DA:69,0
DA:106,0
DA:141,0
DA:155,0
DA:167,0
DA:187,0
DA:192,0
DA:194,0
DA:196,0
DA:204,0
DA:205,0
DA:206,0
DA:209,0
DA:210,0
DA:213,0
LF:21
LH:0
BRDA:19,0,0,0
BRDA:20,1,0,0
BRDA:22,2,0,0
BRDA:23,3,0,0
BRDA:35,4,0,0
BRDA:41,5,0,0
BRDA:76,6,0,0
BRDA:111,7,0,0
BRDA:117,8,0,0
BRDA:121,9,0,0
BRDA:124,10,0,0
BRDA:124,10,1,0
BRDA:125,11,0,0
BRDA:125,11,1,0
BRDA:169,12,0,0
BRDA:192,13,0,0
BRDA:194,14,0,0
BRDA:194,14,1,0
BRDA:196,15,0,0
BRDA:205,16,0,0
BRDA:209,17,0,0
BRDA:209,18,0,0
BRDA:209,18,1,0
BRDA:209,18,2,0
BRF:24
BRH:0
end_of_record
TN:
SF:components/ui/form.tsx
FN:32,(anonymous_12)
FN:45,(anonymous_13)
FN:79,(anonymous_14)
FN:93,(anonymous_15)
FN:110,(anonymous_16)
FN:133,(anonymous_17)
FN:150,(anonymous_18)
FNF:7
FNH:0
FNDA:0,(anonymous_12)
FNDA:0,(anonymous_13)
FNDA:0,(anonymous_14)
FNDA:0,(anonymous_15)
FNDA:0,(anonymous_16)
FNDA:0,(anonymous_17)
FNDA:0,(anonymous_18)
DA:3,0
DA:5,0
DA:14,0
DA:16,0
DA:17,0
DA:19,0
DA:28,0
DA:32,0
DA:45,0
DA:46,0
DA:47,0
DA:48,0
DA:50,0
DA:52,0
DA:53,0
DA:56,0
DA:58,0
DA:72,0
DA:76,0
DA:80,0
DA:88,0
DA:90,0
DA:94,0
DA:105,0
DA:107,0
DA:112,0
DA:128,0
DA:130,0
DA:134,0
DA:145,0
DA:147,0
DA:151,0
DA:152,0
DA:154,0
DA:155,0
DA:169,0
DA:172,0
DA:173,0
DA:174,0
DA:175,0
DA:176,0
DA:177,0
DA:178,0
DA:179,0
LF:44
LH:0
BRDA:52,0,0,0
BRDA:99,1,0,0
BRDA:99,1,1,0
BRDA:119,2,0,0
BRDA:119,2,1,0
BRDA:152,3,0,0
BRDA:152,3,1,0
BRDA:154,4,0,0
BRF:8
BRH:0
end_of_record
TN:
SF:components/ui/hover-card.tsx
FNF:0
FNH:0
DA:3,0
DA:4,0
DA:6,0
DA:8,0
DA:10,0
DA:27,0
DA:29,0
LF:7
LH:0
BRDA:15,0,0,0
BRDA:15,1,0,0
BRF:2
BRH:0
end_of_record
TN:
SF:components/ui/input-otp.tsx
FN:36,(anonymous_11)
FNF:1
FNH:0
FNDA:0,(anonymous_11)
DA:3,0
DA:4,0
DA:7,0
DA:23,0
DA:31,0
DA:33,0
DA:37,0
DA:38,0
DA:59,0
DA:69,0
DA:71,0
LF:11
LH:0
BRDA:45,0,0,0
BRDA:45,0,1,0
BRDA:51,1,0,0
BRF:3
BRH:0
end_of_record
TN:
SF:components/ui/input.tsx
FN:6,(anonymous_4)
FNF:1
FNH:0
FNDA:0,(anonymous_4)
DA:1,0
DA:3,0
DA:5,0
DA:20,0
DA:22,0
LF:5
LH:0
BRF:0
BRH:0
end_of_record
TN:
SF:components/ui/label.tsx
FNF:0
FNH:0
DA:3,0
DA:4,0
DA:5,0
DA:7,0
DA:9,0
DA:24,0
DA:26,0
LF:7
LH:0
BRF:0
BRH:0
end_of_record
TN:
SF:components/ui/loading-states.tsx
FN:8,ProductCardSkeleton
FN:23,ProductGridSkeleton
FN:37,(anonymous_18)
FN:47,ProductDetailsSkeleton
FN:54,(anonymous_20)
FN:85,CartItemSkeleton
FN:101,CategoryCardSkeleton
FN:113,OrderItemSkeleton
FN:132,TextSkeleton
FN:135,(anonymous_25)
FN:149,ButtonSkeleton
FN:168,PageHeaderSkeleton
FN:180,FormFieldSkeleton
FN:192,CheckoutFormSkeleton
FN:221,ProductScrollSkeleton
FN:230,(anonymous_31)
FN:244,CategoryScrollSkeleton
FN:255,(anonymous_33)
FN:265,(anonymous_34)
FN:280,HeroBannerSkeleton
FNF:20
FNH:0
FNDA:0,ProductCardSkeleton
FNDA:0,ProductGridSkeleton
FNDA:0,(anonymous_18)
FNDA:0,ProductDetailsSkeleton
FNDA:0,(anonymous_20)
FNDA:0,CartItemSkeleton
FNDA:0,CategoryCardSkeleton
FNDA:0,OrderItemSkeleton
FNDA:0,TextSkeleton
FNDA:0,(anonymous_25)
FNDA:0,ButtonSkeleton
FNDA:0,PageHeaderSkeleton
FNDA:0,FormFieldSkeleton
FNDA:0,CheckoutFormSkeleton
FNDA:0,ProductScrollSkeleton
FNDA:0,(anonymous_31)
FNDA:0,CategoryScrollSkeleton
FNDA:0,(anonymous_33)
FNDA:0,(anonymous_34)
FNDA:0,HeroBannerSkeleton
DA:1,0
DA:2,0
DA:3,0
DA:8,0
DA:23,0
DA:38,0
DA:47,0
DA:55,0
DA:85,0
DA:101,0
DA:113,0
DA:132,0
DA:136,0
DA:149,0
DA:156,0
DA:168,0
DA:180,0
DA:192,0
DA:221,0
DA:231,0
DA:244,0
DA:256,0
DA:266,0
DA:280,0
LF:24
LH:0
BRDA:24,0,0,0
BRDA:132,1,0,0
BRDA:151,2,0,0
BRDA:221,3,0,0
BRDA:244,4,0,0
BRF:5
BRH:0
end_of_record
TN:
SF:components/ui/menubar.tsx
FN:203,(anonymous_31)
FNF:1
FNH:0
FNDA:0,(anonymous_31)
DA:3,0
DA:4,0
DA:7,0
DA:9,0
DA:11,0
DA:13,0
DA:15,0
DA:17,0
DA:32,0
DA:47,0
DA:68,0
DA:83,0
DA:108,0
DA:126,0
DA:149,0
DA:171,0
DA:189,0
DA:201,0
DA:203,0
DA:217,0
DA:220,0
DA:221,0
DA:222,0
DA:223,0
DA:224,0
DA:225,0
DA:226,0
DA:227,0
DA:228,0
DA:229,0
DA:230,0
DA:231,0
DA:232,0
DA:233,0
DA:234,0
DA:235,0
LF:36
LH:0
BRDA:59,0,0,0
BRDA:59,0,1,0
BRDA:90,1,0,0
BRDA:90,2,0,0
BRDA:90,3,0,0
BRDA:120,4,0,0
BRDA:120,4,1,0
BRDA:183,5,0,0
BRDA:183,5,1,0
BRF:9
BRH:0
end_of_record
TN:
SF:components/ui/navigation-menu.tsx
FNF:0
FNH:0
DA:1,0
DA:2,0
DA:3,0
DA:6,0
DA:24,0
DA:39,0
DA:41,0
DA:43,0
DA:63,0
DA:78,0
DA:80,0
DA:97,0
DA:115,0
DA:119,0
DA:120,0
DA:121,0
DA:122,0
DA:123,0
DA:124,0
DA:125,0
DA:126,0
DA:127,0
LF:22
LH:0
BRF:0
BRH:0
end_of_record
TN:
SF:components/ui/optimized-image.tsx
FN:29,OptimizedImage
FN:71,(anonymous_6)
FN:76,(anonymous_7)
FN:77,(anonymous_8)
FN:96,(anonymous_9)
FN:99,(anonymous_10)
FN:104,(anonymous_11)
FN:175,ProductImage
FN:204,HeroImage
FNF:9
FNH:0
FNDA:0,OptimizedImage
FNDA:0,(anonymous_6)
FNDA:0,(anonymous_7)
FNDA:0,(anonymous_8)
FNDA:0,(anonymous_9)
FNDA:0,(anonymous_10)
FNDA:0,(anonymous_11)
FNDA:0,ProductImage
FNDA:0,HeroImage
DA:3,0
DA:4,0
DA:5,0
DA:29,0
DA:46,0
DA:47,0
DA:48,0
DA:49,0
DA:53,0
DA:71,0
DA:72,0
DA:75,0
DA:77,0
DA:78,0
DA:79,0
DA:80,0
DA:91,0
DA:92,0
DA:93,0
DA:96,0
DA:99,0
DA:100,0
DA:101,0
DA:104,0
DA:105,0
DA:106,0
DA:109,0
DA:175,0
DA:204,0
LF:29
LH:0
BRDA:35,0,0,0
BRDA:36,1,0,0
BRDA:39,2,0,0
BRDA:40,3,0,0
BRDA:41,4,0,0
BRDA:42,5,0,0
BRDA:53,6,0,0
BRDA:53,6,1,0
BRDA:55,7,0,0
BRDA:55,7,1,0
BRDA:55,8,0,0
BRDA:55,8,1,0
BRDA:72,9,0,0
BRDA:72,10,0,0
BRDA:72,10,1,0
BRDA:78,11,0,0
BRDA:92,12,0,0
BRDA:109,13,0,0
BRDA:109,13,1,0
BRDA:121,14,0,0
BRDA:121,14,1,0
BRDA:126,15,0,0
BRDA:126,15,1,0
BRDA:126,15,2,0
BRDA:134,16,0,0
BRDA:134,16,1,0
BRDA:135,17,0,0
BRDA:135,17,1,0
BRDA:136,18,0,0
BRDA:136,18,1,0
BRDA:137,19,0,0
BRDA:137,19,1,0
BRDA:138,20,0,0
BRDA:138,20,1,0
BRDA:139,21,0,0
BRDA:139,21,1,0
BRDA:148,22,0,0
BRDA:148,22,1,0
BRDA:155,23,0,0
BRDA:155,23,1,0
BRDA:160,24,0,0
BRDA:178,25,0,0
BRDA:207,26,0,0
BRF:43
BRH:0
end_of_record
TN:
SF:components/ui/pagination.tsx
FNF:0
FNH:0
DA:1,0
DA:4,0
DA:6,0
DA:16,0
DA:28,0
DA:36,0
DA:61,0
DA:77,0
DA:93,0
DA:108,0
DA:111,0
DA:112,0
DA:113,0
DA:114,0
DA:115,0
DA:116,0
DA:117,0
LF:17
LH:0
BRDA:46,0,0,0
BRDA:50,1,0,0
BRDA:50,1,1,0
BRDA:53,2,0,0
BRDA:53,2,1,0
BRF:5
BRH:0
end_of_record
TN:
SF:components/ui/popover.tsx
FNF:0
FNH:0
DA:3,0
DA:4,0
DA:6,0
DA:8,0
DA:10,0
DA:29,0
DA:31,0
LF:7
LH:0
BRDA:15,0,0,0
BRDA:15,1,0,0
BRF:2
BRH:0
end_of_record
TN:
SF:components/ui/progress.tsx
FNF:0
FNH:0
DA:3,0
DA:4,0
DA:6,0
DA:26,0
DA:28,0
LF:5
LH:0
BRDA:22,0,0,0
BRDA:22,0,1,0
BRF:2
BRH:0
end_of_record
TN:
SF:components/ui/radio-group.tsx
FN:12,(anonymous_7)
FN:26,(anonymous_8)
FNF:2
FNH:0
FNDA:0,(anonymous_7)
FNDA:0,(anonymous_8)
DA:3,0
DA:4,0
DA:7,0
DA:9,0
DA:21,0
DA:23,0
DA:42,0
DA:44,0
LF:8
LH:0
BRF:0
BRH:0
end_of_record
TN:
SF:components/ui/resizable.tsx
FNF:0
FNH:0
DA:4,0
DA:6,0
DA:21,0
DA:45,0
LF:4
LH:0
BRDA:37,0,0,0
BRF:1
BRH:0
end_of_record
TN:
SF:components/ui/scroll-area.tsx
FNF:0
FNH:0
DA:3,0
DA:4,0
DA:6,0
DA:24,0
DA:46,0
DA:48,0
LF:6
LH:0
BRDA:29,0,0,0
BRDA:35,1,0,0
BRDA:35,1,1,0
BRDA:37,2,0,0
BRDA:37,2,1,0
BRF:5
BRH:0
end_of_record
TN:
SF:components/ui/section-divider.tsx
FN:6,SectionDivider
FN:14,(anonymous_2)
FNF:2
FNH:0
FNDA:0,SectionDivider
FNDA:0,(anonymous_2)
DA:6,0
DA:15,0
LF:2
LH:0
BRDA:7,0,0,0
BRDA:8,1,0,0
BRF:2
BRH:0
end_of_record
TN:
SF:components/ui/section-header.example.tsx
FN:10,SectionHeaderExamples
FNF:1
FNH:0
FNDA:0,SectionHeaderExamples
DA:8,0
DA:10,0
DA:72,0
LF:3
LH:0
BRF:0
BRH:0
end_of_record
TN:
SF:components/ui/section-header.tsx
FN:14,SectionHeader
FNF:1
FNH:0
FNDA:0,SectionHeader
DA:1,0
DA:2,0
DA:14,0
DA:23,0
DA:33,0
DA:41,0
LF:6
LH:0
BRDA:17,0,0,0
BRDA:19,1,0,0
BRDA:20,2,0,0
BRDA:21,3,0,0
BRDA:36,4,0,0
BRDA:36,4,1,0
BRDA:52,5,0,0
BRDA:52,5,1,0
BRF:8
BRH:0
end_of_record
TN:
SF:components/ui/select.tsx
FNF:0
FNH:0
DA:3,0
DA:4,0
DA:7,0
DA:9,0
DA:11,0
DA:13,0
DA:33,0
DA:50,0
DA:67,0
DA:100,0
DA:112,0
DA:135,0
DA:147,0
DA:150,0
DA:151,0
DA:152,0
DA:153,0
DA:154,0
DA:155,0
DA:156,0
DA:157,0
DA:158,0
DA:159,0
LF:23
LH:0
BRDA:73,0,0,0
BRDA:79,1,0,0
BRDA:79,1,1,0
BRDA:90,2,0,0
BRDA:90,2,1,0
BRF:5
BRH:0
end_of_record
TN:
SF:components/ui/separator.tsx
FNF:0
FNH:0
DA:3,0
DA:4,0
DA:6,0
DA:29,0
DA:31,0
LF:5
LH:0
BRDA:13,0,0,0
BRDA:13,1,0,0
BRDA:22,2,0,0
BRDA:22,2,1,0
BRF:4
BRH:0
end_of_record
TN:
SF:components/ui/sheet.tsx
FNF:0
FNH:0
DA:3,0
DA:4,0
DA:5,0
DA:8,0
DA:10,0
DA:12,0
DA:14,0
DA:16,0
DA:31,0
DA:33,0
DA:75,0
DA:89,0
DA:103,0
DA:115,0
DA:127,0
DA:130,0
DA:131,0
DA:132,0
DA:133,0
DA:134,0
DA:135,0
DA:136,0
DA:137,0
DA:138,0
DA:139,0
LF:25
LH:0
BRDA:59,0,0,0
BRF:1
BRH:0
end_of_record
TN:
SF:components/ui/sidebar.tsx
FNF:0
FNH:0
DA:2,0
LF:1
LH:0
BRF:0
BRH:0
end_of_record
TN:
SF:components/ui/skeleton.tsx
FN:3,Skeleton
FNF:1
FNH:0
FNDA:0,Skeleton
DA:1,0
DA:15,0
LF:2
LH:0
BRF:0
BRH:0
end_of_record
TN:
SF:components/ui/slider.tsx
FNF:0
FNH:0
DA:3,0
DA:4,0
DA:6,0
DA:26,0
DA:28,0
LF:5
LH:0
BRF:0
BRH:0
end_of_record
TN:
SF:components/ui/sonner.tsx
FN:8,(anonymous_1)
FNF:1
FNH:0
FNDA:0,(anonymous_1)
DA:3,0
DA:4,0
DA:8,0
DA:9,0
DA:31,0
LF:5
LH:0
BRDA:9,0,0,0
BRF:1
BRH:0
end_of_record
TN:
SF:components/ui/switch.tsx
FNF:0
FNH:0
DA:3,0
DA:4,0
DA:6,0
DA:27,0
DA:29,0
LF:5
LH:0
BRF:0
BRH:0
end_of_record
TN:
SF:components/ui/table.tsx
FNF:0
FNH:0
DA:1,0
DA:3,0
DA:17,0
DA:25,0
DA:37,0
DA:49,0
DA:64,0
DA:79,0
DA:91,0
DA:103,0
DA:106,0
DA:107,0
DA:108,0
DA:109,0
DA:110,0
DA:111,0
DA:112,0
DA:113,0
LF:18
LH:0
BRF:0
BRH:0
end_of_record
TN:
SF:components/ui/tabs.tsx
FNF:0
FNH:0
DA:3,0
DA:4,0
DA:6,0
DA:8,0
DA:23,0
DA:38,0
DA:53,0
DA:55,0
LF:8
LH:0
BRF:0
BRH:0
end_of_record
TN:
SF:components/ui/textarea.tsx
FN:9,(anonymous_4)
FNF:1
FNH:0
FNDA:0,(anonymous_4)
DA:1,0
DA:3,0
DA:8,0
DA:22,0
DA:24,0
LF:5
LH:0
BRF:0
BRH:0
end_of_record
TN:
SF:components/ui/toast.tsx
FN:47,(anonymous_13)
FNF:1
FNH:0
FNDA:0,(anonymous_13)
DA:3,0
DA:4,0
DA:5,0
DA:8,0
DA:10,0
DA:25,0
DA:27,0
DA:43,0
DA:56,0
DA:71,0
DA:89,0
DA:101,0
DA:113,0
DA:122,0
DA:123,0
DA:124,0
DA:125,0
DA:126,0
DA:127,0
DA:128,0
LF:20
LH:0
BRF:0
BRH:0
end_of_record
TN:
SF:components/ui/toaster.tsx
FN:13,Toaster
FN:18,(anonymous_2)
FNF:2
FNH:0
FNDA:0,Toaster
FNDA:0,(anonymous_2)
DA:3,0
DA:11,0
DA:13,0
DA:14,0
DA:19,0
LF:5
LH:0
BRDA:22,0,0,0
BRDA:23,1,0,0
BRF:2
BRH:0
end_of_record
TN:
SF:components/ui/toggle-group.tsx
FN:39,(anonymous_7)
FNF:1
FNH:0
FNDA:0,(anonymous_7)
DA:3,0
DA:4,0
DA:7,0
DA:8,0
DA:10,0
DA:33,0
DA:35,0
DA:40,0
DA:59,0
DA:61,0
LF:10
LH:0
BRDA:47,0,0,0
BRDA:47,0,1,0
BRDA:48,1,0,0
BRDA:48,1,1,0
BRF:4
BRH:0
end_of_record
TN:
SF:components/ui/toggle.tsx
FNF:0
FNH:0
DA:3,0
DA:4,0
DA:5,0
DA:7,0
DA:9,0
DA:43,0
DA:45,0
LF:7
LH:0
BRF:0
BRH:0
end_of_record
TN:
SF:components/ui/tooltip.tsx
FNF:0
FNH:0
DA:3,0
DA:4,0
DA:6,0
DA:8,0
DA:10,0
DA:12,0
DA:28,0
DA:30,0
LF:8
LH:0
BRDA:17,0,0,0
BRF:1
BRH:0
end_of_record
TN:
SF:components/ui/viewport-loader.tsx
FN:30,ViewportLoader
FN:43,(anonymous_5)
FN:48,(anonymous_6)
FN:49,(anonymous_7)
FN:76,(anonymous_8)
FN:92,useInViewport
FN:103,(anonymous_10)
FN:108,(anonymous_11)
FN:109,(anonymous_12)
FN:130,(anonymous_13)
FN:142,withViewportLoader
FN:146,ViewportLoadedComponent
FNF:12
FNH:0
FNDA:0,ViewportLoader
FNDA:0,(anonymous_5)
FNDA:0,(anonymous_6)
FNDA:0,(anonymous_7)
FNDA:0,(anonymous_8)
FNDA:0,useInViewport
FNDA:0,(anonymous_10)
FNDA:0,(anonymous_11)
FNDA:0,(anonymous_12)
FNDA:0,(anonymous_13)
FNDA:0,withViewportLoader
FNDA:0,ViewportLoadedComponent
DA:3,0
DA:30,0
DA:39,0
DA:40,0
DA:41,0
DA:43,0
DA:44,0
DA:45,0
DA:47,0
DA:49,0
DA:50,0
DA:51,0
DA:52,0
DA:54,0
DA:55,0
DA:59,0
DA:60,0
DA:62,0
DA:64,0
DA:74,0
DA:76,0
DA:77,0
DA:92,0
DA:100,0
DA:101,0
DA:103,0
DA:104,0
DA:105,0
DA:107,0
DA:109,0
DA:110,0
DA:111,0
DA:112,0
DA:114,0
DA:115,0
DA:117,0
DA:118,0
DA:128,0
DA:130,0
DA:131,0
DA:135,0
DA:142,0
DA:146,0
LF:43
LH:0
BRDA:32,0,0,0
BRDA:33,1,0,0
BRDA:34,2,0,0
BRDA:37,3,0,0
BRDA:45,4,0,0
BRDA:45,5,0,0
BRDA:45,5,1,0
BRDA:45,5,2,0
BRDA:50,6,0,0
BRDA:50,6,1,0
BRDA:54,7,0,0
BRDA:59,8,0,0
BRDA:62,9,0,0
BRDA:83,10,0,0
BRDA:83,10,1,0
BRDA:105,11,0,0
BRDA:105,12,0,0
BRDA:105,12,1,0
BRDA:105,12,2,0
BRDA:110,13,0,0
BRDA:110,13,1,0
BRDA:114,14,0,0
BRDA:117,15,0,0
BRDA:123,16,0,0
BRDA:123,16,1,0
BRDA:124,17,0,0
BRDA:124,17,1,0
BRF:27
BRH:0
end_of_record
TN:
SF:components/ui/sidebar/index.tsx
FNF:0
FNH:0
DA:2,0
DA:3,0
DA:5,0
DA:7,0
DA:9,0
DA:12,0
DA:13,0
DA:14,0
DA:15,0
DA:16,0
DA:17,0
DA:18,0
DA:21,0
DA:22,0
DA:23,0
DA:24,0
DA:25,0
DA:28,0
DA:29,0
DA:30,0
DA:31,0
DA:32,0
DA:33,0
DA:34,0
DA:35,0
DA:36,0
DA:37,0
LF:27
LH:0
BRF:0
BRH:0
end_of_record
TN:
SF:components/ui/sidebar/sidebar-context.tsx
FN:27,useSidebar
FN:44,(anonymous_14)
FN:64,(anonymous_15)
FN:79,(anonymous_16)
FN:81,(anonymous_17)
FN:82,(anonymous_18)
FN:86,(anonymous_19)
FN:87,(anonymous_20)
FN:98,(anonymous_21)
FN:106,(anonymous_22)
FNF:10
FNH:0
FNDA:0,useSidebar
FNDA:0,(anonymous_14)
FNDA:0,(anonymous_15)
FNDA:0,(anonymous_16)
FNDA:0,(anonymous_17)
FNDA:0,(anonymous_18)
FNDA:0,(anonymous_19)
FNDA:0,(anonymous_20)
FNDA:0,(anonymous_21)
FNDA:0,(anonymous_22)
DA:3,0
DA:4,0
DA:5,0
DA:6,0
DA:8,0
DA:9,0
DA:10,0
DA:11,0
DA:12,0
DA:13,0
DA:25,0
DA:27,0
DA:28,0
DA:29,0
DA:30,0
DA:33,0
DA:36,0
DA:56,0
DA:57,0
DA:61,0
DA:62,0
DA:63,0
DA:65,0
DA:66,0
DA:67,0
DA:69,0
DA:73,0
DA:79,0
DA:80,0
DA:81,0
DA:82,0
DA:86,0
DA:87,0
DA:88,0
DA:92,0
DA:93,0
DA:97,0
DA:98,0
DA:103,0
DA:105,0
DA:106,0
DA:143,0
LF:42
LH:0
BRDA:29,0,0,0
BRDA:46,1,0,0
BRDA:62,2,0,0
BRDA:62,2,1,0
BRDA:65,3,0,0
BRDA:65,3,1,0
BRDA:66,4,0,0
BRDA:66,4,1,0
BRDA:80,5,0,0
BRDA:80,5,1,0
BRDA:88,6,0,0
BRDA:89,7,0,0
BRDA:89,7,1,0
BRDA:89,7,2,0
BRDA:103,8,0,0
BRDA:103,8,1,0
BRF:16
BRH:0
end_of_record
TN:
SF:components/ui/sidebar/sidebar-controls.tsx
FN:12,(anonymous_7)
FN:22,(anonymous_8)
FN:38,(anonymous_9)
FNF:3
FNH:0
FNDA:0,(anonymous_7)
FNDA:0,(anonymous_8)
FNDA:0,(anonymous_9)
DA:3,0
DA:5,0
DA:6,0
DA:7,0
DA:9,0
DA:13,0
DA:23,0
DA:24,0
DA:33,0
DA:35,0
DA:39,0
DA:62,0
LF:12
LH:0
BRF:0
BRH:0
end_of_record
TN:
SF:components/ui/sidebar/sidebar-group.tsx
FN:10,(anonymous_8)
FN:25,(anonymous_9)
FN:46,(anonymous_10)
FNF:3
FNH:0
FNDA:0,(anonymous_8)
FNDA:0,(anonymous_9)
FNDA:0,(anonymous_10)
DA:3,0
DA:4,0
DA:5,0
DA:7,0
DA:20,0
DA:22,0
DA:26,0
DA:41,0
DA:43,0
DA:47,0
DA:64,0
DA:66,0
DA:77,0
LF:13
LH:0
BRDA:25,0,0,0
BRDA:26,1,0,0
BRDA:26,1,1,0
BRDA:46,2,0,0
BRDA:47,3,0,0
BRDA:47,3,1,0
BRF:6
BRH:0
end_of_record
TN:
SF:components/ui/sidebar/sidebar-layout.tsx
FN:11,(anonymous_10)
FN:29,(anonymous_11)
FN:47,(anonymous_12)
FN:62,(anonymous_13)
FN:77,(anonymous_14)
FN:92,(anonymous_15)
FNF:6
FNH:0
FNDA:0,(anonymous_10)
FNDA:0,(anonymous_11)
FNDA:0,(anonymous_12)
FNDA:0,(anonymous_13)
FNDA:0,(anonymous_14)
FNDA:0,(anonymous_15)
DA:3,0
DA:4,0
DA:5,0
DA:6,0
DA:8,0
DA:24,0
DA:26,0
DA:42,0
DA:44,0
DA:57,0
DA:59,0
DA:72,0
DA:74,0
DA:87,0
DA:89,0
DA:105,0
LF:16
LH:0
BRF:0
BRH:0
end_of_record
TN:
SF:components/ui/sidebar/sidebar-main.tsx
FN:16,(anonymous_4)
FNF:1
FNH:0
FNDA:0,(anonymous_4)
DA:3,0
DA:4,0
DA:5,0
DA:6,0
DA:8,0
DA:27,0
DA:29,0
DA:44,0
DA:109,0
LF:9
LH:0
BRDA:18,0,0,0
BRDA:19,1,0,0
BRDA:20,2,0,0
BRDA:29,3,0,0
BRDA:44,4,0,0
BRDA:69,5,0,0
BRDA:69,5,1,0
BRDA:79,6,0,0
BRDA:79,6,1,0
BRDA:79,7,0,0
BRDA:79,7,1,0
BRDA:87,8,0,0
BRDA:87,8,1,0
BRDA:91,9,0,0
BRDA:91,9,1,0
BRDA:91,10,0,0
BRDA:91,10,1,0
BRF:17
BRH:0
end_of_record
TN:
SF:components/ui/sidebar/sidebar-menu.tsx
FN:72,(anonymous_15)
FN:129,(anonymous_16)
FN:180,(anonymous_18)
FN:182,(anonymous_19)
FN:243,(anonymous_22)
FNF:5
FNH:0
FNDA:0,(anonymous_15)
FNDA:0,(anonymous_16)
FNDA:0,(anonymous_18)
FNDA:0,(anonymous_19)
FNDA:0,(anonymous_22)
DA:3,0
DA:4,0
DA:6,0
DA:7,0
DA:8,0
DA:13,0
DA:14,0
DA:16,0
DA:27,0
DA:29,0
DA:40,0
DA:42,0
DA:64,0
DA:84,0
DA:85,0
DA:98,0
DA:99,0
DA:102,0
DA:103,0
DA:121,0
DA:123,0
DA:130,0
DA:152,0
DA:154,0
DA:173,0
DA:175,0
DA:182,0
DA:183,0
DA:211,0
DA:213,0
DA:228,0
DA:230,0
DA:234,0
DA:236,0
DA:244,0
DA:264,0
LF:36
LH:0
BRDA:74,0,0,0
BRDA:75,1,0,0
BRDA:76,2,0,0
BRDA:77,3,0,0
BRDA:84,4,0,0
BRDA:84,4,1,0
BRDA:98,5,0,0
BRDA:102,6,0,0
BRDA:114,7,0,0
BRDA:114,7,1,0
BRDA:129,8,0,0
BRDA:129,9,0,0
BRDA:130,10,0,0
BRDA:130,10,1,0
BRDA:144,11,0,0
BRDA:144,11,1,0
BRDA:180,12,0,0
BRDA:193,13,0,0
BRDA:243,14,0,0
BRDA:243,15,0,0
BRDA:244,16,0,0
BRDA:244,16,1,0
BRDA:255,17,0,0
BRDA:255,17,1,0
BRDA:256,18,0,0
BRDA:256,18,1,0
BRF:26
BRH:0
end_of_record
