TN:
SF:app/error.tsx
FN:8,Error
FN:15,(anonymous_3)
FNF:2
FNH:0
FNDA:0,Error
FNDA:0,(anonymous_3)
DA:3,0
DA:4,0
DA:6,0
DA:8,0
DA:15,0
LF:5
LH:0
BRDA:51,0,0,0
BRDA:58,1,0,0
BRF:2
BRH:0
end_of_record
TN:
SF:app/global-error.tsx
FN:12,GlobalError
FN:13,(anonymous_2)
FN:33,(anonymous_3)
FN:54,(anonymous_4)
FNF:4
FNH:0
FNDA:0,GlobalError
FNDA:0,(anonymous_2)
FNDA:0,(anonymous_3)
FNDA:0,(anonymous_4)
DA:3,0
DA:4,0
DA:12,0
DA:13,0
DA:15,0
DA:18,0
DA:19,0
DA:54,0
LF:8
LH:0
BRDA:18,0,0,0
BRDA:61,1,0,0
BRDA:66,2,0,0
BRDA:66,2,1,0
BRF:4
BRH:0
end_of_record
TN:
SF:app/layout.tsx
FN:113,RootLayout
FNF:1
FNH:0
FNDA:0,RootLayout
DA:2,0
DA:4,0
DA:9,0
DA:10,0
DA:11,0
DA:12,0
DA:14,0
DA:17,0
DA:101,0
DA:113,0
DA:118,0
DA:119,0
LF:12
LH:0
BRDA:14,0,0,0
BRDA:14,0,1,0
BRF:2
BRH:0
end_of_record
TN:
SF:app/loading.tsx
FN:4,Loading
FN:40,(anonymous_2)
FN:54,(anonymous_3)
FN:71,(anonymous_4)
FN:75,(anonymous_5)
FNF:5
FNH:0
FNDA:0,Loading
FNDA:0,(anonymous_2)
FNDA:0,(anonymous_3)
FNDA:0,(anonymous_4)
FNDA:0,(anonymous_5)
DA:1,0
DA:4,0
DA:41,0
DA:55,0
DA:72,0
DA:76,0
LF:6
LH:0
BRF:0
BRH:0
end_of_record
TN:
SF:app/manifest.ts
FN:3,manifest
FNF:1
FNH:0
FNDA:0,manifest
DA:3,0
DA:4,0
LF:2
LH:0
BRF:0
BRH:0
end_of_record
TN:
SF:app/not-found.tsx
FN:7,NotFound
FN:37,(anonymous_3)
FNF:2
FNH:0
FNDA:0,NotFound
FNDA:0,(anonymous_3)
DA:3,0
DA:5,0
DA:7,0
DA:37,0
LF:4
LH:0
BRF:0
BRH:0
end_of_record
TN:
SF:app/page.complex.tsx
FN:6,getHomePageData
FN:15,(anonymous_7)
FN:24,(anonymous_8)
FN:104,generateMetadata
FN:116,HomePage
FNF:5
FNH:0
FNDA:0,getHomePageData
FNDA:0,(anonymous_7)
FNDA:0,(anonymous_8)
FNDA:0,generateMetadata
FNDA:0,HomePage
DA:1,0
DA:3,0
DA:7,0
DA:9,0
DA:15,0
DA:24,0
DA:33,0
DA:35,0
DA:36,0
DA:37,0
DA:38,0
DA:39,0
DA:41,0
DA:44,0
DA:49,0
DA:50,0
DA:52,0
DA:53,0
DA:54,0
DA:55,0
DA:59,0
DA:62,0
DA:76,0
DA:78,0
DA:86,0
DA:88,0
DA:99,0
DA:100,0
DA:104,0
DA:105,0
DA:116,0
DA:117,0
LF:32
LH:0
BRDA:36,0,0,0
BRDA:36,0,1,0
BRDA:38,1,0,0
BRDA:49,2,0,0
BRDA:49,2,1,0
BRDA:53,3,0,0
BRDA:64,4,0,0
BRDA:64,4,1,0
BRDA:66,5,0,0
BRDA:66,5,1,0
BRDA:66,5,2,0
BRDA:67,6,0,0
BRDA:67,6,1,0
BRDA:70,7,0,0
BRDA:70,7,1,0
BRDA:71,8,0,0
BRDA:71,8,1,0
BRDA:72,9,0,0
BRDA:72,9,1,0
BRF:19
BRH:0
end_of_record
TN:
SF:app/page.tsx
FN:6,getHomePageData
FN:30,(anonymous_7)
FN:82,(anonymous_8)
FN:162,generateMetadata
FN:174,HomePage
FNF:5
FNH:0
FNDA:0,getHomePageData
FNDA:0,(anonymous_7)
FNDA:0,(anonymous_8)
FNDA:0,generateMetadata
FNDA:0,HomePage
DA:1,0
DA:3,0
DA:7,0
DA:9,0
DA:15,0
DA:30,0
DA:31,0
DA:32,0
DA:36,0
DA:46,0
DA:47,0
DA:78,0
DA:82,0
DA:91,0
DA:93,0
DA:94,0
DA:95,0
DA:96,0
DA:97,0
DA:99,0
DA:102,0
DA:107,0
DA:108,0
DA:110,0
DA:111,0
DA:112,0
DA:113,0
DA:117,0
DA:120,0
DA:134,0
DA:136,0
DA:144,0
DA:146,0
DA:157,0
DA:158,0
DA:162,0
DA:163,0
DA:174,0
DA:175,0
LF:39
LH:0
BRDA:31,0,0,0
BRDA:31,0,1,0
BRDA:32,1,0,0
BRDA:32,1,1,0
BRDA:32,1,2,0
BRDA:46,2,0,0
BRDA:78,3,0,0
BRDA:78,3,1,0
BRDA:94,4,0,0
BRDA:94,4,1,0
BRDA:96,5,0,0
BRDA:107,6,0,0
BRDA:107,6,1,0
BRDA:111,7,0,0
BRDA:122,8,0,0
BRDA:122,8,1,0
BRDA:124,9,0,0
BRDA:124,9,1,0
BRDA:124,9,2,0
BRDA:125,10,0,0
BRDA:125,10,1,0
BRDA:128,11,0,0
BRDA:128,11,1,0
BRDA:129,12,0,0
BRDA:129,12,1,0
BRDA:130,13,0,0
BRDA:130,13,1,0
BRF:27
BRH:0
end_of_record
TN:
SF:app/providers-wrapper.tsx
FN:5,ProvidersWrapper
FNF:1
FNH:0
FNDA:0,ProvidersWrapper
DA:3,0
DA:5,0
LF:2
LH:0
BRF:0
BRH:0
end_of_record
TN:
SF:app/robots.ts
FN:3,robots
FNF:1
FNH:0
FNDA:0,robots
DA:3,0
DA:4,0
DA:6,0
LF:3
LH:0
BRDA:4,0,0,0
BRDA:4,0,1,0
BRF:2
BRH:0
end_of_record
TN:
SF:app/sitemap.ts
FN:8,sitemap
FN:98,(anonymous_4)
FN:113,(anonymous_5)
FN:132,(anonymous_6)
FN:147,(anonymous_7)
FNF:5
FNH:0
FNDA:0,sitemap
FNDA:0,(anonymous_4)
FNDA:0,(anonymous_5)
FNDA:0,(anonymous_6)
FNDA:0,(anonymous_7)
DA:2,0
DA:3,0
DA:6,0
DA:8,0
DA:9,0
DA:12,0
DA:89,0
DA:91,0
DA:93,0
DA:97,0
DA:98,0
DA:106,0
DA:113,0
DA:125,0
DA:127,0
DA:129,0
DA:131,0
DA:132,0
DA:140,0
DA:147,0
DA:158,0
LF:21
LH:0
BRDA:9,0,0,0
BRDA:9,0,1,0
BRDA:97,1,0,0
BRDA:97,1,1,0
BRDA:97,2,0,0
BRDA:97,2,1,0
BRDA:100,3,0,0
BRDA:100,3,1,0
BRDA:131,4,0,0
BRDA:131,4,1,0
BRDA:131,5,0,0
BRDA:131,5,1,0
BRDA:134,6,0,0
BRDA:134,6,1,0
BRF:14
BRH:0
end_of_record
TN:
SF:app/[category]/error.tsx
FN:13,CategoryError
FN:14,(anonymous_3)
FN:33,(anonymous_4)
FNF:3
FNH:0
FNDA:0,CategoryError
FNDA:0,(anonymous_3)
FNDA:0,(anonymous_4)
DA:3,0
DA:4,0
DA:5,0
DA:13,0
DA:14,0
DA:16,0
DA:19,0
DA:20,0
LF:8
LH:0
BRDA:19,0,0,0
BRF:1
BRH:0
end_of_record
TN:
SF:app/[category]/loading.tsx
FN:4,CategoryLoading
FN:67,(anonymous_2)
FN:77,(anonymous_3)
FN:98,(anonymous_4)
FNF:4
FNH:0
FNDA:0,CategoryLoading
FNDA:0,(anonymous_2)
FNDA:0,(anonymous_3)
FNDA:0,(anonymous_4)
DA:1,0
DA:4,0
DA:68,0
DA:78,0
DA:99,0
LF:5
LH:0
BRF:0
BRH:0
end_of_record
TN:
SF:app/[category]/page.tsx
FN:26,generateMetadata
FN:36,CategoryPage
FN:40,(anonymous_6)
FN:43,(anonymous_7)
FNF:4
FNH:0
FNDA:0,generateMetadata
FNDA:0,CategoryPage
FNDA:0,(anonymous_6)
FNDA:0,(anonymous_7)
DA:1,0
DA:2,0
DA:3,0
DA:4,0
DA:5,0
DA:6,0
DA:16,0
DA:26,0
DA:29,0
DA:30,0
DA:36,0
DA:37,0
DA:39,0
DA:40,0
DA:43,0
DA:44,0
DA:45,0
DA:46,0
DA:50,0
DA:60,0
DA:61,0
DA:64,0
DA:65,0
DA:68,0
LF:24
LH:0
BRDA:29,0,0,0
BRDA:29,0,1,0
BRDA:39,1,0,0
BRDA:39,1,1,0
BRDA:46,2,0,0
BRDA:46,2,1,0
BRDA:60,3,0,0
BRDA:64,4,0,0
BRDA:64,5,0,0
BRDA:64,5,1,0
BRF:10
BRH:0
end_of_record
TN:
SF:app/account/page.tsx
FN:4,AccountPage
FNF:1
FNH:0
FNDA:0,AccountPage
DA:1,0
DA:2,0
DA:4,0
LF:3
LH:0
BRF:0
BRH:0
end_of_record
TN:
SF:app/admin/layout.tsx
FN:11,AdminLayout
FN:20,(anonymous_3)
FNF:2
FNH:0
FNDA:0,AdminLayout
FNDA:0,(anonymous_3)
DA:5,0
DA:6,0
DA:7,0
DA:8,0
DA:9,0
DA:11,0
DA:16,0
DA:17,0
DA:20,0
DA:21,0
DA:22,0
DA:26,0
DA:27,0
LF:13
LH:0
BRDA:21,0,0,0
BRDA:26,1,0,0
BRF:2
BRH:0
end_of_record
TN:
SF:app/admin/page.tsx
FN:6,(anonymous_5)
FN:6,(anonymous_6)
FN:24,AdminDashboardPage
FNF:3
FNH:0
FNDA:0,(anonymous_5)
FNDA:0,(anonymous_6)
FNDA:0,AdminDashboardPage
DA:1,0
DA:2,0
DA:6,0
DA:24,0
LF:4
LH:0
BRF:0
BRH:0
end_of_record
TN:
SF:app/admin/login/page.tsx
FN:12,AdminLogin
FN:21,(anonymous_3)
FN:77,(anonymous_4)
FN:98,(anonymous_5)
FN:104,(anonymous_6)
FNF:5
FNH:0
FNDA:0,AdminLogin
FNDA:0,(anonymous_3)
FNDA:0,(anonymous_4)
FNDA:0,(anonymous_5)
FNDA:0,(anonymous_6)
DA:5,0
DA:6,0
DA:8,0
DA:9,0
DA:10,0
DA:12,0
DA:13,0
DA:14,0
DA:15,0
DA:16,0
DA:17,0
DA:18,0
DA:19,0
DA:21,0
DA:22,0
DA:23,0
DA:24,0
DA:26,0
DA:29,0
DA:31,0
DA:33,0
DA:35,0
DA:38,0
DA:40,0
DA:77,0
DA:98,0
DA:104,0
LF:27
LH:0
BRDA:31,0,0,0
BRDA:31,0,1,0
BRDA:57,1,0,0
BRDA:96,2,0,0
BRDA:96,2,1,0
BRDA:108,3,0,0
BRDA:122,4,0,0
BRDA:122,4,1,0
BRF:8
BRH:0
end_of_record
TN:
SF:app/admin/orders/loading.tsx
FN:1,Loading
FNF:1
FNH:0
FNDA:0,Loading
DA:1,0
DA:2,0
LF:2
LH:0
BRF:0
BRH:0
end_of_record
TN:
SF:app/admin/orders/page.tsx
FN:3,OrdersPage
FNF:1
FNH:0
FNDA:0,OrdersPage
DA:1,0
DA:3,0
DA:4,0
LF:3
LH:0
BRF:0
BRH:0
end_of_record
TN:
SF:app/admin/products/loading.tsx
FN:1,Loading
FNF:1
FNH:0
FNDA:0,Loading
DA:1,0
DA:2,0
LF:2
LH:0
BRF:0
BRH:0
end_of_record
TN:
SF:app/admin/products/page.tsx
FN:38,(anonymous_2)
FN:63,ProductsPage
FN:74,(anonymous_4)
FN:88,(anonymous_5)
FN:115,(anonymous_6)
FN:125,(anonymous_7)
FN:126,(anonymous_8)
FN:147,(anonymous_9)
FN:161,(anonymous_10)
FN:164,(anonymous_11)
FN:167,(anonymous_12)
FN:183,(anonymous_13)
FN:186,(anonymous_14)
FN:189,(anonymous_15)
FN:206,(anonymous_16)
FN:217,(anonymous_17)
FN:226,(anonymous_18)
FN:246,(anonymous_19)
FN:257,(anonymous_20)
FN:266,(anonymous_21)
FN:279,(anonymous_22)
FN:374,(anonymous_23)
FN:374,(anonymous_24)
FN:385,(anonymous_25)
FN:385,(anonymous_26)
FNF:25
FNH:0
FNDA:0,(anonymous_2)
FNDA:0,ProductsPage
FNDA:0,(anonymous_4)
FNDA:0,(anonymous_5)
FNDA:0,(anonymous_6)
FNDA:0,(anonymous_7)
FNDA:0,(anonymous_8)
FNDA:0,(anonymous_9)
FNDA:0,(anonymous_10)
FNDA:0,(anonymous_11)
FNDA:0,(anonymous_12)
FNDA:0,(anonymous_13)
FNDA:0,(anonymous_14)
FNDA:0,(anonymous_15)
FNDA:0,(anonymous_16)
FNDA:0,(anonymous_17)
FNDA:0,(anonymous_18)
FNDA:0,(anonymous_19)
FNDA:0,(anonymous_20)
FNDA:0,(anonymous_21)
FNDA:0,(anonymous_22)
FNDA:0,(anonymous_23)
FNDA:0,(anonymous_24)
FNDA:0,(anonymous_25)
FNDA:0,(anonymous_26)
DA:3,0
DA:4,0
DA:5,0
DA:20,0
DA:21,0
DA:27,0
DA:35,0
DA:38,0
DA:63,0
DA:64,0
DA:65,0
DA:66,0
DA:67,0
DA:68,0
DA:69,0
DA:71,0
DA:74,0
DA:76,0
DA:81,0
DA:83,0
DA:85,0
DA:88,0
DA:89,0
DA:91,0
DA:92,0
DA:93,0
DA:94,0
DA:95,0
DA:96,0
DA:97,0
DA:98,0
DA:99,0
DA:100,0
DA:101,0
DA:105,0
DA:109,0
DA:110,0
DA:115,0
DA:116,0
DA:117,0
DA:119,0
DA:120,0
DA:125,0
DA:126,0
DA:147,0
DA:161,0
DA:165,0
DA:167,0
DA:183,0
DA:187,0
DA:189,0
DA:206,0
DA:217,0
DA:227,0
DA:228,0
DA:246,0
DA:257,0
DA:266,0
DA:280,0
DA:374,0
DA:385,0
LF:61
LH:0
BRDA:76,0,0,0
BRDA:76,0,1,0
BRDA:76,0,2,0
BRDA:77,1,0,0
BRDA:77,1,1,0
BRDA:81,2,0,0
BRDA:81,2,1,0
BRDA:83,3,0,0
BRDA:83,3,1,0
BRDA:85,4,0,0
BRDA:85,4,1,0
BRDA:85,4,2,0
BRDA:89,5,0,0
BRDA:92,6,0,0
BRDA:92,6,1,0
BRDA:93,7,0,0
BRDA:93,7,1,0
BRDA:93,8,0,0
BRDA:93,8,1,0
BRDA:94,9,0,0
BRDA:94,9,1,0
BRDA:98,10,0,0
BRDA:98,10,1,0
BRDA:100,11,0,0
BRDA:105,12,0,0
BRDA:105,12,1,0
BRDA:116,13,0,0
BRDA:116,13,1,0
BRDA:117,14,0,0
BRDA:117,14,1,0
BRDA:167,15,0,0
BRDA:167,15,1,0
BRDA:189,16,0,0
BRDA:189,16,1,0
BRDA:200,17,0,0
BRDA:200,17,1,0
BRDA:202,18,0,0
BRDA:213,19,0,0
BRDA:224,20,0,0
BRDA:224,20,1,0
BRDA:279,21,0,0
BRDA:284,22,0,0
BRDA:284,22,1,0
BRDA:285,23,0,0
BRDA:285,23,1,0
BRDA:292,24,0,0
BRDA:292,24,1,0
BRDA:300,25,0,0
BRDA:300,25,1,0
BRDA:308,26,0,0
BRDA:308,26,1,0
BRDA:310,27,0,0
BRDA:310,27,1,0
BRDA:363,28,0,0
BRF:54
BRH:0
end_of_record
TN:
SF:app/admin/products/add/loading.tsx
FN:1,Loading
FNF:1
FNH:0
FNDA:0,Loading
DA:1,0
DA:2,0
LF:2
LH:0
BRF:0
BRH:0
end_of_record
TN:
SF:app/admin/products/add/page.tsx
FN:15,AddProductPage
FN:39,(anonymous_3)
FN:45,(anonymous_4)
FN:48,(anonymous_5)
FN:49,(anonymous_6)
FN:51,(anonymous_7)
FN:58,(anonymous_8)
FN:59,(anonymous_9)
FN:61,(anonymous_10)
FN:68,(anonymous_11)
FN:76,(anonymous_12)
FN:77,(anonymous_13)
FN:80,(anonymous_14)
FN:85,(anonymous_15)
FN:122,(anonymous_16)
FN:320,(anonymous_17)
FN:324,(anonymous_18)
FN:340,(anonymous_19)
FN:344,(anonymous_20)
FN:367,(anonymous_21)
FN:379,(anonymous_22)
FNF:21
FNH:0
FNDA:0,AddProductPage
FNDA:0,(anonymous_3)
FNDA:0,(anonymous_4)
FNDA:0,(anonymous_5)
FNDA:0,(anonymous_6)
FNDA:0,(anonymous_7)
FNDA:0,(anonymous_8)
FNDA:0,(anonymous_9)
FNDA:0,(anonymous_10)
FNDA:0,(anonymous_11)
FNDA:0,(anonymous_12)
FNDA:0,(anonymous_13)
FNDA:0,(anonymous_14)
FNDA:0,(anonymous_15)
FNDA:0,(anonymous_16)
FNDA:0,(anonymous_17)
FNDA:0,(anonymous_18)
FNDA:0,(anonymous_19)
FNDA:0,(anonymous_20)
FNDA:0,(anonymous_21)
FNDA:0,(anonymous_22)
DA:5,0
DA:6,0
DA:7,0
DA:8,0
DA:9,0
DA:10,0
DA:12,0
DA:13,0
DA:15,0
DA:16,0
DA:17,0
DA:18,0
DA:22,0
DA:39,0
DA:44,0
DA:45,0
DA:48,0
DA:49,0
DA:50,0
DA:51,0
DA:53,0
DA:58,0
DA:59,0
DA:60,0
DA:61,0
DA:63,0
DA:68,0
DA:69,0
DA:70,0
DA:76,0
DA:77,0
DA:80,0
DA:81,0
DA:82,0
DA:85,0
DA:89,0
DA:90,0
DA:93,0
DA:94,0
DA:122,0
DA:321,0
DA:324,0
DA:341,0
DA:344,0
DA:368,0
DA:379,0
LF:46
LH:0
BRDA:50,0,0,0
BRDA:50,0,1,0
BRDA:60,1,0,0
BRDA:60,1,1,0
BRDA:127,2,0,0
BRDA:127,2,1,0
BRDA:326,3,0,0
BRDA:326,3,1,0
BRDA:346,4,0,0
BRDA:346,4,1,0
BRDA:371,5,0,0
BRDA:371,5,1,0
BRDA:414,6,0,0
BRDA:414,6,1,0
BRF:14
BRH:0
end_of_record
TN:
SF:app/admin/users/loading.tsx
FN:1,Loading
FNF:1
FNH:0
FNDA:0,Loading
DA:1,0
DA:2,0
LF:2
LH:0
BRF:0
BRH:0
end_of_record
TN:
SF:app/admin/users/page.tsx
FN:36,(anonymous_2)
FN:85,UsersPage
FN:96,(anonymous_4)
FN:111,(anonymous_5)
FN:140,(anonymous_6)
FN:150,(anonymous_7)
FN:151,(anonymous_8)
FN:153,(anonymous_9)
FN:178,(anonymous_10)
FN:192,(anonymous_11)
FN:195,(anonymous_12)
FN:198,(anonymous_13)
FN:214,(anonymous_14)
FN:217,(anonymous_15)
FN:220,(anonymous_16)
FN:238,(anonymous_17)
FN:250,(anonymous_18)
FN:259,(anonymous_19)
FN:279,(anonymous_20)
FN:291,(anonymous_21)
FN:300,(anonymous_22)
FN:309,(anonymous_23)
FN:321,(anonymous_24)
FN:415,(anonymous_25)
FN:415,(anonymous_26)
FN:426,(anonymous_27)
FN:426,(anonymous_28)
FNF:27
FNH:0
FNDA:0,(anonymous_2)
FNDA:0,UsersPage
FNDA:0,(anonymous_4)
FNDA:0,(anonymous_5)
FNDA:0,(anonymous_6)
FNDA:0,(anonymous_7)
FNDA:0,(anonymous_8)
FNDA:0,(anonymous_9)
FNDA:0,(anonymous_10)
FNDA:0,(anonymous_11)
FNDA:0,(anonymous_12)
FNDA:0,(anonymous_13)
FNDA:0,(anonymous_14)
FNDA:0,(anonymous_15)
FNDA:0,(anonymous_16)
FNDA:0,(anonymous_17)
FNDA:0,(anonymous_18)
FNDA:0,(anonymous_19)
FNDA:0,(anonymous_20)
FNDA:0,(anonymous_21)
FNDA:0,(anonymous_22)
FNDA:0,(anonymous_23)
FNDA:0,(anonymous_24)
FNDA:0,(anonymous_25)
FNDA:0,(anonymous_26)
FNDA:0,(anonymous_27)
FNDA:0,(anonymous_28)
DA:3,0
DA:4,0
DA:18,0
DA:19,0
DA:25,0
DA:33,0
DA:36,0
DA:37,0
DA:38,0
DA:40,0
DA:41,0
DA:43,0
DA:55,0
DA:68,0
DA:69,0
DA:71,0
DA:85,0
DA:86,0
DA:87,0
DA:88,0
DA:89,0
DA:90,0
DA:91,0
DA:93,0
DA:96,0
DA:98,0
DA:104,0
DA:106,0
DA:108,0
DA:111,0
DA:112,0
DA:114,0
DA:115,0
DA:116,0
DA:119,0
DA:120,0
DA:121,0
DA:122,0
DA:123,0
DA:124,0
DA:125,0
DA:126,0
DA:130,0
DA:134,0
DA:135,0
DA:140,0
DA:141,0
DA:142,0
DA:144,0
DA:145,0
DA:150,0
DA:151,0
DA:153,0
DA:154,0
DA:178,0
DA:192,0
DA:196,0
DA:198,0
DA:214,0
DA:218,0
DA:220,0
DA:238,0
DA:250,0
DA:260,0
DA:261,0
DA:279,0
DA:291,0
DA:300,0
DA:309,0
DA:322,0
DA:415,0
DA:426,0
LF:72
LH:0
BRDA:75,0,0,0
BRDA:75,0,1,0
BRDA:75,1,0,0
BRDA:75,1,1,0
BRDA:78,2,0,0
BRDA:78,2,1,0
BRDA:98,3,0,0
BRDA:98,3,1,0
BRDA:98,3,2,0
BRDA:104,4,0,0
BRDA:104,4,1,0
BRDA:106,5,0,0
BRDA:106,5,1,0
BRDA:108,6,0,0
BRDA:108,6,1,0
BRDA:108,6,2,0
BRDA:112,7,0,0
BRDA:115,8,0,0
BRDA:115,8,1,0
BRDA:119,9,0,0
BRDA:119,9,1,0
BRDA:121,10,0,0
BRDA:121,10,1,0
BRDA:125,11,0,0
BRDA:130,12,0,0
BRDA:130,12,1,0
BRDA:141,13,0,0
BRDA:141,13,1,0
BRDA:142,14,0,0
BRDA:142,14,1,0
BRDA:198,15,0,0
BRDA:198,15,1,0
BRDA:200,16,0,0
BRDA:200,16,1,0
BRDA:231,17,0,0
BRDA:231,17,1,0
BRDA:233,18,0,0
BRDA:245,19,0,0
BRDA:257,20,0,0
BRDA:257,20,1,0
BRDA:321,21,0,0
BRDA:326,22,0,0
BRDA:326,22,1,0
BRDA:340,23,0,0
BRDA:340,23,1,0
BRDA:340,24,0,0
BRDA:340,24,1,0
BRDA:345,25,0,0
BRDA:345,25,1,0
BRDA:351,26,0,0
BRDA:351,26,1,0
BRDA:404,27,0,0
BRF:52
BRH:0
end_of_record
TN:
SF:app/api/community-fits/route.ts
FN:82,GET
FNF:1
FNH:0
FNDA:0,GET
DA:1,0
DA:19,0
DA:82,0
DA:84,0
LF:4
LH:0
BRF:0
BRH:0
end_of_record
TN:
SF:app/api/csrf-token/route.ts
FN:10,GET
FN:40,POST
FNF:2
FNH:0
FNDA:0,GET
FNDA:0,POST
DA:7,0
DA:8,0
DA:10,0
DA:11,0
DA:13,0
DA:16,0
DA:22,0
DA:30,0
DA:33,0
DA:40,0
DA:41,0
LF:11
LH:0
BRF:0
BRH:0
end_of_record
TN:
SF:app/api/middleware/error-handler.ts
FN:6,(anonymous_9)
FN:18,(anonymous_10)
FN:72,(anonymous_11)
FN:75,(anonymous_12)
FN:85,(anonymous_13)
FN:103,(anonymous_14)
FN:118,(anonymous_15)
FN:132,(anonymous_16)
FN:141,(anonymous_17)
FN:182,(anonymous_18)
FN:190,(anonymous_19)
FN:236,(anonymous_20)
FN:254,(anonymous_21)
FNF:13
FNH:0
FNDA:0,(anonymous_9)
FNDA:0,(anonymous_10)
FNDA:0,(anonymous_11)
FNDA:0,(anonymous_12)
FNDA:0,(anonymous_13)
FNDA:0,(anonymous_14)
FNDA:0,(anonymous_15)
FNDA:0,(anonymous_16)
FNDA:0,(anonymous_17)
FNDA:0,(anonymous_18)
FNDA:0,(anonymous_19)
FNDA:0,(anonymous_20)
FNDA:0,(anonymous_21)
DA:2,0
DA:5,0
DA:7,0
DA:8,0
DA:9,0
DA:10,0
DA:12,0
DA:13,0
DA:18,0
DA:19,0
DA:20,0
DA:21,0
DA:22,0
DA:24,0
DA:25,0
DA:26,0
DA:27,0
DA:28,0
DA:29,0
DA:30,0
DA:33,0
DA:34,0
DA:35,0
DA:36,0
DA:37,0
DA:38,0
DA:39,0
DA:40,0
DA:41,0
DA:42,0
DA:43,0
DA:44,0
DA:49,0
DA:53,0
DA:72,0
DA:75,0
DA:76,0
DA:77,0
DA:79,0
DA:85,0
DA:93,0
DA:96,0
DA:97,0
DA:98,0
DA:99,0
DA:101,0
DA:102,0
DA:103,0
DA:107,0
DA:112,0
DA:113,0
DA:114,0
DA:116,0
DA:117,0
DA:118,0
DA:124,0
DA:125,0
DA:130,0
DA:132,0
DA:138,0
DA:139,0
DA:141,0
DA:143,0
DA:144,0
DA:147,0
DA:149,0
DA:150,0
DA:154,0
DA:157,0
DA:160,0
DA:161,0
DA:163,0
DA:171,0
DA:172,0
DA:173,0
DA:174,0
DA:182,0
DA:190,0
DA:191,0
DA:192,0
DA:195,0
DA:196,0
DA:197,0
DA:198,0
DA:199,0
DA:200,0
DA:202,0
DA:203,0
DA:204,0
DA:208,0
DA:212,0
DA:213,0
DA:217,0
DA:218,0
DA:222,0
DA:223,0
DA:227,0
DA:228,0
DA:231,0
DA:236,0
DA:237,0
DA:239,0
DA:240,0
DA:245,0
DA:246,0
DA:250,0
DA:254,0
DA:258,0
DA:259,0
DA:260,0
DA:261,0
LF:111
LH:0
BRDA:24,0,0,0
BRDA:24,0,1,0
BRDA:27,1,0,0
BRDA:27,1,1,0
BRDA:29,2,0,0
BRDA:33,3,0,0
BRDA:33,3,1,0
BRDA:36,4,0,0
BRDA:36,4,1,0
BRDA:39,5,0,0
BRDA:39,5,1,0
BRDA:42,6,0,0
BRDA:49,7,0,0
BRDA:58,8,0,0
BRDA:58,8,1,0
BRDA:59,9,0,0
BRDA:59,9,1,0
BRDA:61,10,0,0
BRDA:61,10,1,0
BRDA:96,11,0,0
BRDA:96,12,0,0
BRDA:96,12,1,0
BRDA:101,13,0,0
BRDA:101,14,0,0
BRDA:101,14,1,0
BRDA:112,15,0,0
BRDA:116,16,0,0
BRDA:116,17,0,0
BRDA:116,17,1,0
BRDA:124,18,0,0
BRDA:133,19,0,0
BRDA:138,20,0,0
BRDA:138,20,1,0
BRDA:139,21,0,0
BRDA:139,21,1,0
BRDA:143,22,0,0
BRDA:143,22,1,0
BRDA:143,22,2,0
BRDA:149,23,0,0
BRDA:149,24,0,0
BRDA:149,24,1,0
BRDA:160,25,0,0
BRDA:171,26,0,0
BRDA:173,27,0,0
BRDA:183,28,0,0
BRDA:195,29,0,0
BRDA:195,29,1,0
BRDA:196,30,0,0
BRDA:196,30,1,0
BRDA:198,31,0,0
BRDA:198,31,1,0
BRDA:199,32,0,0
BRDA:199,33,0,0
BRDA:199,33,1,0
BRDA:202,34,0,0
BRDA:203,35,0,0
BRDA:203,36,0,0
BRDA:203,36,1,0
BRDA:212,37,0,0
BRDA:217,38,0,0
BRDA:222,39,0,0
BRDA:227,40,0,0
BRDA:239,41,0,0
BRDA:245,42,0,0
BRDA:245,43,0,0
BRDA:245,43,1,0
BRDA:260,44,0,0
BRF:67
BRH:0
end_of_record
TN:
SF:app/api/payments/create-intent/route.ts
FN:21,checkRateLimit
FN:40,POST
FN:185,GET
FN:189,PUT
FN:193,DELETE
FNF:5
FNH:0
FNDA:0,checkRateLimit
FNDA:0,POST
FNDA:0,GET
FNDA:0,PUT
FNDA:0,DELETE
DA:2,0
DA:3,0
DA:4,0
DA:5,0
DA:6,0
DA:9,0
DA:10,0
DA:17,0
DA:18,0
DA:19,0
DA:22,0
DA:23,0
DA:24,0
DA:29,0
DA:30,0
DA:31,0
DA:33,0
DA:36,0
DA:37,0
DA:40,0
DA:41,0
DA:43,0
DA:44,0
DA:45,0
DA:52,0
DA:53,0
DA:55,0
DA:60,0
DA:67,0
DA:68,0
DA:69,0
DA:70,0
DA:78,0
DA:79,0
DA:80,0
DA:82,0
DA:88,0
DA:89,0
DA:96,0
DA:97,0
DA:99,0
DA:100,0
DA:104,0
DA:105,0
DA:109,0
DA:111,0
DA:112,0
DA:119,0
DA:120,0
DA:121,0
DA:126,0
DA:133,0
DA:150,0
DA:157,0
DA:164,0
DA:166,0
DA:171,0
DA:185,0
DA:186,0
DA:189,0
DA:190,0
DA:193,0
DA:194,0
LF:63
LH:0
BRDA:9,0,0,0
BRDA:9,0,1,0
BRDA:10,1,0,0
BRDA:10,1,1,0
BRDA:24,2,0,0
BRDA:24,2,1,0
BRDA:29,3,0,0
BRDA:29,3,1,0
BRDA:43,4,0,0
BRDA:57,5,0,0
BRDA:57,5,1,0
BRDA:58,6,0,0
BRDA:58,6,1,0
BRDA:67,7,0,0
BRDA:67,7,1,0
BRDA:67,7,2,0
BRDA:68,8,0,0
BRDA:88,9,0,0
BRDA:88,10,0,0
BRDA:88,10,1,0
BRDA:88,10,2,0
BRDA:99,11,0,0
BRDA:104,12,0,0
BRDA:104,13,0,0
BRDA:104,13,1,0
BRDA:109,14,0,0
BRDA:109,14,1,0
BRDA:111,15,0,0
BRDA:120,16,0,0
BRDA:135,17,0,0
BRDA:135,17,1,0
BRDA:138,18,0,0
BRDA:138,18,1,0
BRDA:164,19,0,0
BRDA:164,19,1,0
BRDA:168,20,0,0
BRDA:168,20,1,0
BRDA:175,21,0,0
BRDA:175,21,1,0
BRF:39
BRH:0
end_of_record
TN:
SF:app/api/payments/create-payment-intent/route.ts
FN:15,(anonymous_3)
FN:19,(anonymous_4)
FN:30,(anonymous_5)
FN:41,(anonymous_6)
FN:50,(anonymous_7)
FN:55,(anonymous_8)
FN:59,(anonymous_9)
FN:63,(anonymous_10)
FN:71,(anonymous_11)
FN:77,(anonymous_12)
FN:112,(anonymous_13)
FN:121,(anonymous_14)
FN:122,(anonymous_15)
FN:145,(anonymous_16)
FN:161,(anonymous_17)
FN:230,(anonymous_18)
FNF:16
FNH:0
FNDA:0,(anonymous_3)
FNDA:0,(anonymous_4)
FNDA:0,(anonymous_5)
FNDA:0,(anonymous_6)
FNDA:0,(anonymous_7)
FNDA:0,(anonymous_8)
FNDA:0,(anonymous_9)
FNDA:0,(anonymous_10)
FNDA:0,(anonymous_11)
FNDA:0,(anonymous_12)
FNDA:0,(anonymous_13)
FNDA:0,(anonymous_14)
FNDA:0,(anonymous_15)
FNDA:0,(anonymous_16)
FNDA:0,(anonymous_17)
FNDA:0,(anonymous_18)
DA:3,0
DA:4,0
DA:5,0
DA:6,0
DA:7,0
DA:10,0
DA:15,0
DA:19,0
DA:30,0
DA:41,0
DA:50,0
DA:55,0
DA:59,0
DA:63,0
DA:71,0
DA:77,0
DA:78,0
DA:80,0
DA:82,0
DA:83,0
DA:92,0
DA:93,0
DA:95,0
DA:104,0
DA:105,0
DA:107,0
DA:108,0
DA:112,0
DA:115,0
DA:118,0
DA:121,0
DA:122,0
DA:125,0
DA:126,0
DA:133,0
DA:141,0
DA:142,0
DA:145,0
DA:151,0
DA:161,0
DA:170,0
DA:171,0
DA:172,0
DA:173,0
DA:175,0
DA:179,0
DA:186,0
DA:195,0
DA:205,0
DA:212,0
DA:213,0
DA:221,0
DA:230,0
DA:231,0
DA:233,0
DA:235,0
DA:236,0
DA:244,0
DA:245,0
DA:247,0
DA:248,0
DA:256,0
DA:257,0
DA:269,0
DA:282,0
DA:283,0
DA:290,0
DA:298,0
DA:308,0
DA:314,0
DA:323,0
DA:330,0
LF:72
LH:0
BRDA:41,0,0,0
BRDA:41,0,1,0
BRDA:59,1,0,0
BRDA:59,1,1,0
BRDA:82,2,0,0
BRDA:107,3,0,0
BRDA:125,4,0,0
BRDA:141,5,0,0
BRDA:141,6,0,0
BRDA:141,6,1,0
BRDA:170,7,0,0
BRDA:206,8,0,0
BRDA:206,8,1,0
BRDA:207,9,0,0
BRDA:207,9,1,0
BRDA:212,10,0,0
BRDA:235,11,0,0
BRDA:247,12,0,0
BRDA:256,13,0,0
BRDA:282,14,0,0
BRDA:309,15,0,0
BRDA:309,15,1,0
BRF:22
BRH:0
end_of_record
TN:
SF:app/api/products/route.refactored.ts
FN:118,(anonymous_3)
FN:148,(anonymous_4)
FN:192,(anonymous_5)
FN:219,(anonymous_6)
FN:251,(anonymous_7)
FN:268,(anonymous_8)
FN:309,(anonymous_9)
FN:314,(anonymous_10)
FN:317,(anonymous_11)
FN:374,(anonymous_12)
FN:388,(anonymous_13)
FN:399,(anonymous_14)
FN:407,(anonymous_15)
FN:414,(anonymous_16)
FN:436,GET
FN:440,POST
FNF:16
FNH:0
FNDA:0,(anonymous_3)
FNDA:0,(anonymous_4)
FNDA:0,(anonymous_5)
FNDA:0,(anonymous_6)
FNDA:0,(anonymous_7)
FNDA:0,(anonymous_8)
FNDA:0,(anonymous_9)
FNDA:0,(anonymous_10)
FNDA:0,(anonymous_11)
FNDA:0,(anonymous_12)
FNDA:0,(anonymous_13)
FNDA:0,(anonymous_14)
FNDA:0,(anonymous_15)
FNDA:0,(anonymous_16)
FNDA:0,GET
FNDA:0,POST
DA:13,0
DA:14,0
DA:17,0
DA:19,0
DA:20,0
DA:23,0
DA:110,0
DA:111,0
DA:112,0
DA:119,0
DA:121,0
DA:123,0
DA:124,0
DA:126,0
DA:127,0
DA:128,0
DA:131,0
DA:134,0
DA:135,0
DA:136,0
DA:140,0
DA:147,0
DA:148,0
DA:152,0
DA:173,0
DA:183,0
DA:184,0
DA:193,0
DA:198,0
DA:201,0
DA:211,0
DA:212,0
DA:213,0
DA:216,0
DA:219,0
DA:222,0
DA:229,0
DA:230,0
DA:234,0
DA:236,0
DA:244,0
DA:245,0
DA:252,0
DA:253,0
DA:256,0
DA:258,0
DA:259,0
DA:260,0
DA:263,0
DA:264,0
DA:267,0
DA:268,0
DA:269,0
DA:270,0
DA:274,0
DA:275,0
DA:278,0
DA:279,0
DA:282,0
DA:283,0
DA:287,0
DA:289,0
DA:290,0
DA:292,0
DA:293,0
DA:295,0
DA:296,0
DA:300,0
DA:301,0
DA:304,0
DA:309,0
DA:316,0
DA:318,0
DA:319,0
DA:327,0
DA:328,0
DA:330,0
DA:349,0
DA:350,0
DA:356,0
DA:357,0
DA:371,0
DA:375,0
DA:377,0
DA:378,0
DA:379,0
DA:380,0
DA:381,0
DA:382,0
DA:383,0
DA:385,0
DA:391,0
DA:400,0
DA:408,0
DA:416,0
DA:417,0
DA:419,0
DA:420,0
DA:422,0
DA:423,0
DA:429,0
DA:434,0
DA:436,0
DA:437,0
DA:440,0
DA:441,0
LF:106
LH:0
BRDA:127,0,0,0
BRDA:135,1,0,0
BRDA:212,2,0,0
BRDA:229,3,0,0
BRDA:258,4,0,0
BRDA:263,5,0,0
BRDA:267,6,0,0
BRDA:274,7,0,0
BRDA:278,8,0,0
BRDA:278,9,0,0
BRDA:278,9,1,0
BRDA:282,10,0,0
BRDA:287,11,0,0
BRDA:287,11,1,0
BRDA:287,11,2,0
BRDA:306,12,0,0
BRDA:306,12,1,0
BRDA:309,13,0,0
BRDA:309,13,1,0
BRDA:319,14,0,0
BRDA:319,14,1,0
BRDA:337,15,0,0
BRDA:337,15,1,0
BRDA:349,16,0,0
BRDA:356,17,0,0
BRDA:377,18,0,0
BRDA:378,19,0,0
BRDA:379,20,0,0
BRDA:380,21,0,0
BRDA:381,22,0,0
BRDA:382,23,0,0
BRDA:383,24,0,0
BRDA:416,25,0,0
BRDA:419,26,0,0
BRDA:422,27,0,0
BRF:35
BRH:0
end_of_record
TN:
SF:app/api/quick-products/route.ts
FN:3,GET
FN:12,(anonymous_2)
FN:27,(anonymous_3)
FNF:3
FNH:0
FNDA:0,GET
FNDA:0,(anonymous_2)
FNDA:0,(anonymous_3)
DA:1,0
DA:3,0
DA:4,0
DA:6,0
DA:12,0
DA:13,0
DA:14,0
DA:27,0
DA:34,0
DA:47,0
LF:10
LH:0
BRDA:17,0,0,0
BRDA:17,0,1,0
BRDA:20,1,0,0
BRDA:20,1,1,0
BRDA:20,1,2,0
BRDA:22,2,0,0
BRDA:22,2,1,0
BRDA:23,3,0,0
BRDA:23,3,1,0
BRDA:49,4,0,0
BRDA:49,4,1,0
BRF:11
BRH:0
end_of_record
TN:
SF:app/api/reviews/[productId]/route.ts
FN:40,GET
FN:50,(anonymous_2)
FN:54,(anonymous_3)
FNF:3
FNH:0
FNDA:0,GET
FNDA:0,(anonymous_2)
FNDA:0,(anonymous_3)
DA:1,0
DA:3,0
DA:40,0
DA:44,0
DA:46,0
DA:50,0
DA:52,0
DA:54,0
LF:8
LH:0
BRDA:46,0,0,0
BRDA:46,0,1,0
BRF:2
BRH:0
end_of_record
TN:
SF:app/api/webhooks/stripe/route.ts
FN:15,validateWebhookSecurity
FN:29,POST
FNF:2
FNH:0
FNDA:0,validateWebhookSecurity
FNDA:0,POST
DA:1,0
DA:2,0
DA:3,0
DA:4,0
DA:7,0
DA:8,0
DA:12,0
DA:16,0
DA:17,0
DA:18,0
DA:21,0
DA:22,0
DA:23,0
DA:26,0
DA:29,0
DA:30,0
DA:31,0
DA:34,0
DA:35,0
DA:36,0
DA:43,0
DA:44,0
DA:52,0
DA:54,0
DA:57,0
DA:62,0
DA:63,0
DA:68,0
DA:75,0
DA:76,0
DA:78,0
DA:80,0
DA:82,0
DA:83,0
DA:85,0
DA:87,0
DA:91,0
DA:101,0
DA:107,0
DA:112,0
DA:115,0
DA:117,0
DA:118,0
DA:124,0
DA:133,0
DA:138,0
DA:141,0
DA:143,0
DA:145,0
DA:158,0
DA:164,0
DA:168,0
DA:174,0
DA:178,0
DA:183,0
DA:186,0
DA:189,0
DA:197,0
LF:58
LH:0
BRDA:7,0,0,0
BRDA:7,0,1,0
BRDA:8,1,0,0
BRDA:8,1,1,0
BRDA:12,2,0,0
BRDA:12,2,1,0
BRDA:16,3,0,0
BRDA:21,4,0,0
BRDA:31,5,0,0
BRDA:31,5,1,0
BRDA:34,6,0,0
BRDA:43,7,0,0
BRDA:62,8,0,0
BRDA:62,8,1,0
BRDA:65,9,0,0
BRDA:65,9,1,0
BRDA:76,10,0,0
BRDA:76,10,1,0
BRDA:76,10,2,0
BRDA:76,10,3,0
BRDA:76,10,4,0
BRDA:76,10,5,0
BRDA:76,10,6,0
BRDA:85,11,0,0
BRDA:85,12,0,0
BRDA:85,12,1,0
BRDA:91,13,0,0
BRDA:124,14,0,0
BRF:28
BRH:0
end_of_record
TN:
SF:app/categories-demo/page.tsx
FN:22,CategoriesDemoPage
FNF:1
FNH:0
FNDA:0,CategoriesDemoPage
DA:1,0
DA:2,0
DA:3,0
DA:6,0
DA:17,0
DA:22,0
LF:6
LH:0
BRF:0
BRH:0
end_of_record
TN:
SF:app/checkout/page.tsx
FN:21,CheckoutPage
FN:48,(anonymous_3)
FN:51,(anonymous_4)
FN:61,(anonymous_5)
FN:67,(anonymous_6)
FN:76,(anonymous_7)
FN:82,(anonymous_8)
FN:119,(anonymous_9)
FN:144,(anonymous_10)
FN:241,(anonymous_11)
FN:257,(anonymous_12)
FN:269,(anonymous_13)
FN:281,(anonymous_14)
FN:292,(anonymous_15)
FN:304,(anonymous_16)
FN:316,(anonymous_17)
FN:327,(anonymous_18)
FN:344,(anonymous_19)
FN:376,(anonymous_20)
FN:387,(anonymous_21)
FN:417,(anonymous_22)
FN:437,(anonymous_23)
FN:449,(anonymous_24)
FN:467,(anonymous_25)
FNF:24
FNH:0
FNDA:0,CheckoutPage
FNDA:0,(anonymous_3)
FNDA:0,(anonymous_4)
FNDA:0,(anonymous_5)
FNDA:0,(anonymous_6)
FNDA:0,(anonymous_7)
FNDA:0,(anonymous_8)
FNDA:0,(anonymous_9)
FNDA:0,(anonymous_10)
FNDA:0,(anonymous_11)
FNDA:0,(anonymous_12)
FNDA:0,(anonymous_13)
FNDA:0,(anonymous_14)
FNDA:0,(anonymous_15)
FNDA:0,(anonymous_16)
FNDA:0,(anonymous_17)
FNDA:0,(anonymous_18)
FNDA:0,(anonymous_19)
FNDA:0,(anonymous_20)
FNDA:0,(anonymous_21)
FNDA:0,(anonymous_22)
FNDA:0,(anonymous_23)
FNDA:0,(anonymous_24)
FNDA:0,(anonymous_25)
DA:4,0
DA:5,0
DA:6,0
DA:7,0
DA:8,0
DA:9,0
DA:10,0
DA:11,0
DA:12,0
DA:13,0
DA:15,0
DA:18,0
DA:19,0
DA:21,0
DA:22,0
DA:23,0
DA:24,0
DA:25,0
DA:28,0
DA:31,0
DA:32,0
DA:42,0
DA:43,0
DA:48,0
DA:49,0
DA:50,0
DA:51,0
DA:61,0
DA:62,0
DA:63,0
DA:67,0
DA:68,0
DA:74,0
DA:75,0
DA:76,0
DA:79,0
DA:80,0
DA:82,0
DA:83,0
DA:85,0
DA:87,0
DA:88,0
DA:90,0
DA:97,0
DA:104,0
DA:106,0
DA:109,0
DA:115,0
DA:119,0
DA:120,0
DA:122,0
DA:124,0
DA:125,0
DA:127,0
DA:131,0
DA:134,0
DA:140,0
DA:144,0
DA:146,0
DA:149,0
DA:150,0
DA:241,0
DA:258,0
DA:270,0
DA:282,0
DA:293,0
DA:305,0
DA:317,0
DA:328,0
DA:345,0
DA:377,0
DA:388,0
DA:417,0
DA:439,0
DA:449,0
DA:468,0
LF:76
LH:0
BRDA:49,0,0,0
BRDA:49,1,0,0
BRDA:49,1,1,0
BRDA:62,2,0,0
BRDA:62,3,0,0
BRDA:62,3,1,0
BRDA:75,4,0,0
BRDA:75,4,1,0
BRDA:76,5,0,0
BRDA:76,5,1,0
BRDA:85,6,0,0
BRDA:122,7,0,0
BRDA:122,8,0,0
BRDA:122,8,1,0
BRDA:149,9,0,0
BRDA:177,10,0,0
BRDA:177,10,1,0
BRDA:181,11,0,0
BRDA:181,11,1,0
BRDA:192,12,0,0
BRDA:192,12,1,0
BRDA:196,13,0,0
BRDA:196,13,1,0
BRDA:207,14,0,0
BRDA:207,14,1,0
BRDA:211,15,0,0
BRDA:211,15,1,0
BRDA:224,16,0,0
BRDA:364,17,0,0
BRDA:371,18,0,0
BRDA:371,18,1,0
BRDA:396,19,0,0
BRDA:404,20,0,0
BRDA:404,20,1,0
BRDA:424,21,0,0
BRDA:424,21,1,0
BRDA:433,22,0,0
BRDA:441,23,0,0
BRDA:441,23,1,0
BRDA:471,24,0,0
BRDA:471,24,1,0
BRDA:505,25,0,0
BRDA:505,25,1,0
BRF:43
BRH:0
end_of_record
TN:
SF:app/hooks/use-product-card.ts
FN:44,useProductCard
FN:61,(anonymous_5)
FN:67,(anonymous_6)
FN:71,(anonymous_7)
FN:82,(anonymous_8)
FN:83,(anonymous_9)
FN:94,(anonymous_10)
FN:101,(anonymous_11)
FN:110,(anonymous_12)
FN:120,(anonymous_13)
FN:134,(anonymous_14)
FN:141,(anonymous_15)
FN:154,(anonymous_16)
FN:164,(anonymous_17)
FN:176,(anonymous_18)
FN:177,(anonymous_19)
FN:188,(anonymous_20)
FN:205,(anonymous_21)
FN:206,(anonymous_22)
FN:223,(anonymous_23)
FN:240,(anonymous_24)
FN:270,useProductCardData
FN:271,(anonymous_26)
FN:292,(anonymous_27)
FN:303,useBatchProductOperations
FN:307,(anonymous_29)
FN:312,(anonymous_30)
FN:314,(anonymous_31)
FN:320,(anonymous_32)
FN:330,(anonymous_33)
FN:335,(anonymous_34)
FNF:31
FNH:0
FNDA:0,useProductCard
FNDA:0,(anonymous_5)
FNDA:0,(anonymous_6)
FNDA:0,(anonymous_7)
FNDA:0,(anonymous_8)
FNDA:0,(anonymous_9)
FNDA:0,(anonymous_10)
FNDA:0,(anonymous_11)
FNDA:0,(anonymous_12)
FNDA:0,(anonymous_13)
FNDA:0,(anonymous_14)
FNDA:0,(anonymous_15)
FNDA:0,(anonymous_16)
FNDA:0,(anonymous_17)
FNDA:0,(anonymous_18)
FNDA:0,(anonymous_19)
FNDA:0,(anonymous_20)
FNDA:0,(anonymous_21)
FNDA:0,(anonymous_22)
FNDA:0,(anonymous_23)
FNDA:0,(anonymous_24)
FNDA:0,useProductCardData
FNDA:0,(anonymous_26)
FNDA:0,(anonymous_27)
FNDA:0,useBatchProductOperations
FNDA:0,(anonymous_29)
FNDA:0,(anonymous_30)
FNDA:0,(anonymous_31)
FNDA:0,(anonymous_32)
FNDA:0,(anonymous_33)
FNDA:0,(anonymous_34)
DA:14,0
DA:15,0
DA:44,0
DA:49,0
DA:52,0
DA:53,0
DA:54,0
DA:61,0
DA:62,0
DA:63,0
DA:64,0
DA:67,0
DA:71,0
DA:72,0
DA:74,0
DA:75,0
DA:82,0
DA:85,0
DA:86,0
DA:91,0
DA:95,0
DA:96,0
DA:98,0
DA:100,0
DA:101,0
DA:102,0
DA:110,0
DA:113,0
DA:114,0
DA:119,0
DA:120,0
DA:121,0
DA:122,0
DA:123,0
DA:127,0
DA:128,0
DA:130,0
DA:135,0
DA:136,0
DA:138,0
DA:140,0
DA:141,0
DA:142,0
DA:143,0
DA:144,0
DA:146,0
DA:154,0
DA:157,0
DA:158,0
DA:163,0
DA:164,0
DA:167,0
DA:168,0
DA:170,0
DA:176,0
DA:178,0
DA:179,0
DA:181,0
DA:188,0
DA:191,0
DA:196,0
DA:197,0
DA:199,0
DA:205,0
DA:207,0
DA:209,0
DA:217,0
DA:219,0
DA:224,0
DA:226,0
DA:234,0
DA:236,0
DA:241,0
DA:243,0
DA:250,0
DA:252,0
DA:257,0
DA:270,0
DA:271,0
DA:272,0
DA:273,0
DA:276,0
DA:277,0
DA:279,0
DA:292,0
DA:303,0
DA:304,0
DA:305,0
DA:307,0
DA:308,0
DA:309,0
DA:311,0
DA:314,0
DA:315,0
DA:319,0
DA:320,0
DA:321,0
DA:322,0
DA:326,0
DA:327,0
DA:330,0
DA:332,0
DA:333,0
DA:334,0
DA:337,0
DA:341,0
DA:345,0
LF:107
LH:0
BRDA:44,0,0,0
BRDA:46,1,0,0
BRDA:47,2,0,0
BRDA:48,3,0,0
BRDA:62,4,0,0
BRDA:62,4,1,0
BRDA:72,5,0,0
BRDA:72,6,0,0
BRDA:72,6,1,0
BRDA:85,7,0,0
BRDA:100,8,0,0
BRDA:113,9,0,0
BRDA:119,10,0,0
BRDA:140,11,0,0
BRDA:157,12,0,0
BRDA:163,13,0,0
BRDA:207,14,0,0
BRDA:224,15,0,0
BRDA:241,16,0,0
BRDA:272,17,0,0
BRDA:283,18,0,0
BRDA:283,18,1,0
BRDA:287,19,0,0
BRDA:287,19,1,0
BRDA:291,20,0,0
BRDA:291,20,1,0
BRDA:292,21,0,0
BRDA:292,21,1,0
BRDA:293,22,0,0
BRDA:293,22,1,0
BRDA:294,23,0,0
BRDA:294,23,1,0
BRDA:321,24,0,0
BRDA:322,25,0,0
BRDA:322,25,1,0
BRF:35
BRH:0
end_of_record
TN:
SF:app/order-confirmation/page.tsx
FN:58,OrderConfirmationPage
FN:66,(anonymous_3)
FN:72,(anonymous_4)
FN:103,(anonymous_5)
FN:110,(anonymous_6)
FN:257,(anonymous_7)
FN:312,(anonymous_8)
FNF:7
FNH:0
FNDA:0,OrderConfirmationPage
FNDA:0,(anonymous_3)
FNDA:0,(anonymous_4)
FNDA:0,(anonymous_5)
FNDA:0,(anonymous_6)
FNDA:0,(anonymous_7)
FNDA:0,(anonymous_8)
DA:3,0
DA:4,0
DA:5,0
DA:6,0
DA:7,0
DA:9,0
DA:10,0
DA:11,0
DA:12,0
DA:58,0
DA:59,0
DA:60,0
DA:61,0
DA:62,0
DA:63,0
DA:64,0
DA:66,0
DA:67,0
DA:68,0
DA:69,0
DA:72,0
DA:73,0
DA:74,0
DA:75,0
DA:77,0
DA:91,0
DA:96,0
DA:100,0
DA:103,0
DA:104,0
DA:110,0
DA:111,0
DA:118,0
DA:258,0
DA:312,0
LF:35
LH:0
BRDA:67,0,0,0
BRDA:80,1,0,0
BRDA:80,1,1,0
BRDA:86,2,0,0
BRDA:86,2,1,0
BRDA:87,3,0,0
BRDA:87,3,1,0
BRDA:89,4,0,0
BRDA:89,4,1,0
BRDA:103,5,0,0
BRDA:118,6,0,0
BRDA:160,7,0,0
BRDA:160,7,1,0
BRDA:180,8,0,0
BRDA:188,9,0,0
BRDA:201,10,0,0
BRDA:201,10,1,0
BRDA:232,11,0,0
BRDA:232,11,1,0
BRDA:236,12,0,0
BRDA:236,12,1,0
BRDA:240,13,0,0
BRDA:240,13,1,0
BRDA:244,14,0,0
BRDA:244,14,1,0
BRDA:253,15,0,0
BRDA:253,15,1,0
BRDA:264,16,0,0
BRDA:264,16,1,0
BRDA:273,17,0,0
BRDA:273,17,1,0
BRDA:277,18,0,0
BRDA:277,18,1,0
BRDA:306,19,0,0
BRF:34
BRH:0
end_of_record
TN:
SF:app/product/[slug]/ProductPageClient.tsx
FN:28,ProductPageClient
FN:40,(anonymous_3)
FN:68,(anonymous_4)
FN:72,(anonymous_5)
FN:73,(anonymous_6)
FN:78,(anonymous_7)
FN:164,(anonymous_8)
FN:168,(anonymous_9)
FN:225,(anonymous_10)
FN:230,(anonymous_11)
FN:245,(anonymous_12)
FN:245,(anonymous_13)
FN:256,(anonymous_14)
FN:256,(anonymous_15)
FN:289,(anonymous_16)
FNF:15
FNH:0
FNDA:0,ProductPageClient
FNDA:0,(anonymous_3)
FNDA:0,(anonymous_4)
FNDA:0,(anonymous_5)
FNDA:0,(anonymous_6)
FNDA:0,(anonymous_7)
FNDA:0,(anonymous_8)
FNDA:0,(anonymous_9)
FNDA:0,(anonymous_10)
FNDA:0,(anonymous_11)
FNDA:0,(anonymous_12)
FNDA:0,(anonymous_13)
FNDA:0,(anonymous_14)
FNDA:0,(anonymous_15)
FNDA:0,(anonymous_16)
DA:3,0
DA:4,0
DA:5,0
DA:6,0
DA:8,0
DA:9,0
DA:15,0
DA:16,0
DA:17,0
DA:18,0
DA:19,0
DA:20,0
DA:21,0
DA:28,0
DA:32,0
DA:33,0
DA:34,0
DA:36,0
DA:38,0
DA:40,0
DA:41,0
DA:43,0
DA:47,0
DA:53,0
DA:68,0
DA:72,0
DA:74,0
DA:78,0
DA:79,0
DA:80,0
DA:82,0
DA:89,0
DA:90,0
DA:92,0
DA:94,0
DA:97,0
DA:129,0
DA:130,0
DA:165,0
DA:168,0
DA:226,0
DA:230,0
DA:245,0
DA:256,0
DA:290,0
LF:45
LH:0
BRDA:41,0,0,0
BRDA:41,1,0,0
BRDA:41,1,1,0
BRDA:47,2,0,0
BRDA:57,3,0,0
BRDA:57,3,1,0
BRDA:61,4,0,0
BRDA:61,4,1,0
BRDA:61,5,0,0
BRDA:61,5,1,0
BRDA:65,6,0,0
BRDA:65,6,1,0
BRDA:66,7,0,0
BRDA:66,7,1,0
BRDA:68,8,0,0
BRDA:68,8,1,0
BRDA:69,9,0,0
BRDA:69,9,1,0
BRDA:70,10,0,0
BRDA:70,10,1,0
BRDA:72,11,0,0
BRDA:72,11,1,0
BRDA:73,12,0,0
BRDA:73,12,1,0
BRDA:74,13,0,0
BRDA:74,13,1,0
BRDA:79,14,0,0
BRDA:79,15,0,0
BRDA:79,15,1,0
BRDA:79,15,2,0
BRDA:79,15,3,0
BRDA:89,16,0,0
BRDA:89,16,1,0
BRDA:129,17,0,0
BRDA:129,17,1,0
BRDA:130,18,0,0
BRDA:130,18,1,0
BRDA:136,19,0,0
BRDA:154,20,0,0
BRDA:154,20,1,0
BRDA:167,21,0,0
BRDA:167,21,1,0
BRDA:171,22,0,0
BRDA:171,22,1,0
BRDA:187,23,0,0
BRDA:199,24,0,0
BRDA:229,25,0,0
BRDA:229,25,1,0
BRDA:269,26,0,0
BRDA:269,26,1,0
BRDA:276,27,0,0
BRDA:276,27,1,0
BRDA:278,28,0,0
BRDA:278,28,1,0
BRDA:300,29,0,0
BRDA:300,29,1,0
BRDA:300,29,2,0
BRF:57
BRH:0
end_of_record
TN:
SF:app/product/[slug]/error.tsx
FN:13,ProductError
FN:14,(anonymous_3)
FN:33,(anonymous_4)
FNF:3
FNH:0
FNDA:0,ProductError
FNDA:0,(anonymous_3)
FNDA:0,(anonymous_4)
DA:3,0
DA:4,0
DA:5,0
DA:13,0
DA:14,0
DA:16,0
DA:19,0
DA:20,0
LF:8
LH:0
BRDA:19,0,0,0
BRF:1
BRH:0
end_of_record
TN:
SF:app/product/[slug]/loading.tsx
FN:4,ProductLoading
FN:46,(anonymous_2)
FN:70,(anonymous_3)
FN:80,(anonymous_4)
FN:114,(anonymous_5)
FNF:5
FNH:0
FNDA:0,ProductLoading
FNDA:0,(anonymous_2)
FNDA:0,(anonymous_3)
FNDA:0,(anonymous_4)
FNDA:0,(anonymous_5)
DA:1,0
DA:4,0
DA:47,0
DA:71,0
DA:81,0
DA:115,0
LF:6
LH:0
BRF:0
BRH:0
end_of_record
TN:
SF:app/product/[slug]/page.tsx
FN:1,ProductPage
FNF:1
FNH:0
FNDA:0,ProductPage
DA:1,0
LF:1
LH:0
BRF:0
BRH:0
end_of_record
TN:
SF:app/search/page.tsx
FN:7,SearchPageComponent
FN:30,generateMetadata
FN:58,SearchPage
FN:74,SearchPageSkeleton
FN:93,(anonymous_8)
FN:97,(anonymous_9)
FN:109,(anonymous_10)
FNF:7
FNH:0
FNDA:0,SearchPageComponent
FNDA:0,generateMetadata
FNDA:0,SearchPage
FNDA:0,SearchPageSkeleton
FNDA:0,(anonymous_8)
FNDA:0,(anonymous_9)
FNDA:0,(anonymous_10)
DA:1,0
DA:3,0
DA:4,0
DA:30,0
DA:31,0
DA:32,0
DA:34,0
DA:35,0
DA:37,0
DA:38,0
DA:39,0
DA:42,0
DA:43,0
DA:44,0
DA:47,0
DA:58,0
DA:59,0
DA:94,0
DA:98,0
DA:110,0
LF:20
LH:0
BRDA:12,0,0,0
BRDA:31,1,0,0
BRDA:31,1,1,0
BRDA:32,2,0,0
BRDA:32,2,1,0
BRDA:37,3,0,0
BRDA:42,4,0,0
BRDA:59,5,0,0
BRDA:59,5,1,0
BRF:9
BRH:0
end_of_record
TN:
SF:app/sign-in/[[...sign-in]]/page.tsx
FN:4,SignInPage
FNF:1
FNH:0
FNDA:0,SignInPage
DA:1,0
DA:2,0
DA:4,0
LF:3
LH:0
BRF:0
BRH:0
end_of_record
TN:
SF:app/sign-up/[[...sign-up]]/page.tsx
FN:4,SignUpPage
FNF:1
FNH:0
FNDA:0,SignUpPage
DA:1,0
DA:2,0
DA:4,0
LF:3
LH:0
BRF:0
BRH:0
end_of_record
TN:
SF:app/studio/[[...tool]]/page.tsx
FN:18,(anonymous_8)
FN:18,(anonymous_9)
FN:18,(anonymous_10)
FN:29,StudioPage
FNF:4
FNH:0
FNDA:0,(anonymous_8)
FNDA:0,(anonymous_9)
FNDA:0,(anonymous_10)
FNDA:0,StudioPage
DA:9,0
DA:10,0
DA:14,0
DA:18,0
DA:29,0
LF:5
LH:0
BRF:0
BRH:0
end_of_record
TN:
SF:app/test/page.tsx
FN:1,TestPage
FNF:1
FNH:0
FNDA:0,TestPage
DA:1,0
LF:1
LH:0
BRF:0
BRH:0
end_of_record
TN:
SF:app/wishlist/page.tsx
FN:4,WishlistPage
FNF:1
FNH:0
FNDA:0,WishlistPage
DA:1,0
DA:2,0
DA:4,0
LF:3
LH:0
BRF:0
BRH:0
end_of_record
TN:
SF:components/QuickViewModal.tsx
FN:9,(anonymous_5)
FN:9,(anonymous_6)
FN:9,(anonymous_7)
FN:44,QuickViewModal
FNF:4
FNH:0
FNDA:0,(anonymous_5)
FNDA:0,(anonymous_6)
FNDA:0,(anonymous_7)
FNDA:0,QuickViewModal
DA:3,0
DA:4,0
DA:5,0
DA:9,0
DA:44,0
DA:45,0
DA:48,0
LF:7
LH:0
BRDA:48,0,0,0
BRDA:48,1,0,0
BRDA:48,1,1,0
BRF:3
BRH:0
end_of_record
TN:
SF:components/auth-modal.tsx
FNF:0
FNH:0
DA:2,0
LF:1
LH:0
BRF:0
BRH:0
end_of_record
TN:
SF:components/bottom-nav.tsx
FN:11,BottomNav
FN:17,(anonymous_3)
FN:18,(anonymous_4)
FN:33,(anonymous_5)
FN:36,(anonymous_6)
FN:47,(anonymous_7)
FN:132,(anonymous_8)
FNF:7
FNH:0
FNDA:0,BottomNav
FNDA:0,(anonymous_3)
FNDA:0,(anonymous_4)
FNDA:0,(anonymous_5)
FNDA:0,(anonymous_6)
FNDA:0,(anonymous_7)
FNDA:0,(anonymous_8)
DA:3,0
DA:5,0
DA:6,0
DA:9,0
DA:11,0
DA:12,0
DA:13,0
DA:14,0
DA:15,0
DA:17,0
DA:18,0
DA:20,0
DA:23,0
DA:24,0
DA:26,0
DA:30,0
DA:31,0
DA:33,0
DA:36,0
DA:38,0
DA:40,0
DA:43,0
DA:47,0
DA:49,0
DA:132,0
LF:25
LH:0
BRDA:20,0,0,0
BRDA:20,0,1,0
BRDA:23,1,0,0
BRDA:23,1,1,0
BRDA:38,2,0,0
BRDA:40,3,0,0
BRDA:40,3,1,0
BRDA:49,4,0,0
BRDA:55,5,0,0
BRDA:55,5,1,0
BRDA:85,6,0,0
BRDA:87,7,0,0
BRDA:87,7,1,0
BRDA:106,8,0,0
BRF:14
BRH:0
end_of_record
TN:
SF:components/cart-sidebar.tsx
FN:9,CartSidebar
FN:25,(anonymous_3)
FN:39,(anonymous_4)
FN:49,(anonymous_5)
FN:66,(anonymous_6)
FN:122,(anonymous_7)
FN:157,(anonymous_8)
FN:174,(anonymous_9)
FN:189,(anonymous_10)
FNF:9
FNH:0
FNDA:0,CartSidebar
FNDA:0,(anonymous_3)
FNDA:0,(anonymous_4)
FNDA:0,(anonymous_5)
FNDA:0,(anonymous_6)
FNDA:0,(anonymous_7)
FNDA:0,(anonymous_8)
FNDA:0,(anonymous_9)
FNDA:0,(anonymous_10)
DA:3,0
DA:4,0
DA:5,0
DA:7,0
DA:9,0
DA:21,0
DA:23,0
DA:25,0
DA:30,0
DA:32,0
DA:33,0
DA:39,0
DA:40,0
DA:42,0
DA:43,0
DA:49,0
DA:50,0
DA:56,0
DA:57,0
DA:58,0
DA:67,0
DA:68,0
DA:123,0
DA:158,0
DA:175,0
DA:189,0
LF:26
LH:0
BRDA:23,0,0,0
BRDA:32,1,0,0
BRDA:42,2,0,0
BRDA:57,3,0,0
BRDA:57,3,1,0
BRDA:67,4,0,0
BRDA:67,5,0,0
BRDA:67,5,1,0
BRDA:92,6,0,0
BRDA:110,7,0,0
BRDA:129,8,0,0
BRDA:129,8,1,0
BRDA:149,9,0,0
BRDA:199,10,0,0
BRDA:199,10,1,0
BRDA:202,11,0,0
BRDA:216,12,0,0
BRDA:219,13,0,0
BRDA:233,14,0,0
BRDA:233,14,1,0
BRF:20
BRH:0
end_of_record
TN:
SF:components/category-icons.tsx
FN:151,getCategoryIcon
FNF:1
FNH:0
FNDA:0,getCategoryIcon
DA:14,0
DA:29,0
DA:47,0
DA:63,0
DA:79,0
DA:95,0
DA:151,0
DA:152,0
DA:155,0
DA:156,0
DA:160,0
DA:161,0
DA:162,0
DA:167,0
LF:14
LH:0
BRDA:155,0,0,0
BRDA:161,1,0,0
BRDA:161,2,0,0
BRDA:161,2,1,0
BRF:4
BRH:0
end_of_record
TN:
SF:components/category-page-client.tsx
FNF:0
FNH:0
DA:2,0
LF:1
LH:0
BRF:0
BRH:0
end_of_record
TN:
SF:components/category-scroll-v2.tsx
FN:26,(anonymous_4)
FN:90,CategoryScrollV2
FN:101,(anonymous_6)
FN:116,(anonymous_7)
FN:136,(anonymous_8)
FN:137,(anonymous_9)
FN:146,(anonymous_10)
FN:150,(anonymous_11)
FN:158,(anonymous_12)
FN:162,(anonymous_13)
FN:165,(anonymous_14)
FN:174,(anonymous_15)
FN:195,(anonymous_16)
FN:208,(anonymous_17)
FN:233,(anonymous_18)
FN:266,(anonymous_19)
FN:269,(anonymous_20)
FN:314,CategoryScrollV2Skeleton
FN:327,(anonymous_22)
FNF:19
FNH:0
FNDA:0,(anonymous_4)
FNDA:0,CategoryScrollV2
FNDA:0,(anonymous_6)
FNDA:0,(anonymous_7)
FNDA:0,(anonymous_8)
FNDA:0,(anonymous_9)
FNDA:0,(anonymous_10)
FNDA:0,(anonymous_11)
FNDA:0,(anonymous_12)
FNDA:0,(anonymous_13)
FNDA:0,(anonymous_14)
FNDA:0,(anonymous_15)
FNDA:0,(anonymous_16)
FNDA:0,(anonymous_17)
FNDA:0,(anonymous_18)
FNDA:0,(anonymous_19)
FNDA:0,(anonymous_20)
FNDA:0,CategoryScrollV2Skeleton
FNDA:0,(anonymous_22)
DA:3,0
DA:4,0
DA:5,0
DA:6,0
DA:8,0
DA:26,0
DA:88,0
DA:90,0
DA:95,0
DA:96,0
DA:97,0
DA:98,0
DA:101,0
DA:102,0
DA:104,0
DA:105,0
DA:106,0
DA:109,0
DA:110,0
DA:111,0
DA:116,0
DA:117,0
DA:119,0
DA:120,0
DA:121,0
DA:122,0
DA:124,0
DA:125,0
DA:129,0
DA:136,0
DA:137,0
DA:138,0
DA:139,0
DA:140,0
DA:141,0
DA:145,0
DA:146,0
DA:150,0
DA:151,0
DA:152,0
DA:155,0
DA:156,0
DA:158,0
DA:162,0
DA:163,0
DA:165,0
DA:166,0
DA:167,0
DA:170,0
DA:174,0
DA:195,0
DA:208,0
DA:234,0
DA:267,0
DA:270,0
DA:271,0
DA:273,0
DA:274,0
DA:275,0
DA:277,0
DA:314,0
DA:328,0
LF:62
LH:0
BRDA:69,0,0,0
BRDA:69,0,1,0
BRDA:102,1,0,0
BRDA:109,2,0,0
BRDA:109,2,1,0
BRDA:110,3,0,0
BRDA:117,4,0,0
BRDA:120,5,0,0
BRDA:120,5,1,0
BRDA:125,6,0,0
BRDA:125,6,1,0
BRDA:138,7,0,0
BRDA:138,7,1,0
BRDA:138,8,0,0
BRDA:138,8,1,0
BRDA:140,9,0,0
BRDA:140,10,0,0
BRDA:140,10,1,0
BRDA:152,11,0,0
BRDA:163,12,0,0
BRDA:166,13,0,0
BRDA:166,13,1,0
BRDA:199,14,0,0
BRDA:199,14,1,0
BRDA:212,15,0,0
BRDA:212,15,1,0
BRDA:245,16,0,0
BRDA:253,17,0,0
BRDA:271,18,0,0
BRDA:273,19,0,0
BRDA:273,19,1,0
BRDA:284,20,0,0
BRDA:284,20,1,0
BRF:33
BRH:0
end_of_record
TN:
SF:components/category-scroll.tsx
FN:23,CategoryScroll
FN:33,(anonymous_5)
FN:42,(anonymous_6)
FN:63,(anonymous_7)
FN:70,(anonymous_8)
FN:89,(anonymous_9)
FN:99,(anonymous_10)
FN:117,(anonymous_11)
FN:163,(anonymous_12)
FN:180,CategoryScrollSkeleton
FN:191,(anonymous_14)
FNF:11
FNH:0
FNDA:0,CategoryScroll
FNDA:0,(anonymous_5)
FNDA:0,(anonymous_6)
FNDA:0,(anonymous_7)
FNDA:0,(anonymous_8)
FNDA:0,(anonymous_9)
FNDA:0,(anonymous_10)
FNDA:0,(anonymous_11)
FNDA:0,(anonymous_12)
FNDA:0,CategoryScrollSkeleton
FNDA:0,(anonymous_14)
DA:3,0
DA:4,0
DA:5,0
DA:6,0
DA:8,0
DA:23,0
DA:27,0
DA:28,0
DA:29,0
DA:30,0
DA:33,0
DA:34,0
DA:36,0
DA:37,0
DA:38,0
DA:42,0
DA:43,0
DA:45,0
DA:46,0
DA:50,0
DA:56,0
DA:63,0
DA:64,0
DA:65,0
DA:67,0
DA:68,0
DA:70,0
DA:89,0
DA:99,0
DA:118,0
DA:164,0
DA:180,0
DA:192,0
LF:33
LH:0
BRDA:34,0,0,0
BRDA:43,1,0,0
BRDA:46,2,0,0
BRDA:46,2,1,0
BRDA:65,3,0,0
BRDA:88,4,0,0
BRDA:88,4,1,0
BRDA:98,5,0,0
BRDA:98,5,1,0
BRDA:134,6,0,0
BRDA:134,6,1,0
BRDA:146,7,0,0
BRDA:146,7,1,0
BRDA:166,8,0,0
BRDA:166,8,1,0
BRF:15
BRH:0
end_of_record
TN:
SF:components/community-carousel-lazy.tsx
FN:69,(anonymous_3)
FNF:1
FNH:0
FNDA:0,(anonymous_3)
DA:3,0
DA:4,0
DA:8,0
DA:53,0
DA:70,0
LF:5
LH:0
BRF:0
BRH:0
end_of_record
TN:
SF:components/community-carousel.tsx
FN:20,CommunityCarousel
FN:100,(anonymous_3)
FN:108,(anonymous_4)
FN:111,(anonymous_5)
FN:114,(anonymous_6)
FN:142,(anonymous_7)
FN:151,(anonymous_8)
FN:169,(anonymous_9)
FNF:8
FNH:0
FNDA:0,CommunityCarousel
FNDA:0,(anonymous_3)
FNDA:0,(anonymous_4)
FNDA:0,(anonymous_5)
FNDA:0,(anonymous_6)
FNDA:0,(anonymous_7)
FNDA:0,(anonymous_8)
FNDA:0,(anonymous_9)
DA:3,0
DA:4,0
DA:6,0
DA:20,0
DA:21,0
DA:22,0
DA:23,0
DA:25,0
DA:100,0
DA:101,0
DA:102,0
DA:103,0
DA:104,0
DA:108,0
DA:109,0
DA:110,0
DA:111,0
DA:114,0
DA:115,0
DA:116,0
DA:117,0
DA:121,0
DA:142,0
DA:151,0
DA:170,0
LF:25
LH:0
BRDA:101,0,0,0
BRDA:115,1,0,0
BRDA:118,2,0,0
BRDA:118,2,1,0
BRDA:140,3,0,0
BRDA:149,4,0,0
BRDA:177,5,0,0
BRDA:177,5,1,0
BRDA:185,6,0,0
BRDA:196,7,0,0
BRDA:196,7,1,0
BRF:11
BRH:0
end_of_record
TN:
SF:components/design-system-demo.tsx
FN:8,DesignSystemDemo
FN:38,(anonymous_3)
FN:55,(anonymous_4)
FN:70,(anonymous_5)
FNF:4
FNH:0
FNDA:0,DesignSystemDemo
FNDA:0,(anonymous_3)
FNDA:0,(anonymous_4)
FNDA:0,(anonymous_5)
DA:6,0
DA:8,0
DA:39,0
DA:56,0
DA:71,0
LF:5
LH:0
BRF:0
BRH:0
end_of_record
TN:
SF:components/error-boundary.tsx
FN:25,(anonymous_6)
FN:61,(anonymous_7)
FN:70,(anonymous_8)
FN:71,(anonymous_9)
FN:35,(anonymous_10)
FN:39,(anonymous_11)
FN:74,(anonymous_12)
FN:178,useErrorHandler
FN:181,(anonymous_14)
FN:191,AsyncErrorBoundary
FN:200,(anonymous_16)
FN:201,(anonymous_17)
FN:208,(anonymous_18)
FN:227,(anonymous_19)
FN:245,SuspenseErrorBoundary
FNF:15
FNH:0
FNDA:0,(anonymous_6)
FNDA:0,(anonymous_7)
FNDA:0,(anonymous_8)
FNDA:0,(anonymous_9)
FNDA:0,(anonymous_10)
FNDA:0,(anonymous_11)
FNDA:0,(anonymous_12)
FNDA:0,useErrorHandler
FNDA:0,(anonymous_14)
FNDA:0,AsyncErrorBoundary
FNDA:0,(anonymous_16)
FNDA:0,(anonymous_17)
FNDA:0,(anonymous_18)
FNDA:0,(anonymous_19)
FNDA:0,SuspenseErrorBoundary
DA:3,0
DA:4,0
DA:21,0
DA:26,0
DA:27,0
DA:36,0
DA:43,0
DA:44,0
DA:48,0
DA:49,0
DA:58,0
DA:61,0
DA:62,0
DA:70,0
DA:71,0
DA:75,0
DA:77,0
DA:78,0
DA:173,0
DA:178,0
DA:179,0
DA:181,0
DA:182,0
DA:183,0
DA:187,0
DA:191,0
DA:198,0
DA:200,0
DA:201,0
DA:203,0
DA:206,0
DA:208,0
DA:209,0
DA:216,0
DA:227,0
DA:245,0
LF:36
LH:0
BRDA:43,0,0,0
BRDA:48,1,0,0
BRDA:48,2,0,0
BRDA:48,2,1,0
BRDA:75,3,0,0
BRDA:75,4,0,0
BRDA:75,4,1,0
BRDA:77,5,0,0
BRDA:113,6,0,0
BRDA:121,7,0,0
BRDA:135,8,0,0
BRDA:135,8,1,0
BRDA:145,9,0,0
BRDA:156,10,0,0
BRDA:182,11,0,0
BRDA:216,12,0,0
BRDA:219,13,0,0
BRDA:275,14,0,0
BRF:18
BRH:0
end_of_record
TN:
SF:components/footer.tsx
FN:7,Footer
FN:32,(anonymous_3)
FN:63,(anonymous_4)
FN:85,(anonymous_5)
FN:103,(anonymous_6)
FN:125,(anonymous_7)
FNF:6
FNH:0
FNDA:0,Footer
FNDA:0,(anonymous_3)
FNDA:0,(anonymous_4)
FNDA:0,(anonymous_5)
FNDA:0,(anonymous_6)
FNDA:0,(anonymous_7)
DA:3,0
DA:4,0
DA:7,0
DA:33,0
DA:64,0
DA:86,0
DA:104,0
DA:126,0
LF:8
LH:0
BRF:0
BRH:0
end_of_record
TN:
SF:components/header.tsx
FN:14,Header
FN:30,(anonymous_3)
FN:32,(anonymous_4)
FN:36,(anonymous_5)
FN:49,(anonymous_6)
FN:59,(anonymous_7)
FN:68,(anonymous_8)
FN:80,(anonymous_9)
FN:150,(anonymous_10)
FN:180,(anonymous_11)
FN:233,(anonymous_12)
FN:254,(anonymous_13)
FN:260,(anonymous_14)
FN:283,(anonymous_15)
FN:289,(anonymous_16)
FN:337,(anonymous_17)
FN:342,(anonymous_18)
FN:355,(anonymous_19)
FN:363,(anonymous_20)
FN:379,(anonymous_21)
FN:390,(anonymous_22)
FN:397,(anonymous_23)
FNF:22
FNH:0
FNDA:0,Header
FNDA:0,(anonymous_3)
FNDA:0,(anonymous_4)
FNDA:0,(anonymous_5)
FNDA:0,(anonymous_6)
FNDA:0,(anonymous_7)
FNDA:0,(anonymous_8)
FNDA:0,(anonymous_9)
FNDA:0,(anonymous_10)
FNDA:0,(anonymous_11)
FNDA:0,(anonymous_12)
FNDA:0,(anonymous_13)
FNDA:0,(anonymous_14)
FNDA:0,(anonymous_15)
FNDA:0,(anonymous_16)
FNDA:0,(anonymous_17)
FNDA:0,(anonymous_18)
FNDA:0,(anonymous_19)
FNDA:0,(anonymous_20)
FNDA:0,(anonymous_21)
FNDA:0,(anonymous_22)
FNDA:0,(anonymous_23)
DA:3,0
DA:5,0
DA:6,0
DA:7,0
DA:8,0
DA:9,0
DA:10,0
DA:11,0
DA:12,0
DA:14,0
DA:15,0
DA:16,0
DA:17,0
DA:18,0
DA:19,0
DA:20,0
DA:21,0
DA:22,0
DA:23,0
DA:26,0
DA:27,0
DA:28,0
DA:30,0
DA:31,0
DA:32,0
DA:33,0
DA:35,0
DA:36,0
DA:39,0
DA:49,0
DA:50,0
DA:51,0
DA:52,0
DA:53,0
DA:54,0
DA:55,0
DA:59,0
DA:60,0
DA:61,0
DA:62,0
DA:63,0
DA:64,0
DA:68,0
DA:69,0
DA:70,0
DA:72,0
DA:73,0
DA:75,0
DA:76,0
DA:80,0
DA:81,0
DA:82,0
DA:151,0
DA:180,0
DA:233,0
DA:254,0
DA:261,0
DA:262,0
DA:283,0
DA:290,0
DA:291,0
DA:338,0
DA:342,0
DA:355,0
DA:363,0
DA:379,0
DA:390,0
DA:397,0
LF:68
LH:0
BRDA:51,0,0,0
BRDA:61,1,0,0
BRDA:72,2,0,0
BRDA:72,2,1,0
BRDA:87,3,0,0
BRDA:115,4,0,0
BRDA:115,4,1,0
BRDA:132,5,0,0
BRDA:132,5,1,0
BRDA:164,6,0,0
BRDA:167,7,0,0
BRDA:167,7,1,0
BRDA:169,8,0,0
BRDA:169,8,1,0
BRDA:186,9,0,0
BRDA:189,10,0,0
BRDA:189,10,1,0
BRDA:191,11,0,0
BRDA:191,11,1,0
BRDA:200,12,0,0
BRDA:245,13,0,0
BRDA:274,14,0,0
BRDA:304,15,0,0
BRDA:314,16,0,0
BRDA:314,16,1,0
BRDA:351,17,0,0
BRDA:369,18,0,0
BRDA:369,18,1,0
BRF:28
BRH:0
end_of_record
TN:
SF:components/hero-banner-v2.tsx
FN:13,HeroBannerV2
FN:67,(anonymous_3)
FN:74,(anonymous_4)
FNF:3
FNH:0
FNDA:0,HeroBannerV2
FNDA:0,(anonymous_3)
FNDA:0,(anonymous_4)
DA:1,0
DA:2,0
DA:3,0
DA:13,0
DA:68,0
DA:75,0
LF:6
LH:0
BRDA:17,0,0,0
BRDA:18,1,0,0
BRDA:45,2,0,0
BRF:3
BRH:0
end_of_record
TN:
SF:components/hero-banner.tsx
FN:18,HeroBanner
FN:101,(anonymous_3)
FNF:2
FNH:0
FNDA:0,HeroBanner
FNDA:0,(anonymous_3)
DA:1,0
DA:2,0
DA:3,0
DA:18,0
DA:30,0
DA:34,0
DA:35,0
DA:39,0
DA:40,0
DA:44,0
DA:102,0
LF:11
LH:0
BRDA:22,0,0,0
BRDA:23,1,0,0
BRDA:24,2,0,0
BRDA:25,3,0,0
BRDA:26,4,0,0
BRDA:27,5,0,0
BRDA:30,6,0,0
BRDA:30,6,1,0
BRDA:34,7,0,0
BRDA:35,8,0,0
BRDA:35,8,1,0
BRDA:39,9,0,0
BRDA:61,10,0,0
BRDA:61,10,1,0
BRDA:76,11,0,0
BRDA:76,11,1,0
BRDA:80,12,0,0
BRDA:98,13,0,0
BRF:18
BRH:0
end_of_record
TN:
SF:components/home-page-client.tsx
FN:15,(anonymous_5)
FN:15,(anonymous_6)
FN:17,(anonymous_8)
FN:21,(anonymous_9)
FN:21,(anonymous_10)
FN:21,(anonymous_11)
FN:26,(anonymous_13)
FN:29,(anonymous_14)
FN:29,(anonymous_15)
FN:31,(anonymous_17)
FN:34,(anonymous_18)
FN:34,(anonymous_19)
FN:36,(anonymous_21)
FN:40,(anonymous_22)
FN:41,(anonymous_23)
FN:41,(anonymous_24)
FN:43,(anonymous_26)
FN:46,(anonymous_27)
FN:47,(anonymous_28)
FN:47,(anonymous_29)
FN:49,(anonymous_31)
FN:52,(anonymous_32)
FN:52,(anonymous_33)
FN:57,(anonymous_36)
FN:57,(anonymous_37)
FN:59,(anonymous_39)
FN:63,(anonymous_40)
FN:64,(anonymous_41)
FN:64,(anonymous_42)
FN:66,(anonymous_44)
FN:71,HomePageClient
FNF:31
FNH:0
FNDA:0,(anonymous_5)
FNDA:0,(anonymous_6)
FNDA:0,(anonymous_8)
FNDA:0,(anonymous_9)
FNDA:0,(anonymous_10)
FNDA:0,(anonymous_11)
FNDA:0,(anonymous_13)
FNDA:0,(anonymous_14)
FNDA:0,(anonymous_15)
FNDA:0,(anonymous_17)
FNDA:0,(anonymous_18)
FNDA:0,(anonymous_19)
FNDA:0,(anonymous_21)
FNDA:0,(anonymous_22)
FNDA:0,(anonymous_23)
FNDA:0,(anonymous_24)
FNDA:0,(anonymous_26)
FNDA:0,(anonymous_27)
FNDA:0,(anonymous_28)
FNDA:0,(anonymous_29)
FNDA:0,(anonymous_31)
FNDA:0,(anonymous_32)
FNDA:0,(anonymous_33)
FNDA:0,(anonymous_36)
FNDA:0,(anonymous_37)
FNDA:0,(anonymous_39)
FNDA:0,(anonymous_40)
FNDA:0,(anonymous_41)
FNDA:0,(anonymous_42)
FNDA:0,(anonymous_44)
FNDA:0,HomePageClient
DA:3,0
DA:4,0
DA:5,0
DA:6,0
DA:7,0
DA:12,0
DA:15,0
DA:17,0
DA:21,0
DA:26,0
DA:29,0
DA:31,0
DA:34,0
DA:36,0
DA:41,0
DA:43,0
DA:47,0
DA:49,0
DA:52,0
DA:57,0
DA:59,0
DA:64,0
DA:66,0
DA:71,0
LF:24
LH:0
BRF:0
BRH:0
end_of_record
TN:
SF:components/lazy-load.tsx
FN:17,LazyLoad
FN:28,(anonymous_2)
FN:33,(anonymous_3)
FN:34,(anonymous_4)
FN:57,(anonymous_5)
FNF:5
FNH:0
FNDA:0,LazyLoad
FNDA:0,(anonymous_2)
FNDA:0,(anonymous_3)
FNDA:0,(anonymous_4)
FNDA:0,(anonymous_5)
DA:4,0
DA:17,0
DA:24,0
DA:25,0
DA:26,0
DA:28,0
DA:29,0
DA:30,0
DA:32,0
DA:34,0
DA:35,0
DA:36,0
DA:37,0
DA:38,0
DA:39,0
DA:42,0
DA:44,0
DA:45,0
DA:55,0
DA:57,0
DA:58,0
LF:21
LH:0
BRDA:19,0,0,0
BRDA:20,1,0,0
BRDA:21,2,0,0
BRDA:22,3,0,0
BRDA:30,4,0,0
BRDA:35,5,0,0
BRDA:35,5,1,0
BRDA:36,6,0,0
BRDA:36,6,1,0
BRDA:37,7,0,0
BRDA:44,8,0,0
BRDA:62,9,0,0
BRDA:62,9,1,0
BRF:13
BRH:0
end_of_record
TN:
SF:components/performance-report.tsx
FN:14,PerformanceReport
FN:18,(anonymous_2)
FN:22,(anonymous_3)
FN:41,(anonymous_4)
FN:46,(anonymous_5)
FN:48,(anonymous_6)
FN:55,(anonymous_7)
FN:67,(anonymous_8)
FN:79,(anonymous_9)
FN:85,(anonymous_10)
FN:91,(anonymous_11)
FN:103,MetricRow
FNF:12
FNH:0
FNDA:0,PerformanceReport
FNDA:0,(anonymous_2)
FNDA:0,(anonymous_3)
FNDA:0,(anonymous_4)
FNDA:0,(anonymous_5)
FNDA:0,(anonymous_6)
FNDA:0,(anonymous_7)
FNDA:0,(anonymous_8)
FNDA:0,(anonymous_9)
FNDA:0,(anonymous_10)
FNDA:0,(anonymous_11)
FNDA:0,MetricRow
DA:3,0
DA:4,0
DA:5,0
DA:14,0
DA:15,0
DA:16,0
DA:18,0
DA:20,0
DA:22,0
DA:23,0
DA:24,0
DA:25,0
DA:26,0
DA:27,0
DA:36,0
DA:37,0
DA:38,0
DA:40,0
DA:41,0
DA:46,0
DA:48,0
DA:49,0
DA:50,0
DA:54,0
DA:55,0
DA:58,0
DA:67,0
DA:79,0
DA:85,0
DA:91,0
DA:114,0
DA:116,0
DA:117,0
LF:33
LH:0
BRDA:20,0,0,0
BRDA:24,1,0,0
BRDA:24,2,0,0
BRDA:24,2,1,0
BRDA:26,3,0,0
BRDA:36,4,0,0
BRDA:37,5,0,0
BRDA:37,5,1,0
BRDA:49,6,0,0
BRDA:49,7,0,0
BRDA:49,7,1,0
BRDA:49,7,2,0
BRDA:49,7,3,0
BRDA:58,8,0,0
BRDA:58,9,0,0
BRDA:58,9,1,0
BRDA:114,10,0,0
BRDA:123,11,0,0
BRDA:123,11,1,0
BRDA:130,12,0,0
BRDA:130,12,1,0
BRF:21
BRH:0
end_of_record
TN:
SF:components/product-quick-view-lazy.tsx
FN:4,(anonymous_1)
FNF:1
FNH:0
FNDA:0,(anonymous_1)
DA:4,0
LF:1
LH:0
BRF:0
BRH:0
end_of_record
TN:
SF:components/product-quick-view.tsx
FNF:0
FNH:0
DA:2,0
LF:1
LH:0
BRF:0
BRH:0
end_of_record
TN:
SF:components/product-reviews.tsx
FN:27,ProductReviews
FN:31,(anonymous_3)
FN:32,(anonymous_4)
FN:47,(anonymous_5)
FN:61,(anonymous_6)
FN:104,(anonymous_7)
FN:125,(anonymous_8)
FN:140,(anonymous_9)
FNF:8
FNH:0
FNDA:0,ProductReviews
FNDA:0,(anonymous_3)
FNDA:0,(anonymous_4)
FNDA:0,(anonymous_5)
FNDA:0,(anonymous_6)
FNDA:0,(anonymous_7)
FNDA:0,(anonymous_8)
FNDA:0,(anonymous_9)
DA:3,0
DA:5,0
DA:27,0
DA:28,0
DA:29,0
DA:31,0
DA:32,0
DA:33,0
DA:34,0
DA:35,0
DA:36,0
DA:37,0
DA:41,0
DA:44,0
DA:47,0
DA:48,0
DA:55,0
DA:62,0
DA:83,0
DA:105,0
DA:126,0
DA:141,0
LF:22
LH:0
BRDA:55,0,0,0
BRDA:83,1,0,0
BRDA:83,2,0,0
BRDA:83,2,1,0
BRDA:107,3,0,0
BRDA:107,3,1,0
BRDA:129,4,0,0
BRDA:143,5,0,0
BRDA:143,5,1,0
BRF:9
BRH:0
end_of_record
TN:
SF:components/product-scroll.tsx
FN:41,ProductScroll
FN:50,(anonymous_3)
FN:58,(anonymous_4)
FN:61,(anonymous_5)
FN:64,(anonymous_6)
FN:89,(anonymous_7)
FN:98,(anonymous_8)
FN:114,(anonymous_9)
FNF:8
FNH:0
FNDA:0,ProductScroll
FNDA:0,(anonymous_3)
FNDA:0,(anonymous_4)
FNDA:0,(anonymous_5)
FNDA:0,(anonymous_6)
FNDA:0,(anonymous_7)
FNDA:0,(anonymous_8)
FNDA:0,(anonymous_9)
DA:5,0
DA:8,0
DA:10,0
DA:41,0
DA:46,0
DA:47,0
DA:48,0
DA:50,0
DA:51,0
DA:52,0
DA:53,0
DA:54,0
DA:58,0
DA:59,0
DA:60,0
DA:61,0
DA:64,0
DA:65,0
DA:66,0
DA:67,0
DA:71,0
DA:89,0
DA:98,0
DA:115,0
LF:24
LH:0
BRDA:51,0,0,0
BRDA:65,1,0,0
BRDA:68,2,0,0
BRDA:68,2,1,0
BRDA:87,3,0,0
BRDA:96,4,0,0
BRF:6
BRH:0
end_of_record
TN:
SF:components/providers.tsx
FN:14,(anonymous_5)
FN:18,(anonymous_6)
FN:18,(anonymous_7)
FN:18,(anonymous_8)
FN:23,(anonymous_10)
FN:28,Providers
FN:33,(anonymous_12)
FN:40,(anonymous_13)
FN:51,(anonymous_14)
FNF:9
FNH:0
FNDA:0,(anonymous_5)
FNDA:0,(anonymous_6)
FNDA:0,(anonymous_7)
FNDA:0,(anonymous_8)
FNDA:0,(anonymous_10)
FNDA:0,Providers
FNDA:0,(anonymous_12)
FNDA:0,(anonymous_13)
FNDA:0,(anonymous_14)
DA:3,0
DA:4,0
DA:5,0
DA:7,0
DA:8,0
DA:9,0
DA:10,0
DA:11,0
DA:14,0
DA:16,0
DA:18,0
DA:23,0
DA:28,0
DA:29,0
DA:32,0
DA:34,0
DA:40,0
DA:51,0
DA:52,0
DA:55,0
LF:20
LH:0
BRDA:16,0,0,0
BRDA:55,1,0,0
BRDA:77,2,0,0
BRF:3
BRH:0
end_of_record
TN:
SF:components/sale-banner.tsx
FN:11,SaleBanner
FNF:1
FNH:0
FNDA:0,SaleBanner
DA:1,0
DA:11,0
LF:2
LH:0
BRDA:31,0,0,0
BRF:1
BRH:0
end_of_record
TN:
SF:components/service-worker-registration.tsx
FN:5,ServiceWorkerRegistration
FN:6,(anonymous_2)
FN:10,(anonymous_3)
FN:13,(anonymous_4)
FN:17,(anonymous_5)
FN:22,(anonymous_6)
FN:25,(anonymous_7)
FN:37,(anonymous_8)
FNF:8
FNH:0
FNDA:0,ServiceWorkerRegistration
FNDA:0,(anonymous_2)
FNDA:0,(anonymous_3)
FNDA:0,(anonymous_4)
FNDA:0,(anonymous_5)
FNDA:0,(anonymous_6)
FNDA:0,(anonymous_7)
FNDA:0,(anonymous_8)
DA:3,0
DA:5,0
DA:6,0
DA:7,0
DA:9,0
DA:10,0
DA:11,0
DA:17,0
DA:18,0
DA:22,0
DA:23,0
DA:24,0
DA:25,0
DA:26,0
DA:45,0
LF:15
LH:0
BRDA:7,0,0,0
BRDA:7,1,0,0
BRDA:7,1,1,0
BRDA:9,2,0,0
BRDA:24,3,0,0
BRDA:26,4,0,0
BRDA:27,5,0,0
BRDA:27,5,1,0
BRF:8
BRH:0
end_of_record
TN:
SF:components/simple-header.tsx
FN:3,SimpleHeader
FNF:1
FNH:0
FNDA:0,SimpleHeader
DA:1,0
DA:3,0
LF:2
LH:0
BRF:0
BRH:0
end_of_record
TN:
SF:components/simple-home-page.tsx
FN:4,SimpleHomePage
FN:29,(anonymous_3)
FN:44,(anonymous_4)
FN:60,(anonymous_5)
FNF:4
FNH:0
FNDA:0,SimpleHomePage
FNDA:0,(anonymous_3)
FNDA:0,(anonymous_4)
FNDA:0,(anonymous_5)
DA:1,0
DA:4,0
DA:30,0
DA:45,0
DA:61,0
LF:5
LH:0
BRF:0
BRH:0
end_of_record
TN:
SF:components/size-guide-modal.tsx
FN:45,SizeGuideModal
FN:51,(anonymous_2)
FN:75,(anonymous_3)
FN:98,(anonymous_4)
FNF:4
FNH:0
FNDA:0,SizeGuideModal
FNDA:0,(anonymous_2)
FNDA:0,(anonymous_3)
FNDA:0,(anonymous_4)
DA:9,0
DA:17,0
DA:18,0
DA:21,0
DA:30,0
DA:45,0
DA:51,0
DA:76,0
DA:99,0
LF:9
LH:0
BRDA:51,0,0,0
BRDA:51,0,1,0
BRDA:52,1,0,0
BRF:3
BRH:0
end_of_record
TN:
SF:components/theme-provider.tsx
FN:14,ThemeProvider
FNF:1
FNH:0
FNDA:0,ThemeProvider
DA:3,0
DA:4,0
DA:14,0
LF:3
LH:0
BRF:0
BRH:0
end_of_record
TN:
SF:components/trust-badges.tsx
FN:26,TrustBadges
FN:32,(anonymous_3)
FN:52,(anonymous_4)
FNF:3
FNH:0
FNDA:0,TrustBadges
FNDA:0,(anonymous_3)
FNDA:0,(anonymous_4)
DA:3,0
DA:26,0
DA:33,0
DA:34,0
DA:53,0
DA:54,0
LF:6
LH:0
BRF:0
BRH:0
end_of_record
TN:
SF:components/viewport-height-handler.tsx
FN:6,ViewportHeightHandler
FN:7,(anonymous_2)
FNF:2
FNH:0
FNDA:0,ViewportHeightHandler
FNDA:0,(anonymous_2)
DA:3,0
DA:4,0
DA:6,0
DA:7,0
DA:8,0
DA:11,0
LF:6
LH:0
BRF:0
BRH:0
end_of_record
TN:
SF:components/accessibility/accessible-forms.tsx
FN:28,AccessibleForm
FN:43,(anonymous_12)
FN:118,(anonymous_13)
FN:151,AccessibleInput
FN:170,(anonymous_15)
FN:185,(anonymous_16)
FN:248,AccessibleTextarea
FN:269,(anonymous_18)
FN:290,(anonymous_19)
FN:359,AccessibleSelect
FN:392,(anonymous_21)
FN:415,AccessibleCheckbox
FN:460,(anonymous_23)
FN:460,(anonymous_24)
FN:464,(anonymous_25)
FN:464,(anonymous_26)
FN:469,(anonymous_27)
FN:469,(anonymous_28)
FN:475,(anonymous_29)
FN:475,(anonymous_30)
FN:481,(anonymous_31)
FN:481,(anonymous_32)
FN:485,(anonymous_33)
FN:485,(anonymous_34)
FN:497,ContactFormExample
FN:498,(anonymous_36)
FN:502,(anonymous_37)
FNF:27
FNH:0
FNDA:0,AccessibleForm
FNDA:0,(anonymous_12)
FNDA:0,(anonymous_13)
FNDA:0,AccessibleInput
FNDA:0,(anonymous_15)
FNDA:0,(anonymous_16)
FNDA:0,AccessibleTextarea
FNDA:0,(anonymous_18)
FNDA:0,(anonymous_19)
FNDA:0,AccessibleSelect
FNDA:0,(anonymous_21)
FNDA:0,AccessibleCheckbox
FNDA:0,(anonymous_23)
FNDA:0,(anonymous_24)
FNDA:0,(anonymous_25)
FNDA:0,(anonymous_26)
FNDA:0,(anonymous_27)
FNDA:0,(anonymous_28)
FNDA:0,(anonymous_29)
FNDA:0,(anonymous_30)
FNDA:0,(anonymous_31)
FNDA:0,(anonymous_32)
FNDA:0,(anonymous_33)
FNDA:0,(anonymous_34)
FNDA:0,ContactFormExample
FNDA:0,(anonymous_36)
FNDA:0,(anonymous_37)
DA:3,0
DA:4,0
DA:28,0
DA:37,0
DA:38,0
DA:39,0
DA:40,0
DA:41,0
DA:43,0
DA:44,0
DA:45,0
DA:46,0
DA:48,0
DA:50,0
DA:53,0
DA:54,0
DA:55,0
DA:58,0
DA:60,0
DA:61,0
DA:64,0
DA:65,0
DA:71,0
DA:72,0
DA:73,0
DA:74,0
DA:75,0
DA:78,0
DA:81,0
DA:82,0
DA:83,0
DA:85,0
DA:86,0
DA:88,0
DA:119,0
DA:151,0
DA:164,0
DA:165,0
DA:166,0
DA:168,0
DA:170,0
DA:171,0
DA:172,0
DA:175,0
DA:176,0
DA:177,0
DA:180,0
DA:181,0
DA:185,0
DA:186,0
DA:189,0
DA:190,0
DA:191,0
DA:194,0
DA:195,0
DA:199,0
DA:248,0
DA:262,0
DA:263,0
DA:264,0
DA:265,0
DA:267,0
DA:269,0
DA:270,0
DA:271,0
DA:274,0
DA:275,0
DA:276,0
DA:280,0
DA:281,0
DA:282,0
DA:285,0
DA:286,0
DA:290,0
DA:291,0
DA:294,0
DA:295,0
DA:296,0
DA:299,0
DA:300,0
DA:304,0
DA:359,0
DA:393,0
DA:415,0
DA:459,0
DA:460,0
DA:461,0
DA:464,0
DA:465,0
DA:466,0
DA:469,0
DA:470,0
DA:475,0
DA:476,0
DA:481,0
DA:482,0
DA:485,0
DA:486,0
DA:487,0
DA:488,0
DA:490,0
DA:497,0
DA:498,0
DA:499,0
DA:502,0
DA:503,0
DA:505,0
DA:506,0
DA:507,0
DA:509,0
DA:510,0
DA:513,0
DA:514,0
DA:515,0
DA:516,0
DA:519,0
DA:520,0
DA:521,0
DA:522,0
DA:525,0
LF:120
LH:0
BRDA:32,0,0,0
BRDA:35,1,0,0
BRDA:48,2,0,0
BRDA:54,3,0,0
BRDA:60,4,0,0
BRDA:66,5,0,0
BRDA:66,5,1,0
BRDA:72,6,0,0
BRDA:74,7,0,0
BRDA:74,8,0,0
BRDA:74,8,1,0
BRDA:99,9,0,0
BRDA:99,9,1,0
BRDA:100,10,0,0
BRDA:100,10,1,0
BRDA:102,11,0,0
BRDA:108,12,0,0
BRDA:115,13,0,0
BRDA:115,13,1,0
BRDA:129,14,0,0
BRDA:155,15,0,0
BRDA:157,16,0,0
BRDA:159,17,0,0
BRDA:166,18,0,0
BRDA:166,18,1,0
BRDA:168,19,0,0
BRDA:168,19,1,0
BRDA:168,20,0,0
BRDA:168,20,1,0
BRDA:175,21,0,0
BRDA:175,22,0,0
BRDA:175,22,1,0
BRDA:180,23,0,0
BRDA:189,24,0,0
BRDA:194,25,0,0
BRDA:199,26,0,0
BRDA:199,26,1,0
BRDA:199,27,0,0
BRDA:199,27,1,0
BRDA:214,28,0,0
BRDA:214,28,1,0
BRDA:219,29,0,0
BRDA:219,29,1,0
BRDA:224,30,0,0
BRDA:252,31,0,0
BRDA:254,32,0,0
BRDA:256,33,0,0
BRDA:257,34,0,0
BRDA:264,35,0,0
BRDA:264,35,1,0
BRDA:267,36,0,0
BRDA:267,36,1,0
BRDA:267,37,0,0
BRDA:267,37,1,0
BRDA:274,38,0,0
BRDA:274,39,0,0
BRDA:274,39,1,0
BRDA:280,40,0,0
BRDA:280,41,0,0
BRDA:280,41,1,0
BRDA:285,42,0,0
BRDA:294,43,0,0
BRDA:299,44,0,0
BRDA:304,45,0,0
BRDA:304,45,1,0
BRDA:304,46,0,0
BRDA:304,46,1,0
BRDA:320,47,0,0
BRDA:320,47,1,0
BRDA:321,48,0,0
BRDA:321,48,1,0
BRDA:326,49,0,0
BRDA:326,49,1,0
BRDA:331,50,0,0
BRDA:363,51,0,0
BRDA:366,52,0,0
BRDA:381,53,0,0
BRDA:381,53,1,0
BRDA:384,54,0,0
BRDA:384,54,1,0
BRDA:387,55,0,0
BRDA:419,56,0,0
BRDA:438,57,0,0
BRDA:438,57,1,0
BRDA:440,58,0,0
BRDA:440,58,1,0
BRDA:441,59,0,0
BRDA:441,59,1,0
BRDA:445,60,0,0
BRDA:460,61,0,0
BRDA:461,62,0,0
BRDA:461,62,1,0
BRDA:464,63,0,0
BRDA:466,64,0,0
BRDA:466,64,1,0
BRDA:470,65,0,0
BRDA:470,65,1,0
BRDA:472,66,0,0
BRDA:472,66,1,0
BRDA:476,67,0,0
BRDA:476,67,1,0
BRDA:478,68,0,0
BRDA:478,68,1,0
BRDA:482,69,0,0
BRDA:482,69,1,0
BRDA:488,70,0,0
BRDA:505,71,0,0
BRDA:505,71,1,0
BRDA:506,72,0,0
BRDA:506,72,1,0
BRDA:507,73,0,0
BRDA:507,73,1,0
BRDA:509,74,0,0
BRDA:513,75,0,0
BRDA:513,75,1,0
BRDA:515,76,0,0
BRDA:519,77,0,0
BRDA:519,77,1,0
BRDA:521,78,0,0
BRF:119
BRH:0
end_of_record
TN:
SF:components/accessibility/aria-helpers.tsx
FN:19,useAria
FN:31,AriaProvider
FN:40,(anonymous_17)
FN:41,(anonymous_18)
FN:47,(anonymous_19)
FN:48,(anonymous_20)
FN:55,(anonymous_21)
FN:56,(anonymous_22)
FN:63,(anonymous_23)
FN:67,(anonymous_24)
FN:74,(anonymous_25)
FN:127,Landmark
FN:160,AriaDescription
FN:188,AriaStatus
FN:223,AccessibleButton
FN:311,AriaAlert
FN:389,AccessibleField
FN:466,AccessibleProgress
FN:523,useAccessibleId
FN:530,useAriaState
FN:533,(anonymous_35)
FN:534,(anonymous_36)
FN:537,(anonymous_37)
FNF:23
FNH:0
FNDA:0,useAria
FNDA:0,AriaProvider
FNDA:0,(anonymous_17)
FNDA:0,(anonymous_18)
FNDA:0,(anonymous_19)
FNDA:0,(anonymous_20)
FNDA:0,(anonymous_21)
FNDA:0,(anonymous_22)
FNDA:0,(anonymous_23)
FNDA:0,(anonymous_24)
FNDA:0,(anonymous_25)
FNDA:0,Landmark
FNDA:0,AriaDescription
FNDA:0,AriaStatus
FNDA:0,AccessibleButton
FNDA:0,AriaAlert
FNDA:0,AccessibleField
FNDA:0,AccessibleProgress
FNDA:0,useAccessibleId
FNDA:0,useAriaState
FNDA:0,(anonymous_35)
FNDA:0,(anonymous_36)
FNDA:0,(anonymous_37)
DA:3,0
DA:17,0
DA:19,0
DA:20,0
DA:21,0
DA:22,0
DA:24,0
DA:31,0
DA:32,0
DA:40,0
DA:41,0
DA:47,0
DA:48,0
DA:55,0
DA:56,0
DA:63,0
DA:64,0
DA:67,0
DA:68,0
DA:69,0
DA:70,0
DA:74,0
DA:75,0
DA:76,0
DA:77,0
DA:81,0
DA:127,0
DA:135,0
DA:160,0
DA:161,0
DA:162,0
DA:188,0
DA:223,0
DA:237,0
DA:238,0
DA:240,0
DA:247,0
DA:311,0
DA:319,0
DA:320,0
DA:322,0
DA:329,0
DA:389,0
DA:398,0
DA:399,0
DA:400,0
DA:401,0
DA:466,0
DA:474,0
DA:475,0
DA:476,0
DA:523,0
DA:524,0
DA:530,0
DA:531,0
DA:533,0
DA:534,0
DA:537,0
DA:538,0
DA:541,0
LF:60
LH:0
BRDA:21,0,0,0
BRDA:40,1,0,0
BRDA:63,2,0,0
BRDA:69,3,0,0
BRDA:76,4,0,0
BRDA:132,5,0,0
BRDA:133,6,0,0
BRDA:160,7,0,0
BRDA:162,8,0,0
BRDA:162,8,1,0
BRDA:190,9,0,0
BRDA:191,10,0,0
BRDA:192,11,0,0
BRDA:193,12,0,0
BRDA:225,13,0,0
BRDA:226,14,0,0
BRDA:227,15,0,0
BRDA:228,16,0,0
BRDA:234,17,0,0
BRDA:268,18,0,0
BRDA:268,18,1,0
BRDA:272,19,0,0
BRDA:272,19,1,0
BRDA:276,20,0,0
BRDA:276,20,1,0
BRDA:289,21,0,0
BRDA:313,22,0,0
BRDA:315,23,0,0
BRDA:317,24,0,0
BRDA:340,25,0,0
BRDA:340,25,1,0
BRDA:353,26,0,0
BRDA:362,27,0,0
BRDA:394,28,0,0
BRDA:395,29,0,0
BRDA:396,30,0,0
BRDA:411,31,0,0
BRDA:416,32,0,0
BRDA:423,33,0,0
BRDA:433,34,0,0
BRDA:433,34,1,0
BRDA:434,35,0,0
BRDA:434,35,1,0
BRDA:435,36,0,0
BRDA:435,36,1,0
BRDA:437,37,0,0
BRDA:437,37,1,0
BRDA:442,38,0,0
BRDA:468,39,0,0
BRDA:471,40,0,0
BRDA:472,41,0,0
BRDA:480,42,0,0
BRDA:480,42,1,0
BRDA:482,43,0,0
BRDA:487,44,0,0
BRDA:495,45,0,0
BRDA:507,46,0,0
BRDA:507,46,1,0
BRDA:523,47,0,0
BRDA:530,48,0,0
BRF:60
BRH:0
end_of_record
TN:
SF:components/accessibility/color-contrast-system.tsx
FN:32,useColorContrast
FN:44,ColorContrastProvider
FN:46,(anonymous_12)
FN:110,(anonymous_13)
FN:111,(anonymous_14)
FN:120,(anonymous_15)
FN:135,(anonymous_16)
FN:172,(anonymous_17)
FN:225,(anonymous_18)
FN:238,(anonymous_19)
FN:331,ColorValidator
FN:374,useThemeValidation
FN:379,(anonymous_22)
FN:391,(anonymous_23)
FN:395,(anonymous_24)
FNF:15
FNH:0
FNDA:0,useColorContrast
FNDA:0,ColorContrastProvider
FNDA:0,(anonymous_12)
FNDA:0,(anonymous_13)
FNDA:0,(anonymous_14)
FNDA:0,(anonymous_15)
FNDA:0,(anonymous_16)
FNDA:0,(anonymous_17)
FNDA:0,(anonymous_18)
FNDA:0,(anonymous_19)
FNDA:0,ColorValidator
FNDA:0,useThemeValidation
FNDA:0,(anonymous_22)
FNDA:0,(anonymous_23)
FNDA:0,(anonymous_24)
DA:3,0
DA:30,0
DA:32,0
DA:33,0
DA:34,0
DA:35,0
DA:37,0
DA:44,0
DA:46,0
DA:48,0
DA:51,0
DA:52,0
DA:53,0
DA:54,0
DA:55,0
DA:56,0
DA:57,0
DA:58,0
DA:59,0
DA:60,0
DA:61,0
DA:62,0
DA:67,0
DA:68,0
DA:69,0
DA:73,0
DA:74,0
DA:75,0
DA:76,0
DA:77,0
DA:79,0
DA:80,0
DA:81,0
DA:83,0
DA:85,0
DA:86,0
DA:87,0
DA:88,0
DA:89,0
DA:90,0
DA:91,0
DA:92,0
DA:93,0
DA:94,0
DA:96,0
DA:99,0
DA:106,0
DA:110,0
DA:111,0
DA:112,0
DA:113,0
DA:116,0
DA:120,0
DA:121,0
DA:122,0
DA:124,0
DA:126,0
DA:127,0
DA:129,0
DA:130,0
DA:132,0
DA:135,0
DA:140,0
DA:141,0
DA:142,0
DA:145,0
DA:146,0
DA:152,0
DA:153,0
DA:154,0
DA:155,0
DA:156,0
DA:157,0
DA:159,0
DA:160,0
DA:161,0
DA:164,0
DA:172,0
DA:177,0
DA:178,0
DA:180,0
DA:182,0
DA:185,0
DA:186,0
DA:192,0
DA:193,0
DA:196,0
DA:197,0
DA:202,0
DA:203,0
DA:209,0
DA:210,0
DA:213,0
DA:214,0
DA:219,0
DA:220,0
DA:222,0
DA:225,0
DA:226,0
DA:229,0
DA:238,0
DA:239,0
DA:240,0
DA:248,0
DA:251,0
DA:268,0
DA:331,0
DA:338,0
DA:339,0
DA:341,0
DA:374,0
DA:375,0
DA:376,0
DA:377,0
DA:379,0
DA:380,0
DA:381,0
DA:382,0
DA:383,0
DA:385,0
DA:387,0
DA:391,0
DA:392,0
DA:395,0
DA:396,0
DA:398,0
DA:410,0
LF:127
LH:0
BRDA:34,0,0,0
BRDA:51,1,0,0
BRDA:53,2,0,0
BRDA:53,2,1,0
BRDA:58,3,0,0
BRDA:68,4,0,0
BRDA:74,5,0,0
BRDA:85,6,0,0
BRDA:85,6,1,0
BRDA:87,7,0,0
BRDA:87,7,1,0
BRDA:89,8,0,0
BRDA:89,8,1,0
BRDA:91,9,0,0
BRDA:91,9,1,0
BRDA:93,10,0,0
BRDA:93,10,1,0
BRDA:113,11,0,0
BRDA:113,11,1,0
BRDA:124,12,0,0
BRDA:124,13,0,0
BRDA:124,13,1,0
BRDA:138,14,0,0
BRDA:141,15,0,0
BRDA:141,15,1,0
BRDA:141,15,2,0
BRDA:145,16,0,0
BRDA:145,16,1,0
BRDA:146,17,0,0
BRDA:146,17,1,0
BRDA:152,18,0,0
BRDA:152,18,1,0
BRDA:155,19,0,0
BRDA:155,19,1,0
BRDA:175,20,0,0
BRDA:180,21,0,0
BRDA:180,22,0,0
BRDA:180,22,1,0
BRDA:196,23,0,0
BRDA:213,24,0,0
BRDA:222,25,0,0
BRDA:222,25,1,0
BRDA:334,26,0,0
BRDA:335,27,0,0
BRDA:336,28,0,0
BRDA:341,29,0,0
BRDA:356,30,0,0
BRDA:356,30,1,0
BRDA:357,31,0,0
BRDA:357,31,1,0
BRDA:362,32,0,0
BRF:51
BRH:0
end_of_record
TN:
SF:components/accessibility/enhanced-focus-manager.tsx
FN:19,useFocusManager
FN:31,FocusManagerProvider
FN:35,(anonymous_12)
FN:49,(anonymous_13)
FN:56,(anonymous_14)
FN:57,(anonymous_15)
FN:65,(anonymous_16)
FN:70,(anonymous_17)
FN:95,(anonymous_18)
FN:100,(anonymous_19)
FN:108,(anonymous_20)
FN:112,(anonymous_21)
FN:114,(anonymous_22)
FN:139,(anonymous_23)
FN:140,(anonymous_24)
FN:165,useFocusTrap
FN:170,(anonymous_26)
FN:175,(anonymous_27)
FN:200,FocusIndicator
FN:247,SkipNavigation
FN:254,(anonymous_30)
FN:274,useEnhancedKeyboardNavigation
FN:295,(anonymous_32)
FN:295,(anonymous_33)
FN:299,(anonymous_34)
FN:307,(anonymous_35)
FN:395,(anonymous_36)
FN:398,(anonymous_37)
FN:399,(anonymous_38)
FNF:29
FNH:0
FNDA:0,useFocusManager
FNDA:0,FocusManagerProvider
FNDA:0,(anonymous_12)
FNDA:0,(anonymous_13)
FNDA:0,(anonymous_14)
FNDA:0,(anonymous_15)
FNDA:0,(anonymous_16)
FNDA:0,(anonymous_17)
FNDA:0,(anonymous_18)
FNDA:0,(anonymous_19)
FNDA:0,(anonymous_20)
FNDA:0,(anonymous_21)
FNDA:0,(anonymous_22)
FNDA:0,(anonymous_23)
FNDA:0,(anonymous_24)
FNDA:0,useFocusTrap
FNDA:0,(anonymous_26)
FNDA:0,(anonymous_27)
FNDA:0,FocusIndicator
FNDA:0,SkipNavigation
FNDA:0,(anonymous_30)
FNDA:0,useEnhancedKeyboardNavigation
FNDA:0,(anonymous_32)
FNDA:0,(anonymous_33)
FNDA:0,(anonymous_34)
FNDA:0,(anonymous_35)
FNDA:0,(anonymous_36)
FNDA:0,(anonymous_37)
FNDA:0,(anonymous_38)
DA:3,0
DA:17,0
DA:19,0
DA:20,0
DA:21,0
DA:22,0
DA:24,0
DA:31,0
DA:32,0
DA:33,0
DA:35,0
DA:36,0
DA:48,0
DA:50,0
DA:51,0
DA:56,0
DA:57,0
DA:60,0
DA:62,0
DA:63,0
DA:65,0
DA:68,0
DA:70,0
DA:71,0
DA:73,0
DA:74,0
DA:75,0
DA:77,0
DA:79,0
DA:80,0
DA:81,0
DA:85,0
DA:86,0
DA:87,0
DA:92,0
DA:95,0
DA:96,0
DA:100,0
DA:101,0
DA:102,0
DA:103,0
DA:105,0
DA:108,0
DA:109,0
DA:112,0
DA:113,0
DA:114,0
DA:117,0
DA:119,0
DA:120,0
DA:122,0
DA:123,0
DA:125,0
DA:126,0
DA:128,0
DA:129,0
DA:131,0
DA:134,0
DA:135,0
DA:139,0
DA:140,0
DA:141,0
DA:142,0
DA:147,0
DA:165,0
DA:166,0
DA:167,0
DA:168,0
DA:170,0
DA:171,0
DA:172,0
DA:175,0
DA:176,0
DA:177,0
DA:178,0
DA:180,0
DA:181,0
DA:186,0
DA:200,0
DA:206,0
DA:211,0
DA:247,0
DA:255,0
DA:274,0
DA:290,0
DA:292,0
DA:293,0
DA:295,0
DA:296,0
DA:299,0
DA:300,0
DA:301,0
DA:302,0
DA:303,0
DA:307,0
DA:308,0
DA:310,0
DA:311,0
DA:313,0
DA:315,0
DA:316,0
DA:317,0
DA:318,0
DA:319,0
DA:322,0
DA:325,0
DA:326,0
DA:327,0
DA:328,0
DA:329,0
DA:332,0
DA:335,0
DA:336,0
DA:337,0
DA:338,0
DA:339,0
DA:342,0
DA:345,0
DA:346,0
DA:347,0
DA:348,0
DA:349,0
DA:352,0
DA:355,0
DA:356,0
DA:357,0
DA:360,0
DA:361,0
DA:362,0
DA:366,0
DA:367,0
DA:368,0
DA:370,0
DA:373,0
DA:374,0
DA:375,0
DA:377,0
DA:380,0
DA:381,0
DA:382,0
DA:384,0
DA:385,0
DA:390,0
DA:395,0
DA:398,0
DA:399,0
LF:146
LH:0
BRDA:21,0,0,0
BRDA:51,1,0,0
BRDA:51,1,1,0
BRDA:51,1,2,0
BRDA:57,2,0,0
BRDA:65,3,0,0
BRDA:71,4,0,0
BRDA:77,5,0,0
BRDA:77,5,1,0
BRDA:79,6,0,0
BRDA:85,7,0,0
BRDA:101,8,0,0
BRDA:101,8,1,0
BRDA:102,9,0,0
BRDA:102,10,0,0
BRDA:102,10,1,0
BRDA:117,11,0,0
BRDA:117,11,1,0
BRDA:117,11,2,0
BRDA:117,11,3,0
BRDA:117,11,4,0
BRDA:122,12,0,0
BRDA:122,12,1,0
BRDA:134,13,0,0
BRDA:141,14,0,0
BRDA:165,15,0,0
BRDA:171,16,0,0
BRDA:171,17,0,0
BRDA:171,17,1,0
BRDA:176,18,0,0
BRDA:180,19,0,0
BRDA:202,20,0,0
BRDA:203,21,0,0
BRDA:204,22,0,0
BRDA:247,23,0,0
BRDA:259,24,0,0
BRDA:259,24,1,0
BRDA:276,25,0,0
BRDA:287,26,0,0
BRDA:288,27,0,0
BRDA:289,28,0,0
BRDA:301,29,0,0
BRDA:308,30,0,0
BRDA:308,31,0,0
BRDA:308,31,1,0
BRDA:313,32,0,0
BRDA:313,32,1,0
BRDA:313,32,2,0
BRDA:313,32,3,0
BRDA:313,32,4,0
BRDA:313,32,5,0
BRDA:313,32,6,0
BRDA:313,32,7,0
BRDA:313,32,8,0
BRDA:315,33,0,0
BRDA:315,34,0,0
BRDA:315,34,1,0
BRDA:318,35,0,0
BRDA:319,36,0,0
BRDA:319,36,1,0
BRDA:325,37,0,0
BRDA:325,38,0,0
BRDA:325,38,1,0
BRDA:328,39,0,0
BRDA:329,40,0,0
BRDA:329,40,1,0
BRDA:335,41,0,0
BRDA:335,42,0,0
BRDA:335,42,1,0
BRDA:338,43,0,0
BRDA:339,44,0,0
BRDA:339,44,1,0
BRDA:345,45,0,0
BRDA:345,46,0,0
BRDA:345,46,1,0
BRDA:348,47,0,0
BRDA:349,48,0,0
BRDA:349,48,1,0
BRDA:366,49,0,0
BRDA:373,50,0,0
BRDA:380,51,0,0
BRDA:384,52,0,0
BRDA:397,53,0,0
BRDA:397,53,1,0
BRF:84
BRH:0
end_of_record
TN:
SF:components/accessibility/focus-trap.tsx
FN:16,FocusTrap
FN:25,(anonymous_5)
FN:35,(anonymous_6)
FN:47,(anonymous_7)
FN:60,(anonymous_8)
FN:80,(anonymous_9)
FN:89,(anonymous_10)
FNF:7
FNH:0
FNDA:0,FocusTrap
FNDA:0,(anonymous_5)
FNDA:0,(anonymous_6)
FNDA:0,(anonymous_7)
FNDA:0,(anonymous_8)
FNDA:0,(anonymous_9)
FNDA:0,(anonymous_10)
DA:3,0
DA:16,0
DA:22,0
DA:23,0
DA:25,0
DA:26,0
DA:29,0
DA:31,0
DA:32,0
DA:35,0
DA:36,0
DA:45,0
DA:49,0
DA:54,0
DA:55,0
DA:56,0
DA:60,0
DA:61,0
DA:63,0
DA:64,0
DA:66,0
DA:67,0
DA:70,0
DA:71,0
DA:72,0
DA:73,0
DA:74,0
DA:75,0
DA:80,0
DA:81,0
DA:82,0
DA:86,0
DA:87,0
DA:89,0
DA:90,0
DA:91,0
DA:94,0
DA:95,0
DA:100,0
LF:39
LH:0
BRDA:18,0,0,0
BRDA:19,1,0,0
BRDA:20,2,0,0
BRDA:26,3,0,0
BRDA:32,4,0,0
BRDA:55,5,0,0
BRDA:61,6,0,0
BRDA:64,7,0,0
BRDA:70,8,0,0
BRDA:70,8,1,0
BRDA:70,9,0,0
BRDA:70,9,1,0
BRDA:73,10,0,0
BRDA:73,11,0,0
BRDA:73,11,1,0
BRDA:81,12,0,0
BRDA:81,13,0,0
BRDA:81,13,1,0
BRDA:94,14,0,0
BRDA:94,15,0,0
BRDA:94,15,1,0
BRDA:100,16,0,0
BRF:22
BRH:0
end_of_record
TN:
SF:components/accessibility/form-field.tsx
FN:19,AccessibleFormField
FN:80,AccessibleFieldGroup
FN:139,VisuallyHidden
FNF:3
FNH:0
FNDA:0,AccessibleFormField
FNDA:0,AccessibleFieldGroup
FNDA:0,VisuallyHidden
DA:1,0
DA:2,0
DA:3,0
DA:19,0
DA:28,0
DA:80,0
DA:88,0
DA:89,0
DA:139,0
LF:9
LH:0
BRDA:24,0,0,0
BRDA:26,1,0,0
BRDA:29,2,0,0
BRDA:29,2,1,0
BRDA:30,3,0,0
BRDA:30,3,1,0
BRDA:39,4,0,0
BRDA:46,5,0,0
BRDA:54,6,0,0
BRDA:54,6,1,0
BRDA:55,7,0,0
BRDA:55,7,1,0
BRDA:59,8,0,0
BRDA:84,9,0,0
BRDA:86,10,0,0
BRDA:90,11,0,0
BRDA:90,11,1,0
BRDA:91,12,0,0
BRDA:91,12,1,0
BRDA:99,13,0,0
BRDA:99,13,1,0
BRDA:101,14,0,0
BRDA:101,14,1,0
BRDA:105,15,0,0
BRDA:112,16,0,0
BRDA:123,17,0,0
BRDA:141,18,0,0
BRF:27
BRH:0
end_of_record
TN:
SF:components/accessibility/keyboard-navigation.tsx
FN:12,useKeyboardNavigation
FN:15,(anonymous_6)
FN:17,(anonymous_7)
FN:23,(anonymous_8)
FN:28,(anonymous_9)
FN:77,(anonymous_10)
FN:97,(anonymous_11)
FN:110,useFocusTrap
FN:111,(anonymous_13)
FN:122,(anonymous_14)
FN:145,(anonymous_15)
FN:154,SkipLink
FN:168,KeyboardShortcutsHelp
FN:195,(anonymous_18)
FNF:14
FNH:0
FNDA:0,useKeyboardNavigation
FNDA:0,(anonymous_6)
FNDA:0,(anonymous_7)
FNDA:0,(anonymous_8)
FNDA:0,(anonymous_9)
FNDA:0,(anonymous_10)
FNDA:0,(anonymous_11)
FNDA:0,useFocusTrap
FNDA:0,(anonymous_13)
FNDA:0,(anonymous_14)
FNDA:0,(anonymous_15)
FNDA:0,SkipLink
FNDA:0,KeyboardShortcutsHelp
FNDA:0,(anonymous_18)
DA:3,0
DA:12,0
DA:13,0
DA:15,0
DA:17,0
DA:18,0
DA:19,0
DA:23,0
DA:24,0
DA:28,0
DA:30,0
DA:34,0
DA:37,0
DA:39,0
DA:41,0
DA:42,0
DA:43,0
DA:45,0
DA:48,0
DA:49,0
DA:51,0
DA:52,0
DA:53,0
DA:55,0
DA:58,0
DA:59,0
DA:61,0
DA:62,0
DA:63,0
DA:65,0
DA:68,0
DA:69,0
DA:71,0
DA:72,0
DA:76,0
DA:77,0
DA:78,0
DA:79,0
DA:82,0
DA:86,0
DA:87,0
DA:88,0
DA:91,0
DA:92,0
DA:94,0
DA:97,0
DA:98,0
DA:99,0
DA:100,0
DA:104,0
DA:110,0
DA:111,0
DA:112,0
DA:114,0
DA:115,0
DA:119,0
DA:120,0
DA:122,0
DA:123,0
DA:124,0
DA:125,0
DA:126,0
DA:127,0
DA:130,0
DA:131,0
DA:132,0
DA:138,0
DA:141,0
DA:142,0
DA:145,0
DA:146,0
DA:154,0
DA:168,0
DA:169,0
DA:179,0
DA:196,0
LF:76
LH:0
BRDA:18,0,0,0
BRDA:30,1,0,0
BRDA:31,2,0,0
BRDA:31,2,1,0
BRDA:37,3,0,0
BRDA:37,3,1,0
BRDA:37,3,2,0
BRDA:37,3,3,0
BRDA:37,3,4,0
BRDA:42,4,0,0
BRDA:48,5,0,0
BRDA:48,6,0,0
BRDA:48,6,1,0
BRDA:52,7,0,0
BRDA:58,8,0,0
BRDA:58,9,0,0
BRDA:58,9,1,0
BRDA:62,10,0,0
BRDA:68,11,0,0
BRDA:68,12,0,0
BRDA:68,12,1,0
BRDA:78,13,0,0
BRDA:78,14,0,0
BRDA:78,14,1,0
BRDA:91,15,0,0
BRDA:91,15,1,0
BRDA:112,16,0,0
BRDA:112,17,0,0
BRDA:112,17,1,0
BRDA:123,18,0,0
BRDA:124,19,0,0
BRDA:124,19,1,0
BRDA:125,20,0,0
BRDA:130,21,0,0
BRDA:141,22,0,0
BRDA:179,23,0,0
BRF:36
BRH:0
end_of_record
TN:
SF:components/accessibility/live-region.tsx
FN:19,LiveRegion
FN:30,(anonymous_10)
FN:33,(anonymous_11)
FN:37,(anonymous_12)
FN:41,(anonymous_13)
FN:81,useLiveRegion
FN:91,(anonymous_15)
FN:96,(anonymous_16)
FN:99,(anonymous_17)
FN:100,(anonymous_18)
FN:104,(anonymous_19)
FN:105,(anonymous_20)
FN:109,(anonymous_21)
FN:113,(anonymous_22)
FN:117,(anonymous_23)
FN:134,LiveRegionProvider
FN:143,(anonymous_25)
FN:149,(anonymous_26)
FN:154,(anonymous_27)
FN:159,(anonymous_28)
FN:163,(anonymous_29)
FN:167,(anonymous_30)
FN:215,CartUpdateAnnouncer
FN:219,(anonymous_32)
FN:234,FormErrorAnnouncer
FN:237,(anonymous_34)
FNF:26
FNH:0
FNDA:0,LiveRegion
FNDA:0,(anonymous_10)
FNDA:0,(anonymous_11)
FNDA:0,(anonymous_12)
FNDA:0,(anonymous_13)
FNDA:0,useLiveRegion
FNDA:0,(anonymous_15)
FNDA:0,(anonymous_16)
FNDA:0,(anonymous_17)
FNDA:0,(anonymous_18)
FNDA:0,(anonymous_19)
FNDA:0,(anonymous_20)
FNDA:0,(anonymous_21)
FNDA:0,(anonymous_22)
FNDA:0,(anonymous_23)
FNDA:0,LiveRegionProvider
FNDA:0,(anonymous_25)
FNDA:0,(anonymous_26)
FNDA:0,(anonymous_27)
FNDA:0,(anonymous_28)
FNDA:0,(anonymous_29)
FNDA:0,(anonymous_30)
FNDA:0,CartUpdateAnnouncer
FNDA:0,(anonymous_32)
FNDA:0,FormErrorAnnouncer
FNDA:0,(anonymous_34)
DA:3,0
DA:4,0
DA:19,0
DA:27,0
DA:28,0
DA:30,0
DA:31,0
DA:33,0
DA:34,0
DA:36,0
DA:37,0
DA:38,0
DA:41,0
DA:46,0
DA:76,0
DA:81,0
DA:82,0
DA:83,0
DA:86,0
DA:91,0
DA:96,0
DA:99,0
DA:100,0
DA:104,0
DA:105,0
DA:109,0
DA:110,0
DA:113,0
DA:114,0
DA:117,0
DA:118,0
DA:121,0
DA:134,0
DA:139,0
DA:140,0
DA:141,0
DA:143,0
DA:144,0
DA:147,0
DA:149,0
DA:150,0
DA:154,0
DA:155,0
DA:159,0
DA:160,0
DA:163,0
DA:164,0
DA:167,0
DA:168,0
DA:169,0
DA:170,0
DA:173,0
DA:215,0
DA:216,0
DA:217,0
DA:219,0
DA:220,0
DA:221,0
DA:222,0
DA:223,0
DA:224,0
DA:225,0
DA:227,0
DA:231,0
DA:234,0
DA:235,0
DA:237,0
DA:238,0
DA:239,0
DA:242,0
DA:246,0
LF:71
LH:0
BRDA:20,0,0,0
BRDA:21,1,0,0
BRDA:22,2,0,0
BRDA:23,3,0,0
BRDA:25,4,0,0
BRDA:31,5,0,0
BRDA:36,6,0,0
BRDA:50,7,0,0
BRDA:50,7,1,0
BRDA:83,8,0,0
BRDA:93,9,0,0
BRDA:143,10,0,0
BRDA:144,11,0,0
BRDA:144,11,1,0
BRDA:220,12,0,0
BRDA:222,13,0,0
BRDA:222,13,1,0
BRDA:223,14,0,0
BRDA:223,14,1,0
BRDA:223,15,0,0
BRDA:223,15,1,0
BRDA:224,16,0,0
BRDA:225,17,0,0
BRDA:225,17,1,0
BRDA:225,18,0,0
BRDA:225,18,1,0
BRDA:238,19,0,0
BRDA:239,20,0,0
BRDA:239,20,1,0
BRF:29
BRH:0
end_of_record
TN:
SF:components/accessibility/skip-link.tsx
FN:15,SkipLink
FN:18,(anonymous_7)
FN:19,(anonymous_8)
FN:20,(anonymous_9)
FN:27,(anonymous_10)
FN:34,(anonymous_11)
FN:52,(anonymous_12)
FN:63,(anonymous_13)
FN:92,(anonymous_14)
FN:108,(anonymous_15)
FN:129,SectionSkipLinks
FN:140,(anonymous_17)
FNF:12
FNH:0
FNDA:0,SkipLink
FNDA:0,(anonymous_7)
FNDA:0,(anonymous_8)
FNDA:0,(anonymous_9)
FNDA:0,(anonymous_10)
FNDA:0,(anonymous_11)
FNDA:0,(anonymous_12)
FNDA:0,(anonymous_13)
FNDA:0,(anonymous_14)
FNDA:0,(anonymous_15)
FNDA:0,SectionSkipLinks
FNDA:0,(anonymous_17)
DA:3,0
DA:4,0
DA:15,0
DA:16,0
DA:18,0
DA:19,0
DA:20,0
DA:22,0
DA:23,0
DA:24,0
DA:25,0
DA:27,0
DA:28,0
DA:29,0
DA:34,0
DA:35,0
DA:36,0
DA:37,0
DA:39,0
DA:40,0
DA:42,0
DA:43,0
DA:46,0
DA:47,0
DA:48,0
DA:49,0
DA:50,0
DA:51,0
DA:52,0
DA:64,0
DA:65,0
DA:93,0
DA:94,0
DA:95,0
DA:96,0
DA:97,0
DA:109,0
DA:110,0
DA:111,0
DA:112,0
DA:113,0
DA:129,0
DA:130,0
DA:141,0
LF:44
LH:0
BRDA:15,0,0,0
BRDA:15,1,0,0
BRDA:23,2,0,0
BRDA:37,3,0,0
BRDA:39,4,0,0
BRDA:64,5,0,0
BRDA:70,6,0,0
BRDA:70,6,1,0
BRDA:83,7,0,0
BRDA:83,7,1,0
BRDA:95,8,0,0
BRDA:111,9,0,0
BRF:12
BRH:0
end_of_record
TN:
SF:components/accessibility/testing-utilities.tsx
FN:20,AccessibilityTestPanel
FN:29,(anonymous_9)
FN:31,(anonymous_10)
FN:34,(anonymous_11)
FN:40,(anonymous_12)
FN:44,(anonymous_13)
FN:51,(anonymous_14)
FN:66,(anonymous_15)
FN:82,(anonymous_16)
FN:108,(anonymous_17)
FN:124,(anonymous_18)
FN:142,(anonymous_19)
FN:172,(anonymous_20)
FN:198,(anonymous_21)
FN:199,(anonymous_22)
FN:206,(anonymous_23)
FN:242,(anonymous_24)
FN:294,FocusDebugger
FN:298,(anonymous_26)
FN:305,(anonymous_27)
FN:313,(anonymous_28)
FN:339,(anonymous_29)
FN:341,(anonymous_30)
FN:353,(anonymous_31)
FN:374,ScreenReaderDebugger
FN:381,(anonymous_33)
FN:389,(anonymous_34)
FN:390,(anonymous_35)
FN:391,(anonymous_36)
FN:396,(anonymous_37)
FN:418,(anonymous_38)
FN:419,(anonymous_39)
FN:434,(anonymous_40)
FN:462,ColorContrastChecker
FN:467,(anonymous_42)
FN:470,(anonymous_43)
FN:477,(anonymous_44)
FN:480,(anonymous_45)
FN:512,(anonymous_46)
FNF:39
FNH:0
FNDA:0,AccessibilityTestPanel
FNDA:0,(anonymous_9)
FNDA:0,(anonymous_10)
FNDA:0,(anonymous_11)
FNDA:0,(anonymous_12)
FNDA:0,(anonymous_13)
FNDA:0,(anonymous_14)
FNDA:0,(anonymous_15)
FNDA:0,(anonymous_16)
FNDA:0,(anonymous_17)
FNDA:0,(anonymous_18)
FNDA:0,(anonymous_19)
FNDA:0,(anonymous_20)
FNDA:0,(anonymous_21)
FNDA:0,(anonymous_22)
FNDA:0,(anonymous_23)
FNDA:0,(anonymous_24)
FNDA:0,FocusDebugger
FNDA:0,(anonymous_26)
FNDA:0,(anonymous_27)
FNDA:0,(anonymous_28)
FNDA:0,(anonymous_29)
FNDA:0,(anonymous_30)
FNDA:0,(anonymous_31)
FNDA:0,ScreenReaderDebugger
FNDA:0,(anonymous_33)
FNDA:0,(anonymous_34)
FNDA:0,(anonymous_35)
FNDA:0,(anonymous_36)
FNDA:0,(anonymous_37)
FNDA:0,(anonymous_38)
FNDA:0,(anonymous_39)
FNDA:0,(anonymous_40)
FNDA:0,ColorContrastChecker
FNDA:0,(anonymous_42)
FNDA:0,(anonymous_43)
FNDA:0,(anonymous_44)
FNDA:0,(anonymous_45)
FNDA:0,(anonymous_46)
DA:3,0
DA:4,0
DA:20,0
DA:21,0
DA:22,0
DA:23,0
DA:24,0
DA:27,0
DA:29,0
DA:31,0
DA:32,0
DA:33,0
DA:34,0
DA:38,0
DA:39,0
DA:40,0
DA:44,0
DA:45,0
DA:46,0
DA:48,0
DA:50,0
DA:51,0
DA:52,0
DA:53,0
DA:65,0
DA:66,0
DA:67,0
DA:68,0
DA:80,0
DA:81,0
DA:82,0
DA:83,0
DA:84,0
DA:85,0
DA:93,0
DA:94,0
DA:103,0
DA:107,0
DA:108,0
DA:109,0
DA:110,0
DA:111,0
DA:123,0
DA:124,0
DA:125,0
DA:126,0
DA:128,0
DA:129,0
DA:141,0
DA:142,0
DA:143,0
DA:144,0
DA:145,0
DA:147,0
DA:148,0
DA:158,0
DA:159,0
DA:171,0
DA:172,0
DA:173,0
DA:174,0
DA:175,0
DA:186,0
DA:188,0
DA:190,0
DA:194,0
DA:195,0
DA:198,0
DA:199,0
DA:206,0
DA:243,0
DA:294,0
DA:295,0
DA:296,0
DA:298,0
DA:299,0
DA:301,0
DA:306,0
DA:307,0
DA:310,0
DA:313,0
DA:314,0
DA:315,0
DA:316,0
DA:317,0
DA:335,0
DA:336,0
DA:339,0
DA:341,0
DA:345,0
DA:346,0
DA:353,0
DA:374,0
DA:375,0
DA:381,0
DA:382,0
DA:385,0
DA:387,0
DA:389,0
DA:390,0
DA:391,0
DA:392,0
DA:393,0
DA:394,0
DA:395,0
DA:396,0
DA:409,0
DA:415,0
DA:418,0
DA:419,0
DA:423,0
DA:424,0
DA:435,0
DA:462,0
DA:463,0
DA:464,0
DA:465,0
DA:467,0
DA:468,0
DA:470,0
DA:471,0
DA:472,0
DA:473,0
DA:476,0
DA:477,0
DA:480,0
DA:481,0
DA:482,0
DA:483,0
DA:485,0
DA:487,0
DA:488,0
DA:489,0
DA:490,0
DA:491,0
DA:493,0
DA:495,0
DA:498,0
DA:501,0
DA:502,0
DA:505,0
DA:512,0
LF:142
LH:0
BRDA:32,0,0,0
BRDA:32,1,0,0
BRDA:32,1,1,0
BRDA:32,1,2,0
BRDA:32,1,3,0
BRDA:38,2,0,0
BRDA:52,3,0,0
BRDA:67,4,0,0
BRDA:67,5,0,0
BRDA:67,5,1,0
BRDA:84,6,0,0
BRDA:84,6,1,0
BRDA:84,7,0,0
BRDA:84,7,1,0
BRDA:93,8,0,0
BRDA:110,9,0,0
BRDA:110,10,0,0
BRDA:110,10,1,0
BRDA:125,11,0,0
BRDA:125,11,1,0
BRDA:126,12,0,0
BRDA:126,12,1,0
BRDA:128,13,0,0
BRDA:128,14,0,0
BRDA:128,14,1,0
BRDA:147,15,0,0
BRDA:147,16,0,0
BRDA:147,16,1,0
BRDA:158,17,0,0
BRDA:158,18,0,0
BRDA:158,18,1,0
BRDA:174,19,0,0
BRDA:174,20,0,0
BRDA:174,20,1,0
BRDA:194,21,0,0
BRDA:194,22,0,0
BRDA:194,22,1,0
BRDA:220,23,0,0
BRDA:220,23,1,0
BRDA:224,24,0,0
BRDA:229,25,0,0
BRDA:229,25,1,0
BRDA:229,25,2,0
BRDA:237,26,0,0
BRDA:247,27,0,0
BRDA:247,27,1,0
BRDA:249,28,0,0
BRDA:249,28,1,0
BRDA:258,29,0,0
BRDA:263,30,0,0
BRDA:268,31,0,0
BRDA:299,32,0,0
BRDA:307,33,0,0
BRDA:307,33,1,0
BRDA:345,34,0,0
BRDA:355,35,0,0
BRDA:355,35,1,0
BRDA:358,36,0,0
BRDA:358,36,1,0
BRDA:361,37,0,0
BRDA:382,38,0,0
BRDA:392,39,0,0
BRDA:392,40,0,0
BRDA:392,40,1,0
BRDA:394,41,0,0
BRDA:400,42,0,0
BRDA:400,42,1,0
BRDA:423,43,0,0
BRDA:423,44,0,0
BRDA:423,44,1,0
BRDA:439,45,0,0
BRDA:439,45,1,0
BRDA:468,46,0,0
BRDA:485,47,0,0
BRDA:485,48,0,0
BRDA:485,48,1,0
BRDA:490,49,0,0
BRDA:490,50,0,0
BRDA:490,50,1,0
BRDA:501,51,0,0
BRDA:505,52,0,0
BRDA:505,52,1,0
BRDA:514,53,0,0
BRDA:514,53,1,0
BRDA:517,54,0,0
BRDA:517,54,1,0
BRDA:520,55,0,0
BRDA:520,55,1,0
BRDA:531,56,0,0
BRDA:531,56,1,0
BRDA:533,57,0,0
BRDA:533,57,1,0
BRDA:536,58,0,0
BRF:93
BRH:0
end_of_record
TN:
SF:components/admin/AdminDashboard.tsx
FN:29,AdminDashboard
FN:147,(anonymous_5)
FN:172,(anonymous_6)
FN:179,(anonymous_7)
FN:186,(anonymous_8)
FN:193,(anonymous_9)
FN:202,(anonymous_10)
FN:264,(anonymous_11)
FN:306,(anonymous_12)
FNF:9
FNH:0
FNDA:0,AdminDashboard
FNDA:0,(anonymous_5)
FNDA:0,(anonymous_6)
FNDA:0,(anonymous_7)
FNDA:0,(anonymous_8)
FNDA:0,(anonymous_9)
FNDA:0,(anonymous_10)
FNDA:0,(anonymous_11)
FNDA:0,(anonymous_12)
DA:3,0
DA:19,0
DA:20,0
DA:29,0
DA:30,0
DA:35,0
DA:66,0
DA:76,0
DA:114,0
DA:147,0
DA:148,0
DA:150,0
DA:152,0
DA:154,0
DA:156,0
DA:158,0
DA:160,0
DA:172,0
DA:179,0
DA:186,0
DA:193,0
DA:203,0
DA:204,0
DA:206,0
DA:208,0
DA:265,0
DA:307,0
DA:330,0
LF:28
LH:0
BRDA:148,0,0,0
BRDA:148,0,1,0
BRDA:148,0,2,0
BRDA:148,0,3,0
[...]
BRDA:743,87,0,0
BRDA:744,88,0,0
BRDA:745,89,0,0
BRDA:746,90,0,0
BRDA:749,91,0,0
BRDA:750,92,0,0
BRDA:751,93,0,0
BRF:126
BRH:0
end_of_record
TN:
SF:lib/builders/index.ts
FNF:0
FNH:0
DA:9,0
DA:10,0
DA:11,0
DA:12,0
DA:13,0
DA:14,0
DA:15,0
DA:16,0
LF:8
LH:0
BRF:0
BRH:0
end_of_record
TN:
SF:lib/events/CartEventEmitter.ts
FN:153,(anonymous_5)
FN:178,(anonymous_6)
FN:192,(anonymous_7)
FN:213,(anonymous_8)
FN:220,(anonymous_9)
FN:224,(anonymous_10)
FN:235,(anonymous_11)
FN:254,(anonymous_12)
FN:298,(anonymous_13)
FN:317,(anonymous_14)
FN:339,(anonymous_15)
FN:354,(anonymous_16)
FN:361,(anonymous_17)
FN:368,(anonymous_18)
FN:376,(anonymous_19)
FN:385,(anonymous_20)
FN:418,(anonymous_21)
FN:425,(anonymous_22)
FN:426,(anonymous_23)
FN:438,(anonymous_24)
FN:444,(anonymous_25)
FN:450,(anonymous_26)
FN:456,(anonymous_27)
FN:462,(anonymous_28)
FN:468,(anonymous_29)
FN:474,(anonymous_30)
FN:480,(anonymous_31)
FN:486,(anonymous_32)
FN:492,(anonymous_33)
FN:515,(anonymous_34)
FN:521,(anonymous_35)
FN:523,(anonymous_36)
FN:536,(anonymous_37)
FN:544,(anonymous_38)
FN:558,(anonymous_39)
FN:568,(anonymous_40)
FN:579,(anonymous_41)
FN:588,(anonymous_42)
FNF:38
FNH:15
FNDA:2,(anonymous_5)
FNDA:24,(anonymous_6)
FNDA:12,(anonymous_7)
FNDA:0,(anonymous_8)
FNDA:0,(anonymous_9)
FNDA:0,(anonymous_10)
FNDA:0,(anonymous_11)
FNDA:53,(anonymous_12)
FNDA:17,(anonymous_13)
FNDA:0,(anonymous_14)
FNDA:0,(anonymous_15)
FNDA:0,(anonymous_16)
FNDA:0,(anonymous_17)
FNDA:0,(anonymous_18)
FNDA:0,(anonymous_19)
FNDA:0,(anonymous_20)
FNDA:0,(anonymous_21)
FNDA:0,(anonymous_22)
FNDA:0,(anonymous_23)
FNDA:2,(anonymous_24)
FNDA:2,(anonymous_25)
FNDA:0,(anonymous_26)
FNDA:2,(anonymous_27)
FNDA:0,(anonymous_28)
FNDA:0,(anonymous_29)
FNDA:2,(anonymous_30)
FNDA:2,(anonymous_31)
FNDA:2,(anonymous_32)
FNDA:0,(anonymous_33)
FNDA:2,(anonymous_34)
FNDA:2,(anonymous_35)
FNDA:0,(anonymous_36)
FNDA:0,(anonymous_37)
FNDA:0,(anonymous_38)
FNDA:0,(anonymous_39)
FNDA:0,(anonymous_40)
FNDA:17,(anonymous_41)
FNDA:17,(anonymous_42)
DA:143,0
DA:144,2
DA:145,2
DA:150,2
DA:154,2
DA:163,2
DA:178,2
DA:179,24
DA:196,12
DA:197,12
DA:200,12
DA:202,12
DA:203,0
DA:208,12
DA:212,12
DA:213,0
DA:224,0
DA:225,0
DA:226,0
DA:229,0
DA:239,0
DA:240,0
DA:241,0
DA:245,0
DA:246,0
DA:258,53
DA:260,53
DA:265,53
DA:266,53
DA:273,53
DA:274,3
DA:282,53
DA:283,53
DA:284,53
DA:285,53
DA:286,53
DA:291,53
DA:292,53
DA:293,36
DA:297,17
DA:299,17
DA:300,17
DA:304,0
DA:305,0
DA:306,0
DA:307,0
DA:312,0
DA:322,17
DA:325,17
DA:326,17
DA:327,17
DA:328,17
DA:330,17
DA:340,0
DA:341,0
DA:344,0
DA:345,0
DA:355,0
DA:362,0
DA:371,0
DA:372,0
DA:375,0
DA:376,0
DA:379,0
DA:388,0
DA:389,0
DA:400,0
DA:401,0
DA:412,0
DA:419,0
DA:426,0
DA:427,0
DA:428,0
DA:429,0
DA:430,0
DA:441,2
DA:447,2
DA:453,0
DA:459,2
DA:465,0
DA:471,0
DA:477,2
DA:483,2
DA:489,2
DA:495,0
DA:500,53
DA:511,0
DA:516,2
DA:517,2
DA:518,2
DA:523,2
DA:524,0
DA:536,2
DA:537,0
DA:544,2
DA:545,0
DA:558,2
DA:559,0
DA:568,2
DA:569,0
DA:579,2
DA:580,17
DA:589,17
DA:590,17
DA:591,0
DA:594,17
DA:605,2
LF:107
LH:57
BRDA:153,0,0,0
BRDA:155,1,0,2
BRDA:155,1,1,0
BRDA:156,2,0,2
BRDA:156,2,1,0
BRDA:157,3,0,2
BRDA:157,3,1,0
BRDA:158,4,0,2
BRDA:158,4,1,0
BRDA:159,5,0,2
BRDA:159,5,1,0
BRDA:196,6,0,12
BRDA:202,7,0,0
BRDA:240,8,0,0
BRDA:245,9,0,0
BRDA:260,10,0,0
BRDA:265,11,0,53
BRDA:273,12,0,3
BRDA:282,13,0,53
BRDA:284,14,0,53
BRDA:292,15,0,36
BRDA:292,16,0,53
BRDA:292,16,1,17
BRDA:304,17,0,0
BRDA:306,18,0,0
BRDA:313,19,0,0
BRDA:313,19,1,0
BRDA:325,20,0,17
BRDA:328,21,0,17
BRDA:340,22,0,0
BRDA:340,22,1,0
BRDA:345,23,0,0
BRDA:355,24,0,0
BRDA:355,24,1,0
BRDA:371,25,0,0
BRDA:375,26,0,0
BRDA:388,27,0,0
BRDA:389,28,0,0
BRDA:389,28,1,0
BRDA:400,29,0,0
BRDA:402,30,0,0
BRDA:402,30,1,0
BRDA:582,31,0,17
BRDA:582,31,1,0
BRDA:590,32,0,0
BRDA:590,32,1,17
BRDA:594,33,0,0
BRF:47
BRH:17
end_of_record
TN:
SF:lib/events/index.ts
FNF:0
FNH:0
DA:13,0
DA:14,53
DA:15,0
DA:16,0
DA:17,2
LF:5
LH:2
BRF:0
BRH:0
end_of_record
TN:
SF:lib/factories/ProductFactory.ts
FN:40,(anonymous_1)
FN:97,(anonymous_2)
FN:147,(anonymous_3)
FN:153,(anonymous_4)
FN:199,(anonymous_5)
FN:212,(anonymous_6)
FN:242,(anonymous_7)
FN:252,(anonymous_8)
FN:258,(anonymous_9)
FN:273,(anonymous_10)
FN:274,(anonymous_11)
FN:288,(anonymous_12)
FN:299,(anonymous_13)
FN:306,(anonymous_14)
FN:308,(anonymous_15)
FN:316,(anonymous_16)
FN:317,(anonymous_17)
FN:341,(anonymous_18)
FN:348,(anonymous_19)
FN:432,(anonymous_20)
FN:434,(anonymous_21)
FN:439,(anonymous_22)
FN:453,(anonymous_23)
FN:459,(anonymous_24)
FN:467,(anonymous_25)
FN:479,(anonymous_26)
FN:508,(anonymous_27)
FN:528,(anonymous_28)
FN:559,(anonymous_29)
FN:573,(anonymous_30)
FN:587,(anonymous_31)
FN:601,(anonymous_32)
FN:621,(anonymous_33)
FNF:33
FNH:0
FNDA:0,(anonymous_1)
FNDA:0,(anonymous_2)
FNDA:0,(anonymous_3)
FNDA:0,(anonymous_4)
FNDA:0,(anonymous_5)
FNDA:0,(anonymous_6)
FNDA:0,(anonymous_7)
FNDA:0,(anonymous_8)
FNDA:0,(anonymous_9)
FNDA:0,(anonymous_10)
FNDA:0,(anonymous_11)
FNDA:0,(anonymous_12)
FNDA:0,(anonymous_13)
FNDA:0,(anonymous_14)
FNDA:0,(anonymous_15)
FNDA:0,(anonymous_16)
FNDA:0,(anonymous_17)
FNDA:0,(anonymous_18)
FNDA:0,(anonymous_19)
FNDA:0,(anonymous_20)
FNDA:0,(anonymous_21)
FNDA:0,(anonymous_22)
FNDA:0,(anonymous_23)
FNDA:0,(anonymous_24)
FNDA:0,(anonymous_25)
FNDA:0,(anonymous_26)
FNDA:0,(anonymous_27)
FNDA:0,(anonymous_28)
FNDA:0,(anonymous_29)
FNDA:0,(anonymous_30)
FNDA:0,(anonymous_31)
FNDA:0,(anonymous_32)
FNDA:0,(anonymous_33)
DA:16,0
DA:17,0
DA:33,0
DA:34,0
DA:35,0
DA:51,0
DA:54,0
DA:55,0
DA:56,0
DA:57,0
DA:60,0
DA:63,0
DA:71,0
DA:76,0
DA:79,0
DA:81,0
DA:102,0
DA:104,0
DA:105,0
DA:106,0
DA:109,0
DA:112,0
DA:118,0
DA:126,0
DA:129,0
DA:131,0
DA:153,0
DA:154,0
DA:155,0
DA:161,0
DA:162,0
DA:165,0
DA:166,0
DA:168,0
DA:200,0
DA:216,0
DA:246,0
DA:248,0
DA:251,0
DA:252,0
DA:258,0
DA:265,0
DA:273,0
DA:274,0
DA:298,0
DA:300,0
DA:305,0
DA:306,0
DA:308,0
DA:315,0
DA:317,0
DA:329,0
DA:347,0
DA:348,0
DA:431,0
DA:432,0
DA:434,0
DA:439,0
DA:441,0
DA:458,0
DA:459,0
DA:460,0
DA:461,0
DA:467,0
DA:478,0
DA:479,0
DA:481,0
DA:483,0
DA:512,0
DA:513,0
DA:515,0
DA:532,0
DA:533,0
DA:537,0
DA:560,0
DA:577,0
DA:578,0
DA:582,0
DA:586,0
DA:587,0
DA:590,0
DA:605,0
DA:622,0
DA:623,0
DA:625,0
DA:626,0
DA:628,0
DA:629,0
DA:631,0
LF:89
LH:0
BRDA:43,0,0,0
BRDA:46,1,0,0
BRDA:47,2,0,0
BRDA:48,3,0,0
BRDA:49,4,0,0
BRDA:50,5,0,0
BRDA:56,6,0,0
BRDA:56,6,1,0
BRDA:56,6,2,0
BRDA:57,7,0,0
BRDA:57,7,1,0
BRDA:71,8,0,0
BRDA:71,8,1,0
BRDA:99,9,0,0
BRDA:101,10,0,0
BRDA:101,11,0,0
BRDA:105,12,0,0
BRDA:105,12,1,0
BRDA:150,13,0,0
BRDA:154,14,0,0
BRDA:162,15,0,0
BRDA:162,15,1,0
BRDA:162,16,0,0
BRDA:162,16,1,0
BRDA:165,17,0,0
BRDA:165,17,1,0
BRDA:204,18,0,0
BRDA:204,18,1,0
BRDA:204,19,0,0
BRDA:204,19,1,0
BRDA:218,20,0,0
BRDA:218,20,1,0
BRDA:218,20,2,0
BRDA:246,21,0,0
BRDA:246,21,1,0
BRDA:246,21,2,0
BRDA:248,22,0,0
BRDA:248,22,1,0
BRDA:248,22,2,0
BRDA:251,23,0,0
BRDA:251,23,1,0
BRDA:258,24,0,0
BRDA:258,24,1,0
BRDA:268,25,0,0
BRDA:268,25,1,0
BRDA:270,26,0,0
BRDA:270,26,1,0
BRDA:272,27,0,0
BRDA:272,27,1,0
BRDA:273,28,0,0
BRDA:273,28,1,0
BRDA:277,29,0,0
BRDA:277,29,1,0
BRDA:278,30,0,0
BRDA:278,30,1,0
BRDA:279,31,0,0
BRDA:279,31,1,0
BRDA:298,32,0,0
BRDA:298,32,1,0
BRDA:299,33,0,0
BRDA:299,33,1,0
BRDA:308,34,0,0
BRDA:308,34,1,0
BRDA:315,35,0,0
BRDA:315,35,1,0
BRDA:317,36,0,0
BRDA:317,36,1,0
BRDA:322,37,0,0
BRDA:322,37,1,0
BRDA:323,38,0,0
BRDA:323,38,1,0
BRDA:324,39,0,0
BRDA:324,39,1,0
BRDA:347,40,0,0
BRDA:347,40,1,0
BRDA:347,41,0,0
BRDA:347,41,1,0
BRDA:354,42,0,0
BRDA:354,42,1,0
BRDA:360,43,0,0
BRDA:360,43,1,0
BRDA:361,44,0,0
BRDA:361,44,1,0
BRDA:368,45,0,0
BRDA:368,45,1,0
BRDA:369,46,0,0
BRDA:369,46,1,0
BRDA:373,47,0,0
BRDA:373,47,1,0
BRDA:376,48,0,0
BRDA:376,48,1,0
BRDA:384,49,0,0
BRDA:384,49,1,0
BRDA:385,50,0,0
BRDA:385,50,1,0
BRDA:399,51,0,0
BRDA:399,51,1,0
BRDA:400,52,0,0
BRDA:400,52,1,0
BRDA:407,53,0,0
BRDA:407,53,1,0
BRDA:408,54,0,0
BRDA:408,54,1,0
BRDA:412,55,0,0
BRDA:412,55,1,0
BRDA:415,56,0,0
BRDA:415,56,1,0
BRDA:423,57,0,0
BRDA:423,57,1,0
BRDA:424,58,0,0
BRDA:424,58,1,0
BRDA:434,59,0,0
BRDA:434,59,1,0
BRDA:460,60,0,0
BRDA:460,61,0,0
BRDA:460,61,1,0
BRDA:467,62,0,0
BRDA:467,62,1,0
BRDA:471,63,0,0
BRDA:471,63,1,0
BRDA:472,64,0,0
BRDA:472,64,1,0
BRDA:473,65,0,0
BRDA:473,65,1,0
BRDA:481,66,0,0
BRDA:481,66,1,0
BRDA:486,67,0,0
BRDA:486,67,1,0
BRDA:497,68,0,0
BRDA:497,68,1,0
BRDA:513,69,0,0
BRDA:513,69,1,0
BRDA:532,70,0,0
BRDA:532,70,1,0
BRDA:533,71,0,0
BRDA:533,71,1,0
BRDA:542,72,0,0
BRDA:542,72,1,0
BRDA:545,73,0,0
BRDA:545,73,1,0
BRDA:579,74,0,0
BRDA:579,74,1,0
BRDA:579,74,2,0
BRDA:586,75,0,0
BRDA:586,75,1,0
BRDA:587,76,0,0
BRDA:587,76,1,0
BRDA:607,77,0,0
BRDA:607,77,1,0
BRDA:607,77,2,0
BRDA:611,78,0,0
BRDA:611,78,1,0
BRDA:611,78,2,0
BRDA:614,79,0,0
BRDA:614,79,1,0
BRDA:622,80,0,0
BRDA:625,81,0,0
BRDA:628,82,0,0
BRF:158
BRH:0
end_of_record
TN:
SF:lib/factories/index.ts
FNF:0
FNH:0
DA:6,0
LF:1
LH:0
BRF:0
BRH:0
end_of_record
TN:
SF:lib/stores/index.ts
FN:12,(anonymous_19)
FN:52,(anonymous_20)
FN:53,(anonymous_21)
FN:64,(anonymous_22)
FN:64,(anonymous_23)
FN:82,(anonymous_24)
FN:83,(anonymous_25)
FN:84,(anonymous_26)
FN:85,(anonymous_27)
FN:86,(anonymous_28)
FN:87,(anonymous_29)
FN:90,(anonymous_30)
FN:91,(anonymous_31)
FN:92,(anonymous_32)
FN:94,(anonymous_33)
FN:95,(anonymous_34)
FN:96,(anonymous_35)
FN:99,(anonymous_36)
FN:99,(anonymous_37)
FN:100,(anonymous_38)
FN:100,(anonymous_39)
FN:101,(anonymous_40)
FN:102,(anonymous_41)
FN:102,(anonymous_42)
FN:103,(anonymous_43)
FN:104,(anonymous_44)
FN:105,(anonymous_45)
FN:108,(anonymous_46)
FN:108,(anonymous_47)
FN:109,(anonymous_48)
FN:110,(anonymous_49)
FN:111,(anonymous_50)
FN:112,(anonymous_51)
FN:112,(anonymous_52)
FN:114,(anonymous_53)
FN:114,(anonymous_54)
FN:115,(anonymous_55)
FN:116,(anonymous_56)
FN:117,(anonymous_57)
FN:117,(anonymous_58)
FNF:40
FNH:5
FNDA:2,(anonymous_19)
FNDA:2,(anonymous_20)
FNDA:1246,(anonymous_21)
FNDA:2,(anonymous_22)
FNDA:2,(anonymous_23)
FNDA:0,(anonymous_24)
FNDA:0,(anonymous_25)
FNDA:0,(anonymous_26)
FNDA:0,(anonymous_27)
FNDA:0,(anonymous_28)
FNDA:0,(anonymous_29)
FNDA:0,(anonymous_30)
FNDA:0,(anonymous_31)
FNDA:0,(anonymous_32)
FNDA:0,(anonymous_33)
FNDA:0,(anonymous_34)
FNDA:0,(anonymous_35)
FNDA:0,(anonymous_36)
FNDA:0,(anonymous_37)
FNDA:0,(anonymous_38)
FNDA:0,(anonymous_39)
FNDA:0,(anonymous_40)
FNDA:0,(anonymous_41)
FNDA:0,(anonymous_42)
FNDA:0,(anonymous_43)
FNDA:0,(anonymous_44)
FNDA:0,(anonymous_45)
FNDA:0,(anonymous_46)
FNDA:0,(anonymous_47)
FNDA:0,(anonymous_48)
FNDA:0,(anonymous_49)
FNDA:0,(anonymous_50)
FNDA:0,(anonymous_51)
FNDA:0,(anonymous_52)
FNDA:0,(anonymous_53)
FNDA:0,(anonymous_54)
FNDA:0,(anonymous_55)
FNDA:0,(anonymous_56)
FNDA:0,(anonymous_57)
FNDA:0,(anonymous_58)
DA:1,2
DA:2,2
DA:3,2
DA:4,2
DA:5,2
DA:9,491
DA:14,2
DA:15,2
DA:16,2
DA:18,2
DA:52,2
DA:53,1246
DA:64,2
DA:66,2
DA:68,2
DA:69,0
DA:82,2
DA:83,2
DA:84,2
DA:85,2
DA:86,2
DA:87,2
DA:90,2
DA:91,2
DA:92,2
DA:94,2
DA:95,2
DA:96,2
DA:99,2
DA:100,2
DA:101,2
DA:102,0
DA:103,2
DA:104,0
DA:105,0
DA:108,2
DA:109,2
DA:110,0
DA:111,2
DA:112,0
DA:114,2
DA:115,2
DA:116,0
DA:117,2
DA:120,2
LF:45
LH:38
BRDA:66,0,0,2
BRDA:68,1,0,0
BRF:2
BRH:1
end_of_record
TN:
SF:lib/stores/slices/auth.ts
FN:14,(anonymous_1)
FN:16,(anonymous_2)
FN:30,(anonymous_3)
FN:35,(anonymous_4)
FN:54,(anonymous_5)
FN:64,(anonymous_6)
FN:65,(anonymous_7)
FN:68,(anonymous_8)
FN:69,(anonymous_9)
FN:72,(anonymous_10)
FN:73,(anonymous_11)
FN:78,(anonymous_12)
FN:83,(anonymous_13)
FN:96,(anonymous_14)
FN:100,(anonymous_15)
FN:104,(anonymous_16)
FN:117,(anonymous_17)
FN:122,(anonymous_18)
FN:124,(anonymous_19)
FN:137,(anonymous_20)
FN:141,(anonymous_21)
FN:151,(anonymous_22)
FN:165,(anonymous_23)
FN:170,(anonymous_24)
FN:183,(anonymous_25)
FN:187,(anonymous_26)
FN:191,(anonymous_27)
FN:205,(anonymous_28)
FN:206,(anonymous_29)
FN:212,(anonymous_30)
FN:222,(anonymous_31)
FN:234,(anonymous_32)
FN:241,(anonymous_33)
FN:247,(anonymous_34)
FN:259,(anonymous_35)
FN:269,(anonymous_36)
FN:281,(anonymous_37)
FN:282,(anonymous_38)
FN:288,(anonymous_39)
FN:299,(anonymous_40)
FN:309,(anonymous_41)
FN:321,(anonymous_42)
FN:322,(anonymous_43)
FN:332,(anonymous_44)
FN:336,(anonymous_45)
FN:345,(anonymous_46)
FN:349,(anonymous_47)
FN:361,(anonymous_48)
FN:367,(anonymous_49)
FN:372,(anonymous_50)
FN:377,(anonymous_51)
FN:381,(anonymous_52)
FNF:52
FNH:1
FNDA:0,(anonymous_1)
FNDA:0,(anonymous_2)
FNDA:0,(anonymous_3)
FNDA:0,(anonymous_4)
FNDA:2,(anonymous_5)
FNDA:0,(anonymous_6)
FNDA:0,(anonymous_7)
FNDA:0,(anonymous_8)
FNDA:0,(anonymous_9)
FNDA:0,(anonymous_10)
FNDA:0,(anonymous_11)
FNDA:0,(anonymous_12)
FNDA:0,(anonymous_13)
FNDA:0,(anonymous_14)
FNDA:0,(anonymous_15)
FNDA:0,(anonymous_16)
FNDA:0,(anonymous_17)
FNDA:0,(anonymous_18)
FNDA:0,(anonymous_19)
FNDA:0,(anonymous_20)
FNDA:0,(anonymous_21)
FNDA:0,(anonymous_22)
FNDA:0,(anonymous_23)
FNDA:0,(anonymous_24)
FNDA:0,(anonymous_25)
FNDA:0,(anonymous_26)
FNDA:0,(anonymous_27)
FNDA:0,(anonymous_28)
FNDA:0,(anonymous_29)
FNDA:0,(anonymous_30)
FNDA:0,(anonymous_31)
FNDA:0,(anonymous_32)
FNDA:0,(anonymous_33)
FNDA:0,(anonymous_34)
FNDA:0,(anonymous_35)
FNDA:0,(anonymous_36)
FNDA:0,(anonymous_37)
FNDA:0,(anonymous_38)
FNDA:0,(anonymous_39)
FNDA:0,(anonymous_40)
FNDA:0,(anonymous_41)
FNDA:0,(anonymous_42)
FNDA:0,(anonymous_43)
FNDA:0,(anonymous_44)
FNDA:0,(anonymous_45)
FNDA:0,(anonymous_46)
FNDA:0,(anonymous_47)
FNDA:0,(anonymous_48)
FNDA:0,(anonymous_49)
FNDA:0,(anonymous_50)
FNDA:0,(anonymous_51)
FNDA:0,(anonymous_52)
DA:13,2
DA:16,0
DA:18,0
DA:35,0
DA:37,0
DA:49,2
DA:54,2
DA:65,0
DA:69,0
DA:73,0
DA:79,0
DA:80,0
DA:82,0
DA:83,0
DA:97,0
DA:98,0
DA:100,0
DA:101,0
DA:104,0
DA:118,0
DA:119,0
DA:121,0
DA:122,0
DA:124,0
DA:138,0
DA:139,0
DA:141,0
DA:151,0
DA:166,0
DA:167,0
DA:169,0
DA:170,0
DA:184,0
DA:185,0
DA:187,0
DA:188,0
DA:191,0
DA:206,0
DA:210,0
DA:211,0
DA:212,0
DA:220,0
DA:222,0
DA:230,0
DA:241,0
DA:245,0
DA:247,0
DA:248,0
DA:259,0
DA:267,0
DA:269,0
DA:277,0
DA:282,0
DA:286,0
DA:288,0
DA:289,0
DA:299,0
DA:307,0
DA:309,0
DA:317,0
DA:322,0
DA:333,0
DA:334,0
DA:336,0
DA:340,0
DA:341,0
DA:345,0
DA:349,0
DA:356,0
DA:362,0
DA:363,0
DA:365,0
DA:367,0
DA:373,0
DA:374,0
DA:376,0
DA:377,0
DA:382,0
DA:383,0
DA:385,0
LF:80
LH:3
BRDA:39,0,0,0
BRDA:39,0,1,0
BRDA:41,1,0,0
BRDA:41,1,1,0
BRDA:42,2,0,0
BRDA:42,2,1,0
BRDA:43,3,0,0
BRDA:43,3,1,0
BRDA:80,4,0,0
BRDA:86,5,0,0
BRDA:86,5,1,0
BRDA:98,6,0,0
BRDA:101,7,0,0
BRDA:101,7,1,0
BRDA:107,8,0,0
BRDA:107,8,1,0
BRDA:119,9,0,0
BRDA:127,10,0,0
BRDA:127,10,1,0
BRDA:139,11,0,0
BRDA:144,12,0,0
BRDA:144,12,1,0
BRDA:144,13,0,0
BRDA:144,13,1,0
BRDA:146,14,0,0
BRDA:146,14,1,0
BRDA:154,15,0,0
BRDA:154,15,1,0
BRDA:167,16,0,0
BRDA:173,17,0,0
BRDA:173,17,1,0
BRDA:185,18,0,0
BRDA:188,19,0,0
BRDA:188,19,1,0
BRDA:194,20,0,0
BRDA:194,20,1,0
BRDA:225,21,0,0
BRDA:225,21,1,0
BRDA:272,22,0,0
BRDA:272,22,1,0
BRDA:312,23,0,0
BRDA:312,23,1,0
BRDA:334,24,0,0
BRDA:352,25,0,0
BRDA:352,25,1,0
BRDA:363,26,0,0
BRDA:366,27,0,0
BRDA:366,27,1,0
BRDA:367,28,0,0
BRDA:367,28,1,0
BRDA:372,29,0,0
BRDA:374,30,0,0
BRDA:383,31,0,0
BRDA:386,32,0,0
BRDA:386,32,1,0
BRDA:386,32,2,0
BRDA:386,32,3,0
BRF:57
BRH:0
end_of_record
TN:
SF:lib/stores/slices/cart.ts
FN:45,(anonymous_1)
FN:57,(anonymous_2)
FN:68,(anonymous_3)
FN:69,(anonymous_4)
FN:70,(anonymous_5)
FN:71,(anonymous_6)
FN:72,(anonymous_7)
FN:73,(anonymous_8)
FN:76,(anonymous_9)
FN:88,(anonymous_10)
FN:120,(anonymous_11)
FN:148,(anonymous_12)
FN:161,(anonymous_13)
FN:176,(anonymous_14)
FN:181,(anonymous_15)
FN:212,(anonymous_16)
FN:243,(anonymous_17)
FN:247,(anonymous_18)
FN:250,(anonymous_19)
FN:254,(anonymous_20)
FN:273,(anonymous_21)
FN:294,(anonymous_22)
FN:306,(anonymous_23)
FN:315,(anonymous_24)
FN:324,(anonymous_25)
FN:337,(anonymous_26)
FN:368,(anonymous_27)
FN:371,(anonymous_28)
FN:383,(anonymous_29)
FN:388,(anonymous_30)
FN:389,(anonymous_31)
FN:398,(anonymous_32)
FN:409,(anonymous_33)
FN:440,(anonymous_34)
FN:456,(anonymous_35)
FN:468,(anonymous_36)
FN:473,(anonymous_37)
FN:477,(anonymous_38)
FN:490,(anonymous_39)
FN:493,(anonymous_40)
FN:497,(anonymous_41)
FN:501,(anonymous_42)
FNF:42
FNH:25
FNDA:0,(anonymous_1)
FNDA:2,(anonymous_2)
FNDA:1,(anonymous_3)
FNDA:1,(anonymous_4)
FNDA:1,(anonymous_5)
FNDA:1,(anonymous_6)
FNDA:24,(anonymous_7)
FNDA:24,(anonymous_8)
FNDA:11,(anonymous_9)
FNDA:0,(anonymous_10)
FNDA:0,(anonymous_11)
FNDA:0,(anonymous_12)
FNDA:11,(anonymous_13)
FNDA:6,(anonymous_14)
FNDA:6,(anonymous_15)
FNDA:0,(anonymous_16)
FNDA:0,(anonymous_17)
FNDA:0,(anonymous_18)
FNDA:0,(anonymous_19)
FNDA:0,(anonymous_20)
FNDA:6,(anonymous_21)
FNDA:6,(anonymous_22)
FNDA:3,(anonymous_23)
FNDA:3,(anonymous_24)
FNDA:0,(anonymous_25)
FNDA:0,(anonymous_26)
FNDA:0,(anonymous_27)
FNDA:3,(anonymous_28)
FNDA:3,(anonymous_29)
FNDA:3,(anonymous_30)
FNDA:3,(anonymous_31)
FNDA:0,(anonymous_32)
FNDA:0,(anonymous_33)
FNDA:0,(anonymous_34)
FNDA:3,(anonymous_35)
FNDA:3,(anonymous_36)
FNDA:24,(anonymous_37)
FNDA:24,(anonymous_38)
FNDA:2,(anonymous_39)
FNDA:0,(anonymous_40)
FNDA:2,(anonymous_41)
FNDA:0,(anonymous_42)
DA:4,2
DA:5,2
DA:6,2
DA:45,2
DA:46,0
DA:52,2
DA:57,2
DA:69,1
DA:71,1
DA:73,24
DA:77,11
DA:79,11
DA:81,0
DA:82,0
DA:85,0
DA:88,0
DA:120,0
DA:125,0
DA:132,0
DA:140,11
DA:141,11
DA:148,0
DA:153,0
DA:161,11
DA:166,11
DA:181,6
DA:186,6
DA:191,6
DA:192,6
DA:193,6
DA:194,6
DA:197,6
DA:198,6
DA:199,6
DA:203,0
DA:212,0
DA:243,0
DA:246,0
DA:248,0
DA:250,0
DA:254,0
DA:258,0
DA:260,0
DA:267,0
DA:273,6
DA:281,6
DA:288,6
DA:294,6
DA:297,6
DA:311,3
DA:312,0
DA:315,3
DA:319,3
DA:320,3
DA:321,3
DA:323,0
DA:324,0
DA:326,0
DA:329,0
DA:337,0
DA:368,0
DA:371,3
DA:377,3
DA:383,3
DA:389,3
DA:393,3
DA:394,3
DA:395,3
DA:397,0
DA:398,0
DA:400,0
DA:403,0
DA:409,0
DA:440,0
DA:443,0
DA:450,0
DA:456,3
DA:462,3
DA:468,3
DA:474,24
DA:475,24
DA:477,24
DA:482,24
DA:491,2
DA:492,2
DA:493,2
DA:498,2
DA:499,2
DA:500,2
DA:501,0
LF:90
LH:54
BRDA:45,0,0,0
BRDA:79,1,0,0
BRDA:85,2,0,0
BRDA:88,3,0,0
BRDA:88,3,1,0
BRDA:89,4,0,0
BRDA:89,4,1,0
BRDA:93,5,0,0
BRDA:93,5,1,0
BRDA:94,6,0,0
BRDA:94,6,1,0
BRDA:102,7,0,0
BRDA:102,7,1,0
BRDA:107,8,0,0
BRDA:107,8,1,0
BRDA:114,9,0,0
BRDA:114,9,1,0
BRDA:144,10,0,0
BRDA:144,10,1,0
BRDA:167,11,0,11
BRDA:167,11,1,0
BRDA:193,12,0,6
BRDA:198,13,0,6
BRDA:212,14,0,0
BRDA:212,14,1,0
BRDA:213,15,0,0
BRDA:213,15,1,0
BRDA:217,16,0,0
BRDA:217,16,1,0
BRDA:218,17,0,0
BRDA:218,17,1,0
BRDA:225,18,0,0
BRDA:225,18,1,0
BRDA:230,19,0,0
BRDA:230,19,1,0
BRDA:237,20,0,0
BRDA:237,20,1,0
BRDA:248,21,0,0
BRDA:248,21,1,0
BRDA:248,21,2,0
BRDA:253,22,0,0
BRDA:253,22,1,0
BRDA:258,23,0,0
BRDA:276,24,0,6
BRDA:276,24,1,0
BRDA:282,25,0,6
BRDA:282,25,1,0
BRDA:311,26,0,0
BRDA:321,27,0,3
BRDA:324,28,0,0
BRDA:324,28,1,0
BRDA:326,29,0,0
BRDA:337,30,0,0
BRDA:337,30,1,0
BRDA:338,31,0,0
BRDA:338,31,1,0
BRDA:342,32,0,0
BRDA:342,32,1,0
BRDA:343,33,0,0
BRDA:343,33,1,0
BRDA:350,34,0,0
BRDA:350,34,1,0
BRDA:355,35,0,0
BRDA:355,35,1,0
BRDA:362,36,0,0
BRDA:362,36,1,0
BRDA:374,37,0,3
BRDA:374,37,1,0
BRDA:395,38,0,3
BRDA:398,39,0,0
BRDA:398,39,1,0
BRDA:400,40,0,0
BRDA:409,41,0,0
BRDA:409,41,1,0
BRDA:410,42,0,0
BRDA:410,42,1,0
BRDA:414,43,0,0
BRDA:414,43,1,0
BRDA:415,44,0,0
BRDA:415,44,1,0
BRDA:422,45,0,0
BRDA:422,45,1,0
BRDA:427,46,0,0
BRDA:427,46,1,0
BRDA:434,47,0,0
BRDA:434,47,1,0
BRDA:459,48,0,3
BRDA:459,48,1,0
BRDA:492,49,0,0
BRDA:492,50,0,2
BRDA:492,50,1,2
BRDA:499,51,0,0
BRDA:499,52,0,2
BRDA:499,52,1,2
BRF:94
BRH:13
end_of_record
TN:
SF:lib/stores/slices/wishlist.ts
FN:15,(anonymous_1)
FN:23,(anonymous_2)
FN:27,(anonymous_3)
FN:33,(anonymous_4)
FN:43,(anonymous_5)
FN:45,(anonymous_6)
FN:47,(anonymous_7)
FN:50,(anonymous_8)
FN:60,(anonymous_9)
FN:62,(anonymous_10)
FN:66,(anonymous_11)
FN:67,(anonymous_12)
FN:77,(anonymous_13)
FNF:13
FNH:12
FNDA:2,(anonymous_1)
FNDA:1122,(anonymous_2)
FNDA:504458,(anonymous_3)
FNDA:1121,(anonymous_4)
FNDA:3,(anonymous_5)
FNDA:3,(anonymous_6)
FNDA:3,(anonymous_7)
FNDA:5,(anonymous_8)
FNDA:13,(anonymous_9)
FNDA:10,(anonymous_10)
FNDA:25,(anonymous_11)
FNDA:25,(anonymous_12)
FNDA:0,(anonymous_13)
DA:8,2
DA:10,2
DA:15,2
DA:24,1122
DA:27,504458
DA:28,1
DA:29,1
DA:33,1121
DA:39,1121
DA:44,3
DA:45,3
DA:47,3
DA:50,5
DA:54,3
DA:55,3
DA:61,13
DA:62,13
DA:67,25
DA:73,25
DA:78,0
DA:79,0
LF:21
LH:19
BRDA:27,0,0,1
BRDA:54,1,0,3
BRF:2
BRH:2
end_of_record
